[1.901s] Invoking command in '/ros2_ws/src/py_srvcli': AMENT_PREFIX_PATH=/ros2_ws/install/turtlesim:${AMENT_PREFIX_PATH} CMAKE_PREFIX_PATH=/ros2_ws/install/turtlesim LD_LIBRARY_PATH=/ros2_ws/install/turtlesim/lib:${LD_LIBRARY_PATH} PYTHONPATH=/ros2_ws/build/py_srvcli/prefix_override:/usr/lib/python3/dist-packages/colcon_core/task/python/colcon_distutils_commands:/ros2_ws/install/py_srvcli/lib/python3.10/site-packages:/ros2_ws/install/turtlesim/local/lib/python3.10/dist-packages:${PYTHONPATH} /usr/bin/python3 -W ignore:setup.py install is deprecated setup.py egg_info --egg-base ../../build/py_srvcli build --build-base /ros2_ws/build/py_srvcli/build install --record /ros2_ws/build/py_srvcli/install.log --single-version-externally-managed install_data
[2.804s] running egg_info
[2.807s] writing ../../build/py_srvcli/py_srvcli.egg-info/PKG-INFO
[2.811s] writing dependency_links to ../../build/py_srvcli/py_srvcli.egg-info/dependency_links.txt
[2.815s] writing entry points to ../../build/py_srvcli/py_srvcli.egg-info/entry_points.txt
[2.818s] writing requirements to ../../build/py_srvcli/py_srvcli.egg-info/requires.txt
[2.821s] writing top-level names to ../../build/py_srvcli/py_srvcli.egg-info/top_level.txt
[2.851s] reading manifest file '../../build/py_srvcli/py_srvcli.egg-info/SOURCES.txt'
[2.884s] adding license file 'LICENSE'
[2.903s] writing manifest file '../../build/py_srvcli/py_srvcli.egg-info/SOURCES.txt'
[2.905s] running build
[2.906s] running build_py
[2.947s] running install
[2.948s] running install_lib
[3.062s] running install_data
[3.081s] running install_egg_info
[3.090s] removing '/ros2_ws/install/py_srvcli/lib/python3.10/site-packages/py_srvcli-0.0.0-py3.10.egg-info' (and everything under it)
[3.133s] Copying ../../build/py_srvcli/py_srvcli.egg-info to /ros2_ws/install/py_srvcli/lib/python3.10/site-packages/py_srvcli-0.0.0-py3.10.egg-info
[3.309s] running install_scripts
[3.382s] Installing client_node script to /ros2_ws/install/py_srvcli/lib/py_srvcli
[3.390s] Installing service_node script to /ros2_ws/install/py_srvcli/lib/py_srvcli
[3.400s] writing list of installed files to '/ros2_ws/build/py_srvcli/install.log'
[3.423s] Invoked command in '/ros2_ws/src/py_srvcli' returned '0': AMENT_PREFIX_PATH=/ros2_ws/install/turtlesim:${AMENT_PREFIX_PATH} CMAKE_PREFIX_PATH=/ros2_ws/install/turtlesim LD_LIBRARY_PATH=/ros2_ws/install/turtlesim/lib:${LD_LIBRARY_PATH} PYTHONPATH=/ros2_ws/build/py_srvcli/prefix_override:/usr/lib/python3/dist-packages/colcon_core/task/python/colcon_distutils_commands:/ros2_ws/install/py_srvcli/lib/python3.10/site-packages:/ros2_ws/install/turtlesim/local/lib/python3.10/dist-packages:${PYTHONPATH} /usr/bin/python3 -W ignore:setup.py install is deprecated setup.py egg_info --egg-base ../../build/py_srvcli build --build-base /ros2_ws/build/py_srvcli/build install --record /ros2_ws/build/py_srvcli/install.log --single-version-externally-managed install_data
