[7.302s] Invoking command in '/ros2_ws/src/py_pubsub': PYTHONPATH=/ros2_ws/build/py_pubsub/prefix_override:/usr/lib/python3/dist-packages/colcon_core/task/python/colcon_distutils_commands:/ros2_ws/install/py_pubsub/lib/python3.10/site-packages:${PYTHONPATH} /usr/bin/python3 -W ignore:setup.py install is deprecated setup.py egg_info --egg-base ../../build/py_pubsub build --build-base /ros2_ws/build/py_pubsub/build install --record /ros2_ws/build/py_pubsub/install.log --single-version-externally-managed install_data
[9.149s] running egg_info
[9.152s] writing ../../build/py_pubsub/py_pubsub.egg-info/PKG-INFO
[9.158s] writing dependency_links to ../../build/py_pubsub/py_pubsub.egg-info/dependency_links.txt
[9.163s] writing entry points to ../../build/py_pubsub/py_pubsub.egg-info/entry_points.txt
[9.166s] writing requirements to ../../build/py_pubsub/py_pubsub.egg-info/requires.txt
[9.169s] writing top-level names to ../../build/py_pubsub/py_pubsub.egg-info/top_level.txt
[9.201s] reading manifest file '../../build/py_pubsub/py_pubsub.egg-info/SOURCES.txt'
[9.240s] adding license file 'LICENSE'
[9.261s] writing manifest file '../../build/py_pubsub/py_pubsub.egg-info/SOURCES.txt'
[9.264s] running build
[9.265s] running build_py
[9.277s] copying py_pubsub/publisher_script.py -> /ros2_ws/build/py_pubsub/build/lib/py_pubsub
[9.317s] running install
[9.317s] running install_lib
[9.350s] copying /ros2_ws/build/py_pubsub/build/lib/py_pubsub/publisher_script.py -> /ros2_ws/install/py_pubsub/lib/python3.10/site-packages/py_pubsub
[9.430s] byte-compiling /ros2_ws/install/py_pubsub/lib/python3.10/site-packages/py_pubsub/publisher_script.py to publisher_script.cpython-310.pyc
[9.490s] running install_data
[9.512s] running install_egg_info
[9.534s] removing '/ros2_ws/install/py_pubsub/lib/python3.10/site-packages/py_pubsub-0.0.0-py3.10.egg-info' (and everything under it)
[9.582s] Copying ../../build/py_pubsub/py_pubsub.egg-info to /ros2_ws/install/py_pubsub/lib/python3.10/site-packages/py_pubsub-0.0.0-py3.10.egg-info
[9.785s] running install_scripts
[9.952s] Installing talker script to /ros2_ws/install/py_pubsub/lib/py_pubsub
[9.961s] Installing topics_practice script to /ros2_ws/install/py_pubsub/lib/py_pubsub
[9.972s] writing list of installed files to '/ros2_ws/build/py_pubsub/install.log'
[10.065s] Invoked command in '/ros2_ws/src/py_pubsub' returned '0': PYTHONPATH=/ros2_ws/build/py_pubsub/prefix_override:/usr/lib/python3/dist-packages/colcon_core/task/python/colcon_distutils_commands:/ros2_ws/install/py_pubsub/lib/python3.10/site-packages:${PYTHONPATH} /usr/bin/python3 -W ignore:setup.py install is deprecated setup.py egg_info --egg-base ../../build/py_pubsub build --build-base /ros2_ws/build/py_pubsub/build install --record /ros2_ws/build/py_pubsub/install.log --single-version-externally-managed install_data
