[6.969s] Invoking command in '/ros2_ws/src/py_pubsub': PYTHONPATH=/ros2_ws/build/py_pubsub/prefix_override:/usr/lib/python3/dist-packages/colcon_core/task/python/colcon_distutils_commands:/ros2_ws/install/py_pubsub/lib/python3.10/site-packages:${PYTHONPATH} /usr/bin/python3 -W ignore:setup.py install is deprecated setup.py egg_info --egg-base ../../build/py_pubsub build --build-base /ros2_ws/build/py_pubsub/build install --record /ros2_ws/build/py_pubsub/install.log --single-version-externally-managed install_data
[8.812s] running egg_info
[8.817s] writing ../../build/py_pubsub/py_pubsub.egg-info/PKG-INFO
[8.822s] writing dependency_links to ../../build/py_pubsub/py_pubsub.egg-info/dependency_links.txt
[8.827s] writing entry points to ../../build/py_pubsub/py_pubsub.egg-info/entry_points.txt
[8.831s] writing requirements to ../../build/py_pubsub/py_pubsub.egg-info/requires.txt
[8.833s] writing top-level names to ../../build/py_pubsub/py_pubsub.egg-info/top_level.txt
[8.864s] reading manifest file '../../build/py_pubsub/py_pubsub.egg-info/SOURCES.txt'
[8.902s] adding license file 'LICENSE'
[8.922s] writing manifest file '../../build/py_pubsub/py_pubsub.egg-info/SOURCES.txt'
[8.925s] running build
[8.926s] running build_py
[8.938s] copying py_pubsub/publisher_script.py -> /ros2_ws/build/py_pubsub/build/lib/py_pubsub
[8.984s] running install
[8.984s] running install_lib
[9.018s] copying /ros2_ws/build/py_pubsub/build/lib/py_pubsub/publisher_script.py -> /ros2_ws/install/py_pubsub/lib/python3.10/site-packages/py_pubsub
[9.095s] byte-compiling /ros2_ws/install/py_pubsub/lib/python3.10/site-packages/py_pubsub/publisher_script.py to publisher_script.cpython-310.pyc
[9.149s] running install_data
[9.171s] running install_egg_info
[9.190s] removing '/ros2_ws/install/py_pubsub/lib/python3.10/site-packages/py_pubsub-0.0.0-py3.10.egg-info' (and everything under it)
[9.239s] Copying ../../build/py_pubsub/py_pubsub.egg-info to /ros2_ws/install/py_pubsub/lib/python3.10/site-packages/py_pubsub-0.0.0-py3.10.egg-info
[9.434s] running install_scripts
[9.582s] Installing talker = py_pubsub.publisher_script:maintopics_practice script to /ros2_ws/install/py_pubsub/lib/py_pubsub
[9.592s] writing list of installed files to '/ros2_ws/build/py_pubsub/install.log'
[9.687s] Invoked command in '/ros2_ws/src/py_pubsub' returned '0': PYTHONPATH=/ros2_ws/build/py_pubsub/prefix_override:/usr/lib/python3/dist-packages/colcon_core/task/python/colcon_distutils_commands:/ros2_ws/install/py_pubsub/lib/python3.10/site-packages:${PYTHONPATH} /usr/bin/python3 -W ignore:setup.py install is deprecated setup.py egg_info --egg-base ../../build/py_pubsub build --build-base /ros2_ws/build/py_pubsub/build install --record /ros2_ws/build/py_pubsub/install.log --single-version-externally-managed install_data
