[4.125s] Invoking command in '/ros2_ws/src/py_pubsub': PYTHONPATH=/ros2_ws/build/py_pubsub/prefix_override:/usr/lib/python3/dist-packages/colcon_core/task/python/colcon_distutils_commands:/ros2_ws/install/py_pubsub/lib/python3.10/site-packages:${PYTHONPATH} /usr/bin/python3 -W ignore:setup.py install is deprecated setup.py egg_info --egg-base ../../build/py_pubsub build --build-base /ros2_ws/build/py_pubsub/build install --record /ros2_ws/build/py_pubsub/install.log --single-version-externally-managed install_data
[5.156s] running egg_info
[5.159s] writing ../../build/py_pubsub/py_pubsub.egg-info/PKG-INFO
[5.165s] writing dependency_links to ../../build/py_pubsub/py_pubsub.egg-info/dependency_links.txt
[5.169s] writing entry points to ../../build/py_pubsub/py_pubsub.egg-info/entry_points.txt
[5.173s] writing requirements to ../../build/py_pubsub/py_pubsub.egg-info/requires.txt
[5.175s] writing top-level names to ../../build/py_pubsub/py_pubsub.egg-info/top_level.txt
[5.209s] reading manifest file '../../build/py_pubsub/py_pubsub.egg-info/SOURCES.txt'
[5.251s] adding license file 'LICENSE'
[5.272s] writing manifest file '../../build/py_pubsub/py_pubsub.egg-info/SOURCES.txt'
[5.274s] running build
[5.275s] running build_py
[5.334s] running install
[5.334s] running install_lib
[5.506s] running install_data
[5.529s] running install_egg_info
[5.541s] removing '/ros2_ws/install/py_pubsub/lib/python3.10/site-packages/py_pubsub-0.0.0-py3.10.egg-info' (and everything under it)
[5.589s] Copying ../../build/py_pubsub/py_pubsub.egg-info to /ros2_ws/install/py_pubsub/lib/python3.10/site-packages/py_pubsub-0.0.0-py3.10.egg-info
[5.775s] running install_scripts
[5.860s] Installing talker script to /ros2_ws/install/py_pubsub/lib/py_pubsub
[5.869s] Installing topics_practice = py_pubsub.topics_practice:maintopics_practice_b script to /ros2_ws/install/py_pubsub/lib/py_pubsub
[5.880s] writing list of installed files to '/ros2_ws/build/py_pubsub/install.log'
[5.931s] Invoked command in '/ros2_ws/src/py_pubsub' returned '0': PYTHONPATH=/ros2_ws/build/py_pubsub/prefix_override:/usr/lib/python3/dist-packages/colcon_core/task/python/colcon_distutils_commands:/ros2_ws/install/py_pubsub/lib/python3.10/site-packages:${PYTHONPATH} /usr/bin/python3 -W ignore:setup.py install is deprecated setup.py egg_info --egg-base ../../build/py_pubsub build --build-base /ros2_ws/build/py_pubsub/build install --record /ros2_ws/build/py_pubsub/install.log --single-version-externally-managed install_data
