[2.199s] Invoking command in '/ros2_ws/src/py_pubsub': PYTHONPATH=/ros2_ws/build/py_pubsub/prefix_override:/usr/lib/python3/dist-packages/colcon_core/task/python/colcon_distutils_commands:/ros2_ws/install/py_pubsub/lib/python3.10/site-packages:${PYTHONPATH} /usr/bin/python3 -W ignore:setup.py install is deprecated setup.py egg_info --egg-base ../../build/py_pubsub build --build-base /ros2_ws/build/py_pubsub/build install --record /ros2_ws/build/py_pubsub/install.log --single-version-externally-managed install_data
[2.960s] running egg_info
[2.965s] writing ../../build/py_pubsub/py_pubsub.egg-info/PKG-INFO
[2.970s] writing dependency_links to ../../build/py_pubsub/py_pubsub.egg-info/dependency_links.txt
[2.975s] writing entry points to ../../build/py_pubsub/py_pubsub.egg-info/entry_points.txt
[2.980s] writing requirements to ../../build/py_pubsub/py_pubsub.egg-info/requires.txt
[2.983s] writing top-level names to ../../build/py_pubsub/py_pubsub.egg-info/top_level.txt
[3.019s] reading manifest file '../../build/py_pubsub/py_pubsub.egg-info/SOURCES.txt'
[3.068s] adding license file 'LICENSE'
[3.093s] writing manifest file '../../build/py_pubsub/py_pubsub.egg-info/SOURCES.txt'
[3.096s] running build
[3.098s] running build_py
[3.161s] running install
[3.161s] running install_lib
[3.335s] running install_data
[3.358s] running install_egg_info
[3.369s] removing '/ros2_ws/install/py_pubsub/lib/python3.10/site-packages/py_pubsub-0.0.0-py3.10.egg-info' (and everything under it)
[3.419s] Copying ../../build/py_pubsub/py_pubsub.egg-info to /ros2_ws/install/py_pubsub/lib/python3.10/site-packages/py_pubsub-0.0.0-py3.10.egg-info
[3.627s] running install_scripts
[3.684s] Installing talker script to /ros2_ws/install/py_pubsub/lib/py_pubsub
[3.693s] Installing topics_practice script to /ros2_ws/install/py_pubsub/lib/py_pubsub
[3.703s] Installing topics_practice_b script to /ros2_ws/install/py_pubsub/lib/py_pubsub
[3.714s] writing list of installed files to '/ros2_ws/build/py_pubsub/install.log'
[3.771s] Invoked command in '/ros2_ws/src/py_pubsub' returned '0': PYTHONPATH=/ros2_ws/build/py_pubsub/prefix_override:/usr/lib/python3/dist-packages/colcon_core/task/python/colcon_distutils_commands:/ros2_ws/install/py_pubsub/lib/python3.10/site-packages:${PYTHONPATH} /usr/bin/python3 -W ignore:setup.py install is deprecated setup.py egg_info --egg-base ../../build/py_pubsub build --build-base /ros2_ws/build/py_pubsub/build install --record /ros2_ws/build/py_pubsub/install.log --single-version-externally-managed install_data
