[0.180s] Invoking command in '/ros2_ws/build/cpp_pubsub': CMAKE_PREFIX_PATH=/ros2_ws/install/turtlesim:/ros2_ws/install/cpp_pubsub:/ros2_ws/install/my_package_cpp:/ros2_ws/install/py_srvcli:/ros2_ws/install/py_pubsub:/ros2_ws/install/my_package:/opt/ros/humble /usr/bin/cmake --build /ros2_ws/build/cpp_pubsub -- -j16 -l16
[0.720s] [ 50%] Built target listener
[0.721s] [ 50%] Built target talker
[0.787s] [ 75%] Built target topics_practice
[0.878s] [100%] Built target topics_practice_b
[0.981s] Invoked command in '/ros2_ws/build/cpp_pubsub' returned '0': CMAKE_PREFIX_PATH=/ros2_ws/install/turtlesim:/ros2_ws/install/cpp_pubsub:/ros2_ws/install/my_package_cpp:/ros2_ws/install/py_srvcli:/ros2_ws/install/py_pubsub:/ros2_ws/install/my_package:/opt/ros/humble /usr/bin/cmake --build /ros2_ws/build/cpp_pubsub -- -j16 -l16
[1.745s] Invoking command in '/ros2_ws/build/cpp_pubsub': CMAKE_PREFIX_PATH=/ros2_ws/install/turtlesim:/ros2_ws/install/cpp_pubsub:/ros2_ws/install/my_package_cpp:/ros2_ws/install/py_srvcli:/ros2_ws/install/py_pubsub:/ros2_ws/install/my_package:/opt/ros/humble /usr/bin/cmake --install /ros2_ws/build/cpp_pubsub
[1.820s] -- Install configuration: ""
[1.849s] -- Up-to-date: /ros2_ws/install/cpp_pubsub/lib/cpp_pubsub/talker
[1.905s] -- Up-to-date: /ros2_ws/install/cpp_pubsub/lib/cpp_pubsub/listener
[1.963s] -- Up-to-date: /ros2_ws/install/cpp_pubsub/lib/cpp_pubsub/topics_practice
[2.020s] -- Up-to-date: /ros2_ws/install/cpp_pubsub/lib/cpp_pubsub/topics_practice_b
[2.068s] -- Up-to-date: /ros2_ws/install/cpp_pubsub/share/ament_index/resource_index/package_run_dependencies/cpp_pubsub
[2.093s] -- Up-to-date: /ros2_ws/install/cpp_pubsub/share/ament_index/resource_index/parent_prefix_path/cpp_pubsub
[2.106s] -- Up-to-date: /ros2_ws/install/cpp_pubsub/share/cpp_pubsub/environment/ament_prefix_path.sh
[2.121s] -- Up-to-date: /ros2_ws/install/cpp_pubsub/share/cpp_pubsub/environment/ament_prefix_path.dsv
[2.133s] -- Up-to-date: /ros2_ws/install/cpp_pubsub/share/cpp_pubsub/environment/path.sh
[2.149s] -- Up-to-date: /ros2_ws/install/cpp_pubsub/share/cpp_pubsub/environment/path.dsv
[2.164s] -- Up-to-date: /ros2_ws/install/cpp_pubsub/share/cpp_pubsub/local_setup.bash
[2.177s] -- Up-to-date: /ros2_ws/install/cpp_pubsub/share/cpp_pubsub/local_setup.sh
[2.191s] -- Up-to-date: /ros2_ws/install/cpp_pubsub/share/cpp_pubsub/local_setup.zsh
[2.205s] -- Up-to-date: /ros2_ws/install/cpp_pubsub/share/cpp_pubsub/local_setup.dsv
[2.219s] -- Installing: /ros2_ws/install/cpp_pubsub/share/cpp_pubsub/package.dsv
[2.274s] -- Up-to-date: /ros2_ws/install/cpp_pubsub/share/ament_index/resource_index/packages/cpp_pubsub
[2.290s] -- Up-to-date: /ros2_ws/install/cpp_pubsub/share/cpp_pubsub/cmake/cpp_pubsubConfig.cmake
[2.302s] -- Up-to-date: /ros2_ws/install/cpp_pubsub/share/cpp_pubsub/cmake/cpp_pubsubConfig-version.cmake
[2.316s] -- Up-to-date: /ros2_ws/install/cpp_pubsub/share/cpp_pubsub/package.xml
[2.324s] Invoked command in '/ros2_ws/build/cpp_pubsub' returned '0': CMAKE_PREFIX_PATH=/ros2_ws/install/turtlesim:/ros2_ws/install/cpp_pubsub:/ros2_ws/install/my_package_cpp:/ros2_ws/install/py_srvcli:/ros2_ws/install/py_pubsub:/ros2_ws/install/my_package:/opt/ros/humble /usr/bin/cmake --install /ros2_ws/build/cpp_pubsub
