[4.173s] Invoking command in '/ros2_ws/src/my_package': PYTHONPATH=/ros2_ws/build/my_package/prefix_override:/usr/lib/python3/dist-packages/colcon_core/task/python/colcon_distutils_commands:/ros2_ws/install/my_package/lib/python3.10/site-packages:${PYTHONPATH} /usr/bin/python3 -W ignore:setup.py install is deprecated setup.py egg_info --egg-base ../../build/my_package build --build-base /ros2_ws/build/my_package/build install --record /ros2_ws/build/my_package/install.log --single-version-externally-managed install_data
[5.142s] running egg_info
[5.146s] writing ../../build/my_package/my_package.egg-info/PKG-INFO
[5.151s] writing dependency_links to ../../build/my_package/my_package.egg-info/dependency_links.txt
[5.155s] writing entry points to ../../build/my_package/my_package.egg-info/entry_points.txt
[5.159s] writing requirements to ../../build/my_package/my_package.egg-info/requires.txt
[5.161s] writing top-level names to ../../build/my_package/my_package.egg-info/top_level.txt
[5.188s] reading manifest file '../../build/my_package/my_package.egg-info/SOURCES.txt'
[5.220s] adding license file 'LICENSE'
[5.238s] writing manifest file '../../build/my_package/my_package.egg-info/SOURCES.txt'
[5.241s] running build
[5.242s] running build_py
[5.255s] running install
[5.256s] running install_lib
[5.328s] running install_data
[5.347s] running install_egg_info
[5.359s] removing '/ros2_ws/install/my_package/lib/python3.10/site-packages/my_package-0.0.0-py3.10.egg-info' (and everything under it)
[5.403s] Copying ../../build/my_package/my_package.egg-info to /ros2_ws/install/my_package/lib/python3.10/site-packages/my_package-0.0.0-py3.10.egg-info
[5.580s] running install_scripts
[5.658s] Installing talker script to /ros2_ws/install/my_package/lib/my_package
[5.667s] writing list of installed files to '/ros2_ws/build/my_package/install.log'
[5.690s] Invoked command in '/ros2_ws/src/my_package' returned '0': PYTHONPATH=/ros2_ws/build/my_package/prefix_override:/usr/lib/python3/dist-packages/colcon_core/task/python/colcon_distutils_commands:/ros2_ws/install/my_package/lib/python3.10/site-packages:${PYTHONPATH} /usr/bin/python3 -W ignore:setup.py install is deprecated setup.py egg_info --egg-base ../../build/my_package build --build-base /ros2_ws/build/my_package/build install --record /ros2_ws/build/my_package/install.log --single-version-externally-managed install_data
