[4.020s] Invoking command in '/ros2_ws/src/py_pubsub': PYTHONPATH=/ros2_ws/build/py_pubsub/prefix_override:/usr/lib/python3/dist-packages/colcon_core/task/python/colcon_distutils_commands:/ros2_ws/install/py_pubsub/lib/python3.10/site-packages:${PYTHONPATH} /usr/bin/python3 -W ignore:setup.py install is deprecated setup.py egg_info --egg-base ../../build/py_pubsub build --build-base /ros2_ws/build/py_pubsub/build install --record /ros2_ws/build/py_pubsub/install.log --single-version-externally-managed install_data
[4.984s] running egg_info
[4.988s] writing ../../build/py_pubsub/py_pubsub.egg-info/PKG-INFO
[4.992s] writing dependency_links to ../../build/py_pubsub/py_pubsub.egg-info/dependency_links.txt
[4.997s] writing entry points to ../../build/py_pubsub/py_pubsub.egg-info/entry_points.txt
[5.000s] writing requirements to ../../build/py_pubsub/py_pubsub.egg-info/requires.txt
[5.003s] writing top-level names to ../../build/py_pubsub/py_pubsub.egg-info/top_level.txt
[5.033s] reading manifest file '../../build/py_pubsub/py_pubsub.egg-info/SOURCES.txt'
[5.070s] adding license file 'LICENSE'
[5.090s] writing manifest file '../../build/py_pubsub/py_pubsub.egg-info/SOURCES.txt'
[5.093s] running build
[5.094s] running build_py
[5.148s] running install
[5.148s] running install_lib
[5.300s] running install_data
[5.319s] running install_egg_info
[5.331s] removing '/ros2_ws/install/py_pubsub/lib/python3.10/site-packages/py_pubsub-0.0.0-py3.10.egg-info' (and everything under it)
[5.376s] Copying ../../build/py_pubsub/py_pubsub.egg-info to /ros2_ws/install/py_pubsub/lib/python3.10/site-packages/py_pubsub-0.0.0-py3.10.egg-info
[5.548s] running install_scripts
[5.629s] Installing talker script to /ros2_ws/install/py_pubsub/lib/py_pubsub
[5.637s] Installing topics_practice script to /ros2_ws/install/py_pubsub/lib/py_pubsub
[5.645s] Installing topics_practice_b script to /ros2_ws/install/py_pubsub/lib/py_pubsub
[5.654s] writing list of installed files to '/ros2_ws/build/py_pubsub/install.log'
[5.714s] Invoked command in '/ros2_ws/src/py_pubsub' returned '0': PYTHONPATH=/ros2_ws/build/py_pubsub/prefix_override:/usr/lib/python3/dist-packages/colcon_core/task/python/colcon_distutils_commands:/ros2_ws/install/py_pubsub/lib/python3.10/site-packages:${PYTHONPATH} /usr/bin/python3 -W ignore:setup.py install is deprecated setup.py egg_info --egg-base ../../build/py_pubsub build --build-base /ros2_ws/build/py_pubsub/build install --record /ros2_ws/build/py_pubsub/install.log --single-version-externally-managed install_data
