[1.356s] Invoking command in '/ros2_ws/build/my_package_cpp': CMAKE_PREFIX_PATH=${CMAKE_PREFIX_PATH}:/ros2_ws/install/py_pubsub:/ros2_ws/install/my_package:/opt/ros/humble /usr/bin/cmake --build /ros2_ws/build/my_package_cpp -- -j16 -l16
[1.796s] [100%] Built target my_node
[2.645s] Invoked command in '/ros2_ws/build/my_package_cpp' returned '0': CMAKE_PREFIX_PATH=${CMAKE_PREFIX_PATH}:/ros2_ws/install/py_pubsub:/ros2_ws/install/my_package:/opt/ros/humble /usr/bin/cmake --build /ros2_ws/build/my_package_cpp -- -j16 -l16
[2.967s] Invoking command in '/ros2_ws/build/my_package_cpp': CMAKE_PREFIX_PATH=${CMAKE_PREFIX_PATH}:/ros2_ws/install/py_pubsub:/ros2_ws/install/my_package:/opt/ros/humble /usr/bin/cmake --install /ros2_ws/build/my_package_cpp
[3.005s] -- Install configuration: ""
[3.054s] -- Up-to-date: /ros2_ws/install/my_package_cpp/lib/my_package_cpp/my_node
[3.094s] -- Up-to-date: /ros2_ws/install/my_package_cpp/share/ament_index/resource_index/package_run_dependencies/my_package_cpp
[3.126s] -- Up-to-date: /ros2_ws/install/my_package_cpp/share/ament_index/resource_index/parent_prefix_path/my_package_cpp
[3.140s] -- Up-to-date: /ros2_ws/install/my_package_cpp/share/my_package_cpp/environment/ament_prefix_path.sh
[3.160s] -- Up-to-date: /ros2_ws/install/my_package_cpp/share/my_package_cpp/environment/ament_prefix_path.dsv
[3.173s] -- Up-to-date: /ros2_ws/install/my_package_cpp/share/my_package_cpp/environment/path.sh
[3.190s] -- Up-to-date: /ros2_ws/install/my_package_cpp/share/my_package_cpp/environment/path.dsv
[3.207s] -- Up-to-date: /ros2_ws/install/my_package_cpp/share/my_package_cpp/local_setup.bash
[3.221s] -- Up-to-date: /ros2_ws/install/my_package_cpp/share/my_package_cpp/local_setup.sh
[3.235s] -- Up-to-date: /ros2_ws/install/my_package_cpp/share/my_package_cpp/local_setup.zsh
[3.250s] -- Up-to-date: /ros2_ws/install/my_package_cpp/share/my_package_cpp/local_setup.dsv
[3.264s] -- Installing: /ros2_ws/install/my_package_cpp/share/my_package_cpp/package.dsv
[3.324s] -- Up-to-date: /ros2_ws/install/my_package_cpp/share/ament_index/resource_index/packages/my_package_cpp
[3.341s] -- Up-to-date: /ros2_ws/install/my_package_cpp/share/my_package_cpp/cmake/my_package_cppConfig.cmake
[3.353s] -- Up-to-date: /ros2_ws/install/my_package_cpp/share/my_package_cpp/cmake/my_package_cppConfig-version.cmake
[3.369s] -- Up-to-date: /ros2_ws/install/my_package_cpp/share/my_package_cpp/package.xml
[3.377s] Invoked command in '/ros2_ws/build/my_package_cpp' returned '0': CMAKE_PREFIX_PATH=${CMAKE_PREFIX_PATH}:/ros2_ws/install/py_pubsub:/ros2_ws/install/my_package:/opt/ros/humble /usr/bin/cmake --install /ros2_ws/build/my_package_cpp
