[1.365s] Invoking command in '/ros2_ws/build/my_package_cpp': CMAKE_PREFIX_PATH=${CMAKE_PREFIX_PATH}:/ros2_ws/install/py_pubsub:/ros2_ws/install/my_package:/opt/ros/humble /usr/bin/cmake --build /ros2_ws/build/my_package_cpp -- -j16 -l16
[1.863s] [100%] Built target my_node
[2.693s] Invoked command in '/ros2_ws/build/my_package_cpp' returned '0': CMAKE_PREFIX_PATH=${CMAKE_PREFIX_PATH}:/ros2_ws/install/py_pubsub:/ros2_ws/install/my_package:/opt/ros/humble /usr/bin/cmake --build /ros2_ws/build/my_package_cpp -- -j16 -l16
[3.024s] Invoking command in '/ros2_ws/build/my_package_cpp': CMAKE_PREFIX_PATH=${CMAKE_PREFIX_PATH}:/ros2_ws/install/py_pubsub:/ros2_ws/install/my_package:/opt/ros/humble /usr/bin/cmake --install /ros2_ws/build/my_package_cpp
[3.072s] -- Install configuration: ""
[3.121s] -- Up-to-date: /ros2_ws/install/my_package_cpp/lib/my_package_cpp/my_node
[3.159s] -- Up-to-date: /ros2_ws/install/my_package_cpp/share/ament_index/resource_index/package_run_dependencies/my_package_cpp
[3.191s] -- Up-to-date: /ros2_ws/install/my_package_cpp/share/ament_index/resource_index/parent_prefix_path/my_package_cpp
[3.207s] -- Up-to-date: /ros2_ws/install/my_package_cpp/share/my_package_cpp/environment/ament_prefix_path.sh
[3.227s] -- Up-to-date: /ros2_ws/install/my_package_cpp/share/my_package_cpp/environment/ament_prefix_path.dsv
[3.240s] -- Up-to-date: /ros2_ws/install/my_package_cpp/share/my_package_cpp/environment/path.sh
[3.259s] -- Up-to-date: /ros2_ws/install/my_package_cpp/share/my_package_cpp/environment/path.dsv
[3.275s] -- Up-to-date: /ros2_ws/install/my_package_cpp/share/my_package_cpp/local_setup.bash
[3.291s] -- Up-to-date: /ros2_ws/install/my_package_cpp/share/my_package_cpp/local_setup.sh
[3.305s] -- Up-to-date: /ros2_ws/install/my_package_cpp/share/my_package_cpp/local_setup.zsh
[3.321s] -- Up-to-date: /ros2_ws/install/my_package_cpp/share/my_package_cpp/local_setup.dsv
[3.336s] -- Installing: /ros2_ws/install/my_package_cpp/share/my_package_cpp/package.dsv
[3.395s] -- Up-to-date: /ros2_ws/install/my_package_cpp/share/ament_index/resource_index/packages/my_package_cpp
[3.413s] -- Up-to-date: /ros2_ws/install/my_package_cpp/share/my_package_cpp/cmake/my_package_cppConfig.cmake
[3.427s] -- Up-to-date: /ros2_ws/install/my_package_cpp/share/my_package_cpp/cmake/my_package_cppConfig-version.cmake
[3.443s] -- Up-to-date: /ros2_ws/install/my_package_cpp/share/my_package_cpp/package.xml
[3.450s] Invoked command in '/ros2_ws/build/my_package_cpp' returned '0': CMAKE_PREFIX_PATH=${CMAKE_PREFIX_PATH}:/ros2_ws/install/py_pubsub:/ros2_ws/install/my_package:/opt/ros/humble /usr/bin/cmake --install /ros2_ws/build/my_package_cpp
