[1.896s] Invoking command in '/ros2_ws/src/build/my_package': PYTHONPATH=/ros2_ws/src/build/my_package/prefix_override:/usr/lib/python3/dist-packages/colcon_core/task/python/colcon_distutils_commands:/ros2_ws/src/install/my_package/lib/python3.10/site-packages:${PYTHONPATH} /usr/bin/python3 -W ignore:setup.py install is deprecated setup.py develop --editable --build-directory /ros2_ws/src/build/my_package/build --no-deps symlink_data
[2.578s] running develop
[2.772s] running egg_info
[2.773s] creating my_package.egg-info
[2.774s] writing my_package.egg-info/PKG-INFO
[2.788s] writing dependency_links to my_package.egg-info/dependency_links.txt
[2.791s] writing entry points to my_package.egg-info/entry_points.txt
[2.794s] writing requirements to my_package.egg-info/requires.txt
[2.797s] writing top-level names to my_package.egg-info/top_level.txt
[2.801s] writing manifest file 'my_package.egg-info/SOURCES.txt'
[2.840s] reading manifest file 'my_package.egg-info/SOURCES.txt'
[2.883s] writing manifest file 'my_package.egg-info/SOURCES.txt'
[2.894s] running build_ext
[2.895s] Creating /ros2_ws/src/install/my_package/lib/python3.10/site-packages/my-package.egg-link (link to .)
[2.914s] Installing talker script to /ros2_ws/src/install/my_package/lib/my_package
[2.930s] 
[2.931s] Installed /ros2_ws/src/build/my_package
[2.934s] running symlink_data
[2.941s] creating /ros2_ws/src/install/my_package/share/ament_index
[2.945s] creating /ros2_ws/src/install/my_package/share/ament_index/resource_index
[2.946s] creating /ros2_ws/src/install/my_package/share/ament_index/resource_index/packages
[2.961s] symbolically linking /ros2_ws/src/build/my_package/resource/my_package -> /ros2_ws/src/install/my_package/share/ament_index/resource_index/packages
[2.975s] symbolically linking /ros2_ws/src/build/my_package/package.xml -> /ros2_ws/src/install/my_package/share/my_package
[3.022s] Invoked command in '/ros2_ws/src/build/my_package' returned '0': PYTHONPATH=/ros2_ws/src/build/my_package/prefix_override:/usr/lib/python3/dist-packages/colcon_core/task/python/colcon_distutils_commands:/ros2_ws/src/install/my_package/lib/python3.10/site-packages:${PYTHONPATH} /usr/bin/python3 -W ignore:setup.py install is deprecated setup.py develop --editable --build-directory /ros2_ws/src/build/my_package/build --no-deps symlink_data
