[0.189s] Invoking command in '/ros2_ws/build/cpp_srvcli': CMAKE_PREFIX_PATH=/opt/ros/humble /usr/bin/cmake --build /ros2_ws/build/cpp_srvcli -- -j16 -l16
[1.060s] Invoked command in '/ros2_ws/build/cpp_srvcli' returned '0': CMAKE_PREFIX_PATH=/opt/ros/humble /usr/bin/cmake --build /ros2_ws/build/cpp_srvcli -- -j16 -l16
[1.195s] Invoking command in '/ros2_ws/build/cpp_srvcli': CMAKE_PREFIX_PATH=/opt/ros/humble /usr/bin/cmake --install /ros2_ws/build/cpp_srvcli
[1.208s] -- Install configuration: ""
[1.267s] -- Up-to-date: /ros2_ws/install/cpp_srvcli/share/ament_index/resource_index/package_run_dependencies/cpp_srvcli
[1.343s] -- Up-to-date: /ros2_ws/install/cpp_srvcli/share/ament_index/resource_index/parent_prefix_path/cpp_srvcli
[1.371s] -- Up-to-date: /ros2_ws/install/cpp_srvcli/share/cpp_srvcli/environment/ament_prefix_path.sh
[1.407s] -- Up-to-date: /ros2_ws/install/cpp_srvcli/share/cpp_srvcli/environment/ament_prefix_path.dsv
[1.433s] -- Up-to-date: /ros2_ws/install/cpp_srvcli/share/cpp_srvcli/environment/path.sh
[1.465s] -- Up-to-date: /ros2_ws/install/cpp_srvcli/share/cpp_srvcli/environment/path.dsv
[1.497s] -- Up-to-date: /ros2_ws/install/cpp_srvcli/share/cpp_srvcli/local_setup.bash
[1.522s] -- Up-to-date: /ros2_ws/install/cpp_srvcli/share/cpp_srvcli/local_setup.sh
[1.547s] -- Up-to-date: /ros2_ws/install/cpp_srvcli/share/cpp_srvcli/local_setup.zsh
[1.573s] -- Up-to-date: /ros2_ws/install/cpp_srvcli/share/cpp_srvcli/local_setup.dsv
[1.599s] -- Installing: /ros2_ws/install/cpp_srvcli/share/cpp_srvcli/package.dsv
[1.701s] -- Up-to-date: /ros2_ws/install/cpp_srvcli/share/ament_index/resource_index/packages/cpp_srvcli
[1.725s] -- Up-to-date: /ros2_ws/install/cpp_srvcli/share/cpp_srvcli/cmake/cpp_srvcliConfig.cmake
[1.744s] -- Up-to-date: /ros2_ws/install/cpp_srvcli/share/cpp_srvcli/cmake/cpp_srvcliConfig-version.cmake
[1.765s] -- Up-to-date: /ros2_ws/install/cpp_srvcli/share/cpp_srvcli/package.xml
[1.775s] Invoked command in '/ros2_ws/build/cpp_srvcli' returned '0': CMAKE_PREFIX_PATH=/opt/ros/humble /usr/bin/cmake --install /ros2_ws/build/cpp_srvcli
