[0.353s] Invoking command in '/ros2_ws/build/cpp_pubsub': CMAKE_PREFIX_PATH=${CMAKE_PREFIX_PATH}:/ros2_ws/install/py_pubsub:/ros2_ws/install/my_package:/opt/ros/humble /usr/bin/cmake --build /ros2_ws/build/cpp_pubsub -- -j16 -l16
[2.217s] [100%] Built target talker
[2.218s] Invoked command in '/ros2_ws/build/cpp_pubsub' returned '0': CMAKE_PREFIX_PATH=${CMAKE_PREFIX_PATH}:/ros2_ws/install/py_pubsub:/ros2_ws/install/my_package:/opt/ros/humble /usr/bin/cmake --build /ros2_ws/build/cpp_pubsub -- -j16 -l16
[2.336s] Invoking command in '/ros2_ws/build/cpp_pubsub': CMAKE_PREFIX_PATH=${CMAKE_PREFIX_PATH}:/ros2_ws/install/py_pubsub:/ros2_ws/install/my_package:/opt/ros/humble /usr/bin/cmake --install /ros2_ws/build/cpp_pubsub
[2.354s] -- Install configuration: ""
[2.393s] -- Up-to-date: /ros2_ws/install/cpp_pubsub/lib/cpp_pubsub/talker
[2.458s] -- Up-to-date: /ros2_ws/install/cpp_pubsub/share/ament_index/resource_index/package_run_dependencies/cpp_pubsub
[2.490s] -- Up-to-date: /ros2_ws/install/cpp_pubsub/share/ament_index/resource_index/parent_prefix_path/cpp_pubsub
[2.505s] -- Up-to-date: /ros2_ws/install/cpp_pubsub/share/cpp_pubsub/environment/ament_prefix_path.sh
[2.528s] -- Up-to-date: /ros2_ws/install/cpp_pubsub/share/cpp_pubsub/environment/ament_prefix_path.dsv
[2.546s] -- Up-to-date: /ros2_ws/install/cpp_pubsub/share/cpp_pubsub/environment/path.sh
[2.571s] -- Up-to-date: /ros2_ws/install/cpp_pubsub/share/cpp_pubsub/environment/path.dsv
[2.594s] -- Up-to-date: /ros2_ws/install/cpp_pubsub/share/cpp_pubsub/local_setup.bash
[2.616s] -- Up-to-date: /ros2_ws/install/cpp_pubsub/share/cpp_pubsub/local_setup.sh
[2.637s] -- Up-to-date: /ros2_ws/install/cpp_pubsub/share/cpp_pubsub/local_setup.zsh
[2.658s] -- Up-to-date: /ros2_ws/install/cpp_pubsub/share/cpp_pubsub/local_setup.dsv
[2.679s] -- Installing: /ros2_ws/install/cpp_pubsub/share/cpp_pubsub/package.dsv
[2.768s] -- Up-to-date: /ros2_ws/install/cpp_pubsub/share/ament_index/resource_index/packages/cpp_pubsub
[2.797s] -- Up-to-date: /ros2_ws/install/cpp_pubsub/share/cpp_pubsub/cmake/cpp_pubsubConfig.cmake
[2.820s] -- Up-to-date: /ros2_ws/install/cpp_pubsub/share/cpp_pubsub/cmake/cpp_pubsubConfig-version.cmake
[2.844s] -- Up-to-date: /ros2_ws/install/cpp_pubsub/share/cpp_pubsub/package.xml
[2.855s] Invoked command in '/ros2_ws/build/cpp_pubsub' returned '0': CMAKE_PREFIX_PATH=${CMAKE_PREFIX_PATH}:/ros2_ws/install/py_pubsub:/ros2_ws/install/my_package:/opt/ros/humble /usr/bin/cmake --install /ros2_ws/build/cpp_pubsub
