[2.395s] Invoking command in '/ros2_ws/build/turtlesim': CMAKE_PREFIX_PATH=${CMAKE_PREFIX_PATH}:/ros2_ws/install/py_pubsub:/ros2_ws/install/my_package:/opt/ros/humble /usr/bin/cmake --build /ros2_ws/build/turtlesim -- -j16 -l16
[3.147s] [  1%] Built target turtlesim__cpp
[3.603s] [ 11%] Built target turtlesim__rosidl_generator_c
[3.764s] [ 21%] Built target turtlesim__rosidl_typesupport_cpp
[3.907s] [ 31%] Built target turtlesim__rosidl_typesupport_introspection_cpp
[4.178s] [ 44%] Built target turtlesim__rosidl_typesupport_fastrtps_cpp
[4.182s] [ 45%] Built target mimic
[4.187s] [ 45%] Built target draw_square
[4.285s] [ 47%] Built target turtle_teleop_key
[4.460s] [ 57%] Built target turtlesim__rosidl_typesupport_c
[4.587s] [ 68%] Built target turtlesim__rosidl_typesupport_introspection_c
[4.596s] [ 71%] Built target ament_cmake_python_copy_turtlesim
[4.604s] [ 73%] Built target turtlesim_node
[4.672s] [ 83%] Built target turtlesim__rosidl_typesupport_fastrtps_c
[4.895s] [ 83%] Built target turtlesim
[5.271s] [ 84%] Built target turtlesim__py
[5.754s] running egg_info
[5.756s] writing turtlesim.egg-info/PKG-INFO
[5.761s] writing dependency_links to turtlesim.egg-info/dependency_links.txt
[5.768s] writing top-level names to turtlesim.egg-info/top_level.txt
[5.828s] reading manifest file 'turtlesim.egg-info/SOURCES.txt'
[5.829s] [ 93%] Built target turtlesim__rosidl_generator_py
[5.909s] writing manifest file 'turtlesim.egg-info/SOURCES.txt'
[6.024s] [ 93%] Built target ament_cmake_python_build_turtlesim_egg
[6.051s] [ 95%] Built target turtlesim__rosidl_typesupport_fastrtps_c__pyext
[6.060s] [ 97%] Built target turtlesim__rosidl_typesupport_introspection_c__pyext
[6.205s] [100%] Built target turtlesim__rosidl_typesupport_c__pyext
[6.735s] Invoked command in '/ros2_ws/build/turtlesim' returned '0': CMAKE_PREFIX_PATH=${CMAKE_PREFIX_PATH}:/ros2_ws/install/py_pubsub:/ros2_ws/install/my_package:/opt/ros/humble /usr/bin/cmake --build /ros2_ws/build/turtlesim -- -j16 -l16
[13.257s] Invoking command in '/ros2_ws/build/turtlesim': CMAKE_PREFIX_PATH=${CMAKE_PREFIX_PATH}:/ros2_ws/install/py_pubsub:/ros2_ws/install/my_package:/opt/ros/humble /usr/bin/cmake --install /ros2_ws/build/turtlesim
[13.339s] -- Install configuration: ""
[13.359s] -- Up-to-date: /ros2_ws/install/turtlesim/share/ament_index/resource_index/rosidl_interfaces/turtlesim
[13.370s] -- Up-to-date: /ros2_ws/install/turtlesim/include/turtlesim/turtlesim
[13.389s] -- Up-to-date: /ros2_ws/install/turtlesim/include/turtlesim/turtlesim/action
[13.410s] -- Up-to-date: /ros2_ws/install/turtlesim/include/turtlesim/turtlesim/action/detail
[13.439s] -- Up-to-date: /ros2_ws/install/turtlesim/include/turtlesim/turtlesim/action/detail/rotate_absolute__functions.c
[13.461s] -- Up-to-date: /ros2_ws/install/turtlesim/include/turtlesim/turtlesim/action/detail/rotate_absolute__functions.h
[13.483s] -- Up-to-date: /ros2_ws/install/turtlesim/include/turtlesim/turtlesim/action/detail/rotate_absolute__struct.h
[13.504s] -- Up-to-date: /ros2_ws/install/turtlesim/include/turtlesim/turtlesim/action/detail/rotate_absolute__type_support.h
[13.522s] -- Up-to-date: /ros2_ws/install/turtlesim/include/turtlesim/turtlesim/action/rotate_absolute.h
[13.535s] -- Up-to-date: /ros2_ws/install/turtlesim/include/turtlesim/turtlesim/msg
[13.558s] -- Up-to-date: /ros2_ws/install/turtlesim/include/turtlesim/turtlesim/msg/color.h
[13.573s] -- Up-to-date: /ros2_ws/install/turtlesim/include/turtlesim/turtlesim/msg/detail
[13.601s] -- Up-to-date: /ros2_ws/install/turtlesim/include/turtlesim/turtlesim/msg/detail/color__functions.c
[13.621s] -- Up-to-date: /ros2_ws/install/turtlesim/include/turtlesim/turtlesim/msg/detail/color__functions.h
[13.642s] -- Up-to-date: /ros2_ws/install/turtlesim/include/turtlesim/turtlesim/msg/detail/color__struct.h
[13.665s] -- Up-to-date: /ros2_ws/install/turtlesim/include/turtlesim/turtlesim/msg/detail/color__type_support.h
[13.686s] -- Up-to-date: /ros2_ws/install/turtlesim/include/turtlesim/turtlesim/msg/detail/pose__functions.c
[13.706s] -- Up-to-date: /ros2_ws/install/turtlesim/include/turtlesim/turtlesim/msg/detail/pose__functions.h
[13.728s] -- Up-to-date: /ros2_ws/install/turtlesim/include/turtlesim/turtlesim/msg/detail/pose__struct.h
[13.749s] -- Up-to-date: /ros2_ws/install/turtlesim/include/turtlesim/turtlesim/msg/detail/pose__type_support.h
[13.767s] -- Up-to-date: /ros2_ws/install/turtlesim/include/turtlesim/turtlesim/msg/pose.h
[13.784s] -- Up-to-date: /ros2_ws/install/turtlesim/include/turtlesim/turtlesim/msg/rosidl_generator_c__visibility_control.h
[13.798s] -- Up-to-date: /ros2_ws/install/turtlesim/include/turtlesim/turtlesim/srv
[13.819s] -- Up-to-date: /ros2_ws/install/turtlesim/include/turtlesim/turtlesim/srv/detail
[13.846s] -- Up-to-date: /ros2_ws/install/turtlesim/include/turtlesim/turtlesim/srv/detail/kill__functions.c
[13.868s] -- Up-to-date: /ros2_ws/install/turtlesim/include/turtlesim/turtlesim/srv/detail/kill__functions.h
[13.889s] -- Up-to-date: /ros2_ws/install/turtlesim/include/turtlesim/turtlesim/srv/detail/kill__struct.h
[13.910s] -- Up-to-date: /ros2_ws/install/turtlesim/include/turtlesim/turtlesim/srv/detail/kill__type_support.h
[13.932s] -- Up-to-date: /ros2_ws/install/turtlesim/include/turtlesim/turtlesim/srv/detail/set_pen__functions.c
[13.953s] -- Up-to-date: /ros2_ws/install/turtlesim/include/turtlesim/turtlesim/srv/detail/set_pen__functions.h
[13.975s] -- Up-to-date: /ros2_ws/install/turtlesim/include/turtlesim/turtlesim/srv/detail/set_pen__struct.h
[13.996s] -- Up-to-date: /ros2_ws/install/turtlesim/include/turtlesim/turtlesim/srv/detail/set_pen__type_support.h
[14.017s] -- Up-to-date: /ros2_ws/install/turtlesim/include/turtlesim/turtlesim/srv/detail/spawn__functions.c
[14.039s] -- Up-to-date: /ros2_ws/install/turtlesim/include/turtlesim/turtlesim/srv/detail/spawn__functions.h
[14.060s] -- Up-to-date: /ros2_ws/install/turtlesim/include/turtlesim/turtlesim/srv/detail/spawn__struct.h
[14.081s] -- Up-to-date: /ros2_ws/install/turtlesim/include/turtlesim/turtlesim/srv/detail/spawn__type_support.h
[14.102s] -- Up-to-date: /ros2_ws/install/turtlesim/include/turtlesim/turtlesim/srv/detail/teleport_absolute__functions.c
[14.126s] -- Up-to-date: /ros2_ws/install/turtlesim/include/turtlesim/turtlesim/srv/detail/teleport_absolute__functions.h
[14.148s] -- Up-to-date: /ros2_ws/install/turtlesim/include/turtlesim/turtlesim/srv/detail/teleport_absolute__struct.h
[14.169s] -- Up-to-date: /ros2_ws/install/turtlesim/include/turtlesim/turtlesim/srv/detail/teleport_absolute__type_support.h
[14.193s] -- Up-to-date: /ros2_ws/install/turtlesim/include/turtlesim/turtlesim/srv/detail/teleport_relative__functions.c
[14.215s] -- Up-to-date: /ros2_ws/install/turtlesim/include/turtlesim/turtlesim/srv/detail/teleport_relative__functions.h
[14.239s] -- Up-to-date: /ros2_ws/install/turtlesim/include/turtlesim/turtlesim/srv/detail/teleport_relative__struct.h
[14.260s] -- Up-to-date: /ros2_ws/install/turtlesim/include/turtlesim/turtlesim/srv/detail/teleport_relative__type_support.h
[14.278s] -- Up-to-date: /ros2_ws/install/turtlesim/include/turtlesim/turtlesim/srv/kill.h
[14.297s] -- Up-to-date: /ros2_ws/install/turtlesim/include/turtlesim/turtlesim/srv/set_pen.h
[14.314s] -- Up-to-date: /ros2_ws/install/turtlesim/include/turtlesim/turtlesim/srv/spawn.h
[14.333s] -- Up-to-date: /ros2_ws/install/turtlesim/include/turtlesim/turtlesim/srv/teleport_absolute.h
[14.352s] -- Up-to-date: /ros2_ws/install/turtlesim/include/turtlesim/turtlesim/srv/teleport_relative.h
[14.365s] -- Up-to-date: /ros2_ws/install/turtlesim/share/turtlesim/environment/library_path.sh
[14.383s] -- Up-to-date: /ros2_ws/install/turtlesim/share/turtlesim/environment/library_path.dsv
[14.414s] -- Up-to-date: /ros2_ws/install/turtlesim/lib/libturtlesim__rosidl_generator_c.so
[14.445s] -- Up-to-date: /ros2_ws/install/turtlesim/include/turtlesim/turtlesim
[14.462s] -- Up-to-date: /ros2_ws/install/turtlesim/include/turtlesim/turtlesim/action
[14.483s] -- Up-to-date: /ros2_ws/install/turtlesim/include/turtlesim/turtlesim/action/detail
[14.511s] -- Up-to-date: /ros2_ws/install/turtlesim/include/turtlesim/turtlesim/action/detail/rotate_absolute__rosidl_typesupport_fastrtps_c.h
[14.525s] -- Up-to-date: /ros2_ws/install/turtlesim/include/turtlesim/turtlesim/msg
[14.545s] -- Up-to-date: /ros2_ws/install/turtlesim/include/turtlesim/turtlesim/msg/detail
[14.575s] -- Up-to-date: /ros2_ws/install/turtlesim/include/turtlesim/turtlesim/msg/detail/color__rosidl_typesupport_fastrtps_c.h
[14.597s] -- Up-to-date: /ros2_ws/install/turtlesim/include/turtlesim/turtlesim/msg/detail/pose__rosidl_typesupport_fastrtps_c.h
[14.618s] -- Up-to-date: /ros2_ws/install/turtlesim/include/turtlesim/turtlesim/msg/rosidl_typesupport_fastrtps_c__visibility_control.h
[14.632s] -- Up-to-date: /ros2_ws/install/turtlesim/include/turtlesim/turtlesim/srv
[14.654s] -- Up-to-date: /ros2_ws/install/turtlesim/include/turtlesim/turtlesim/srv/detail
[14.684s] -- Up-to-date: /ros2_ws/install/turtlesim/include/turtlesim/turtlesim/srv/detail/kill__rosidl_typesupport_fastrtps_c.h
[14.708s] -- Up-to-date: /ros2_ws/install/turtlesim/include/turtlesim/turtlesim/srv/detail/set_pen__rosidl_typesupport_fastrtps_c.h
[14.729s] -- Up-to-date: /ros2_ws/install/turtlesim/include/turtlesim/turtlesim/srv/detail/spawn__rosidl_typesupport_fastrtps_c.h
[14.752s] -- Up-to-date: /ros2_ws/install/turtlesim/include/turtlesim/turtlesim/srv/detail/teleport_absolute__rosidl_typesupport_fastrtps_c.h
[14.775s] -- Up-to-date: /ros2_ws/install/turtlesim/include/turtlesim/turtlesim/srv/detail/teleport_relative__rosidl_typesupport_fastrtps_c.h
[14.811s] -- Up-to-date: /ros2_ws/install/turtlesim/lib/libturtlesim__rosidl_typesupport_fastrtps_c.so
[14.844s] -- Up-to-date: /ros2_ws/install/turtlesim/include/turtlesim/turtlesim
[14.862s] -- Up-to-date: /ros2_ws/install/turtlesim/include/turtlesim/turtlesim/action
[14.885s] -- Up-to-date: /ros2_ws/install/turtlesim/include/turtlesim/turtlesim/action/detail
[14.913s] -- Up-to-date: /ros2_ws/install/turtlesim/include/turtlesim/turtlesim/action/detail/rotate_absolute__builder.hpp
[14.937s] -- Up-to-date: /ros2_ws/install/turtlesim/include/turtlesim/turtlesim/action/detail/rotate_absolute__struct.hpp
[14.958s] -- Up-to-date: /ros2_ws/install/turtlesim/include/turtlesim/turtlesim/action/detail/rotate_absolute__traits.hpp
[14.977s] -- Up-to-date: /ros2_ws/install/turtlesim/include/turtlesim/turtlesim/action/rotate_absolute.hpp
[14.992s] -- Up-to-date: /ros2_ws/install/turtlesim/include/turtlesim/turtlesim/msg
[15.015s] -- Up-to-date: /ros2_ws/install/turtlesim/include/turtlesim/turtlesim/msg/color.hpp
[15.030s] -- Up-to-date: /ros2_ws/install/turtlesim/include/turtlesim/turtlesim/msg/detail
[15.058s] -- Up-to-date: /ros2_ws/install/turtlesim/include/turtlesim/turtlesim/msg/detail/color__builder.hpp
[15.080s] -- Up-to-date: /ros2_ws/install/turtlesim/include/turtlesim/turtlesim/msg/detail/color__struct.hpp
[15.102s] -- Up-to-date: /ros2_ws/install/turtlesim/include/turtlesim/turtlesim/msg/detail/color__traits.hpp
[15.125s] -- Up-to-date: /ros2_ws/install/turtlesim/include/turtlesim/turtlesim/msg/detail/pose__builder.hpp
[15.147s] -- Up-to-date: /ros2_ws/install/turtlesim/include/turtlesim/turtlesim/msg/detail/pose__struct.hpp
[15.168s] -- Up-to-date: /ros2_ws/install/turtlesim/include/turtlesim/turtlesim/msg/detail/pose__traits.hpp
[15.187s] -- Up-to-date: /ros2_ws/install/turtlesim/include/turtlesim/turtlesim/msg/pose.hpp
[15.201s] -- Up-to-date: /ros2_ws/install/turtlesim/include/turtlesim/turtlesim/srv
[15.221s] -- Up-to-date: /ros2_ws/install/turtlesim/include/turtlesim/turtlesim/srv/detail
[15.250s] -- Up-to-date: /ros2_ws/install/turtlesim/include/turtlesim/turtlesim/srv/detail/kill__builder.hpp
[15.272s] -- Up-to-date: /ros2_ws/install/turtlesim/include/turtlesim/turtlesim/srv/detail/kill__struct.hpp
[15.294s] -- Up-to-date: /ros2_ws/install/turtlesim/include/turtlesim/turtlesim/srv/detail/kill__traits.hpp
[15.315s] -- Up-to-date: /ros2_ws/install/turtlesim/include/turtlesim/turtlesim/srv/detail/set_pen__builder.hpp
[15.336s] -- Up-to-date: /ros2_ws/install/turtlesim/include/turtlesim/turtlesim/srv/detail/set_pen__struct.hpp
[15.357s] -- Up-to-date: /ros2_ws/install/turtlesim/include/turtlesim/turtlesim/srv/detail/set_pen__traits.hpp
[15.380s] -- Up-to-date: /ros2_ws/install/turtlesim/include/turtlesim/turtlesim/srv/detail/spawn__builder.hpp
[15.403s] -- Up-to-date: /ros2_ws/install/turtlesim/include/turtlesim/turtlesim/srv/detail/spawn__struct.hpp
[15.424s] -- Up-to-date: /ros2_ws/install/turtlesim/include/turtlesim/turtlesim/srv/detail/spawn__traits.hpp
[15.446s] -- Up-to-date: /ros2_ws/install/turtlesim/include/turtlesim/turtlesim/srv/detail/teleport_absolute__builder.hpp
[15.468s] -- Up-to-date: /ros2_ws/install/turtlesim/include/turtlesim/turtlesim/srv/detail/teleport_absolute__struct.hpp
[15.489s] -- Up-to-date: /ros2_ws/install/turtlesim/include/turtlesim/turtlesim/srv/detail/teleport_absolute__traits.hpp
[15.511s] -- Up-to-date: /ros2_ws/install/turtlesim/include/turtlesim/turtlesim/srv/detail/teleport_relative__builder.hpp
[15.532s] -- Up-to-date: /ros2_ws/install/turtlesim/include/turtlesim/turtlesim/srv/detail/teleport_relative__struct.hpp
[15.554s] -- Up-to-date: /ros2_ws/install/turtlesim/include/turtlesim/turtlesim/srv/detail/teleport_relative__traits.hpp
[15.574s] -- Up-to-date: /ros2_ws/install/turtlesim/include/turtlesim/turtlesim/srv/kill.hpp
[15.593s] -- Up-to-date: /ros2_ws/install/turtlesim/include/turtlesim/turtlesim/srv/set_pen.hpp
[15.611s] -- Up-to-date: /ros2_ws/install/turtlesim/include/turtlesim/turtlesim/srv/spawn.hpp
[15.629s] -- Up-to-date: /ros2_ws/install/turtlesim/include/turtlesim/turtlesim/srv/teleport_absolute.hpp
[15.648s] -- Up-to-date: /ros2_ws/install/turtlesim/include/turtlesim/turtlesim/srv/teleport_relative.hpp
[15.660s] -- Up-to-date: /ros2_ws/install/turtlesim/include/turtlesim/turtlesim
[15.677s] -- Up-to-date: /ros2_ws/install/turtlesim/include/turtlesim/turtlesim/action
[15.698s] -- Up-to-date: /ros2_ws/install/turtlesim/include/turtlesim/turtlesim/action/detail
[15.723s] -- Up-to-date: /ros2_ws/install/turtlesim/include/turtlesim/turtlesim/action/detail/dds_fastrtps
[15.752s] -- Up-to-date: /ros2_ws/install/turtlesim/include/turtlesim/turtlesim/action/detail/rotate_absolute__rosidl_typesupport_fastrtps_cpp.hpp
[15.766s] -- Up-to-date: /ros2_ws/install/turtlesim/include/turtlesim/turtlesim/msg
[15.787s] -- Up-to-date: /ros2_ws/install/turtlesim/include/turtlesim/turtlesim/msg/detail
[15.815s] -- Up-to-date: /ros2_ws/install/turtlesim/include/turtlesim/turtlesim/msg/detail/color__rosidl_typesupport_fastrtps_cpp.hpp
[15.832s] -- Up-to-date: /ros2_ws/install/turtlesim/include/turtlesim/turtlesim/msg/detail/dds_fastrtps
[15.862s] -- Up-to-date: /ros2_ws/install/turtlesim/include/turtlesim/turtlesim/msg/detail/pose__rosidl_typesupport_fastrtps_cpp.hpp
[15.880s] -- Up-to-date: /ros2_ws/install/turtlesim/include/turtlesim/turtlesim/msg/rosidl_typesupport_fastrtps_cpp__visibility_control.h
[15.894s] -- Up-to-date: /ros2_ws/install/turtlesim/include/turtlesim/turtlesim/srv
[15.916s] -- Up-to-date: /ros2_ws/install/turtlesim/include/turtlesim/turtlesim/srv/detail
[15.940s] -- Up-to-date: /ros2_ws/install/turtlesim/include/turtlesim/turtlesim/srv/detail/dds_fastrtps
[15.968s] -- Up-to-date: /ros2_ws/install/turtlesim/include/turtlesim/turtlesim/srv/detail/kill__rosidl_typesupport_fastrtps_cpp.hpp
[15.989s] -- Up-to-date: /ros2_ws/install/turtlesim/include/turtlesim/turtlesim/srv/detail/set_pen__rosidl_typesupport_fastrtps_cpp.hpp
[16.010s] -- Up-to-date: /ros2_ws/install/turtlesim/include/turtlesim/turtlesim/srv/detail/spawn__rosidl_typesupport_fastrtps_cpp.hpp
[16.032s] -- Up-to-date: /ros2_ws/install/turtlesim/include/turtlesim/turtlesim/srv/detail/teleport_absolute__rosidl_typesupport_fastrtps_cpp.hpp
[16.052s] -- Up-to-date: /ros2_ws/install/turtlesim/include/turtlesim/turtlesim/srv/detail/teleport_relative__rosidl_typesupport_fastrtps_cpp.hpp
[16.085s] -- Up-to-date: /ros2_ws/install/turtlesim/lib/libturtlesim__rosidl_typesupport_fastrtps_cpp.so
[16.118s] -- Up-to-date: /ros2_ws/install/turtlesim/include/turtlesim/turtlesim
[16.137s] -- Up-to-date: /ros2_ws/install/turtlesim/include/turtlesim/turtlesim/action
[16.158s] -- Up-to-date: /ros2_ws/install/turtlesim/include/turtlesim/turtlesim/action/detail
[16.187s] -- Up-to-date: /ros2_ws/install/turtlesim/include/turtlesim/turtlesim/action/detail/rotate_absolute__rosidl_typesupport_introspection_c.h
[16.208s] -- Up-to-date: /ros2_ws/install/turtlesim/include/turtlesim/turtlesim/action/detail/rotate_absolute__type_support.c
[16.222s] -- Up-to-date: /ros2_ws/install/turtlesim/include/turtlesim/turtlesim/msg
[16.242s] -- Up-to-date: /ros2_ws/install/turtlesim/include/turtlesim/turtlesim/msg/detail
[16.270s] -- Up-to-date: /ros2_ws/install/turtlesim/include/turtlesim/turtlesim/msg/detail/color__rosidl_typesupport_introspection_c.h
[16.291s] -- Up-to-date: /ros2_ws/install/turtlesim/include/turtlesim/turtlesim/msg/detail/color__type_support.c
[16.315s] -- Up-to-date: /ros2_ws/install/turtlesim/include/turtlesim/turtlesim/msg/detail/pose__rosidl_typesupport_introspection_c.h
[16.337s] -- Up-to-date: /ros2_ws/install/turtlesim/include/turtlesim/turtlesim/msg/detail/pose__type_support.c
[16.356s] -- Up-to-date: /ros2_ws/install/turtlesim/include/turtlesim/turtlesim/msg/rosidl_typesupport_introspection_c__visibility_control.h
[16.370s] -- Up-to-date: /ros2_ws/install/turtlesim/include/turtlesim/turtlesim/srv
[16.391s] -- Up-to-date: /ros2_ws/install/turtlesim/include/turtlesim/turtlesim/srv/detail
[16.419s] -- Up-to-date: /ros2_ws/install/turtlesim/include/turtlesim/turtlesim/srv/detail/kill__rosidl_typesupport_introspection_c.h
[16.440s] -- Up-to-date: /ros2_ws/install/turtlesim/include/turtlesim/turtlesim/srv/detail/kill__type_support.c
[16.463s] -- Up-to-date: /ros2_ws/install/turtlesim/include/turtlesim/turtlesim/srv/detail/set_pen__rosidl_typesupport_introspection_c.h
[16.484s] -- Up-to-date: /ros2_ws/install/turtlesim/include/turtlesim/turtlesim/srv/detail/set_pen__type_support.c
[16.505s] -- Up-to-date: /ros2_ws/install/turtlesim/include/turtlesim/turtlesim/srv/detail/spawn__rosidl_typesupport_introspection_c.h
[16.527s] -- Up-to-date: /ros2_ws/install/turtlesim/include/turtlesim/turtlesim/srv/detail/spawn__type_support.c
[16.548s] -- Up-to-date: /ros2_ws/install/turtlesim/include/turtlesim/turtlesim/srv/detail/teleport_absolute__rosidl_typesupport_introspection_c.h
[16.568s] -- Up-to-date: /ros2_ws/install/turtlesim/include/turtlesim/turtlesim/srv/detail/teleport_absolute__type_support.c
[16.589s] -- Up-to-date: /ros2_ws/install/turtlesim/include/turtlesim/turtlesim/srv/detail/teleport_relative__rosidl_typesupport_introspection_c.h
[16.613s] -- Up-to-date: /ros2_ws/install/turtlesim/include/turtlesim/turtlesim/srv/detail/teleport_relative__type_support.c
[16.646s] -- Up-to-date: /ros2_ws/install/turtlesim/lib/libturtlesim__rosidl_typesupport_introspection_c.so
[16.696s] -- Up-to-date: /ros2_ws/install/turtlesim/lib/libturtlesim__rosidl_typesupport_c.so
[16.729s] -- Up-to-date: /ros2_ws/install/turtlesim/include/turtlesim/turtlesim
[16.747s] -- Up-to-date: /ros2_ws/install/turtlesim/include/turtlesim/turtlesim/action
[16.767s] -- Up-to-date: /ros2_ws/install/turtlesim/include/turtlesim/turtlesim/action/detail
[16.796s] -- Up-to-date: /ros2_ws/install/turtlesim/include/turtlesim/turtlesim/action/detail/rotate_absolute__rosidl_typesupport_introspection_cpp.hpp
[16.817s] -- Up-to-date: /ros2_ws/install/turtlesim/include/turtlesim/turtlesim/action/detail/rotate_absolute__type_support.cpp
[16.831s] -- Up-to-date: /ros2_ws/install/turtlesim/include/turtlesim/turtlesim/msg
[16.853s] -- Up-to-date: /ros2_ws/install/turtlesim/include/turtlesim/turtlesim/msg/detail
[16.882s] -- Up-to-date: /ros2_ws/install/turtlesim/include/turtlesim/turtlesim/msg/detail/color__rosidl_typesupport_introspection_cpp.hpp
[16.905s] -- Up-to-date: /ros2_ws/install/turtlesim/include/turtlesim/turtlesim/msg/detail/color__type_support.cpp
[16.927s] -- Up-to-date: /ros2_ws/install/turtlesim/include/turtlesim/turtlesim/msg/detail/pose__rosidl_typesupport_introspection_cpp.hpp
[16.949s] -- Up-to-date: /ros2_ws/install/turtlesim/include/turtlesim/turtlesim/msg/detail/pose__type_support.cpp
[16.963s] -- Up-to-date: /ros2_ws/install/turtlesim/include/turtlesim/turtlesim/srv
[16.985s] -- Up-to-date: /ros2_ws/install/turtlesim/include/turtlesim/turtlesim/srv/detail
[17.012s] -- Up-to-date: /ros2_ws/install/turtlesim/include/turtlesim/turtlesim/srv/detail/kill__rosidl_typesupport_introspection_cpp.hpp
[17.034s] -- Up-to-date: /ros2_ws/install/turtlesim/include/turtlesim/turtlesim/srv/detail/kill__type_support.cpp
[17.055s] -- Up-to-date: /ros2_ws/install/turtlesim/include/turtlesim/turtlesim/srv/detail/set_pen__rosidl_typesupport_introspection_cpp.hpp
[17.076s] -- Up-to-date: /ros2_ws/install/turtlesim/include/turtlesim/turtlesim/srv/detail/set_pen__type_support.cpp
[17.099s] -- Up-to-date: /ros2_ws/install/turtlesim/include/turtlesim/turtlesim/srv/detail/spawn__rosidl_typesupport_introspection_cpp.hpp
[17.121s] -- Up-to-date: /ros2_ws/install/turtlesim/include/turtlesim/turtlesim/srv/detail/spawn__type_support.cpp
[17.145s] -- Up-to-date: /ros2_ws/install/turtlesim/include/turtlesim/turtlesim/srv/detail/teleport_absolute__rosidl_typesupport_introspection_cpp.hpp
[17.166s] -- Up-to-date: /ros2_ws/install/turtlesim/include/turtlesim/turtlesim/srv/detail/teleport_absolute__type_support.cpp
[17.188s] -- Up-to-date: /ros2_ws/install/turtlesim/include/turtlesim/turtlesim/srv/detail/teleport_relative__rosidl_typesupport_introspection_cpp.hpp
[17.209s] -- Up-to-date: /ros2_ws/install/turtlesim/include/turtlesim/turtlesim/srv/detail/teleport_relative__type_support.cpp
[17.244s] -- Up-to-date: /ros2_ws/install/turtlesim/lib/libturtlesim__rosidl_typesupport_introspection_cpp.so
[17.295s] -- Up-to-date: /ros2_ws/install/turtlesim/lib/libturtlesim__rosidl_typesupport_cpp.so
[17.331s] -- Up-to-date: /ros2_ws/install/turtlesim/share/turtlesim/environment/pythonpath.sh
[17.348s] -- Up-to-date: /ros2_ws/install/turtlesim/share/turtlesim/environment/pythonpath.dsv
[17.361s] -- Up-to-date: /ros2_ws/install/turtlesim/local/lib/python3.10/dist-packages/turtlesim-1.4.2-py3.10.egg-info
[17.387s] -- Installing: /ros2_ws/install/turtlesim/local/lib/python3.10/dist-packages/turtlesim-1.4.2-py3.10.egg-info/dependency_links.txt
[17.459s] -- Installing: /ros2_ws/install/turtlesim/local/lib/python3.10/dist-packages/turtlesim-1.4.2-py3.10.egg-info/PKG-INFO
[17.530s] -- Installing: /ros2_ws/install/turtlesim/local/lib/python3.10/dist-packages/turtlesim-1.4.2-py3.10.egg-info/SOURCES.txt
[17.604s] -- Installing: /ros2_ws/install/turtlesim/local/lib/python3.10/dist-packages/turtlesim-1.4.2-py3.10.egg-info/top_level.txt
[17.675s] -- Up-to-date: /ros2_ws/install/turtlesim/local/lib/python3.10/dist-packages/turtlesim
[17.700s] -- Up-to-date: /ros2_ws/install/turtlesim/local/lib/python3.10/dist-packages/turtlesim/action
[17.728s] -- Up-to-date: /ros2_ws/install/turtlesim/local/lib/python3.10/dist-packages/turtlesim/action/_rotate_absolute.py
[17.752s] -- Up-to-date: /ros2_ws/install/turtlesim/local/lib/python3.10/dist-packages/turtlesim/action/_rotate_absolute_s.c
[17.773s] -- Up-to-date: /ros2_ws/install/turtlesim/local/lib/python3.10/dist-packages/turtlesim/action/__init__.py
[17.793s] -- Up-to-date: /ros2_ws/install/turtlesim/local/lib/python3.10/dist-packages/turtlesim/libturtlesim__rosidl_generator_py.so
[17.810s] -- Up-to-date: /ros2_ws/install/turtlesim/local/lib/python3.10/dist-packages/turtlesim/msg
[17.839s] -- Up-to-date: /ros2_ws/install/turtlesim/local/lib/python3.10/dist-packages/turtlesim/msg/_color.py
[17.862s] -- Up-to-date: /ros2_ws/install/turtlesim/local/lib/python3.10/dist-packages/turtlesim/msg/_color_s.c
[17.884s] -- Up-to-date: /ros2_ws/install/turtlesim/local/lib/python3.10/dist-packages/turtlesim/msg/_pose.py
[17.907s] -- Up-to-date: /ros2_ws/install/turtlesim/local/lib/python3.10/dist-packages/turtlesim/msg/_pose_s.c
[17.930s] -- Up-to-date: /ros2_ws/install/turtlesim/local/lib/python3.10/dist-packages/turtlesim/msg/__init__.py
[17.947s] -- Up-to-date: /ros2_ws/install/turtlesim/local/lib/python3.10/dist-packages/turtlesim/srv
[17.976s] -- Up-to-date: /ros2_ws/install/turtlesim/local/lib/python3.10/dist-packages/turtlesim/srv/_kill.py
[17.998s] -- Up-to-date: /ros2_ws/install/turtlesim/local/lib/python3.10/dist-packages/turtlesim/srv/_kill_s.c
[18.019s] -- Up-to-date: /ros2_ws/install/turtlesim/local/lib/python3.10/dist-packages/turtlesim/srv/_set_pen.py
[18.041s] -- Up-to-date: /ros2_ws/install/turtlesim/local/lib/python3.10/dist-packages/turtlesim/srv/_set_pen_s.c
[18.062s] -- Up-to-date: /ros2_ws/install/turtlesim/local/lib/python3.10/dist-packages/turtlesim/srv/_spawn.py
[18.084s] -- Up-to-date: /ros2_ws/install/turtlesim/local/lib/python3.10/dist-packages/turtlesim/srv/_spawn_s.c
[18.105s] -- Up-to-date: /ros2_ws/install/turtlesim/local/lib/python3.10/dist-packages/turtlesim/srv/_teleport_absolute.py
[18.127s] -- Up-to-date: /ros2_ws/install/turtlesim/local/lib/python3.10/dist-packages/turtlesim/srv/_teleport_absolute_s.c
[18.149s] -- Up-to-date: /ros2_ws/install/turtlesim/local/lib/python3.10/dist-packages/turtlesim/srv/_teleport_relative.py
[18.170s] -- Up-to-date: /ros2_ws/install/turtlesim/local/lib/python3.10/dist-packages/turtlesim/srv/_teleport_relative_s.c
[18.191s] -- Up-to-date: /ros2_ws/install/turtlesim/local/lib/python3.10/dist-packages/turtlesim/srv/__init__.py
[18.210s] -- Up-to-date: /ros2_ws/install/turtlesim/local/lib/python3.10/dist-packages/turtlesim/turtlesim_s__rosidl_typesupport_c.cpython-310-x86_64-linux-gnu.so
[18.228s] -- Up-to-date: /ros2_ws/install/turtlesim/local/lib/python3.10/dist-packages/turtlesim/turtlesim_s__rosidl_typesupport_fastrtps_c.cpython-310-x86_64-linux-gnu.so
[18.247s] -- Up-to-date: /ros2_ws/install/turtlesim/local/lib/python3.10/dist-packages/turtlesim/turtlesim_s__rosidl_typesupport_introspection_c.cpython-310-x86_64-linux-gnu.so
[18.265s] -- Up-to-date: /ros2_ws/install/turtlesim/local/lib/python3.10/dist-packages/turtlesim/_turtlesim_s.ep.rosidl_typesupport_c.c
[18.283s] -- Up-to-date: /ros2_ws/install/turtlesim/local/lib/python3.10/dist-packages/turtlesim/_turtlesim_s.ep.rosidl_typesupport_fastrtps_c.c
[18.302s] -- Up-to-date: /ros2_ws/install/turtlesim/local/lib/python3.10/dist-packages/turtlesim/_turtlesim_s.ep.rosidl_typesupport_introspection_c.c
[18.320s] -- Up-to-date: /ros2_ws/install/turtlesim/local/lib/python3.10/dist-packages/turtlesim/__init__.py
[19.058s] Listing '/ros2_ws/install/turtlesim/local/lib/python3.10/dist-packages/turtlesim'...
[19.059s] Listing '/ros2_ws/install/turtlesim/local/lib/python3.10/dist-packages/turtlesim/action'...
[19.060s] Listing '/ros2_ws/install/turtlesim/local/lib/python3.10/dist-packages/turtlesim/msg'...
[19.060s] Listing '/ros2_ws/install/turtlesim/local/lib/python3.10/dist-packages/turtlesim/srv'...
[19.103s] -- Up-to-date: /ros2_ws/install/turtlesim/local/lib/python3.10/dist-packages/turtlesim/turtlesim_s__rosidl_typesupport_fastrtps_c.cpython-310-x86_64-linux-gnu.so
[19.184s] -- Up-to-date: /ros2_ws/install/turtlesim/local/lib/python3.10/dist-packages/turtlesim/turtlesim_s__rosidl_typesupport_introspection_c.cpython-310-x86_64-linux-gnu.so
[19.264s] -- Up-to-date: /ros2_ws/install/turtlesim/local/lib/python3.10/dist-packages/turtlesim/turtlesim_s__rosidl_typesupport_c.cpython-310-x86_64-linux-gnu.so
[19.329s] -- Up-to-date: /ros2_ws/install/turtlesim/lib/libturtlesim__rosidl_generator_py.so
[19.370s] -- Up-to-date: /ros2_ws/install/turtlesim/share/turtlesim/action/RotateAbsolute.idl
[19.391s] -- Up-to-date: /ros2_ws/install/turtlesim/share/turtlesim/msg/Color.idl
[19.411s] -- Up-to-date: /ros2_ws/install/turtlesim/share/turtlesim/msg/Pose.idl
[19.432s] -- Up-to-date: /ros2_ws/install/turtlesim/share/turtlesim/srv/Kill.idl
[19.453s] -- Up-to-date: /ros2_ws/install/turtlesim/share/turtlesim/srv/SetPen.idl
[19.473s] -- Up-to-date: /ros2_ws/install/turtlesim/share/turtlesim/srv/Spawn.idl
[19.493s] -- Up-to-date: /ros2_ws/install/turtlesim/share/turtlesim/srv/TeleportAbsolute.idl
[19.513s] -- Up-to-date: /ros2_ws/install/turtlesim/share/turtlesim/srv/TeleportRelative.idl
[19.534s] -- Up-to-date: /ros2_ws/install/turtlesim/share/turtlesim/action/RotateAbsolute.action
[19.554s] -- Up-to-date: /ros2_ws/install/turtlesim/share/turtlesim/msg/Color.msg
[19.575s] -- Up-to-date: /ros2_ws/install/turtlesim/share/turtlesim/msg/Pose.msg
[19.595s] -- Up-to-date: /ros2_ws/install/turtlesim/share/turtlesim/srv/Kill.srv
[19.613s] -- Up-to-date: /ros2_ws/install/turtlesim/share/turtlesim/srv/Kill_Request.msg
[19.632s] -- Up-to-date: /ros2_ws/install/turtlesim/share/turtlesim/srv/Kill_Response.msg
[19.652s] -- Up-to-date: /ros2_ws/install/turtlesim/share/turtlesim/srv/SetPen.srv
[19.671s] -- Up-to-date: /ros2_ws/install/turtlesim/share/turtlesim/srv/SetPen_Request.msg
[19.689s] -- Up-to-date: /ros2_ws/install/turtlesim/share/turtlesim/srv/SetPen_Response.msg
[19.710s] -- Up-to-date: /ros2_ws/install/turtlesim/share/turtlesim/srv/Spawn.srv
[19.729s] -- Up-to-date: /ros2_ws/install/turtlesim/share/turtlesim/srv/Spawn_Request.msg
[19.747s] -- Up-to-date: /ros2_ws/install/turtlesim/share/turtlesim/srv/Spawn_Response.msg
[19.767s] -- Up-to-date: /ros2_ws/install/turtlesim/share/turtlesim/srv/TeleportAbsolute.srv
[19.786s] -- Up-to-date: /ros2_ws/install/turtlesim/share/turtlesim/srv/TeleportAbsolute_Request.msg
[19.804s] -- Up-to-date: /ros2_ws/install/turtlesim/share/turtlesim/srv/TeleportAbsolute_Response.msg
[19.824s] -- Up-to-date: /ros2_ws/install/turtlesim/share/turtlesim/srv/TeleportRelative.srv
[19.843s] -- Up-to-date: /ros2_ws/install/turtlesim/share/turtlesim/srv/TeleportRelative_Request.msg
[19.863s] -- Up-to-date: /ros2_ws/install/turtlesim/share/turtlesim/srv/TeleportRelative_Response.msg
[19.900s] -- Up-to-date: /ros2_ws/install/turtlesim/lib/turtlesim/turtlesim_node
[19.961s] -- Up-to-date: /ros2_ws/install/turtlesim/lib/turtlesim/turtle_teleop_key
[20.021s] -- Up-to-date: /ros2_ws/install/turtlesim/lib/turtlesim/draw_square
[20.082s] -- Up-to-date: /ros2_ws/install/turtlesim/lib/turtlesim/mimic
[20.123s] -- Up-to-date: /ros2_ws/install/turtlesim/share/turtlesim/images
[20.145s] -- Up-to-date: /ros2_ws/install/turtlesim/share/turtlesim/images/ardent.png
[20.161s] -- Up-to-date: /ros2_ws/install/turtlesim/share/turtlesim/images/bouncy.png
[20.178s] -- Up-to-date: /ros2_ws/install/turtlesim/share/turtlesim/images/crystal.png
[20.195s] -- Up-to-date: /ros2_ws/install/turtlesim/share/turtlesim/images/dashing.png
[20.212s] -- Up-to-date: /ros2_ws/install/turtlesim/share/turtlesim/images/eloquent.png
[20.229s] -- Up-to-date: /ros2_ws/install/turtlesim/share/turtlesim/images/foxy.png
[20.245s] -- Up-to-date: /ros2_ws/install/turtlesim/share/turtlesim/images/galactic.png
[20.262s] -- Up-to-date: /ros2_ws/install/turtlesim/share/turtlesim/images/humble.png
[20.278s] -- Up-to-date: /ros2_ws/install/turtlesim/share/turtlesim/images/rolling.png
[20.290s] -- Up-to-date: /ros2_ws/install/turtlesim/share/turtlesim/launch
[20.311s] -- Up-to-date: /ros2_ws/install/turtlesim/share/turtlesim/launch/multisim.launch.py
[20.337s] -- Up-to-date: /ros2_ws/install/turtlesim/share/ament_index/resource_index/package_run_dependencies/turtlesim
[20.363s] -- Up-to-date: /ros2_ws/install/turtlesim/share/ament_index/resource_index/parent_prefix_path/turtlesim
[20.376s] -- Up-to-date: /ros2_ws/install/turtlesim/share/turtlesim/environment/ament_prefix_path.sh
[20.394s] -- Up-to-date: /ros2_ws/install/turtlesim/share/turtlesim/environment/ament_prefix_path.dsv
[20.407s] -- Up-to-date: /ros2_ws/install/turtlesim/share/turtlesim/environment/path.sh
[20.424s] -- Up-to-date: /ros2_ws/install/turtlesim/share/turtlesim/environment/path.dsv
[20.438s] -- Up-to-date: /ros2_ws/install/turtlesim/share/turtlesim/local_setup.bash
[20.453s] -- Up-to-date: /ros2_ws/install/turtlesim/share/turtlesim/local_setup.sh
[20.468s] -- Up-to-date: /ros2_ws/install/turtlesim/share/turtlesim/local_setup.zsh
[20.482s] -- Up-to-date: /ros2_ws/install/turtlesim/share/turtlesim/local_setup.dsv
[20.496s] -- Installing: /ros2_ws/install/turtlesim/share/turtlesim/package.dsv
[20.553s] -- Up-to-date: /ros2_ws/install/turtlesim/share/ament_index/resource_index/packages/turtlesim
[20.588s] -- Up-to-date: /ros2_ws/install/turtlesim/share/turtlesim/cmake/export_turtlesim__rosidl_generator_cExport.cmake
[20.612s] -- Up-to-date: /ros2_ws/install/turtlesim/share/turtlesim/cmake/export_turtlesim__rosidl_generator_cExport-noconfig.cmake
[20.647s] -- Up-to-date: /ros2_ws/install/turtlesim/share/turtlesim/cmake/export_turtlesim__rosidl_typesupport_fastrtps_cExport.cmake
[20.671s] -- Up-to-date: /ros2_ws/install/turtlesim/share/turtlesim/cmake/export_turtlesim__rosidl_typesupport_fastrtps_cExport-noconfig.cmake
[20.705s] -- Up-to-date: /ros2_ws/install/turtlesim/share/turtlesim/cmake/export_turtlesim__rosidl_generator_cppExport.cmake
[20.741s] -- Up-to-date: /ros2_ws/install/turtlesim/share/turtlesim/cmake/export_turtlesim__rosidl_typesupport_fastrtps_cppExport.cmake
[20.765s] -- Up-to-date: /ros2_ws/install/turtlesim/share/turtlesim/cmake/export_turtlesim__rosidl_typesupport_fastrtps_cppExport-noconfig.cmake
[20.801s] -- Up-to-date: /ros2_ws/install/turtlesim/share/turtlesim/cmake/turtlesim__rosidl_typesupport_introspection_cExport.cmake
[20.824s] -- Up-to-date: /ros2_ws/install/turtlesim/share/turtlesim/cmake/turtlesim__rosidl_typesupport_introspection_cExport-noconfig.cmake
[20.860s] -- Up-to-date: /ros2_ws/install/turtlesim/share/turtlesim/cmake/turtlesim__rosidl_typesupport_cExport.cmake
[20.883s] -- Up-to-date: /ros2_ws/install/turtlesim/share/turtlesim/cmake/turtlesim__rosidl_typesupport_cExport-noconfig.cmake
[20.920s] -- Up-to-date: /ros2_ws/install/turtlesim/share/turtlesim/cmake/turtlesim__rosidl_typesupport_introspection_cppExport.cmake
[20.943s] -- Up-to-date: /ros2_ws/install/turtlesim/share/turtlesim/cmake/turtlesim__rosidl_typesupport_introspection_cppExport-noconfig.cmake
[20.977s] -- Up-to-date: /ros2_ws/install/turtlesim/share/turtlesim/cmake/turtlesim__rosidl_typesupport_cppExport.cmake
[21.001s] -- Up-to-date: /ros2_ws/install/turtlesim/share/turtlesim/cmake/turtlesim__rosidl_typesupport_cppExport-noconfig.cmake
[21.035s] -- Up-to-date: /ros2_ws/install/turtlesim/share/turtlesim/cmake/export_turtlesim__rosidl_generator_pyExport.cmake
[21.059s] -- Up-to-date: /ros2_ws/install/turtlesim/share/turtlesim/cmake/export_turtlesim__rosidl_generator_pyExport-noconfig.cmake
[21.076s] -- Up-to-date: /ros2_ws/install/turtlesim/share/turtlesim/cmake/rosidl_cmake-extras.cmake
[21.093s] -- Up-to-date: /ros2_ws/install/turtlesim/share/turtlesim/cmake/ament_cmake_export_dependencies-extras.cmake
[21.110s] -- Up-to-date: /ros2_ws/install/turtlesim/share/turtlesim/cmake/ament_cmake_export_include_directories-extras.cmake
[21.129s] -- Up-to-date: /ros2_ws/install/turtlesim/share/turtlesim/cmake/ament_cmake_export_libraries-extras.cmake
[21.147s] -- Up-to-date: /ros2_ws/install/turtlesim/share/turtlesim/cmake/ament_cmake_export_targets-extras.cmake
[21.163s] -- Up-to-date: /ros2_ws/install/turtlesim/share/turtlesim/cmake/rosidl_cmake_export_typesupport_targets-extras.cmake
[21.180s] -- Up-to-date: /ros2_ws/install/turtlesim/share/turtlesim/cmake/rosidl_cmake_export_typesupport_libraries-extras.cmake
[21.197s] -- Up-to-date: /ros2_ws/install/turtlesim/share/turtlesim/cmake/turtlesimConfig.cmake
[21.210s] -- Up-to-date: /ros2_ws/install/turtlesim/share/turtlesim/cmake/turtlesimConfig-version.cmake
[21.227s] -- Up-to-date: /ros2_ws/install/turtlesim/share/turtlesim/package.xml
[21.241s] Invoked command in '/ros2_ws/build/turtlesim' returned '0': CMAKE_PREFIX_PATH=${CMAKE_PREFIX_PATH}:/ros2_ws/install/py_pubsub:/ros2_ws/install/my_package:/opt/ros/humble /usr/bin/cmake --install /ros2_ws/build/turtlesim
