[5.288s] Invoking command in '/ros2_ws/src/my_package': PYTHONPATH=/ros2_ws/build/my_package/prefix_override:/usr/lib/python3/dist-packages/colcon_core/task/python/colcon_distutils_commands:/ros2_ws/install/my_package/lib/python3.10/site-packages:${PYTHONPATH} /usr/bin/python3 -W ignore:setup.py install is deprecated setup.py egg_info --egg-base ../../build/my_package build --build-base /ros2_ws/build/my_package/build install --record /ros2_ws/build/my_package/install.log --single-version-externally-managed install_data
[6.500s] running egg_info
[6.503s] writing ../../build/my_package/my_package.egg-info/PKG-INFO
[6.508s] writing dependency_links to ../../build/my_package/my_package.egg-info/dependency_links.txt
[6.513s] writing entry points to ../../build/my_package/my_package.egg-info/entry_points.txt
[6.517s] writing requirements to ../../build/my_package/my_package.egg-info/requires.txt
[6.520s] writing top-level names to ../../build/my_package/my_package.egg-info/top_level.txt
[6.549s] reading manifest file '../../build/my_package/my_package.egg-info/SOURCES.txt'
[6.584s] adding license file 'LICENSE'
[6.601s] writing manifest file '../../build/my_package/my_package.egg-info/SOURCES.txt'
[6.604s] running build
[6.605s] running build_py
[6.619s] running install
[6.619s] running install_lib
[6.671s] running install_data
[6.692s] running install_egg_info
[6.706s] removing '/ros2_ws/install/my_package/lib/python3.10/site-packages/my_package-0.0.0-py3.10.egg-info' (and everything under it)
[6.752s] Copying ../../build/my_package/my_package.egg-info to /ros2_ws/install/my_package/lib/python3.10/site-packages/my_package-0.0.0-py3.10.egg-info
[6.940s] running install_scripts
[7.041s] Installing talker script to /ros2_ws/install/my_package/lib/my_package
[7.050s] writing list of installed files to '/ros2_ws/build/my_package/install.log'
[7.072s] Invoked command in '/ros2_ws/src/my_package' returned '0': PYTHONPATH=/ros2_ws/build/my_package/prefix_override:/usr/lib/python3/dist-packages/colcon_core/task/python/colcon_distutils_commands:/ros2_ws/install/my_package/lib/python3.10/site-packages:${PYTHONPATH} /usr/bin/python3 -W ignore:setup.py install is deprecated setup.py egg_info --egg-base ../../build/my_package build --build-base /ros2_ws/build/my_package/build install --record /ros2_ws/build/my_package/install.log --single-version-externally-managed install_data
