[0.215s] Invoking command in '/ros2_ws/build/cpp_pubsub': CMAKE_PREFIX_PATH=/ros2_ws/install/turtlesim:/ros2_ws/install/cpp_pubsub:/ros2_ws/install/my_package_cpp:/ros2_ws/install/py_pubsub:/ros2_ws/install/my_package:/opt/ros/humble /usr/bin/cmake --build /ros2_ws/build/cpp_pubsub -- -j16 -l16
[0.729s] [35m[1mConsolidate compiler generated dependencies of target topics_practice_b[0m
[0.819s] [ 25%] Built target talker
[0.825s] [ 50%] Built target listener
[0.963s] [ 75%] Built target topics_practice
[1.212s] [100%] Built target topics_practice_b
[1.319s] Invoked command in '/ros2_ws/build/cpp_pubsub' returned '0': CMAKE_PREFIX_PATH=/ros2_ws/install/turtlesim:/ros2_ws/install/cpp_pubsub:/ros2_ws/install/my_package_cpp:/ros2_ws/install/py_pubsub:/ros2_ws/install/my_package:/opt/ros/humble /usr/bin/cmake --build /ros2_ws/build/cpp_pubsub -- -j16 -l16
[2.120s] Invoking command in '/ros2_ws/build/cpp_pubsub': CMAKE_PREFIX_PATH=/ros2_ws/install/turtlesim:/ros2_ws/install/cpp_pubsub:/ros2_ws/install/my_package_cpp:/ros2_ws/install/py_pubsub:/ros2_ws/install/my_package:/opt/ros/humble /usr/bin/cmake --install /ros2_ws/build/cpp_pubsub
[2.210s] -- Install configuration: ""
[2.255s] -- Up-to-date: /ros2_ws/install/cpp_pubsub/lib/cpp_pubsub/talker
[2.330s] -- Up-to-date: /ros2_ws/install/cpp_pubsub/lib/cpp_pubsub/listener
[2.403s] -- Up-to-date: /ros2_ws/install/cpp_pubsub/lib/cpp_pubsub/topics_practice
[2.476s] -- Up-to-date: /ros2_ws/install/cpp_pubsub/lib/cpp_pubsub/topics_practice_b
[2.521s] -- Up-to-date: /ros2_ws/install/cpp_pubsub/share/ament_index/resource_index/package_run_dependencies/cpp_pubsub
[2.545s] -- Up-to-date: /ros2_ws/install/cpp_pubsub/share/ament_index/resource_index/parent_prefix_path/cpp_pubsub
[2.557s] -- Up-to-date: /ros2_ws/install/cpp_pubsub/share/cpp_pubsub/environment/ament_prefix_path.sh
[2.573s] -- Up-to-date: /ros2_ws/install/cpp_pubsub/share/cpp_pubsub/environment/ament_prefix_path.dsv
[2.585s] -- Up-to-date: /ros2_ws/install/cpp_pubsub/share/cpp_pubsub/environment/path.sh
[2.601s] -- Up-to-date: /ros2_ws/install/cpp_pubsub/share/cpp_pubsub/environment/path.dsv
[2.615s] -- Up-to-date: /ros2_ws/install/cpp_pubsub/share/cpp_pubsub/local_setup.bash
[2.628s] -- Up-to-date: /ros2_ws/install/cpp_pubsub/share/cpp_pubsub/local_setup.sh
[2.642s] -- Up-to-date: /ros2_ws/install/cpp_pubsub/share/cpp_pubsub/local_setup.zsh
[2.656s] -- Up-to-date: /ros2_ws/install/cpp_pubsub/share/cpp_pubsub/local_setup.dsv
[2.669s] -- Installing: /ros2_ws/install/cpp_pubsub/share/cpp_pubsub/package.dsv
[2.725s] -- Up-to-date: /ros2_ws/install/cpp_pubsub/share/ament_index/resource_index/packages/cpp_pubsub
[2.742s] -- Up-to-date: /ros2_ws/install/cpp_pubsub/share/cpp_pubsub/cmake/cpp_pubsubConfig.cmake
[2.754s] -- Up-to-date: /ros2_ws/install/cpp_pubsub/share/cpp_pubsub/cmake/cpp_pubsubConfig-version.cmake
[2.768s] -- Up-to-date: /ros2_ws/install/cpp_pubsub/share/cpp_pubsub/package.xml
[2.777s] Invoked command in '/ros2_ws/build/cpp_pubsub' returned '0': CMAKE_PREFIX_PATH=/ros2_ws/install/turtlesim:/ros2_ws/install/cpp_pubsub:/ros2_ws/install/my_package_cpp:/ros2_ws/install/py_pubsub:/ros2_ws/install/my_package:/opt/ros/humble /usr/bin/cmake --install /ros2_ws/build/cpp_pubsub
