[0.524s] Invoking command in '/ros2_ws/build/turtlesim': CMAKE_PREFIX_PATH=${CMAKE_PREFIX_PATH}:/ros2_ws/install/py_srvcli:/ros2_ws/install/py_pubsub:/ros2_ws/install/my_package:/opt/ros/humble /usr/bin/cmake --build /ros2_ws/build/turtlesim -- -j16 -l16
[2.390s] [  1%] Built target turtlesim__cpp
[2.391s] [ 11%] Built target turtlesim__rosidl_generator_c
[2.392s] [ 21%] Built target turtlesim__rosidl_typesupport_cpp
[2.392s] [ 31%] Built target turtlesim__rosidl_typesupport_introspection_cpp
[2.394s] [ 40%] Built target draw_square
[2.395s] [ 45%] Built target turtlesim__rosidl_typesupport_fastrtps_cpp
[2.396s] [ 45%] Built target mimic
[2.397s] [ 47%] Built target turtle_teleop_key
[2.398s] [ 57%] Built target turtlesim__rosidl_typesupport_c
[2.424s] [ 67%] Built target ament_cmake_python_copy_turtlesim
[2.426s] [ 67%] Built target turtlesim__rosidl_typesupport_introspection_c
[2.448s] [ 78%] Built target turtlesim_node
[2.463s] [ 83%] Built target turtlesim__rosidl_typesupport_fastrtps_c
[2.633s] [ 83%] Built target turtlesim
[2.951s] [ 84%] Built target turtlesim__py
[3.395s] [ 93%] Built target turtlesim__rosidl_generator_py
[3.593s] [ 95%] Built target turtlesim__rosidl_typesupport_fastrtps_c__pyext
[3.602s] [ 97%] Built target turtlesim__rosidl_typesupport_introspection_c__pyext
[3.705s] [100%] Built target turtlesim__rosidl_typesupport_c__pyext
[3.725s] running egg_info
[3.727s] writing turtlesim.egg-info/PKG-INFO
[3.731s] writing dependency_links to turtlesim.egg-info/dependency_links.txt
[3.737s] writing top-level names to turtlesim.egg-info/top_level.txt
[3.786s] reading manifest file 'turtlesim.egg-info/SOURCES.txt'
[3.843s] writing manifest file 'turtlesim.egg-info/SOURCES.txt'
[3.898s] [100%] Built target ament_cmake_python_build_turtlesim_egg
[4.248s] Invoked command in '/ros2_ws/build/turtlesim' returned '0': CMAKE_PREFIX_PATH=${CMAKE_PREFIX_PATH}:/ros2_ws/install/py_srvcli:/ros2_ws/install/py_pubsub:/ros2_ws/install/my_package:/opt/ros/humble /usr/bin/cmake --build /ros2_ws/build/turtlesim -- -j16 -l16
