[7.441s] Invoking command in '/ros2_ws/src/py_pubsub': PYTHONPATH=/ros2_ws/build/py_pubsub/prefix_override:/usr/lib/python3/dist-packages/colcon_core/task/python/colcon_distutils_commands:/ros2_ws/install/py_pubsub/lib/python3.10/site-packages:${PYTHONPATH} /usr/bin/python3 -W ignore:setup.py install is deprecated setup.py egg_info --egg-base ../../build/py_pubsub build --build-base /ros2_ws/build/py_pubsub/build install --record /ros2_ws/build/py_pubsub/install.log --single-version-externally-managed install_data
[9.288s] running egg_info
[9.292s] writing ../../build/py_pubsub/py_pubsub.egg-info/PKG-INFO
[9.298s] writing dependency_links to ../../build/py_pubsub/py_pubsub.egg-info/dependency_links.txt
[9.303s] writing entry points to ../../build/py_pubsub/py_pubsub.egg-info/entry_points.txt
[9.306s] writing requirements to ../../build/py_pubsub/py_pubsub.egg-info/requires.txt
[9.309s] writing top-level names to ../../build/py_pubsub/py_pubsub.egg-info/top_level.txt
[9.343s] reading manifest file '../../build/py_pubsub/py_pubsub.egg-info/SOURCES.txt'
[9.382s] adding license file 'LICENSE'
[9.403s] writing manifest file '../../build/py_pubsub/py_pubsub.egg-info/SOURCES.txt'
[9.406s] running build
[9.407s] running build_py
[9.445s] running install
[9.446s] running install_lib
[9.563s] running install_data
[9.586s] running install_egg_info
[9.606s] removing '/ros2_ws/install/py_pubsub/lib/python3.10/site-packages/py_pubsub-0.0.0-py3.10.egg-info' (and everything under it)
[9.656s] Copying ../../build/py_pubsub/py_pubsub.egg-info to /ros2_ws/install/py_pubsub/lib/python3.10/site-packages/py_pubsub-0.0.0-py3.10.egg-info
[9.855s] running install_scripts
[10.005s] Installing talker = py_pubsub.publisher_script:maintopics_practice script to /ros2_ws/install/py_pubsub/lib/py_pubsub
[10.015s] writing list of installed files to '/ros2_ws/build/py_pubsub/install.log'
[10.175s] Invoked command in '/ros2_ws/src/py_pubsub' returned '0': PYTHONPATH=/ros2_ws/build/py_pubsub/prefix_override:/usr/lib/python3/dist-packages/colcon_core/task/python/colcon_distutils_commands:/ros2_ws/install/py_pubsub/lib/python3.10/site-packages:${PYTHONPATH} /usr/bin/python3 -W ignore:setup.py install is deprecated setup.py egg_info --egg-base ../../build/py_pubsub build --build-base /ros2_ws/build/py_pubsub/build install --record /ros2_ws/build/py_pubsub/install.log --single-version-externally-managed install_data
