[2.041s] Invoking command in '/ros2_ws/src/py_pubsub': PYTHONPATH=/ros2_ws/build/py_pubsub/prefix_override:/usr/lib/python3/dist-packages/colcon_core/task/python/colcon_distutils_commands:/ros2_ws/install/py_pubsub/lib/python3.10/site-packages:${PYTHONPATH} /usr/bin/python3 -W ignore:setup.py install is deprecated setup.py egg_info --egg-base ../../build/py_pubsub build --build-base /ros2_ws/build/py_pubsub/build install --record /ros2_ws/build/py_pubsub/install.log --single-version-externally-managed install_data
[2.755s] running egg_info
[2.760s] writing ../../build/py_pubsub/py_pubsub.egg-info/PKG-INFO
[2.766s] writing dependency_links to ../../build/py_pubsub/py_pubsub.egg-info/dependency_links.txt
[2.771s] writing entry points to ../../build/py_pubsub/py_pubsub.egg-info/entry_points.txt
[2.776s] writing requirements to ../../build/py_pubsub/py_pubsub.egg-info/requires.txt
[2.778s] writing top-level names to ../../build/py_pubsub/py_pubsub.egg-info/top_level.txt
[2.810s] reading manifest file '../../build/py_pubsub/py_pubsub.egg-info/SOURCES.txt'
[2.855s] adding license file 'LICENSE'
[2.880s] writing manifest file '../../build/py_pubsub/py_pubsub.egg-info/SOURCES.txt'
[2.883s] running build
[2.884s] running build_py
[2.942s] running install
[2.943s] running install_lib
[3.081s] running install_data
[3.104s] running install_egg_info
[3.114s] removing '/ros2_ws/install/py_pubsub/lib/python3.10/site-packages/py_pubsub-0.0.0-py3.10.egg-info' (and everything under it)
[3.166s] Copying ../../build/py_pubsub/py_pubsub.egg-info to /ros2_ws/install/py_pubsub/lib/python3.10/site-packages/py_pubsub-0.0.0-py3.10.egg-info
[3.381s] running install_scripts
[3.434s] Installing talker = py_pubsub.publisher_script:maintopics_practice script to /ros2_ws/install/py_pubsub/lib/py_pubsub
[3.444s] writing list of installed files to '/ros2_ws/build/py_pubsub/install.log'
[3.582s] Invoked command in '/ros2_ws/src/py_pubsub' returned '0': PYTHONPATH=/ros2_ws/build/py_pubsub/prefix_override:/usr/lib/python3/dist-packages/colcon_core/task/python/colcon_distutils_commands:/ros2_ws/install/py_pubsub/lib/python3.10/site-packages:${PYTHONPATH} /usr/bin/python3 -W ignore:setup.py install is deprecated setup.py egg_info --egg-base ../../build/py_pubsub build --build-base /ros2_ws/build/py_pubsub/build install --record /ros2_ws/build/py_pubsub/install.log --single-version-externally-managed install_data
