[0.080s] Invoking command in '/ros2_ws/build/cpp_pubsub': AMENT_PREFIX_PATH=/ros2_ws/install/turtlesim:${AMENT_PREFIX_PATH} CMAKE_PREFIX_PATH=/ros2_ws/install/turtlesim:/opt/ros/humble LD_LIBRARY_PATH=/ros2_ws/install/turtlesim/lib:${LD_LIBRARY_PATH} PYTHONPATH=/ros2_ws/install/turtlesim/local/lib/python3.10/dist-packages:${PYTHONPATH} /usr/bin/cmake /ros2_ws/src/cpp_pubsub -DCMAKE_INSTALL_PREFIX=/ros2_ws/install/cpp_pubsub
[0.194s] -- Found ament_cmake: 1.3.9 (/opt/ros/humble/share/ament_cmake/cmake)
[0.680s] -- Found rclcpp: 16.0.9 (/opt/ros/humble/share/rclcpp/cmake)
[0.708s] -- Found rosidl_generator_c: 3.1.5 (/opt/ros/humble/share/rosidl_generator_c/cmake)
[0.710s] -- Found rosidl_adapter: 3.1.5 (/opt/ros/humble/share/rosidl_adapter/cmake)
[0.715s] -- Found rosidl_generator_cpp: 3.1.5 (/opt/ros/humble/share/rosidl_generator_cpp/cmake)
[0.730s] -- Using all available rosidl_typesupport_c: rosidl_typesupport_fastrtps_c;rosidl_typesupport_introspection_c
[0.746s] -- Using all available rosidl_typesupport_cpp: rosidl_typesupport_fastrtps_cpp;rosidl_typesupport_introspection_cpp
[0.801s] -- Found rmw_implementation_cmake: 6.1.2 (/opt/ros/humble/share/rmw_implementation_cmake/cmake)
[0.806s] -- Found rmw_fastrtps_cpp: 6.2.6 (/opt/ros/humble/share/rmw_fastrtps_cpp/cmake)
[1.316s] -- Using RMW implementation 'rmw_fastrtps_cpp' as default
[1.440s] -- Found geometry_msgs: 4.2.4 (/opt/ros/humble/share/geometry_msgs/cmake)
[1.498s] -- Found turtlesim: 1.4.2 (/ros2_ws/install/turtlesim/share/turtlesim/cmake)
[1.983s] -- Found std_srvs: 4.2.4 (/opt/ros/humble/share/std_srvs/cmake)
[2.000s] -- Found ament_lint_auto: 0.12.11 (/opt/ros/humble/share/ament_lint_auto/cmake)
[2.545s] -- Added test 'cppcheck' to perform static code analysis on C / C++ code
[2.546s] -- Configured cppcheck include dirs: 
[2.546s] -- Configured cppcheck exclude dirs and/or files: 
[2.628s] -- Added test 'lint_cmake' to check CMake code style
[2.885s] -- Added test 'uncrustify' to check C / C++ code style
[2.885s] -- Configured uncrustify additional arguments: 
[2.913s] -- Added test 'xmllint' to check XML markup files
[2.957s] -- Configuring done
[3.639s] -- Generating done
[3.716s] -- Build files have been written to: /ros2_ws/build/cpp_pubsub
[3.722s] Invoked command in '/ros2_ws/build/cpp_pubsub' returned '0': AMENT_PREFIX_PATH=/ros2_ws/install/turtlesim:${AMENT_PREFIX_PATH} CMAKE_PREFIX_PATH=/ros2_ws/install/turtlesim:/opt/ros/humble LD_LIBRARY_PATH=/ros2_ws/install/turtlesim/lib:${LD_LIBRARY_PATH} PYTHONPATH=/ros2_ws/install/turtlesim/local/lib/python3.10/dist-packages:${PYTHONPATH} /usr/bin/cmake /ros2_ws/src/cpp_pubsub -DCMAKE_INSTALL_PREFIX=/ros2_ws/install/cpp_pubsub
[3.729s] Invoking command in '/ros2_ws/build/cpp_pubsub': AMENT_PREFIX_PATH=/ros2_ws/install/turtlesim:${AMENT_PREFIX_PATH} CMAKE_PREFIX_PATH=/ros2_ws/install/turtlesim:/opt/ros/humble LD_LIBRARY_PATH=/ros2_ws/install/turtlesim/lib:${LD_LIBRARY_PATH} PYTHONPATH=/ros2_ws/install/turtlesim/local/lib/python3.10/dist-packages:${PYTHONPATH} /usr/bin/cmake --build /ros2_ws/build/cpp_pubsub -- -j16 -l16
[4.201s] [ 12%] [32mBuilding CXX object CMakeFiles/topics_practice_b.dir/src/topics_practice_b.cpp.o[0m
[4.204s] [ 25%] [32mBuilding CXX object CMakeFiles/listener.dir/src/listener.cpp.o[0m
[4.228s] [ 37%] [32mBuilding CXX object CMakeFiles/topics_practice.dir/src/topics_practice.cpp.o[0m
[4.260s] [ 50%] [32mBuilding CXX object CMakeFiles/talker.dir/src/publisher_script.cpp.o[0m
[8.697s] [ 62%] [32m[1mLinking CXX executable talker[0m
[10.120s] [ 62%] Built target talker
[13.025s] [ 75%] [32m[1mLinking CXX executable listener[0m
[16.290s] [ 87%] [32m[1mLinking CXX executable topics_practice_b[0m
[16.458s] [100%] [32m[1mLinking CXX executable topics_practice[0m
[16.931s] [100%] Built target listener
[20.695s] [100%] Built target topics_practice_b
[20.961s] [100%] Built target topics_practice
[21.067s] Invoked command in '/ros2_ws/build/cpp_pubsub' returned '0': AMENT_PREFIX_PATH=/ros2_ws/install/turtlesim:${AMENT_PREFIX_PATH} CMAKE_PREFIX_PATH=/ros2_ws/install/turtlesim:/opt/ros/humble LD_LIBRARY_PATH=/ros2_ws/install/turtlesim/lib:${LD_LIBRARY_PATH} PYTHONPATH=/ros2_ws/install/turtlesim/local/lib/python3.10/dist-packages:${PYTHONPATH} /usr/bin/cmake --build /ros2_ws/build/cpp_pubsub -- -j16 -l16
[21.112s] Invoking command in '/ros2_ws/build/cpp_pubsub': AMENT_PREFIX_PATH=/ros2_ws/install/turtlesim:${AMENT_PREFIX_PATH} CMAKE_PREFIX_PATH=/ros2_ws/install/turtlesim:/opt/ros/humble LD_LIBRARY_PATH=/ros2_ws/install/turtlesim/lib:${LD_LIBRARY_PATH} PYTHONPATH=/ros2_ws/install/turtlesim/local/lib/python3.10/dist-packages:${PYTHONPATH} /usr/bin/cmake --install /ros2_ws/build/cpp_pubsub
[21.189s] -- Install configuration: ""
[21.232s] -- Installing: /ros2_ws/install/cpp_pubsub/lib/cpp_pubsub/talker
[21.335s] -- Set runtime path of "/ros2_ws/install/cpp_pubsub/lib/cpp_pubsub/talker" to ""
[21.384s] -- Installing: /ros2_ws/install/cpp_pubsub/lib/cpp_pubsub/listener
[21.570s] -- Set runtime path of "/ros2_ws/install/cpp_pubsub/lib/cpp_pubsub/listener" to ""
[21.617s] -- Installing: /ros2_ws/install/cpp_pubsub/lib/cpp_pubsub/topics_practice
[21.843s] -- Set runtime path of "/ros2_ws/install/cpp_pubsub/lib/cpp_pubsub/topics_practice" to ""
[21.890s] -- Installing: /ros2_ws/install/cpp_pubsub/lib/cpp_pubsub/topics_practice_b
[22.113s] -- Set runtime path of "/ros2_ws/install/cpp_pubsub/lib/cpp_pubsub/topics_practice_b" to ""
[22.134s] -- Installing: /ros2_ws/install/cpp_pubsub/share/ament_index/resource_index/package_run_dependencies/cpp_pubsub
[22.203s] -- Installing: /ros2_ws/install/cpp_pubsub/share/ament_index/resource_index/parent_prefix_path/cpp_pubsub
[22.262s] -- Up-to-date: /ros2_ws/install/cpp_pubsub/share/cpp_pubsub/environment/ament_prefix_path.sh
[22.277s] -- Installing: /ros2_ws/install/cpp_pubsub/share/cpp_pubsub/environment/ament_prefix_path.dsv
[22.323s] -- Up-to-date: /ros2_ws/install/cpp_pubsub/share/cpp_pubsub/environment/path.sh
[22.339s] -- Installing: /ros2_ws/install/cpp_pubsub/share/cpp_pubsub/environment/path.dsv
[22.388s] -- Installing: /ros2_ws/install/cpp_pubsub/share/cpp_pubsub/local_setup.bash
[22.432s] -- Installing: /ros2_ws/install/cpp_pubsub/share/cpp_pubsub/local_setup.sh
[22.478s] -- Installing: /ros2_ws/install/cpp_pubsub/share/cpp_pubsub/local_setup.zsh
[22.523s] -- Installing: /ros2_ws/install/cpp_pubsub/share/cpp_pubsub/local_setup.dsv
[22.568s] -- Installing: /ros2_ws/install/cpp_pubsub/share/cpp_pubsub/package.dsv
[22.624s] -- Installing: /ros2_ws/install/cpp_pubsub/share/ament_index/resource_index/packages/cpp_pubsub
[22.687s] -- Installing: /ros2_ws/install/cpp_pubsub/share/cpp_pubsub/cmake/cpp_pubsubConfig.cmake
[22.733s] -- Installing: /ros2_ws/install/cpp_pubsub/share/cpp_pubsub/cmake/cpp_pubsubConfig-version.cmake
[22.787s] -- Up-to-date: /ros2_ws/install/cpp_pubsub/share/cpp_pubsub/package.xml
[22.794s] Invoked command in '/ros2_ws/build/cpp_pubsub' returned '0': AMENT_PREFIX_PATH=/ros2_ws/install/turtlesim:${AMENT_PREFIX_PATH} CMAKE_PREFIX_PATH=/ros2_ws/install/turtlesim:/opt/ros/humble LD_LIBRARY_PATH=/ros2_ws/install/turtlesim/lib:${LD_LIBRARY_PATH} PYTHONPATH=/ros2_ws/install/turtlesim/local/lib/python3.10/dist-packages:${PYTHONPATH} /usr/bin/cmake --install /ros2_ws/build/cpp_pubsub
