[6.395s] Invoking command in '/ros2_ws/src/py_pubsub': PYTHONPATH=/ros2_ws/build/py_pubsub/prefix_override:/usr/lib/python3/dist-packages/colcon_core/task/python/colcon_distutils_commands:/ros2_ws/install/py_pubsub/lib/python3.10/site-packages:${PYTHONPATH} /usr/bin/python3 -W ignore:setup.py install is deprecated setup.py egg_info --egg-base ../../build/py_pubsub build --build-base /ros2_ws/build/py_pubsub/build install --record /ros2_ws/build/py_pubsub/install.log --single-version-externally-managed install_data
[7.681s] running egg_info
[7.686s] writing ../../build/py_pubsub/py_pubsub.egg-info/PKG-INFO
[7.692s] writing dependency_links to ../../build/py_pubsub/py_pubsub.egg-info/dependency_links.txt
[7.698s] writing entry points to ../../build/py_pubsub/py_pubsub.egg-info/entry_points.txt
[7.702s] writing requirements to ../../build/py_pubsub/py_pubsub.egg-info/requires.txt
[7.706s] writing top-level names to ../../build/py_pubsub/py_pubsub.egg-info/top_level.txt
[7.743s] reading manifest file '../../build/py_pubsub/py_pubsub.egg-info/SOURCES.txt'
[7.790s] adding license file 'LICENSE'
[7.814s] writing manifest file '../../build/py_pubsub/py_pubsub.egg-info/SOURCES.txt'
[7.817s] running build
[7.818s] running build_py
[7.884s] running install
[7.885s] running install_lib
[8.060s] running install_data
[8.083s] running install_egg_info
[8.096s] removing '/ros2_ws/install/py_pubsub/lib/python3.10/site-packages/py_pubsub-0.0.0-py3.10.egg-info' (and everything under it)
[8.148s] Copying ../../build/py_pubsub/py_pubsub.egg-info to /ros2_ws/install/py_pubsub/lib/python3.10/site-packages/py_pubsub-0.0.0-py3.10.egg-info
[8.348s] running install_scripts
[8.459s] Installing talker script to /ros2_ws/install/py_pubsub/lib/py_pubsub
[8.468s] Installing topics_practice script to /ros2_ws/install/py_pubsub/lib/py_pubsub
[8.476s] Installing topics_practice_b script to /ros2_ws/install/py_pubsub/lib/py_pubsub
[8.487s] writing list of installed files to '/ros2_ws/build/py_pubsub/install.log'
[8.721s] Invoked command in '/ros2_ws/src/py_pubsub' returned '0': PYTHONPATH=/ros2_ws/build/py_pubsub/prefix_override:/usr/lib/python3/dist-packages/colcon_core/task/python/colcon_distutils_commands:/ros2_ws/install/py_pubsub/lib/python3.10/site-packages:${PYTHONPATH} /usr/bin/python3 -W ignore:setup.py install is deprecated setup.py egg_info --egg-base ../../build/py_pubsub build --build-base /ros2_ws/build/py_pubsub/build install --record /ros2_ws/build/py_pubsub/install.log --single-version-externally-managed install_data
