[7.263s] Invoking command in '/ros2_ws/src/py_pubsub': PYTHONPATH=/ros2_ws/build/py_pubsub/prefix_override:/usr/lib/python3/dist-packages/colcon_core/task/python/colcon_distutils_commands:/ros2_ws/install/py_pubsub/lib/python3.10/site-packages:${PYTHONPATH} /usr/bin/python3 -W ignore:setup.py install is deprecated setup.py egg_info --egg-base ../../build/py_pubsub build --build-base /ros2_ws/build/py_pubsub/build install --record /ros2_ws/build/py_pubsub/install.log --single-version-externally-managed install_data
[9.092s] running egg_info
[9.095s] writing ../../build/py_pubsub/py_pubsub.egg-info/PKG-INFO
[9.101s] writing dependency_links to ../../build/py_pubsub/py_pubsub.egg-info/dependency_links.txt
[9.105s] writing entry points to ../../build/py_pubsub/py_pubsub.egg-info/entry_points.txt
[9.109s] writing requirements to ../../build/py_pubsub/py_pubsub.egg-info/requires.txt
[9.112s] writing top-level names to ../../build/py_pubsub/py_pubsub.egg-info/top_level.txt
[9.143s] reading manifest file '../../build/py_pubsub/py_pubsub.egg-info/SOURCES.txt'
[9.182s] adding license file 'LICENSE'
[9.202s] writing manifest file '../../build/py_pubsub/py_pubsub.egg-info/SOURCES.txt'
[9.205s] running build
[9.205s] running build_py
[9.218s] copying py_pubsub/publisher_script.py -> /ros2_ws/build/py_pubsub/build/lib/py_pubsub
[9.261s] running install
[9.262s] running install_lib
[9.294s] copying /ros2_ws/build/py_pubsub/build/lib/py_pubsub/publisher_script.py -> /ros2_ws/install/py_pubsub/lib/python3.10/site-packages/py_pubsub
[9.370s] byte-compiling /ros2_ws/install/py_pubsub/lib/python3.10/site-packages/py_pubsub/publisher_script.py to publisher_script.cpython-310.pyc
[9.424s] running install_data
[9.446s] running install_egg_info
[9.466s] removing '/ros2_ws/install/py_pubsub/lib/python3.10/site-packages/py_pubsub-0.0.0-py3.10.egg-info' (and everything under it)
[9.515s] Copying ../../build/py_pubsub/py_pubsub.egg-info to /ros2_ws/install/py_pubsub/lib/python3.10/site-packages/py_pubsub-0.0.0-py3.10.egg-info
[9.711s] running install_scripts
[9.866s] Installing talker = py_pubsub.publisher_script:maintopics_practice script to /ros2_ws/install/py_pubsub/lib/py_pubsub
[9.877s] writing list of installed files to '/ros2_ws/build/py_pubsub/install.log'
[9.983s] Invoked command in '/ros2_ws/src/py_pubsub' returned '0': PYTHONPATH=/ros2_ws/build/py_pubsub/prefix_override:/usr/lib/python3/dist-packages/colcon_core/task/python/colcon_distutils_commands:/ros2_ws/install/py_pubsub/lib/python3.10/site-packages:${PYTHONPATH} /usr/bin/python3 -W ignore:setup.py install is deprecated setup.py egg_info --egg-base ../../build/py_pubsub build --build-base /ros2_ws/build/py_pubsub/build install --record /ros2_ws/build/py_pubsub/install.log --single-version-externally-managed install_data
