[0.156s] Invoking command in '/ros2_ws/src/build/cpp_pubsub': CMAKE_PREFIX_PATH=/opt/ros/humble /usr/bin/cmake /ros2_ws/src/cpp_pubsub -DAMENT_CMAKE_SYMLINK_INSTALL=1 -DCMAKE_INSTALL_PREFIX=/ros2_ws/src/install/cpp_pubsub
[0.694s] -- The C compiler identification is GNU 11.4.0
[0.818s] -- The CXX compiler identification is GNU 11.4.0
[0.867s] -- Detecting C compiler ABI info
[1.344s] -- Detecting C compiler ABI info - done
[1.369s] -- Check for working C compiler: /usr/bin/cc - skipped
[1.370s] -- Detecting C compile features
[1.372s] -- Detecting C compile features - done
[1.426s] -- Detecting CXX compiler ABI info
[1.906s] -- Detecting CXX compiler ABI info - done
[1.926s] -- Check for working CXX compiler: /usr/bin/c++ - skipped
[1.929s] -- Detecting CXX compile features
[1.930s] -- Detecting CXX compile features - done
[1.997s] -- Found ament_cmake: 1.3.9 (/opt/ros/humble/share/ament_cmake/cmake)
[2.128s] -- Found Python3: /usr/bin/python3 (found version "3.10.12") found components: Interpreter 
[2.257s] -- Override CMake install command with custom implementation using symlinks instead of copying resources
[2.384s] -- Found rclcpp: 16.0.9 (/opt/ros/humble/share/rclcpp/cmake)
[2.461s] -- Found rosidl_generator_c: 3.1.5 (/opt/ros/humble/share/rosidl_generator_c/cmake)
[2.470s] -- Found rosidl_adapter: 3.1.5 (/opt/ros/humble/share/rosidl_adapter/cmake)
[2.484s] -- Found rosidl_generator_cpp: 3.1.5 (/opt/ros/humble/share/rosidl_generator_cpp/cmake)
[2.509s] -- Using all available rosidl_typesupport_c: rosidl_typesupport_fastrtps_c;rosidl_typesupport_introspection_c
[2.536s] -- Using all available rosidl_typesupport_cpp: rosidl_typesupport_fastrtps_cpp;rosidl_typesupport_introspection_cpp
[2.634s] -- Found rmw_implementation_cmake: 6.1.2 (/opt/ros/humble/share/rmw_implementation_cmake/cmake)
[2.639s] -- Found rmw_fastrtps_cpp: 6.2.6 (/opt/ros/humble/share/rmw_fastrtps_cpp/cmake)
[2.751s] -- Found OpenSSL: /usr/lib/x86_64-linux-gnu/libcrypto.so (found version "3.0.2")  
[2.777s] -- Found FastRTPS: /opt/ros/humble/include  
[2.818s] -- Using RMW implementation 'rmw_fastrtps_cpp' as default
[2.870s] -- Looking for pthread.h
[3.337s] -- Looking for pthread.h - found
[3.347s] -- Performing Test CMAKE_HAVE_LIBC_PTHREAD
[3.762s] -- Performing Test CMAKE_HAVE_LIBC_PTHREAD - Success
[3.766s] -- Found Threads: TRUE  
[3.934s] -- Found geometry_msgs: 4.2.4 (/opt/ros/humble/share/geometry_msgs/cmake)
[3.983s] -- Found turtlesim: 1.4.2 (/opt/ros/humble/share/turtlesim/cmake)
[4.117s] -- Found std_srvs: 4.2.4 (/opt/ros/humble/share/std_srvs/cmake)
[4.149s] -- Found ament_lint_auto: 0.12.11 (/opt/ros/humble/share/ament_lint_auto/cmake)
[4.688s] -- Added test 'cppcheck' to perform static code analysis on C / C++ code
[4.688s] -- Configured cppcheck include dirs: 
[4.689s] -- Configured cppcheck exclude dirs and/or files: 
[4.771s] -- Added test 'lint_cmake' to check CMake code style
[5.018s] -- Added test 'uncrustify' to check C / C++ code style
[5.019s] -- Configured uncrustify additional arguments: 
[5.048s] -- Added test 'xmllint' to check XML markup files
[5.137s] -- Configuring done
[5.507s] -- Generating done
[5.584s] -- Build files have been written to: /ros2_ws/src/build/cpp_pubsub
[5.592s] Invoked command in '/ros2_ws/src/build/cpp_pubsub' returned '0': CMAKE_PREFIX_PATH=/opt/ros/humble /usr/bin/cmake /ros2_ws/src/cpp_pubsub -DAMENT_CMAKE_SYMLINK_INSTALL=1 -DCMAKE_INSTALL_PREFIX=/ros2_ws/src/install/cpp_pubsub
[5.599s] Invoking command in '/ros2_ws/src/build/cpp_pubsub': CMAKE_PREFIX_PATH=/opt/ros/humble /usr/bin/cmake --build /ros2_ws/src/build/cpp_pubsub -- -j16 -l16
[5.739s] [ 25%] [32mBuilding CXX object CMakeFiles/listener.dir/src/listener.cpp.o[0m
[5.742s] [ 50%] [32mBuilding CXX object CMakeFiles/topics_practice.dir/src/topics_practice.cpp.o[0m
[5.743s] [ 50%] [32mBuilding CXX object CMakeFiles/topics_practice_b.dir/src/topics_practice_b.cpp.o[0m
[5.743s] [ 50%] [32mBuilding CXX object CMakeFiles/talker.dir/src/publisher_script.cpp.o[0m
[10.448s] [ 62%] [32m[1mLinking CXX executable talker[0m
[11.673s] [ 62%] Built target talker
[15.152s] [ 75%] [32m[1mLinking CXX executable listener[0m
[17.650s] [ 87%] [32m[1mLinking CXX executable topics_practice[0m
[17.659s] [100%] [32m[1mLinking CXX executable topics_practice_b[0m
[18.754s] [100%] Built target listener
[21.845s] [100%] Built target topics_practice
[21.846s] [100%] Built target topics_practice_b
[21.878s] Invoked command in '/ros2_ws/src/build/cpp_pubsub' returned '0': CMAKE_PREFIX_PATH=/opt/ros/humble /usr/bin/cmake --build /ros2_ws/src/build/cpp_pubsub -- -j16 -l16
[21.919s] Invoking command in '/ros2_ws/src/build/cpp_pubsub': CMAKE_PREFIX_PATH=/opt/ros/humble /usr/bin/cmake --install /ros2_ws/src/build/cpp_pubsub
[21.926s] -- Install configuration: ""
[21.932s] -- Execute custom install script
[21.945s] -- Symlinking: /ros2_ws/src/install/cpp_pubsub/lib/cpp_pubsub/talker
[21.967s] -- Symlinking: /ros2_ws/src/install/cpp_pubsub/lib/cpp_pubsub/listener
[21.990s] -- Symlinking: /ros2_ws/src/install/cpp_pubsub/lib/cpp_pubsub/topics_practice
[22.013s] -- Symlinking: /ros2_ws/src/install/cpp_pubsub/lib/cpp_pubsub/topics_practice_b
[22.045s] -- Symlinking: /ros2_ws/src/install/cpp_pubsub/share/ament_index/resource_index/package_run_dependencies/cpp_pubsub
[22.087s] -- Symlinking: /ros2_ws/src/install/cpp_pubsub/share/ament_index/resource_index/parent_prefix_path/cpp_pubsub
[22.124s] -- Symlinking: /ros2_ws/src/install/cpp_pubsub/share/cpp_pubsub/environment/ament_prefix_path.sh
[22.149s] -- Symlinking: /ros2_ws/src/install/cpp_pubsub/share/cpp_pubsub/environment/ament_prefix_path.dsv
[22.176s] -- Symlinking: /ros2_ws/src/install/cpp_pubsub/share/cpp_pubsub/environment/path.sh
[22.202s] -- Symlinking: /ros2_ws/src/install/cpp_pubsub/share/cpp_pubsub/environment/path.dsv
[22.228s] -- Symlinking: /ros2_ws/src/install/cpp_pubsub/share/cpp_pubsub/local_setup.bash
[22.251s] -- Symlinking: /ros2_ws/src/install/cpp_pubsub/share/cpp_pubsub/local_setup.sh
[22.275s] -- Symlinking: /ros2_ws/src/install/cpp_pubsub/share/cpp_pubsub/local_setup.zsh
[22.299s] -- Symlinking: /ros2_ws/src/install/cpp_pubsub/share/cpp_pubsub/local_setup.dsv
[22.323s] -- Symlinking: /ros2_ws/src/install/cpp_pubsub/share/cpp_pubsub/package.dsv
[22.357s] -- Symlinking: /ros2_ws/src/install/cpp_pubsub/share/ament_index/resource_index/packages/cpp_pubsub
[22.394s] -- Symlinking: /ros2_ws/src/install/cpp_pubsub/share/cpp_pubsub/cmake/cpp_pubsubConfig.cmake
[22.421s] -- Symlinking: /ros2_ws/src/install/cpp_pubsub/share/cpp_pubsub/cmake/cpp_pubsubConfig-version.cmake
[22.447s] -- Symlinking: /ros2_ws/src/install/cpp_pubsub/share/cpp_pubsub/package.xml
[22.467s] Invoked command in '/ros2_ws/src/build/cpp_pubsub' returned '0': CMAKE_PREFIX_PATH=/opt/ros/humble /usr/bin/cmake --install /ros2_ws/src/build/cpp_pubsub
