[1.994s] Invoking command in '/ros2_ws/src/py_pubsub': PYTHONPATH=/ros2_ws/build/py_pubsub/prefix_override:/usr/lib/python3/dist-packages/colcon_core/task/python/colcon_distutils_commands:/ros2_ws/install/py_pubsub/lib/python3.10/site-packages:${PYTHONPATH} /usr/bin/python3 -W ignore:setup.py install is deprecated setup.py egg_info --egg-base ../../build/py_pubsub build --build-base /ros2_ws/build/py_pubsub/build install --record /ros2_ws/build/py_pubsub/install.log --single-version-externally-managed install_data
[2.700s] running egg_info
[2.704s] writing ../../build/py_pubsub/py_pubsub.egg-info/PKG-INFO
[2.710s] writing dependency_links to ../../build/py_pubsub/py_pubsub.egg-info/dependency_links.txt
[2.715s] writing entry points to ../../build/py_pubsub/py_pubsub.egg-info/entry_points.txt
[2.719s] writing requirements to ../../build/py_pubsub/py_pubsub.egg-info/requires.txt
[2.722s] writing top-level names to ../../build/py_pubsub/py_pubsub.egg-info/top_level.txt
[2.756s] reading manifest file '../../build/py_pubsub/py_pubsub.egg-info/SOURCES.txt'
[2.797s] adding license file 'LICENSE'
[2.822s] writing manifest file '../../build/py_pubsub/py_pubsub.egg-info/SOURCES.txt'
[2.825s] running build
[2.827s] running build_py
[2.888s] running install
[2.889s] running install_lib
[3.030s] running install_data
[3.053s] running install_egg_info
[3.063s] removing '/ros2_ws/install/py_pubsub/lib/python3.10/site-packages/py_pubsub-0.0.0-py3.10.egg-info' (and everything under it)
[3.114s] Copying ../../build/py_pubsub/py_pubsub.egg-info to /ros2_ws/install/py_pubsub/lib/python3.10/site-packages/py_pubsub-0.0.0-py3.10.egg-info
[3.330s] running install_scripts
[3.385s] Installing talker = py_pubsub.publisher_script:maintopics_practice script to /ros2_ws/install/py_pubsub/lib/py_pubsub
[3.396s] writing list of installed files to '/ros2_ws/build/py_pubsub/install.log'
[3.545s] Invoked command in '/ros2_ws/src/py_pubsub' returned '0': PYTHONPATH=/ros2_ws/build/py_pubsub/prefix_override:/usr/lib/python3/dist-packages/colcon_core/task/python/colcon_distutils_commands:/ros2_ws/install/py_pubsub/lib/python3.10/site-packages:${PYTHONPATH} /usr/bin/python3 -W ignore:setup.py install is deprecated setup.py egg_info --egg-base ../../build/py_pubsub build --build-base /ros2_ws/build/py_pubsub/build install --record /ros2_ws/build/py_pubsub/install.log --single-version-externally-managed install_data
