[2.107s] Invoking command in '/ros2_ws/src/my_package': PYTHONPATH=/ros2_ws/build/my_package/prefix_override:/usr/lib/python3/dist-packages/colcon_core/task/python/colcon_distutils_commands:/ros2_ws/install/my_package/lib/python3.10/site-packages:${PYTHONPATH} /usr/bin/python3 -W ignore:setup.py install is deprecated setup.py egg_info --egg-base ../../build/my_package build --build-base /ros2_ws/build/my_package/build install --record /ros2_ws/build/my_package/install.log --single-version-externally-managed install_data
[2.811s] running egg_info
[2.815s] writing ../../build/my_package/my_package.egg-info/PKG-INFO
[2.822s] writing dependency_links to ../../build/my_package/my_package.egg-info/dependency_links.txt
[2.826s] writing entry points to ../../build/my_package/my_package.egg-info/entry_points.txt
[2.830s] writing requirements to ../../build/my_package/my_package.egg-info/requires.txt
[2.833s] writing top-level names to ../../build/my_package/my_package.egg-info/top_level.txt
[2.862s] reading manifest file '../../build/my_package/my_package.egg-info/SOURCES.txt'
[2.906s] adding license file 'LICENSE'
[2.929s] writing manifest file '../../build/my_package/my_package.egg-info/SOURCES.txt'
[2.933s] running build
[2.934s] running build_py
[2.950s] running install
[2.951s] running install_lib
[3.039s] running install_data
[3.063s] running install_egg_info
[3.072s] removing '/ros2_ws/install/my_package/lib/python3.10/site-packages/my_package-0.0.0-py3.10.egg-info' (and everything under it)
[3.124s] Copying ../../build/my_package/my_package.egg-info to /ros2_ws/install/my_package/lib/python3.10/site-packages/my_package-0.0.0-py3.10.egg-info
[3.333s] running install_scripts
[3.388s] Installing talker script to /ros2_ws/install/my_package/lib/my_package
[3.399s] writing list of installed files to '/ros2_ws/build/my_package/install.log'
[3.424s] Invoked command in '/ros2_ws/src/my_package' returned '0': PYTHONPATH=/ros2_ws/build/my_package/prefix_override:/usr/lib/python3/dist-packages/colcon_core/task/python/colcon_distutils_commands:/ros2_ws/install/my_package/lib/python3.10/site-packages:${PYTHONPATH} /usr/bin/python3 -W ignore:setup.py install is deprecated setup.py egg_info --egg-base ../../build/my_package build --build-base /ros2_ws/build/my_package/build install --record /ros2_ws/build/my_package/install.log --single-version-externally-managed install_data
