[0.151s] Invoking command in '/ros2_ws/build/cpp_srvcli': CMAKE_PREFIX_PATH=/opt/ros/humble /usr/bin/cmake --build /ros2_ws/build/cpp_srvcli -- -j16 -l16
[0.521s] -- Found ament_cmake: 1.3.9 (/opt/ros/humble/share/ament_cmake/cmake)
[0.615s] -- Found rclcpp: 16.0.9 (/opt/ros/humble/share/rclcpp/cmake)
[0.704s] -- Found rosidl_generator_c: 3.1.5 (/opt/ros/humble/share/rosidl_generator_c/cmake)
[0.711s] -- Found rosidl_adapter: 3.1.5 (/opt/ros/humble/share/rosidl_adapter/cmake)
[0.724s] -- Found rosidl_generator_cpp: 3.1.5 (/opt/ros/humble/share/rosidl_generator_cpp/cmake)
[0.751s] -- Using all available rosidl_typesupport_c: rosidl_typesupport_fastrtps_c;rosidl_typesupport_introspection_c
[0.783s] -- Using all available rosidl_typesupport_cpp: rosidl_typesupport_fastrtps_cpp;rosidl_typesupport_introspection_cpp
[0.900s] -- Found rmw_implementation_cmake: 6.1.2 (/opt/ros/humble/share/rmw_implementation_cmake/cmake)
[0.912s] -- Found rmw_fastrtps_cpp: 6.2.6 (/opt/ros/humble/share/rmw_fastrtps_cpp/cmake)
[1.416s] -- Using RMW implementation 'rmw_fastrtps_cpp' as default
[1.615s] -- Found example_interfaces: 0.9.3 (/opt/ros/humble/share/example_interfaces/cmake)
[1.774s] -- Found turtlesim: 1.4.2 (/opt/ros/humble/share/turtlesim/cmake)
[1.833s] -- Found ament_lint_auto: 0.12.11 (/opt/ros/humble/share/ament_lint_auto/cmake)
[2.402s] -- Added test 'cppcheck' to perform static code analysis on C / C++ code
[2.402s] -- Configured cppcheck include dirs: 
[2.403s] -- Configured cppcheck exclude dirs and/or files: 
[2.508s] -- Added test 'lint_cmake' to check CMake code style
[2.819s] -- Added test 'uncrustify' to check C / C++ code style
[2.820s] -- Configured uncrustify additional arguments: 
[2.851s] -- Added test 'xmllint' to check XML markup files
[2.908s] -- Configuring done
[3.300s] -- Generating done
[3.388s] -- Build files have been written to: /ros2_ws/build/cpp_srvcli
[3.458s] [35m[1mConsolidate compiler generated dependencies of target add_two_ints_server[0m
[3.458s] [35m[1mConsolidate compiler generated dependencies of target add_two_ints_client[0m
[3.495s] [ 16%] [32mBuilding CXX object CMakeFiles/service_practice.dir/src/service_practice.cpp.o[0m
[3.912s] [ 83%] Built target add_two_ints_client
[3.914s] [ 83%] Built target add_two_ints_server
[5.906s] [01m[K/ros2_ws/src/cpp_srvcli/src/service_practice.cpp:[m[K In member function ‘[01m[Kvoid TurtleServicePractice::change_color(uint8_t, uint8_t, uint8_t)[m[K’:
[5.907s] [01m[K/ros2_ws/src/cpp_srvcli/src/service_practice.cpp:53:11:[m[K [01;31m[Kerror: [m[Kbase operand of ‘[01m[K->[m[K’ has non-pointer type ‘[01m[Krclcpp::Client<turtlesim::srv::SetPen>::FutureAndRequestId[m[K’
[5.908s]    53 |     result[01;31m[K->[m[Kwait_for(std::chrono::seconds(1));
[5.908s]       |           [01;31m[K^~[m[K
[5.909s] [01m[K/ros2_ws/src/cpp_srvcli/src/service_practice.cpp:54:15:[m[K [01;31m[Kerror: [m[Kbase operand of ‘[01m[K->[m[K’ has non-pointer type ‘[01m[Krclcpp::Client<turtlesim::srv::SetPen>::FutureAndRequestId[m[K’
[5.910s]    54 |     if (result[01;31m[K->[m[Kvalid())
[5.910s]       |               [01;31m[K^~[m[K
[8.120s] gmake[2]: *** [CMakeFiles/service_practice.dir/build.make:76: CMakeFiles/service_practice.dir/src/service_practice.cpp.o] Error 1
[8.122s] gmake[1]: *** [CMakeFiles/Makefile2:141: CMakeFiles/service_practice.dir/all] Error 2
[8.122s] gmake: *** [Makefile:146: all] Error 2
[8.123s] Invoked command in '/ros2_ws/build/cpp_srvcli' returned '2': CMAKE_PREFIX_PATH=/opt/ros/humble /usr/bin/cmake --build /ros2_ws/build/cpp_srvcli -- -j16 -l16
