[7.397s] Invoking command in '/ros2_ws/src/my_package': PYTHONPATH=/ros2_ws/build/my_package/prefix_override:/usr/lib/python3/dist-packages/colcon_core/task/python/colcon_distutils_commands:/ros2_ws/install/my_package/lib/python3.10/site-packages:${PYTHONPATH} /usr/bin/python3 -W ignore:setup.py install is deprecated setup.py egg_info --egg-base ../../build/my_package build --build-base /ros2_ws/build/my_package/build install --record /ros2_ws/build/my_package/install.log --single-version-externally-managed install_data
[9.006s] running egg_info
[9.011s] writing ../../build/my_package/my_package.egg-info/PKG-INFO
[9.020s] writing dependency_links to ../../build/my_package/my_package.egg-info/dependency_links.txt
[9.026s] writing entry points to ../../build/my_package/my_package.egg-info/entry_points.txt
[9.030s] writing requirements to ../../build/my_package/my_package.egg-info/requires.txt
[9.034s] writing top-level names to ../../build/my_package/my_package.egg-info/top_level.txt
[9.069s] reading manifest file '../../build/my_package/my_package.egg-info/SOURCES.txt'
[9.110s] adding license file 'LICENSE'
[9.129s] writing manifest file '../../build/my_package/my_package.egg-info/SOURCES.txt'
[9.133s] running build
[9.134s] running build_py
[9.148s] running install
[9.149s] running install_lib
[9.234s] running install_data
[9.256s] running install_egg_info
[9.273s] removing '/ros2_ws/install/my_package/lib/python3.10/site-packages/my_package-0.0.0-py3.10.egg-info' (and everything under it)
[9.321s] Copying ../../build/my_package/my_package.egg-info to /ros2_ws/install/my_package/lib/python3.10/site-packages/my_package-0.0.0-py3.10.egg-info
[9.526s] running install_scripts
[9.655s] Installing talker script to /ros2_ws/install/my_package/lib/my_package
[9.668s] writing list of installed files to '/ros2_ws/build/my_package/install.log'
[9.702s] Invoked command in '/ros2_ws/src/my_package' returned '0': PYTHONPATH=/ros2_ws/build/my_package/prefix_override:/usr/lib/python3/dist-packages/colcon_core/task/python/colcon_distutils_commands:/ros2_ws/install/my_package/lib/python3.10/site-packages:${PYTHONPATH} /usr/bin/python3 -W ignore:setup.py install is deprecated setup.py egg_info --egg-base ../../build/my_package build --build-base /ros2_ws/build/my_package/build install --record /ros2_ws/build/my_package/install.log --single-version-externally-managed install_data
