[2.936s] Invoking command in '/ros2_ws/src/my_package': PYTHONPATH=/ros2_ws/build/my_package/prefix_override:/usr/lib/python3/dist-packages/colcon_core/task/python/colcon_distutils_commands:/ros2_ws/install/my_package/lib/python3.10/site-packages:${PYTHONPATH} /usr/bin/python3 -W ignore:setup.py install is deprecated setup.py egg_info --egg-base ../../build/my_package build --build-base /ros2_ws/build/my_package/build install --record /ros2_ws/build/my_package/install.log --single-version-externally-managed install_data
[3.652s] running egg_info
[3.656s] writing ../../build/my_package/my_package.egg-info/PKG-INFO
[3.661s] writing dependency_links to ../../build/my_package/my_package.egg-info/dependency_links.txt
[3.666s] writing entry points to ../../build/my_package/my_package.egg-info/entry_points.txt
[3.670s] writing requirements to ../../build/my_package/my_package.egg-info/requires.txt
[3.673s] writing top-level names to ../../build/my_package/my_package.egg-info/top_level.txt
[3.706s] reading manifest file '../../build/my_package/my_package.egg-info/SOURCES.txt'
[3.751s] adding license file 'LICENSE'
[3.774s] writing manifest file '../../build/my_package/my_package.egg-info/SOURCES.txt'
[3.780s] running build
[3.781s] running build_py
[3.799s] running install
[3.800s] running install_lib
[3.869s] running install_data
[3.900s] running install_egg_info
[3.913s] removing '/ros2_ws/install/my_package/lib/python3.10/site-packages/my_package-0.0.0-py3.10.egg-info' (and everything under it)
[3.981s] Copying ../../build/my_package/my_package.egg-info to /ros2_ws/install/my_package/lib/python3.10/site-packages/my_package-0.0.0-py3.10.egg-info
[4.205s] running install_scripts
[4.264s] Installing talker script to /ros2_ws/install/my_package/lib/my_package
[4.275s] writing list of installed files to '/ros2_ws/build/my_package/install.log'
[4.304s] Invoked command in '/ros2_ws/src/my_package' returned '0': PYTHONPATH=/ros2_ws/build/my_package/prefix_override:/usr/lib/python3/dist-packages/colcon_core/task/python/colcon_distutils_commands:/ros2_ws/install/my_package/lib/python3.10/site-packages:${PYTHONPATH} /usr/bin/python3 -W ignore:setup.py install is deprecated setup.py egg_info --egg-base ../../build/my_package build --build-base /ros2_ws/build/my_package/build install --record /ros2_ws/build/my_package/install.log --single-version-externally-managed install_data
