[2.546s] Invoking command in '/ros2_ws/src/my_package': PYTHONPATH=/ros2_ws/build/my_package/prefix_override:/usr/lib/python3/dist-packages/colcon_core/task/python/colcon_distutils_commands:/ros2_ws/install/my_package/lib/python3.10/site-packages:${PYTHONPATH} /usr/bin/python3 -W ignore:setup.py install is deprecated setup.py egg_info --egg-base ../../build/my_package build --build-base /ros2_ws/build/my_package/build install --record /ros2_ws/build/my_package/install.log --single-version-externally-managed install_data
[3.222s] running egg_info
[3.226s] writing ../../build/my_package/my_package.egg-info/PKG-INFO
[3.231s] writing dependency_links to ../../build/my_package/my_package.egg-info/dependency_links.txt
[3.236s] writing entry points to ../../build/my_package/my_package.egg-info/entry_points.txt
[3.241s] writing requirements to ../../build/my_package/my_package.egg-info/requires.txt
[3.245s] writing top-level names to ../../build/my_package/my_package.egg-info/top_level.txt
[3.275s] reading manifest file '../../build/my_package/my_package.egg-info/SOURCES.txt'
[3.314s] adding license file 'LICENSE'
[3.333s] writing manifest file '../../build/my_package/my_package.egg-info/SOURCES.txt'
[3.336s] running build
[3.337s] running build_py
[3.355s] running install
[3.355s] running install_lib
[3.436s] running install_data
[3.462s] running install_egg_info
[3.472s] removing '/ros2_ws/install/my_package/lib/python3.10/site-packages/my_package-0.0.0-py3.10.egg-info' (and everything under it)
[3.529s] Copying ../../build/my_package/my_package.egg-info to /ros2_ws/install/my_package/lib/python3.10/site-packages/my_package-0.0.0-py3.10.egg-info
[3.743s] running install_scripts
[3.800s] Installing talker script to /ros2_ws/install/my_package/lib/my_package
[3.812s] writing list of installed files to '/ros2_ws/build/my_package/install.log'
[3.838s] Invoked command in '/ros2_ws/src/my_package' returned '0': PYTHONPATH=/ros2_ws/build/my_package/prefix_override:/usr/lib/python3/dist-packages/colcon_core/task/python/colcon_distutils_commands:/ros2_ws/install/my_package/lib/python3.10/site-packages:${PYTHONPATH} /usr/bin/python3 -W ignore:setup.py install is deprecated setup.py egg_info --egg-base ../../build/my_package build --build-base /ros2_ws/build/my_package/build install --record /ros2_ws/build/my_package/install.log --single-version-externally-managed install_data
