[5.071s] Invoking command in '/ros2_ws/src/py_pubsub': PYTHONPATH=/ros2_ws/build/py_pubsub/prefix_override:/usr/lib/python3/dist-packages/colcon_core/task/python/colcon_distutils_commands:/ros2_ws/install/py_pubsub/lib/python3.10/site-packages:${PYTHONPATH} /usr/bin/python3 -W ignore:setup.py install is deprecated setup.py egg_info --egg-base ../../build/py_pubsub build --build-base /ros2_ws/build/py_pubsub/build install --record /ros2_ws/build/py_pubsub/install.log --single-version-externally-managed install_data
[6.372s] running egg_info
[6.376s] writing ../../build/py_pubsub/py_pubsub.egg-info/PKG-INFO
[6.381s] writing dependency_links to ../../build/py_pubsub/py_pubsub.egg-info/dependency_links.txt
[6.386s] writing entry points to ../../build/py_pubsub/py_pubsub.egg-info/entry_points.txt
[6.389s] writing requirements to ../../build/py_pubsub/py_pubsub.egg-info/requires.txt
[6.392s] writing top-level names to ../../build/py_pubsub/py_pubsub.egg-info/top_level.txt
[6.424s] reading manifest file '../../build/py_pubsub/py_pubsub.egg-info/SOURCES.txt'
[6.466s] adding license file 'LICENSE'
[6.487s] writing manifest file '../../build/py_pubsub/py_pubsub.egg-info/SOURCES.txt'
[6.490s] running build
[6.491s] running build_py
[6.547s] running install
[6.548s] running install_lib
[6.708s] running install_data
[6.728s] running install_egg_info
[6.742s] removing '/ros2_ws/install/py_pubsub/lib/python3.10/site-packages/py_pubsub-0.0.0-py3.10.egg-info' (and everything under it)
[6.785s] Copying ../../build/py_pubsub/py_pubsub.egg-info to /ros2_ws/install/py_pubsub/lib/python3.10/site-packages/py_pubsub-0.0.0-py3.10.egg-info
[6.965s] running install_scripts
[7.064s] Installing talker script to /ros2_ws/install/py_pubsub/lib/py_pubsub
[7.072s] Installing topics_practice script to /ros2_ws/install/py_pubsub/lib/py_pubsub
[7.080s] Installing topics_practice_b script to /ros2_ws/install/py_pubsub/lib/py_pubsub
[7.089s] writing list of installed files to '/ros2_ws/build/py_pubsub/install.log'
