[0.090s] Invoking command in '/ros2_ws/build/cpp_pubsub': AMENT_PREFIX_PATH=/ros2_ws/install/turtlesim:${AMENT_PREFIX_PATH} CMAKE_PREFIX_PATH=/ros2_ws/install/turtlesim:/opt/ros/humble LD_LIBRARY_PATH=/ros2_ws/install/turtlesim/lib:${LD_LIBRARY_PATH} PYTHONPATH=/ros2_ws/install/turtlesim/local/lib/python3.10/dist-packages:${PYTHONPATH} /usr/bin/cmake --build /ros2_ws/build/cpp_pubsub -- -j16 -l16
[0.407s] -- Found ament_cmake: 1.3.9 (/opt/ros/humble/share/ament_cmake/cmake)
[0.944s] -- Found rclcpp: 16.0.9 (/opt/ros/humble/share/rclcpp/cmake)
[1.018s] -- Found rosidl_generator_c: 3.1.5 (/opt/ros/humble/share/rosidl_generator_c/cmake)
[1.024s] -- Found rosidl_adapter: 3.1.5 (/opt/ros/humble/share/rosidl_adapter/cmake)
[1.035s] -- Found rosidl_generator_cpp: 3.1.5 (/opt/ros/humble/share/rosidl_generator_cpp/cmake)
[1.058s] -- Using all available rosidl_typesupport_c: rosidl_typesupport_fastrtps_c;rosidl_typesupport_introspection_c
[1.085s] -- Using all available rosidl_typesupport_cpp: rosidl_typesupport_fastrtps_cpp;rosidl_typesupport_introspection_cpp
[1.175s] -- Found rmw_implementation_cmake: 6.1.2 (/opt/ros/humble/share/rmw_implementation_cmake/cmake)
[1.184s] -- Found rmw_fastrtps_cpp: 6.2.6 (/opt/ros/humble/share/rmw_fastrtps_cpp/cmake)
[1.749s] -- Using RMW implementation 'rmw_fastrtps_cpp' as default
[1.920s] -- Found geometry_msgs: 4.2.4 (/opt/ros/humble/share/geometry_msgs/cmake)
[1.989s] -- Found turtlesim: 1.4.2 (/ros2_ws/install/turtlesim/share/turtlesim/cmake)
[2.482s] -- Found std_srvs: 4.2.4 (/opt/ros/humble/share/std_srvs/cmake)
[2.508s] -- Found ament_lint_auto: 0.12.11 (/opt/ros/humble/share/ament_lint_auto/cmake)
[3.134s] -- Added test 'cppcheck' to perform static code analysis on C / C++ code
[3.135s] -- Configured cppcheck include dirs: 
[3.136s] -- Configured cppcheck exclude dirs and/or files: 
[3.233s] -- Added test 'lint_cmake' to check CMake code style
[3.536s] -- Added test 'uncrustify' to check C / C++ code style
[3.537s] -- Configured uncrustify additional arguments: 
[3.570s] -- Added test 'xmllint' to check XML markup files
[3.618s] -- Configuring done
[3.742s] [31mCMake Error at CMakeLists.txt:16 (add_executable):
[3.743s]   Cannot find source file:
[3.743s] 
[3.744s]     src/listeners.cpp
[3.745s] 
[3.745s]   Tried extensions .c .C .c++ .cc .cpp .cxx .cu .mpp .m .M .mm .ixx .cppm .h
[3.746s]   .hh .h++ .hm .hpp .hxx .in .txx .f .F .for .f77 .f90 .f95 .f03 .hip .ispc
[3.746s] 
[3.747s] [0m
[3.749s] [31mCMake Error at CMakeLists.txt:16 (add_executable):
[3.749s]   No SOURCES given to target: listener
[3.750s] 
[3.750s] [0m
[3.751s] [0mCMake Generate step failed.  Build files cannot be regenerated correctly.[0m
[3.753s] gmake: *** [Makefile:390: cmake_check_build_system] Error 1
[3.755s] Invoked command in '/ros2_ws/build/cpp_pubsub' returned '2': AMENT_PREFIX_PATH=/ros2_ws/install/turtlesim:${AMENT_PREFIX_PATH} CMAKE_PREFIX_PATH=/ros2_ws/install/turtlesim:/opt/ros/humble LD_LIBRARY_PATH=/ros2_ws/install/turtlesim/lib:${LD_LIBRARY_PATH} PYTHONPATH=/ros2_ws/install/turtlesim/local/lib/python3.10/dist-packages:${PYTHONPATH} /usr/bin/cmake --build /ros2_ws/build/cpp_pubsub -- -j16 -l16
