[5.078s] Invoking command in '/ros2_ws/src/py_pubsub': PYTHONPATH=/ros2_ws/build/py_pubsub/prefix_override:/usr/lib/python3/dist-packages/colcon_core/task/python/colcon_distutils_commands:/ros2_ws/install/py_pubsub/lib/python3.10/site-packages:${PYTHONPATH} /usr/bin/python3 -W ignore:setup.py install is deprecated setup.py egg_info --egg-base ../../build/py_pubsub build --build-base /ros2_ws/build/py_pubsub/build install --record /ros2_ws/build/py_pubsub/install.log --single-version-externally-managed install_data
[6.324s] running egg_info
[6.329s] writing ../../build/py_pubsub/py_pubsub.egg-info/PKG-INFO
[6.336s] writing dependency_links to ../../build/py_pubsub/py_pubsub.egg-info/dependency_links.txt
[6.343s] writing entry points to ../../build/py_pubsub/py_pubsub.egg-info/entry_points.txt
[6.348s] writing requirements to ../../build/py_pubsub/py_pubsub.egg-info/requires.txt
[6.352s] writing top-level names to ../../build/py_pubsub/py_pubsub.egg-info/top_level.txt
[6.401s] reading manifest file '../../build/py_pubsub/py_pubsub.egg-info/SOURCES.txt'
[6.464s] adding license file 'LICENSE'
[6.497s] writing manifest file '../../build/py_pubsub/py_pubsub.egg-info/SOURCES.txt'
[6.501s] running build
[6.503s] running build_py
[6.555s] copying py_pubsub/topics_practice.py -> /ros2_ws/build/py_pubsub/build/lib/py_pubsub
[6.596s] running install
[6.597s] running install_lib
[6.675s] copying /ros2_ws/build/py_pubsub/build/lib/py_pubsub/topics_practice.py -> /ros2_ws/install/py_pubsub/lib/python3.10/site-packages/py_pubsub
[6.767s] byte-compiling /ros2_ws/install/py_pubsub/lib/python3.10/site-packages/py_pubsub/topics_practice.py to topics_practice.cpython-310.pyc
[6.817s] running install_data
[6.843s] running install_egg_info
[6.858s] removing '/ros2_ws/install/py_pubsub/lib/python3.10/site-packages/py_pubsub-0.0.0-py3.10.egg-info' (and everything under it)
[6.917s] Copying ../../build/py_pubsub/py_pubsub.egg-info to /ros2_ws/install/py_pubsub/lib/python3.10/site-packages/py_pubsub-0.0.0-py3.10.egg-info
[7.147s] running install_scripts
[7.250s] Installing talker script to /ros2_ws/install/py_pubsub/lib/py_pubsub
[7.259s] Installing topics_practice script to /ros2_ws/install/py_pubsub/lib/py_pubsub
[7.270s] writing list of installed files to '/ros2_ws/build/py_pubsub/install.log'
[7.302s] Invoked command in '/ros2_ws/src/py_pubsub' returned '0': PYTHONPATH=/ros2_ws/build/py_pubsub/prefix_override:/usr/lib/python3/dist-packages/colcon_core/task/python/colcon_distutils_commands:/ros2_ws/install/py_pubsub/lib/python3.10/site-packages:${PYTHONPATH} /usr/bin/python3 -W ignore:setup.py install is deprecated setup.py egg_info --egg-base ../../build/py_pubsub build --build-base /ros2_ws/build/py_pubsub/build install --record /ros2_ws/build/py_pubsub/install.log --single-version-externally-managed install_data
