[7.585s] Invoking command in '/ros2_ws/src/py_pubsub': PYTHONPATH=/ros2_ws/build/py_pubsub/prefix_override:/usr/lib/python3/dist-packages/colcon_core/task/python/colcon_distutils_commands:/ros2_ws/install/py_pubsub/lib/python3.10/site-packages:${PYTHONPATH} /usr/bin/python3 -W ignore:setup.py install is deprecated setup.py egg_info --egg-base ../../build/py_pubsub build --build-base /ros2_ws/build/py_pubsub/build install --record /ros2_ws/build/py_pubsub/install.log --single-version-externally-managed install_data
[9.687s] running egg_info
[9.690s] writing ../../build/py_pubsub/py_pubsub.egg-info/PKG-INFO
[9.695s] writing dependency_links to ../../build/py_pubsub/py_pubsub.egg-info/dependency_links.txt
[9.700s] writing entry points to ../../build/py_pubsub/py_pubsub.egg-info/entry_points.txt
[9.704s] writing requirements to ../../build/py_pubsub/py_pubsub.egg-info/requires.txt
[9.706s] writing top-level names to ../../build/py_pubsub/py_pubsub.egg-info/top_level.txt
[9.737s] reading manifest file '../../build/py_pubsub/py_pubsub.egg-info/SOURCES.txt'
[9.776s] adding license file 'LICENSE'
[9.795s] writing manifest file '../../build/py_pubsub/py_pubsub.egg-info/SOURCES.txt'
[9.798s] running build
[9.799s] running build_py
[9.826s] running install
[9.827s] running install_lib
[9.921s] running install_data
[9.945s] running install_egg_info
[9.964s] removing '/ros2_ws/install/py_pubsub/lib/python3.10/site-packages/py_pubsub-0.0.0-py3.10.egg-info' (and everything under it)
[10.011s] Copying ../../build/py_pubsub/py_pubsub.egg-info to /ros2_ws/install/py_pubsub/lib/python3.10/site-packages/py_pubsub-0.0.0-py3.10.egg-info
[10.210s] running install_scripts
[10.366s] Installing talker script to /ros2_ws/install/py_pubsub/lib/py_pubsub
[10.376s] writing list of installed files to '/ros2_ws/build/py_pubsub/install.log'
[10.541s] Invoked command in '/ros2_ws/src/py_pubsub' returned '0': PYTHONPATH=/ros2_ws/build/py_pubsub/prefix_override:/usr/lib/python3/dist-packages/colcon_core/task/python/colcon_distutils_commands:/ros2_ws/install/py_pubsub/lib/python3.10/site-packages:${PYTHONPATH} /usr/bin/python3 -W ignore:setup.py install is deprecated setup.py egg_info --egg-base ../../build/py_pubsub build --build-base /ros2_ws/build/py_pubsub/build install --record /ros2_ws/build/py_pubsub/install.log --single-version-externally-managed install_data
