[2.514s] Invoking command in '/ros2_ws/src/py_pubsub': PYTHONPATH=/ros2_ws/build/py_pubsub/prefix_override:/usr/lib/python3/dist-packages/colcon_core/task/python/colcon_distutils_commands:/ros2_ws/install/py_pubsub/lib/python3.10/site-packages:${PYTHONPATH} /usr/bin/python3 -W ignore:setup.py install is deprecated setup.py egg_info --egg-base ../../build/py_pubsub build --build-base /ros2_ws/build/py_pubsub/build install --record /ros2_ws/build/py_pubsub/install.log --single-version-externally-managed install_data
[3.177s] running egg_info
[3.182s] writing ../../build/py_pubsub/py_pubsub.egg-info/PKG-INFO
[3.187s] writing dependency_links to ../../build/py_pubsub/py_pubsub.egg-info/dependency_links.txt
[3.193s] writing entry points to ../../build/py_pubsub/py_pubsub.egg-info/entry_points.txt
[3.198s] writing requirements to ../../build/py_pubsub/py_pubsub.egg-info/requires.txt
[3.201s] writing top-level names to ../../build/py_pubsub/py_pubsub.egg-info/top_level.txt
[3.235s] reading manifest file '../../build/py_pubsub/py_pubsub.egg-info/SOURCES.txt'
[3.279s] adding license file 'LICENSE'
[3.303s] writing manifest file '../../build/py_pubsub/py_pubsub.egg-info/SOURCES.txt'
[3.305s] running build
[3.307s] running build_py
[3.371s] running install
[3.372s] running install_lib
[3.552s] running install_data
[3.575s] running install_egg_info
[3.585s] removing '/ros2_ws/install/py_pubsub/lib/python3.10/site-packages/py_pubsub-0.0.0-py3.10.egg-info' (and everything under it)
[3.636s] Copying ../../build/py_pubsub/py_pubsub.egg-info to /ros2_ws/install/py_pubsub/lib/python3.10/site-packages/py_pubsub-0.0.0-py3.10.egg-info
[3.848s] running install_scripts
[3.901s] Installing talker script to /ros2_ws/install/py_pubsub/lib/py_pubsub
[3.909s] Installing topics_practice script to /ros2_ws/install/py_pubsub/lib/py_pubsub
[3.917s] Installing topics_practice_b script to /ros2_ws/install/py_pubsub/lib/py_pubsub
[3.927s] writing list of installed files to '/ros2_ws/build/py_pubsub/install.log'
[4.197s] Invoked command in '/ros2_ws/src/py_pubsub' returned '0': PYTHONPATH=/ros2_ws/build/py_pubsub/prefix_override:/usr/lib/python3/dist-packages/colcon_core/task/python/colcon_distutils_commands:/ros2_ws/install/py_pubsub/lib/python3.10/site-packages:${PYTHONPATH} /usr/bin/python3 -W ignore:setup.py install is deprecated setup.py egg_info --egg-base ../../build/py_pubsub build --build-base /ros2_ws/build/py_pubsub/build install --record /ros2_ws/build/py_pubsub/install.log --single-version-externally-managed install_data
