[7.583s] Invoking command in '/ros2_ws/src/my_package': PYTHONPATH=/ros2_ws/build/my_package/prefix_override:/usr/lib/python3/dist-packages/colcon_core/task/python/colcon_distutils_commands:/ros2_ws/install/my_package/lib/python3.10/site-packages:${PYTHONPATH} /usr/bin/python3 -W ignore:setup.py install is deprecated setup.py egg_info --egg-base ../../build/my_package build --build-base /ros2_ws/build/my_package/build install --record /ros2_ws/build/my_package/install.log --single-version-externally-managed install_data
[9.566s] running egg_info
[9.570s] writing ../../build/my_package/my_package.egg-info/PKG-INFO
[9.575s] writing dependency_links to ../../build/my_package/my_package.egg-info/dependency_links.txt
[9.581s] writing entry points to ../../build/my_package/my_package.egg-info/entry_points.txt
[9.585s] writing requirements to ../../build/my_package/my_package.egg-info/requires.txt
[9.588s] writing top-level names to ../../build/my_package/my_package.egg-info/top_level.txt
[9.621s] reading manifest file '../../build/my_package/my_package.egg-info/SOURCES.txt'
[9.660s] adding license file 'LICENSE'
[9.679s] writing manifest file '../../build/my_package/my_package.egg-info/SOURCES.txt'
[9.681s] running build
[9.682s] running build_py
[9.696s] running install
[9.697s] running install_lib
[9.781s] running install_data
[9.803s] running install_egg_info
[9.822s] removing '/ros2_ws/install/my_package/lib/python3.10/site-packages/my_package-0.0.0-py3.10.egg-info' (and everything under it)
[9.871s] Copying ../../build/my_package/my_package.egg-info to /ros2_ws/install/my_package/lib/python3.10/site-packages/my_package-0.0.0-py3.10.egg-info
[10.071s] running install_scripts
[10.232s] Installing talker script to /ros2_ws/install/my_package/lib/my_package
[10.240s] writing list of installed files to '/ros2_ws/build/my_package/install.log'
[10.269s] Invoked command in '/ros2_ws/src/my_package' returned '0': PYTHONPATH=/ros2_ws/build/my_package/prefix_override:/usr/lib/python3/dist-packages/colcon_core/task/python/colcon_distutils_commands:/ros2_ws/install/my_package/lib/python3.10/site-packages:${PYTHONPATH} /usr/bin/python3 -W ignore:setup.py install is deprecated setup.py egg_info --egg-base ../../build/my_package build --build-base /ros2_ws/build/my_package/build install --record /ros2_ws/build/my_package/install.log --single-version-externally-managed install_data
