[2.357s] Invoking command in '/ros2_ws/src/my_package': PYTHONPATH=/ros2_ws/build/my_package/prefix_override:/usr/lib/python3/dist-packages/colcon_core/task/python/colcon_distutils_commands:/ros2_ws/install/my_package/lib/python3.10/site-packages:${PYTHONPATH} /usr/bin/python3 -W ignore:setup.py install is deprecated setup.py egg_info --egg-base ../../build/my_package build --build-base /ros2_ws/build/my_package/build install --record /ros2_ws/build/my_package/install.log --single-version-externally-managed install_data
[3.004s] running egg_info
[3.008s] writing ../../build/my_package/my_package.egg-info/PKG-INFO
[3.014s] writing dependency_links to ../../build/my_package/my_package.egg-info/dependency_links.txt
[3.018s] writing entry points to ../../build/my_package/my_package.egg-info/entry_points.txt
[3.022s] writing requirements to ../../build/my_package/my_package.egg-info/requires.txt
[3.025s] writing top-level names to ../../build/my_package/my_package.egg-info/top_level.txt
[3.055s] reading manifest file '../../build/my_package/my_package.egg-info/SOURCES.txt'
[3.092s] adding license file 'LICENSE'
[3.110s] writing manifest file '../../build/my_package/my_package.egg-info/SOURCES.txt'
[3.113s] running build
[3.114s] running build_py
[3.127s] running install
[3.128s] running install_lib
[3.176s] running install_data
[3.200s] running install_egg_info
[3.210s] removing '/ros2_ws/install/my_package/lib/python3.10/site-packages/my_package-0.0.0-py3.10.egg-info' (and everything under it)
[3.259s] Copying ../../build/my_package/my_package.egg-info to /ros2_ws/install/my_package/lib/python3.10/site-packages/my_package-0.0.0-py3.10.egg-info
[3.454s] running install_scripts
[3.509s] Installing talker script to /ros2_ws/install/my_package/lib/my_package
[3.519s] writing list of installed files to '/ros2_ws/build/my_package/install.log'
[3.544s] Invoked command in '/ros2_ws/src/my_package' returned '0': PYTHONPATH=/ros2_ws/build/my_package/prefix_override:/usr/lib/python3/dist-packages/colcon_core/task/python/colcon_distutils_commands:/ros2_ws/install/my_package/lib/python3.10/site-packages:${PYTHONPATH} /usr/bin/python3 -W ignore:setup.py install is deprecated setup.py egg_info --egg-base ../../build/my_package build --build-base /ros2_ws/build/my_package/build install --record /ros2_ws/build/my_package/install.log --single-version-externally-managed install_data
