[2.085s] Invoking command in '/ros2_ws/src/my_package': PYTHONPATH=/ros2_ws/build/my_package/prefix_override:/usr/lib/python3/dist-packages/colcon_core/task/python/colcon_distutils_commands:/ros2_ws/install/my_package/lib/python3.10/site-packages:${PYTHONPATH} /usr/bin/python3 -W ignore:setup.py install is deprecated setup.py egg_info --egg-base ../../build/my_package build --build-base /ros2_ws/build/my_package/build install --record /ros2_ws/build/my_package/install.log --single-version-externally-managed install_data
[2.795s] running egg_info
[2.799s] writing ../../build/my_package/my_package.egg-info/PKG-INFO
[2.804s] writing dependency_links to ../../build/my_package/my_package.egg-info/dependency_links.txt
[2.810s] writing entry points to ../../build/my_package/my_package.egg-info/entry_points.txt
[2.814s] writing requirements to ../../build/my_package/my_package.egg-info/requires.txt
[2.817s] writing top-level names to ../../build/my_package/my_package.egg-info/top_level.txt
[2.849s] reading manifest file '../../build/my_package/my_package.egg-info/SOURCES.txt'
[2.888s] adding license file 'LICENSE'
[2.908s] writing manifest file '../../build/my_package/my_package.egg-info/SOURCES.txt'
[2.911s] running build
[2.912s] running build_py
[2.930s] running install
[2.931s] running install_lib
[3.024s] running install_data
[3.048s] running install_egg_info
[3.058s] removing '/ros2_ws/install/my_package/lib/python3.10/site-packages/my_package-0.0.0-py3.10.egg-info' (and everything under it)
[3.110s] Copying ../../build/my_package/my_package.egg-info to /ros2_ws/install/my_package/lib/python3.10/site-packages/my_package-0.0.0-py3.10.egg-info
[3.319s] running install_scripts
[3.376s] Installing talker script to /ros2_ws/install/my_package/lib/my_package
[3.386s] writing list of installed files to '/ros2_ws/build/my_package/install.log'
[3.411s] Invoked command in '/ros2_ws/src/my_package' returned '0': PYTHONPATH=/ros2_ws/build/my_package/prefix_override:/usr/lib/python3/dist-packages/colcon_core/task/python/colcon_distutils_commands:/ros2_ws/install/my_package/lib/python3.10/site-packages:${PYTHONPATH} /usr/bin/python3 -W ignore:setup.py install is deprecated setup.py egg_info --egg-base ../../build/my_package build --build-base /ros2_ws/build/my_package/build install --record /ros2_ws/build/my_package/install.log --single-version-externally-managed install_data
