[5.364s] Invoking command in '/ros2_ws/src/my_package': PYTHONPATH=/ros2_ws/build/my_package/prefix_override:/usr/lib/python3/dist-packages/colcon_core/task/python/colcon_distutils_commands:/ros2_ws/install/my_package/lib/python3.10/site-packages:${PYTHONPATH} /usr/bin/python3 -W ignore:setup.py install is deprecated setup.py egg_info --egg-base ../../build/my_package build --build-base /ros2_ws/build/my_package/build install --record /ros2_ws/build/my_package/install.log --single-version-externally-managed install_data
[6.664s] running egg_info
[6.667s] writing ../../build/my_package/my_package.egg-info/PKG-INFO
[6.672s] writing dependency_links to ../../build/my_package/my_package.egg-info/dependency_links.txt
[6.677s] writing entry points to ../../build/my_package/my_package.egg-info/entry_points.txt
[6.680s] writing requirements to ../../build/my_package/my_package.egg-info/requires.txt
[6.683s] writing top-level names to ../../build/my_package/my_package.egg-info/top_level.txt
[6.713s] reading manifest file '../../build/my_package/my_package.egg-info/SOURCES.txt'
[6.750s] adding license file 'LICENSE'
[6.767s] writing manifest file '../../build/my_package/my_package.egg-info/SOURCES.txt'
[6.770s] running build
[6.771s] running build_py
[6.784s] running install
[6.785s] running install_lib
[6.839s] running install_data
[6.860s] running install_egg_info
[6.875s] removing '/ros2_ws/install/my_package/lib/python3.10/site-packages/my_package-0.0.0-py3.10.egg-info' (and everything under it)
[6.924s] Copying ../../build/my_package/my_package.egg-info to /ros2_ws/install/my_package/lib/python3.10/site-packages/my_package-0.0.0-py3.10.egg-info
[7.118s] running install_scripts
[7.220s] Installing talker script to /ros2_ws/install/my_package/lib/my_package
[7.231s] writing list of installed files to '/ros2_ws/build/my_package/install.log'
[7.256s] Invoked command in '/ros2_ws/src/my_package' returned '0': PYTHONPATH=/ros2_ws/build/my_package/prefix_override:/usr/lib/python3/dist-packages/colcon_core/task/python/colcon_distutils_commands:/ros2_ws/install/my_package/lib/python3.10/site-packages:${PYTHONPATH} /usr/bin/python3 -W ignore:setup.py install is deprecated setup.py egg_info --egg-base ../../build/my_package build --build-base /ros2_ws/build/my_package/build install --record /ros2_ws/build/my_package/install.log --single-version-externally-managed install_data
