[3.974s] Invoking command in '/ros2_ws/build/turtlesim': CMAKE_PREFIX_PATH=${CMAKE_PREFIX_PATH}:/ros2_ws/src/install/py_pubsub:/ros2_ws/src/install/my_package:/ros2_ws/install/py_pubsub:/ros2_ws/install/my_package:/opt/ros/humble /usr/bin/cmake --build /ros2_ws/build/turtlesim -- -j16 -l16
[4.749s] [  1%] Built target turtlesim__cpp
[5.214s] [ 11%] Built target turtlesim__rosidl_generator_c
[5.377s] [ 21%] Built target turtlesim__rosidl_typesupport_cpp
[5.490s] [ 31%] Built target turtlesim__rosidl_typesupport_introspection_cpp
[5.731s] [ 43%] Built target mimic
[5.733s] [ 43%] Built target turtlesim__rosidl_typesupport_fastrtps_cpp
[5.755s] [ 45%] Built target draw_square
[5.822s] [ 47%] Built target turtle_teleop_key
[5.961s] [ 57%] Built target turtlesim__rosidl_typesupport_c
[6.061s] [ 63%] Built target ament_cmake_python_copy_turtlesim
[6.075s] [ 67%] Built target turtlesim__rosidl_typesupport_introspection_c
[6.095s] [ 73%] Built target turtlesim_node
[6.130s] [ 83%] Built target turtlesim__rosidl_typesupport_fastrtps_c
[6.377s] [ 83%] Built target turtlesim
[6.750s] [ 84%] Built target turtlesim__py
[7.243s] [ 93%] Built target turtlesim__rosidl_generator_py
[7.433s] [ 95%] Built target turtlesim__rosidl_typesupport_c__pyext
[7.441s] [ 97%] Built target turtlesim__rosidl_typesupport_fastrtps_c__pyext
[7.561s] [100%] Built target turtlesim__rosidl_typesupport_introspection_c__pyext
[7.962s] running egg_info
[7.964s] writing turtlesim.egg-info/PKG-INFO
[7.968s] writing dependency_links to turtlesim.egg-info/dependency_links.txt
[7.973s] writing top-level names to turtlesim.egg-info/top_level.txt
[8.020s] reading manifest file 'turtlesim.egg-info/SOURCES.txt'
[8.077s] writing manifest file 'turtlesim.egg-info/SOURCES.txt'
[8.202s] [100%] Built target ament_cmake_python_build_turtlesim_egg
[8.565s] Invoked command in '/ros2_ws/build/turtlesim' returned '0': CMAKE_PREFIX_PATH=${CMAKE_PREFIX_PATH}:/ros2_ws/src/install/py_pubsub:/ros2_ws/src/install/my_package:/ros2_ws/install/py_pubsub:/ros2_ws/install/my_package:/opt/ros/humble /usr/bin/cmake --build /ros2_ws/build/turtlesim -- -j16 -l16
[14.537s] Invoking command in '/ros2_ws/build/turtlesim': CMAKE_PREFIX_PATH=${CMAKE_PREFIX_PATH}:/ros2_ws/src/install/py_pubsub:/ros2_ws/src/install/my_package:/ros2_ws/install/py_pubsub:/ros2_ws/install/my_package:/opt/ros/humble /usr/bin/cmake --install /ros2_ws/build/turtlesim
[14.617s] -- Install configuration: ""
[14.637s] -- Up-to-date: /ros2_ws/install/turtlesim/share/ament_index/resource_index/rosidl_interfaces/turtlesim
[14.649s] -- Up-to-date: /ros2_ws/install/turtlesim/include/turtlesim/turtlesim
[14.665s] -- Up-to-date: /ros2_ws/install/turtlesim/include/turtlesim/turtlesim/action
[14.684s] -- Up-to-date: /ros2_ws/install/turtlesim/include/turtlesim/turtlesim/action/detail
[14.710s] -- Up-to-date: /ros2_ws/install/turtlesim/include/turtlesim/turtlesim/action/detail/rotate_absolute__functions.c
[14.730s] -- Up-to-date: /ros2_ws/install/turtlesim/include/turtlesim/turtlesim/action/detail/rotate_absolute__functions.h
[14.750s] -- Up-to-date: /ros2_ws/install/turtlesim/include/turtlesim/turtlesim/action/detail/rotate_absolute__struct.h
[14.773s] -- Up-to-date: /ros2_ws/install/turtlesim/include/turtlesim/turtlesim/action/detail/rotate_absolute__type_support.h
[14.799s] -- Up-to-date: /ros2_ws/install/turtlesim/include/turtlesim/turtlesim/action/rotate_absolute.h
[14.816s] -- Up-to-date: /ros2_ws/install/turtlesim/include/turtlesim/turtlesim/msg
[14.838s] -- Up-to-date: /ros2_ws/install/turtlesim/include/turtlesim/turtlesim/msg/color.h
[14.852s] -- Up-to-date: /ros2_ws/install/turtlesim/include/turtlesim/turtlesim/msg/detail
[14.879s] -- Up-to-date: /ros2_ws/install/turtlesim/include/turtlesim/turtlesim/msg/detail/color__functions.c
[14.899s] -- Up-to-date: /ros2_ws/install/turtlesim/include/turtlesim/turtlesim/msg/detail/color__functions.h
[14.919s] -- Up-to-date: /ros2_ws/install/turtlesim/include/turtlesim/turtlesim/msg/detail/color__struct.h
[14.940s] -- Up-to-date: /ros2_ws/install/turtlesim/include/turtlesim/turtlesim/msg/detail/color__type_support.h
[14.961s] -- Up-to-date: /ros2_ws/install/turtlesim/include/turtlesim/turtlesim/msg/detail/pose__functions.c
[14.982s] -- Up-to-date: /ros2_ws/install/turtlesim/include/turtlesim/turtlesim/msg/detail/pose__functions.h
[15.003s] -- Up-to-date: /ros2_ws/install/turtlesim/include/turtlesim/turtlesim/msg/detail/pose__struct.h
[15.023s] -- Up-to-date: /ros2_ws/install/turtlesim/include/turtlesim/turtlesim/msg/detail/pose__type_support.h
[15.041s] -- Up-to-date: /ros2_ws/install/turtlesim/include/turtlesim/turtlesim/msg/pose.h
[15.058s] -- Up-to-date: /ros2_ws/install/turtlesim/include/turtlesim/turtlesim/msg/rosidl_generator_c__visibility_control.h
[15.071s] -- Up-to-date: /ros2_ws/install/turtlesim/include/turtlesim/turtlesim/srv
[15.092s] -- Up-to-date: /ros2_ws/install/turtlesim/include/turtlesim/turtlesim/srv/detail
[15.120s] -- Up-to-date: /ros2_ws/install/turtlesim/include/turtlesim/turtlesim/srv/detail/kill__functions.c
[15.140s] -- Up-to-date: /ros2_ws/install/turtlesim/include/turtlesim/turtlesim/srv/detail/kill__functions.h
[15.160s] -- Up-to-date: /ros2_ws/install/turtlesim/include/turtlesim/turtlesim/srv/detail/kill__struct.h
[15.180s] -- Up-to-date: /ros2_ws/install/turtlesim/include/turtlesim/turtlesim/srv/detail/kill__type_support.h
[15.200s] -- Up-to-date: /ros2_ws/install/turtlesim/include/turtlesim/turtlesim/srv/detail/set_pen__functions.c
[15.221s] -- Up-to-date: /ros2_ws/install/turtlesim/include/turtlesim/turtlesim/srv/detail/set_pen__functions.h
[15.242s] -- Up-to-date: /ros2_ws/install/turtlesim/include/turtlesim/turtlesim/srv/detail/set_pen__struct.h
[15.262s] -- Up-to-date: /ros2_ws/install/turtlesim/include/turtlesim/turtlesim/srv/detail/set_pen__type_support.h
[15.283s] -- Up-to-date: /ros2_ws/install/turtlesim/include/turtlesim/turtlesim/srv/detail/spawn__functions.c
[15.304s] -- Up-to-date: /ros2_ws/install/turtlesim/include/turtlesim/turtlesim/srv/detail/spawn__functions.h
[15.325s] -- Up-to-date: /ros2_ws/install/turtlesim/include/turtlesim/turtlesim/srv/detail/spawn__struct.h
[15.345s] -- Up-to-date: /ros2_ws/install/turtlesim/include/turtlesim/turtlesim/srv/detail/spawn__type_support.h
[15.366s] -- Up-to-date: /ros2_ws/install/turtlesim/include/turtlesim/turtlesim/srv/detail/teleport_absolute__functions.c
[15.387s] -- Up-to-date: /ros2_ws/install/turtlesim/include/turtlesim/turtlesim/srv/detail/teleport_absolute__functions.h
[15.410s] -- Up-to-date: /ros2_ws/install/turtlesim/include/turtlesim/turtlesim/srv/detail/teleport_absolute__struct.h
[15.431s] -- Up-to-date: /ros2_ws/install/turtlesim/include/turtlesim/turtlesim/srv/detail/teleport_absolute__type_support.h
[15.451s] -- Up-to-date: /ros2_ws/install/turtlesim/include/turtlesim/turtlesim/srv/detail/teleport_relative__functions.c
[15.471s] -- Up-to-date: /ros2_ws/install/turtlesim/include/turtlesim/turtlesim/srv/detail/teleport_relative__functions.h
[15.493s] -- Up-to-date: /ros2_ws/install/turtlesim/include/turtlesim/turtlesim/srv/detail/teleport_relative__struct.h
[15.516s] -- Up-to-date: /ros2_ws/install/turtlesim/include/turtlesim/turtlesim/srv/detail/teleport_relative__type_support.h
[15.534s] -- Up-to-date: /ros2_ws/install/turtlesim/include/turtlesim/turtlesim/srv/kill.h
[15.552s] -- Up-to-date: /ros2_ws/install/turtlesim/include/turtlesim/turtlesim/srv/set_pen.h
[15.571s] -- Up-to-date: /ros2_ws/install/turtlesim/include/turtlesim/turtlesim/srv/spawn.h
[15.591s] -- Up-to-date: /ros2_ws/install/turtlesim/include/turtlesim/turtlesim/srv/teleport_absolute.h
[15.611s] -- Up-to-date: /ros2_ws/install/turtlesim/include/turtlesim/turtlesim/srv/teleport_relative.h
[15.625s] -- Up-to-date: /ros2_ws/install/turtlesim/share/turtlesim/environment/library_path.sh
[15.642s] -- Up-to-date: /ros2_ws/install/turtlesim/share/turtlesim/environment/library_path.dsv
[15.673s] -- Up-to-date: /ros2_ws/install/turtlesim/lib/libturtlesim__rosidl_generator_c.so
[15.703s] -- Up-to-date: /ros2_ws/install/turtlesim/include/turtlesim/turtlesim
[15.720s] -- Up-to-date: /ros2_ws/install/turtlesim/include/turtlesim/turtlesim/action
[15.741s] -- Up-to-date: /ros2_ws/install/turtlesim/include/turtlesim/turtlesim/action/detail
[15.768s] -- Up-to-date: /ros2_ws/install/turtlesim/include/turtlesim/turtlesim/action/detail/rotate_absolute__rosidl_typesupport_fastrtps_c.h
[15.782s] -- Up-to-date: /ros2_ws/install/turtlesim/include/turtlesim/turtlesim/msg
[15.803s] -- Up-to-date: /ros2_ws/install/turtlesim/include/turtlesim/turtlesim/msg/detail
[15.833s] -- Up-to-date: /ros2_ws/install/turtlesim/include/turtlesim/turtlesim/msg/detail/color__rosidl_typesupport_fastrtps_c.h
[15.854s] -- Up-to-date: /ros2_ws/install/turtlesim/include/turtlesim/turtlesim/msg/detail/pose__rosidl_typesupport_fastrtps_c.h
[15.873s] -- Up-to-date: /ros2_ws/install/turtlesim/include/turtlesim/turtlesim/msg/rosidl_typesupport_fastrtps_c__visibility_control.h
[15.887s] -- Up-to-date: /ros2_ws/install/turtlesim/include/turtlesim/turtlesim/srv
[15.907s] -- Up-to-date: /ros2_ws/install/turtlesim/include/turtlesim/turtlesim/srv/detail
[15.934s] -- Up-to-date: /ros2_ws/install/turtlesim/include/turtlesim/turtlesim/srv/detail/kill__rosidl_typesupport_fastrtps_c.h
[15.955s] -- Up-to-date: /ros2_ws/install/turtlesim/include/turtlesim/turtlesim/srv/detail/set_pen__rosidl_typesupport_fastrtps_c.h
[15.976s] -- Up-to-date: /ros2_ws/install/turtlesim/include/turtlesim/turtlesim/srv/detail/spawn__rosidl_typesupport_fastrtps_c.h
[15.997s] -- Up-to-date: /ros2_ws/install/turtlesim/include/turtlesim/turtlesim/srv/detail/teleport_absolute__rosidl_typesupport_fastrtps_c.h
[16.017s] -- Up-to-date: /ros2_ws/install/turtlesim/include/turtlesim/turtlesim/srv/detail/teleport_relative__rosidl_typesupport_fastrtps_c.h
[16.047s] -- Up-to-date: /ros2_ws/install/turtlesim/lib/libturtlesim__rosidl_typesupport_fastrtps_c.so
[16.078s] -- Up-to-date: /ros2_ws/install/turtlesim/include/turtlesim/turtlesim
[16.095s] -- Up-to-date: /ros2_ws/install/turtlesim/include/turtlesim/turtlesim/action
[16.115s] -- Up-to-date: /ros2_ws/install/turtlesim/include/turtlesim/turtlesim/action/detail
[16.143s] -- Up-to-date: /ros2_ws/install/turtlesim/include/turtlesim/turtlesim/action/detail/rotate_absolute__builder.hpp
[16.164s] -- Up-to-date: /ros2_ws/install/turtlesim/include/turtlesim/turtlesim/action/detail/rotate_absolute__struct.hpp
[16.184s] -- Up-to-date: /ros2_ws/install/turtlesim/include/turtlesim/turtlesim/action/detail/rotate_absolute__traits.hpp
[16.202s] -- Up-to-date: /ros2_ws/install/turtlesim/include/turtlesim/turtlesim/action/rotate_absolute.hpp
[16.216s] -- Up-to-date: /ros2_ws/install/turtlesim/include/turtlesim/turtlesim/msg
[16.239s] -- Up-to-date: /ros2_ws/install/turtlesim/include/turtlesim/turtlesim/msg/color.hpp
[16.254s] -- Up-to-date: /ros2_ws/install/turtlesim/include/turtlesim/turtlesim/msg/detail
[16.282s] -- Up-to-date: /ros2_ws/install/turtlesim/include/turtlesim/turtlesim/msg/detail/color__builder.hpp
[16.302s] -- Up-to-date: /ros2_ws/install/turtlesim/include/turtlesim/turtlesim/msg/detail/color__struct.hpp
[16.324s] -- Up-to-date: /ros2_ws/install/turtlesim/include/turtlesim/turtlesim/msg/detail/color__traits.hpp
[16.343s] -- Up-to-date: /ros2_ws/install/turtlesim/include/turtlesim/turtlesim/msg/detail/pose__builder.hpp
[16.363s] -- Up-to-date: /ros2_ws/install/turtlesim/include/turtlesim/turtlesim/msg/detail/pose__struct.hpp
[16.383s] -- Up-to-date: /ros2_ws/install/turtlesim/include/turtlesim/turtlesim/msg/detail/pose__traits.hpp
[16.402s] -- Up-to-date: /ros2_ws/install/turtlesim/include/turtlesim/turtlesim/msg/pose.hpp
[16.416s] -- Up-to-date: /ros2_ws/install/turtlesim/include/turtlesim/turtlesim/srv
[16.437s] -- Up-to-date: /ros2_ws/install/turtlesim/include/turtlesim/turtlesim/srv/detail
[16.464s] -- Up-to-date: /ros2_ws/install/turtlesim/include/turtlesim/turtlesim/srv/detail/kill__builder.hpp
[16.485s] -- Up-to-date: /ros2_ws/install/turtlesim/include/turtlesim/turtlesim/srv/detail/kill__struct.hpp
[16.506s] -- Up-to-date: /ros2_ws/install/turtlesim/include/turtlesim/turtlesim/srv/detail/kill__traits.hpp
[16.526s] -- Up-to-date: /ros2_ws/install/turtlesim/include/turtlesim/turtlesim/srv/detail/set_pen__builder.hpp
[16.548s] -- Up-to-date: /ros2_ws/install/turtlesim/include/turtlesim/turtlesim/srv/detail/set_pen__struct.hpp
[16.567s] -- Up-to-date: /ros2_ws/install/turtlesim/include/turtlesim/turtlesim/srv/detail/set_pen__traits.hpp
[16.588s] -- Up-to-date: /ros2_ws/install/turtlesim/include/turtlesim/turtlesim/srv/detail/spawn__builder.hpp
[16.611s] -- Up-to-date: /ros2_ws/install/turtlesim/include/turtlesim/turtlesim/srv/detail/spawn__struct.hpp
[16.633s] -- Up-to-date: /ros2_ws/install/turtlesim/include/turtlesim/turtlesim/srv/detail/spawn__traits.hpp
[16.654s] -- Up-to-date: /ros2_ws/install/turtlesim/include/turtlesim/turtlesim/srv/detail/teleport_absolute__builder.hpp
[16.674s] -- Up-to-date: /ros2_ws/install/turtlesim/include/turtlesim/turtlesim/srv/detail/teleport_absolute__struct.hpp
[16.696s] -- Up-to-date: /ros2_ws/install/turtlesim/include/turtlesim/turtlesim/srv/detail/teleport_absolute__traits.hpp
[16.716s] -- Up-to-date: /ros2_ws/install/turtlesim/include/turtlesim/turtlesim/srv/detail/teleport_relative__builder.hpp
[16.737s] -- Up-to-date: /ros2_ws/install/turtlesim/include/turtlesim/turtlesim/srv/detail/teleport_relative__struct.hpp
[16.757s] -- Up-to-date: /ros2_ws/install/turtlesim/include/turtlesim/turtlesim/srv/detail/teleport_relative__traits.hpp
[16.774s] -- Up-to-date: /ros2_ws/install/turtlesim/include/turtlesim/turtlesim/srv/kill.hpp
[16.793s] -- Up-to-date: /ros2_ws/install/turtlesim/include/turtlesim/turtlesim/srv/set_pen.hpp
[16.811s] -- Up-to-date: /ros2_ws/install/turtlesim/include/turtlesim/turtlesim/srv/spawn.hpp
[16.830s] -- Up-to-date: /ros2_ws/install/turtlesim/include/turtlesim/turtlesim/srv/teleport_absolute.hpp
[16.848s] -- Up-to-date: /ros2_ws/install/turtlesim/include/turtlesim/turtlesim/srv/teleport_relative.hpp
[16.860s] -- Up-to-date: /ros2_ws/install/turtlesim/include/turtlesim/turtlesim
[16.877s] -- Up-to-date: /ros2_ws/install/turtlesim/include/turtlesim/turtlesim/action
[16.897s] -- Up-to-date: /ros2_ws/install/turtlesim/include/turtlesim/turtlesim/action/detail
[16.921s] -- Up-to-date: /ros2_ws/install/turtlesim/include/turtlesim/turtlesim/action/detail/dds_fastrtps
[16.949s] -- Up-to-date: /ros2_ws/install/turtlesim/include/turtlesim/turtlesim/action/detail/rotate_absolute__rosidl_typesupport_fastrtps_cpp.hpp
[16.963s] -- Up-to-date: /ros2_ws/install/turtlesim/include/turtlesim/turtlesim/msg
[16.983s] -- Up-to-date: /ros2_ws/install/turtlesim/include/turtlesim/turtlesim/msg/detail
[17.010s] -- Up-to-date: /ros2_ws/install/turtlesim/include/turtlesim/turtlesim/msg/detail/color__rosidl_typesupport_fastrtps_cpp.hpp
[17.026s] -- Up-to-date: /ros2_ws/install/turtlesim/include/turtlesim/turtlesim/msg/detail/dds_fastrtps
[17.057s] -- Up-to-date: /ros2_ws/install/turtlesim/include/turtlesim/turtlesim/msg/detail/pose__rosidl_typesupport_fastrtps_cpp.hpp
[17.075s] -- Up-to-date: /ros2_ws/install/turtlesim/include/turtlesim/turtlesim/msg/rosidl_typesupport_fastrtps_cpp__visibility_control.h
[17.088s] -- Up-to-date: /ros2_ws/install/turtlesim/include/turtlesim/turtlesim/srv
[17.111s] -- Up-to-date: /ros2_ws/install/turtlesim/include/turtlesim/turtlesim/srv/detail
[17.133s] -- Up-to-date: /ros2_ws/install/turtlesim/include/turtlesim/turtlesim/srv/detail/dds_fastrtps
[17.163s] -- Up-to-date: /ros2_ws/install/turtlesim/include/turtlesim/turtlesim/srv/detail/kill__rosidl_typesupport_fastrtps_cpp.hpp
[17.185s] -- Up-to-date: /ros2_ws/install/turtlesim/include/turtlesim/turtlesim/srv/detail/set_pen__rosidl_typesupport_fastrtps_cpp.hpp
[17.206s] -- Up-to-date: /ros2_ws/install/turtlesim/include/turtlesim/turtlesim/srv/detail/spawn__rosidl_typesupport_fastrtps_cpp.hpp
[17.227s] -- Up-to-date: /ros2_ws/install/turtlesim/include/turtlesim/turtlesim/srv/detail/teleport_absolute__rosidl_typesupport_fastrtps_cpp.hpp
[17.247s] -- Up-to-date: /ros2_ws/install/turtlesim/include/turtlesim/turtlesim/srv/detail/teleport_relative__rosidl_typesupport_fastrtps_cpp.hpp
[17.278s] -- Up-to-date: /ros2_ws/install/turtlesim/lib/libturtlesim__rosidl_typesupport_fastrtps_cpp.so
[17.310s] -- Up-to-date: /ros2_ws/install/turtlesim/include/turtlesim/turtlesim
[17.326s] -- Up-to-date: /ros2_ws/install/turtlesim/include/turtlesim/turtlesim/action
[17.345s] -- Up-to-date: /ros2_ws/install/turtlesim/include/turtlesim/turtlesim/action/detail
[17.372s] -- Up-to-date: /ros2_ws/install/turtlesim/include/turtlesim/turtlesim/action/detail/rotate_absolute__rosidl_typesupport_introspection_c.h
[17.393s] -- Up-to-date: /ros2_ws/install/turtlesim/include/turtlesim/turtlesim/action/detail/rotate_absolute__type_support.c
[17.407s] -- Up-to-date: /ros2_ws/install/turtlesim/include/turtlesim/turtlesim/msg
[17.427s] -- Up-to-date: /ros2_ws/install/turtlesim/include/turtlesim/turtlesim/msg/detail
[17.455s] -- Up-to-date: /ros2_ws/install/turtlesim/include/turtlesim/turtlesim/msg/detail/color__rosidl_typesupport_introspection_c.h
[17.475s] -- Up-to-date: /ros2_ws/install/turtlesim/include/turtlesim/turtlesim/msg/detail/color__type_support.c
[17.496s] -- Up-to-date: /ros2_ws/install/turtlesim/include/turtlesim/turtlesim/msg/detail/pose__rosidl_typesupport_introspection_c.h
[17.517s] -- Up-to-date: /ros2_ws/install/turtlesim/include/turtlesim/turtlesim/msg/detail/pose__type_support.c
[17.535s] -- Up-to-date: /ros2_ws/install/turtlesim/include/turtlesim/turtlesim/msg/rosidl_typesupport_introspection_c__visibility_control.h
[17.547s] -- Up-to-date: /ros2_ws/install/turtlesim/include/turtlesim/turtlesim/srv
[17.568s] -- Up-to-date: /ros2_ws/install/turtlesim/include/turtlesim/turtlesim/srv/detail
[17.596s] -- Up-to-date: /ros2_ws/install/turtlesim/include/turtlesim/turtlesim/srv/detail/kill__rosidl_typesupport_introspection_c.h
[17.619s] -- Up-to-date: /ros2_ws/install/turtlesim/include/turtlesim/turtlesim/srv/detail/kill__type_support.c
[17.640s] -- Up-to-date: /ros2_ws/install/turtlesim/include/turtlesim/turtlesim/srv/detail/set_pen__rosidl_typesupport_introspection_c.h
[17.660s] -- Up-to-date: /ros2_ws/install/turtlesim/include/turtlesim/turtlesim/srv/detail/set_pen__type_support.c
[17.680s] -- Up-to-date: /ros2_ws/install/turtlesim/include/turtlesim/turtlesim/srv/detail/spawn__rosidl_typesupport_introspection_c.h
[17.701s] -- Up-to-date: /ros2_ws/install/turtlesim/include/turtlesim/turtlesim/srv/detail/spawn__type_support.c
[17.724s] -- Up-to-date: /ros2_ws/install/turtlesim/include/turtlesim/turtlesim/srv/detail/teleport_absolute__rosidl_typesupport_introspection_c.h
[17.744s] -- Up-to-date: /ros2_ws/install/turtlesim/include/turtlesim/turtlesim/srv/detail/teleport_absolute__type_support.c
[17.764s] -- Up-to-date: /ros2_ws/install/turtlesim/include/turtlesim/turtlesim/srv/detail/teleport_relative__rosidl_typesupport_introspection_c.h
[17.784s] -- Up-to-date: /ros2_ws/install/turtlesim/include/turtlesim/turtlesim/srv/detail/teleport_relative__type_support.c
[17.815s] -- Up-to-date: /ros2_ws/install/turtlesim/lib/libturtlesim__rosidl_typesupport_introspection_c.so
[17.862s] -- Up-to-date: /ros2_ws/install/turtlesim/lib/libturtlesim__rosidl_typesupport_c.so
[17.891s] -- Up-to-date: /ros2_ws/install/turtlesim/include/turtlesim/turtlesim
[17.907s] -- Up-to-date: /ros2_ws/install/turtlesim/include/turtlesim/turtlesim/action
[17.927s] -- Up-to-date: /ros2_ws/install/turtlesim/include/turtlesim/turtlesim/action/detail
[17.955s] -- Up-to-date: /ros2_ws/install/turtlesim/include/turtlesim/turtlesim/action/detail/rotate_absolute__rosidl_typesupport_introspection_cpp.hpp
[17.975s] -- Up-to-date: /ros2_ws/install/turtlesim/include/turtlesim/turtlesim/action/detail/rotate_absolute__type_support.cpp
[17.988s] -- Up-to-date: /ros2_ws/install/turtlesim/include/turtlesim/turtlesim/msg
[18.008s] -- Up-to-date: /ros2_ws/install/turtlesim/include/turtlesim/turtlesim/msg/detail
[18.037s] -- Up-to-date: /ros2_ws/install/turtlesim/include/turtlesim/turtlesim/msg/detail/color__rosidl_typesupport_introspection_cpp.hpp
[18.057s] -- Up-to-date: /ros2_ws/install/turtlesim/include/turtlesim/turtlesim/msg/detail/color__type_support.cpp
[18.078s] -- Up-to-date: /ros2_ws/install/turtlesim/include/turtlesim/turtlesim/msg/detail/pose__rosidl_typesupport_introspection_cpp.hpp
[18.099s] -- Up-to-date: /ros2_ws/install/turtlesim/include/turtlesim/turtlesim/msg/detail/pose__type_support.cpp
[18.112s] -- Up-to-date: /ros2_ws/install/turtlesim/include/turtlesim/turtlesim/srv
[18.131s] -- Up-to-date: /ros2_ws/install/turtlesim/include/turtlesim/turtlesim/srv/detail
[18.157s] -- Up-to-date: /ros2_ws/install/turtlesim/include/turtlesim/turtlesim/srv/detail/kill__rosidl_typesupport_introspection_cpp.hpp
[18.177s] -- Up-to-date: /ros2_ws/install/turtlesim/include/turtlesim/turtlesim/srv/detail/kill__type_support.cpp
[18.198s] -- Up-to-date: /ros2_ws/install/turtlesim/include/turtlesim/turtlesim/srv/detail/set_pen__rosidl_typesupport_introspection_cpp.hpp
[18.219s] -- Up-to-date: /ros2_ws/install/turtlesim/include/turtlesim/turtlesim/srv/detail/set_pen__type_support.cpp
[18.241s] -- Up-to-date: /ros2_ws/install/turtlesim/include/turtlesim/turtlesim/srv/detail/spawn__rosidl_typesupport_introspection_cpp.hpp
[18.261s] -- Up-to-date: /ros2_ws/install/turtlesim/include/turtlesim/turtlesim/srv/detail/spawn__type_support.cpp
[18.281s] -- Up-to-date: /ros2_ws/install/turtlesim/include/turtlesim/turtlesim/srv/detail/teleport_absolute__rosidl_typesupport_introspection_cpp.hpp
[18.302s] -- Up-to-date: /ros2_ws/install/turtlesim/include/turtlesim/turtlesim/srv/detail/teleport_absolute__type_support.cpp
[18.324s] -- Up-to-date: /ros2_ws/install/turtlesim/include/turtlesim/turtlesim/srv/detail/teleport_relative__rosidl_typesupport_introspection_cpp.hpp
[18.344s] -- Up-to-date: /ros2_ws/install/turtlesim/include/turtlesim/turtlesim/srv/detail/teleport_relative__type_support.cpp
[18.376s] -- Up-to-date: /ros2_ws/install/turtlesim/lib/libturtlesim__rosidl_typesupport_introspection_cpp.so
[18.426s] -- Up-to-date: /ros2_ws/install/turtlesim/lib/libturtlesim__rosidl_typesupport_cpp.so
[18.463s] -- Up-to-date: /ros2_ws/install/turtlesim/share/turtlesim/environment/pythonpath.sh
[18.481s] -- Up-to-date: /ros2_ws/install/turtlesim/share/turtlesim/environment/pythonpath.dsv
[18.495s] -- Up-to-date: /ros2_ws/install/turtlesim/local/lib/python3.10/dist-packages/turtlesim-1.4.2-py3.10.egg-info
[18.520s] -- Installing: /ros2_ws/install/turtlesim/local/lib/python3.10/dist-packages/turtlesim-1.4.2-py3.10.egg-info/dependency_links.txt
[18.588s] -- Installing: /ros2_ws/install/turtlesim/local/lib/python3.10/dist-packages/turtlesim-1.4.2-py3.10.egg-info/PKG-INFO
[18.664s] -- Installing: /ros2_ws/install/turtlesim/local/lib/python3.10/dist-packages/turtlesim-1.4.2-py3.10.egg-info/SOURCES.txt
[18.733s] -- Installing: /ros2_ws/install/turtlesim/local/lib/python3.10/dist-packages/turtlesim-1.4.2-py3.10.egg-info/top_level.txt
[18.797s] -- Up-to-date: /ros2_ws/install/turtlesim/local/lib/python3.10/dist-packages/turtlesim
[18.817s] -- Up-to-date: /ros2_ws/install/turtlesim/local/lib/python3.10/dist-packages/turtlesim/action
[18.844s] -- Up-to-date: /ros2_ws/install/turtlesim/local/lib/python3.10/dist-packages/turtlesim/action/_rotate_absolute.py
[18.865s] -- Up-to-date: /ros2_ws/install/turtlesim/local/lib/python3.10/dist-packages/turtlesim/action/_rotate_absolute_s.c
[18.885s] -- Up-to-date: /ros2_ws/install/turtlesim/local/lib/python3.10/dist-packages/turtlesim/action/__init__.py
[18.904s] -- Up-to-date: /ros2_ws/install/turtlesim/local/lib/python3.10/dist-packages/turtlesim/libturtlesim__rosidl_generator_py.so
[18.918s] -- Up-to-date: /ros2_ws/install/turtlesim/local/lib/python3.10/dist-packages/turtlesim/msg
[18.944s] -- Up-to-date: /ros2_ws/install/turtlesim/local/lib/python3.10/dist-packages/turtlesim/msg/_color.py
[18.965s] -- Up-to-date: /ros2_ws/install/turtlesim/local/lib/python3.10/dist-packages/turtlesim/msg/_color_s.c
[18.985s] -- Up-to-date: /ros2_ws/install/turtlesim/local/lib/python3.10/dist-packages/turtlesim/msg/_pose.py
[19.006s] -- Up-to-date: /ros2_ws/install/turtlesim/local/lib/python3.10/dist-packages/turtlesim/msg/_pose_s.c
[19.026s] -- Up-to-date: /ros2_ws/install/turtlesim/local/lib/python3.10/dist-packages/turtlesim/msg/__init__.py
[19.041s] -- Up-to-date: /ros2_ws/install/turtlesim/local/lib/python3.10/dist-packages/turtlesim/srv
[19.069s] -- Up-to-date: /ros2_ws/install/turtlesim/local/lib/python3.10/dist-packages/turtlesim/srv/_kill.py
[19.090s] -- Up-to-date: /ros2_ws/install/turtlesim/local/lib/python3.10/dist-packages/turtlesim/srv/_kill_s.c
[19.111s] -- Up-to-date: /ros2_ws/install/turtlesim/local/lib/python3.10/dist-packages/turtlesim/srv/_set_pen.py
[19.132s] -- Up-to-date: /ros2_ws/install/turtlesim/local/lib/python3.10/dist-packages/turtlesim/srv/_set_pen_s.c
[19.153s] -- Up-to-date: /ros2_ws/install/turtlesim/local/lib/python3.10/dist-packages/turtlesim/srv/_spawn.py
[19.172s] -- Up-to-date: /ros2_ws/install/turtlesim/local/lib/python3.10/dist-packages/turtlesim/srv/_spawn_s.c
[19.193s] -- Up-to-date: /ros2_ws/install/turtlesim/local/lib/python3.10/dist-packages/turtlesim/srv/_teleport_absolute.py
[19.213s] -- Up-to-date: /ros2_ws/install/turtlesim/local/lib/python3.10/dist-packages/turtlesim/srv/_teleport_absolute_s.c
[19.233s] -- Up-to-date: /ros2_ws/install/turtlesim/local/lib/python3.10/dist-packages/turtlesim/srv/_teleport_relative.py
[19.254s] -- Up-to-date: /ros2_ws/install/turtlesim/local/lib/python3.10/dist-packages/turtlesim/srv/_teleport_relative_s.c
[19.277s] -- Up-to-date: /ros2_ws/install/turtlesim/local/lib/python3.10/dist-packages/turtlesim/srv/__init__.py
[19.296s] -- Up-to-date: /ros2_ws/install/turtlesim/local/lib/python3.10/dist-packages/turtlesim/turtlesim_s__rosidl_typesupport_c.cpython-310-x86_64-linux-gnu.so
[19.314s] -- Up-to-date: /ros2_ws/install/turtlesim/local/lib/python3.10/dist-packages/turtlesim/turtlesim_s__rosidl_typesupport_fastrtps_c.cpython-310-x86_64-linux-gnu.so
[19.332s] -- Up-to-date: /ros2_ws/install/turtlesim/local/lib/python3.10/dist-packages/turtlesim/turtlesim_s__rosidl_typesupport_introspection_c.cpython-310-x86_64-linux-gnu.so
[19.350s] -- Up-to-date: /ros2_ws/install/turtlesim/local/lib/python3.10/dist-packages/turtlesim/_turtlesim_s.ep.rosidl_typesupport_c.c
[19.368s] -- Up-to-date: /ros2_ws/install/turtlesim/local/lib/python3.10/dist-packages/turtlesim/_turtlesim_s.ep.rosidl_typesupport_fastrtps_c.c
[19.386s] -- Up-to-date: /ros2_ws/install/turtlesim/local/lib/python3.10/dist-packages/turtlesim/_turtlesim_s.ep.rosidl_typesupport_introspection_c.c
[19.403s] -- Up-to-date: /ros2_ws/install/turtlesim/local/lib/python3.10/dist-packages/turtlesim/__init__.py
[20.569s] Listing '/ros2_ws/install/turtlesim/local/lib/python3.10/dist-packages/turtlesim'...
[20.570s] Listing '/ros2_ws/install/turtlesim/local/lib/python3.10/dist-packages/turtlesim/action'...
[20.570s] Listing '/ros2_ws/install/turtlesim/local/lib/python3.10/dist-packages/turtlesim/msg'...
[20.571s] Listing '/ros2_ws/install/turtlesim/local/lib/python3.10/dist-packages/turtlesim/srv'...
[20.615s] -- Up-to-date: /ros2_ws/install/turtlesim/local/lib/python3.10/dist-packages/turtlesim/turtlesim_s__rosidl_typesupport_fastrtps_c.cpython-310-x86_64-linux-gnu.so
[20.691s] -- Up-to-date: /ros2_ws/install/turtlesim/local/lib/python3.10/dist-packages/turtlesim/turtlesim_s__rosidl_typesupport_introspection_c.cpython-310-x86_64-linux-gnu.so
[20.774s] -- Up-to-date: /ros2_ws/install/turtlesim/local/lib/python3.10/dist-packages/turtlesim/turtlesim_s__rosidl_typesupport_c.cpython-310-x86_64-linux-gnu.so
[20.839s] -- Up-to-date: /ros2_ws/install/turtlesim/lib/libturtlesim__rosidl_generator_py.so
[20.878s] -- Up-to-date: /ros2_ws/install/turtlesim/share/turtlesim/action/RotateAbsolute.idl
[20.898s] -- Up-to-date: /ros2_ws/install/turtlesim/share/turtlesim/msg/Color.idl
[20.917s] -- Up-to-date: /ros2_ws/install/turtlesim/share/turtlesim/msg/Pose.idl
[20.937s] -- Up-to-date: /ros2_ws/install/turtlesim/share/turtlesim/srv/Kill.idl
[20.957s] -- Up-to-date: /ros2_ws/install/turtlesim/share/turtlesim/srv/SetPen.idl
[20.977s] -- Up-to-date: /ros2_ws/install/turtlesim/share/turtlesim/srv/Spawn.idl
[20.997s] -- Up-to-date: /ros2_ws/install/turtlesim/share/turtlesim/srv/TeleportAbsolute.idl
[21.016s] -- Up-to-date: /ros2_ws/install/turtlesim/share/turtlesim/srv/TeleportRelative.idl
[21.037s] -- Up-to-date: /ros2_ws/install/turtlesim/share/turtlesim/action/RotateAbsolute.action
[21.057s] -- Up-to-date: /ros2_ws/install/turtlesim/share/turtlesim/msg/Color.msg
[21.077s] -- Up-to-date: /ros2_ws/install/turtlesim/share/turtlesim/msg/Pose.msg
[21.097s] -- Up-to-date: /ros2_ws/install/turtlesim/share/turtlesim/srv/Kill.srv
[21.116s] -- Up-to-date: /ros2_ws/install/turtlesim/share/turtlesim/srv/Kill_Request.msg
[21.134s] -- Up-to-date: /ros2_ws/install/turtlesim/share/turtlesim/srv/Kill_Response.msg
[21.155s] -- Up-to-date: /ros2_ws/install/turtlesim/share/turtlesim/srv/SetPen.srv
[21.176s] -- Up-to-date: /ros2_ws/install/turtlesim/share/turtlesim/srv/SetPen_Request.msg
[21.202s] -- Up-to-date: /ros2_ws/install/turtlesim/share/turtlesim/srv/SetPen_Response.msg
[21.230s] -- Up-to-date: /ros2_ws/install/turtlesim/share/turtlesim/srv/Spawn.srv
[21.256s] -- Up-to-date: /ros2_ws/install/turtlesim/share/turtlesim/srv/Spawn_Request.msg
[21.277s] -- Up-to-date: /ros2_ws/install/turtlesim/share/turtlesim/srv/Spawn_Response.msg
[21.297s] -- Up-to-date: /ros2_ws/install/turtlesim/share/turtlesim/srv/TeleportAbsolute.srv
[21.314s] -- Up-to-date: /ros2_ws/install/turtlesim/share/turtlesim/srv/TeleportAbsolute_Request.msg
[21.332s] -- Up-to-date: /ros2_ws/install/turtlesim/share/turtlesim/srv/TeleportAbsolute_Response.msg
[21.353s] -- Up-to-date: /ros2_ws/install/turtlesim/share/turtlesim/srv/TeleportRelative.srv
[21.372s] -- Up-to-date: /ros2_ws/install/turtlesim/share/turtlesim/srv/TeleportRelative_Request.msg
[21.390s] -- Up-to-date: /ros2_ws/install/turtlesim/share/turtlesim/srv/TeleportRelative_Response.msg
[21.424s] -- Up-to-date: /ros2_ws/install/turtlesim/lib/turtlesim/turtlesim_node
[21.482s] -- Up-to-date: /ros2_ws/install/turtlesim/lib/turtlesim/turtle_teleop_key
[21.540s] -- Up-to-date: /ros2_ws/install/turtlesim/lib/turtlesim/draw_square
[21.597s] -- Up-to-date: /ros2_ws/install/turtlesim/lib/turtlesim/mimic
[21.636s] -- Up-to-date: /ros2_ws/install/turtlesim/share/turtlesim/images
[21.657s] -- Up-to-date: /ros2_ws/install/turtlesim/share/turtlesim/images/ardent.png
[21.673s] -- Up-to-date: /ros2_ws/install/turtlesim/share/turtlesim/images/bouncy.png
[21.690s] -- Up-to-date: /ros2_ws/install/turtlesim/share/turtlesim/images/crystal.png
[21.706s] -- Up-to-date: /ros2_ws/install/turtlesim/share/turtlesim/images/dashing.png
[21.722s] -- Up-to-date: /ros2_ws/install/turtlesim/share/turtlesim/images/eloquent.png
[21.738s] -- Up-to-date: /ros2_ws/install/turtlesim/share/turtlesim/images/foxy.png
[21.755s] -- Up-to-date: /ros2_ws/install/turtlesim/share/turtlesim/images/galactic.png
[21.771s] -- Up-to-date: /ros2_ws/install/turtlesim/share/turtlesim/images/humble.png
[21.786s] -- Up-to-date: /ros2_ws/install/turtlesim/share/turtlesim/images/rolling.png
[21.799s] -- Up-to-date: /ros2_ws/install/turtlesim/share/turtlesim/launch
[21.823s] -- Up-to-date: /ros2_ws/install/turtlesim/share/turtlesim/launch/multisim.launch.py
[21.850s] -- Up-to-date: /ros2_ws/install/turtlesim/share/ament_index/resource_index/package_run_dependencies/turtlesim
[21.879s] -- Up-to-date: /ros2_ws/install/turtlesim/share/ament_index/resource_index/parent_prefix_path/turtlesim
[21.893s] -- Up-to-date: /ros2_ws/install/turtlesim/share/turtlesim/environment/ament_prefix_path.sh
[21.909s] -- Up-to-date: /ros2_ws/install/turtlesim/share/turtlesim/environment/ament_prefix_path.dsv
[21.922s] -- Up-to-date: /ros2_ws/install/turtlesim/share/turtlesim/environment/path.sh
[21.938s] -- Up-to-date: /ros2_ws/install/turtlesim/share/turtlesim/environment/path.dsv
[21.953s] -- Up-to-date: /ros2_ws/install/turtlesim/share/turtlesim/local_setup.bash
[21.967s] -- Up-to-date: /ros2_ws/install/turtlesim/share/turtlesim/local_setup.sh
[21.981s] -- Up-to-date: /ros2_ws/install/turtlesim/share/turtlesim/local_setup.zsh
[21.996s] -- Up-to-date: /ros2_ws/install/turtlesim/share/turtlesim/local_setup.dsv
[22.011s] -- Installing: /ros2_ws/install/turtlesim/share/turtlesim/package.dsv
[22.068s] -- Up-to-date: /ros2_ws/install/turtlesim/share/ament_index/resource_index/packages/turtlesim
[22.105s] -- Up-to-date: /ros2_ws/install/turtlesim/share/turtlesim/cmake/export_turtlesim__rosidl_generator_cExport.cmake
[22.127s] -- Up-to-date: /ros2_ws/install/turtlesim/share/turtlesim/cmake/export_turtlesim__rosidl_generator_cExport-noconfig.cmake
[22.163s] -- Up-to-date: /ros2_ws/install/turtlesim/share/turtlesim/cmake/export_turtlesim__rosidl_typesupport_fastrtps_cExport.cmake
[22.185s] -- Up-to-date: /ros2_ws/install/turtlesim/share/turtlesim/cmake/export_turtlesim__rosidl_typesupport_fastrtps_cExport-noconfig.cmake
[22.219s] -- Up-to-date: /ros2_ws/install/turtlesim/share/turtlesim/cmake/export_turtlesim__rosidl_generator_cppExport.cmake
[22.253s] -- Up-to-date: /ros2_ws/install/turtlesim/share/turtlesim/cmake/export_turtlesim__rosidl_typesupport_fastrtps_cppExport.cmake
[22.276s] -- Up-to-date: /ros2_ws/install/turtlesim/share/turtlesim/cmake/export_turtlesim__rosidl_typesupport_fastrtps_cppExport-noconfig.cmake
[22.311s] -- Up-to-date: /ros2_ws/install/turtlesim/share/turtlesim/cmake/turtlesim__rosidl_typesupport_introspection_cExport.cmake
[22.334s] -- Up-to-date: /ros2_ws/install/turtlesim/share/turtlesim/cmake/turtlesim__rosidl_typesupport_introspection_cExport-noconfig.cmake
[22.370s] -- Up-to-date: /ros2_ws/install/turtlesim/share/turtlesim/cmake/turtlesim__rosidl_typesupport_cExport.cmake
[22.394s] -- Up-to-date: /ros2_ws/install/turtlesim/share/turtlesim/cmake/turtlesim__rosidl_typesupport_cExport-noconfig.cmake
[22.428s] -- Up-to-date: /ros2_ws/install/turtlesim/share/turtlesim/cmake/turtlesim__rosidl_typesupport_introspection_cppExport.cmake
[22.451s] -- Up-to-date: /ros2_ws/install/turtlesim/share/turtlesim/cmake/turtlesim__rosidl_typesupport_introspection_cppExport-noconfig.cmake
[22.486s] -- Up-to-date: /ros2_ws/install/turtlesim/share/turtlesim/cmake/turtlesim__rosidl_typesupport_cppExport.cmake
[22.510s] -- Up-to-date: /ros2_ws/install/turtlesim/share/turtlesim/cmake/turtlesim__rosidl_typesupport_cppExport-noconfig.cmake
[22.544s] -- Up-to-date: /ros2_ws/install/turtlesim/share/turtlesim/cmake/export_turtlesim__rosidl_generator_pyExport.cmake
[22.566s] -- Up-to-date: /ros2_ws/install/turtlesim/share/turtlesim/cmake/export_turtlesim__rosidl_generator_pyExport-noconfig.cmake
[22.582s] -- Up-to-date: /ros2_ws/install/turtlesim/share/turtlesim/cmake/rosidl_cmake-extras.cmake
[22.599s] -- Up-to-date: /ros2_ws/install/turtlesim/share/turtlesim/cmake/ament_cmake_export_dependencies-extras.cmake
[22.617s] -- Up-to-date: /ros2_ws/install/turtlesim/share/turtlesim/cmake/ament_cmake_export_include_directories-extras.cmake
[22.634s] -- Up-to-date: /ros2_ws/install/turtlesim/share/turtlesim/cmake/ament_cmake_export_libraries-extras.cmake
[22.650s] -- Up-to-date: /ros2_ws/install/turtlesim/share/turtlesim/cmake/ament_cmake_export_targets-extras.cmake
[22.666s] -- Up-to-date: /ros2_ws/install/turtlesim/share/turtlesim/cmake/rosidl_cmake_export_typesupport_targets-extras.cmake
[22.682s] -- Up-to-date: /ros2_ws/install/turtlesim/share/turtlesim/cmake/rosidl_cmake_export_typesupport_libraries-extras.cmake
[22.699s] -- Up-to-date: /ros2_ws/install/turtlesim/share/turtlesim/cmake/turtlesimConfig.cmake
[22.711s] -- Up-to-date: /ros2_ws/install/turtlesim/share/turtlesim/cmake/turtlesimConfig-version.cmake
[22.727s] -- Up-to-date: /ros2_ws/install/turtlesim/share/turtlesim/package.xml
[22.740s] Invoked command in '/ros2_ws/build/turtlesim' returned '0': CMAKE_PREFIX_PATH=${CMAKE_PREFIX_PATH}:/ros2_ws/src/install/py_pubsub:/ros2_ws/src/install/my_package:/ros2_ws/install/py_pubsub:/ros2_ws/install/my_package:/opt/ros/humble /usr/bin/cmake --install /ros2_ws/build/turtlesim
