[  1%] Built target turtlesim__cpp
[ 11%] Built target turtlesim__rosidl_generator_c
[ 21%] Built target turtlesim__rosidl_typesupport_cpp
[ 31%] Built target turtlesim__rosidl_typesupport_introspection_cpp
[ 35%] Built target draw_square
[ 35%] Built target mimic
[ 37%] Built target turtle_teleop_key
[ 47%] Built target turtlesim__rosidl_typesupport_fastrtps_cpp
[ 57%] Built target turtlesim__rosidl_typesupport_c
[ 70%] Built target turtlesim_node
[ 73%] Built target turtlesim__rosidl_typesupport_introspection_c
[ 83%] Built target turtlesim__rosidl_typesupport_fastrtps_c
[ 83%] Built target ament_cmake_python_copy_turtlesim
[ 83%] Built target turtlesim
[ 84%] Built target turtlesim__py
running egg_info
writing turtlesim.egg-info/PKG-INFO
writing dependency_links to turtlesim.egg-info/dependency_links.txt
writing top-level names to turtlesim.egg-info/top_level.txt
reading manifest file 'turtlesim.egg-info/SOURCES.txt'
writing manifest file 'turtlesim.egg-info/SOURCES.txt'
[ 84%] Built target ament_cmake_python_build_turtlesim_egg
[ 93%] Built target turtlesim__rosidl_generator_py
[100%] Built target turtlesim__rosidl_typesupport_c__pyext
[100%] Built target turtlesim__rosidl_typesupport_fastrtps_c__pyext
[100%] Built target turtlesim__rosidl_typesupport_introspection_c__pyext
