[1.985s] Invoking command in '/ros2_ws/src/py_srvcli': PYTHONPATH=/ros2_ws/build/py_srvcli/prefix_override:/usr/lib/python3/dist-packages/colcon_core/task/python/colcon_distutils_commands:/ros2_ws/install/py_srvcli/lib/python3.10/site-packages:${PYTHONPATH} /usr/bin/python3 -W ignore:setup.py install is deprecated setup.py egg_info --egg-base ../../build/py_srvcli build --build-base /ros2_ws/build/py_srvcli/build install --record /ros2_ws/build/py_srvcli/install.log --single-version-externally-managed install_data
[2.703s] running egg_info
[2.706s] creating ../../build/py_srvcli/py_srvcli.egg-info
[2.710s] writing ../../build/py_srvcli/py_srvcli.egg-info/PKG-INFO
[2.720s] writing dependency_links to ../../build/py_srvcli/py_srvcli.egg-info/dependency_links.txt
[2.727s] writing entry points to ../../build/py_srvcli/py_srvcli.egg-info/entry_points.txt
[2.733s] writing requirements to ../../build/py_srvcli/py_srvcli.egg-info/requires.txt
[2.738s] writing top-level names to ../../build/py_srvcli/py_srvcli.egg-info/top_level.txt
[2.744s] writing manifest file '../../build/py_srvcli/py_srvcli.egg-info/SOURCES.txt'
[2.781s] reading manifest file '../../build/py_srvcli/py_srvcli.egg-info/SOURCES.txt'
[2.814s] adding license file 'LICENSE'
[2.842s] writing manifest file '../../build/py_srvcli/py_srvcli.egg-info/SOURCES.txt'
[2.845s] running build
[2.846s] running build_py
[2.850s] creating /ros2_ws/build/py_srvcli/build
[2.854s] creating /ros2_ws/build/py_srvcli/build/lib
[2.856s] creating /ros2_ws/build/py_srvcli/build/lib/py_srvcli
[2.865s] copying py_srvcli/client_node.py -> /ros2_ws/build/py_srvcli/build/lib/py_srvcli
[2.898s] copying py_srvcli/service_node.py -> /ros2_ws/build/py_srvcli/build/lib/py_srvcli
[2.928s] copying py_srvcli/__init__.py -> /ros2_ws/build/py_srvcli/build/lib/py_srvcli
[2.943s] running install
[2.944s] running install_lib
[3.089s] running install_data
[3.121s] running install_egg_info
[3.132s] removing '/ros2_ws/install/py_srvcli/lib/python3.10/site-packages/py_srvcli-0.0.0-py3.10.egg-info' (and everything under it)
[3.197s] Copying ../../build/py_srvcli/py_srvcli.egg-info to /ros2_ws/install/py_srvcli/lib/python3.10/site-packages/py_srvcli-0.0.0-py3.10.egg-info
[3.459s] running install_scripts
[3.526s] Installing client_node script to /ros2_ws/install/py_srvcli/lib/py_srvcli
[3.537s] Installing service_node script to /ros2_ws/install/py_srvcli/lib/py_srvcli
[3.550s] writing list of installed files to '/ros2_ws/build/py_srvcli/install.log'
[3.747s] Invoked command in '/ros2_ws/src/py_srvcli' returned '0': PYTHONPATH=/ros2_ws/build/py_srvcli/prefix_override:/usr/lib/python3/dist-packages/colcon_core/task/python/colcon_distutils_commands:/ros2_ws/install/py_srvcli/lib/python3.10/site-packages:${PYTHONPATH} /usr/bin/python3 -W ignore:setup.py install is deprecated setup.py egg_info --egg-base ../../build/py_srvcli build --build-base /ros2_ws/build/py_srvcli/build install --record /ros2_ws/build/py_srvcli/install.log --single-version-externally-managed install_data
