[4.001s] Invoking command in '/ros2_ws/src/py_pubsub': PYTHONPATH=/ros2_ws/build/py_pubsub/prefix_override:/usr/lib/python3/dist-packages/colcon_core/task/python/colcon_distutils_commands:/ros2_ws/install/py_pubsub/lib/python3.10/site-packages:${PYTHONPATH} /usr/bin/python3 -W ignore:setup.py install is deprecated setup.py egg_info --egg-base ../../build/py_pubsub build --build-base /ros2_ws/build/py_pubsub/build install --record /ros2_ws/build/py_pubsub/install.log --single-version-externally-managed install_data
[4.960s] running egg_info
[4.964s] writing ../../build/py_pubsub/py_pubsub.egg-info/PKG-INFO
[4.969s] writing dependency_links to ../../build/py_pubsub/py_pubsub.egg-info/dependency_links.txt
[4.974s] writing entry points to ../../build/py_pubsub/py_pubsub.egg-info/entry_points.txt
[4.977s] writing requirements to ../../build/py_pubsub/py_pubsub.egg-info/requires.txt
[4.979s] writing top-level names to ../../build/py_pubsub/py_pubsub.egg-info/top_level.txt
[5.010s] reading manifest file '../../build/py_pubsub/py_pubsub.egg-info/SOURCES.txt'
[5.046s] adding license file 'LICENSE'
[5.066s] writing manifest file '../../build/py_pubsub/py_pubsub.egg-info/SOURCES.txt'
[5.069s] running build
[5.070s] running build_py
[5.124s] running install
[5.125s] running install_lib
[5.274s] running install_data
[5.294s] running install_egg_info
[5.306s] removing '/ros2_ws/install/py_pubsub/lib/python3.10/site-packages/py_pubsub-0.0.0-py3.10.egg-info' (and everything under it)
[5.350s] Copying ../../build/py_pubsub/py_pubsub.egg-info to /ros2_ws/install/py_pubsub/lib/python3.10/site-packages/py_pubsub-0.0.0-py3.10.egg-info
[5.522s] running install_scripts
[5.601s] Installing talker script to /ros2_ws/install/py_pubsub/lib/py_pubsub
[5.609s] Installing topics_practice script to /ros2_ws/install/py_pubsub/lib/py_pubsub
[5.617s] Installing topics_practice_b script to /ros2_ws/install/py_pubsub/lib/py_pubsub
[5.626s] writing list of installed files to '/ros2_ws/build/py_pubsub/install.log'
[5.685s] Invoked command in '/ros2_ws/src/py_pubsub' returned '0': PYTHONPATH=/ros2_ws/build/py_pubsub/prefix_override:/usr/lib/python3/dist-packages/colcon_core/task/python/colcon_distutils_commands:/ros2_ws/install/py_pubsub/lib/python3.10/site-packages:${PYTHONPATH} /usr/bin/python3 -W ignore:setup.py install is deprecated setup.py egg_info --egg-base ../../build/py_pubsub build --build-base /ros2_ws/build/py_pubsub/build install --record /ros2_ws/build/py_pubsub/install.log --single-version-externally-managed install_data
