[0.568s] DEBUG:colcon:Command line arguments: ['/usr/bin/colcon', 'build']
[0.569s] DEBUG:colcon:Parsed command line arguments: Namespace(log_base=None, log_level=None, verb_name='build', build_base='build', install_base='install', merge_install=False, symlink_install=False, test_result_base=None, continue_on_error=False, executor='parallel', parallel_workers=16, event_handlers=None, ignore_user_meta=False, metas=['./colcon.meta'], base_paths=['.'], packages_ignore=None, packages_ignore_regex=None, paths=None, packages_up_to=None, packages_up_to_regex=None, packages_above=None, packages_above_and_dependencies=None, packages_above_depth=None, packages_select_by_dep=None, packages_skip_by_dep=None, packages_skip_up_to=None, packages_select_build_failed=False, packages_skip_build_finished=False, packages_select_test_failures=False, packages_skip_test_passed=False, packages_select=None, packages_skip=None, packages_select_regex=None, packages_skip_regex=None, packages_start=None, packages_end=None, cmake_args=None, cmake_target=None, cmake_target_skip_unavailable=False, cmake_clean_cache=False, cmake_clean_first=False, cmake_force_configure=False, ament_cmake_args=None, catkin_cmake_args=None, catkin_skip_building_tests=False, mixin_files=None, mixin=None, verb_parser=<colcon_mixin.mixin.mixin_argument.MixinArgumentDecorator object at 0x7fc113350370>, verb_extension=<colcon_core.verb.build.BuildVerb object at 0x7fc11351fd90>, main=<bound method BuildVerb.main of <colcon_core.verb.build.BuildVerb object at 0x7fc11351fd90>>, mixin_verb=('build',))
[0.982s] Level 1:colcon.colcon_core.package_discovery:discover_packages(colcon_meta) check parameters
[0.983s] INFO:colcon.colcon_metadata.package_discovery.colcon_meta:Using configuration from '/root/.colcon/metadata/default/Gazebo.meta'
[0.984s] INFO:colcon.colcon_metadata.package_discovery.colcon_meta:Using configuration from '/root/.colcon/metadata/default/fastrtps.meta'
[0.984s] Level 1:colcon.colcon_core.package_discovery:discover_packages(recursive) check parameters
[0.984s] Level 1:colcon.colcon_core.package_discovery:discover_packages(ignore) check parameters
[0.984s] Level 1:colcon.colcon_core.package_discovery:discover_packages(path) check parameters
[0.984s] Level 1:colcon.colcon_core.package_discovery:discover_packages(colcon_meta) discover
[0.985s] Level 1:colcon.colcon_core.package_discovery:discover_packages(recursive) discover
[0.985s] INFO:colcon.colcon_core.package_discovery:Crawling recursively for packages in '/ros2_ws'
[0.986s] Level 1:colcon.colcon_core.package_identification:_identify(.) by extensions ['ignore', 'ignore_ament_install']
[0.986s] Level 1:colcon.colcon_core.package_identification:_identify(.) by extension 'ignore'
[0.987s] Level 1:colcon.colcon_core.package_identification:_identify(.) by extension 'ignore_ament_install'
[0.987s] Level 1:colcon.colcon_core.package_identification:_identify(.) by extensions ['colcon_pkg']
[0.988s] Level 1:colcon.colcon_core.package_identification:_identify(.) by extension 'colcon_pkg'
[0.988s] Level 1:colcon.colcon_core.package_identification:_identify(.) by extensions ['colcon_meta']
[0.988s] Level 1:colcon.colcon_core.package_identification:_identify(.) by extension 'colcon_meta'
[0.988s] Level 1:colcon.colcon_core.package_identification:_identify(.) by extensions ['ros']
[0.989s] Level 1:colcon.colcon_core.package_identification:_identify(.) by extension 'ros'
[1.006s] Level 1:colcon.colcon_core.package_identification:_identify(.) by extensions ['cmake', 'python']
[1.007s] Level 1:colcon.colcon_core.package_identification:_identify(.) by extension 'cmake'
[1.007s] Level 1:colcon.colcon_core.package_identification:_identify(.) by extension 'python'
[1.007s] Level 1:colcon.colcon_core.package_identification:_identify(.) by extensions ['python_setup_py']
[1.008s] Level 1:colcon.colcon_core.package_identification:_identify(.) by extension 'python_setup_py'
[1.010s] Level 1:colcon.colcon_core.package_identification:_identify(build) by extensions ['ignore', 'ignore_ament_install']
[1.010s] Level 1:colcon.colcon_core.package_identification:_identify(build) by extension 'ignore'
[1.011s] Level 1:colcon.colcon_core.package_identification:_identify(build) ignored
[1.013s] Level 1:colcon.colcon_core.package_identification:_identify(install) by extensions ['ignore', 'ignore_ament_install']
[1.013s] Level 1:colcon.colcon_core.package_identification:_identify(install) by extension 'ignore'
[1.014s] Level 1:colcon.colcon_core.package_identification:_identify(install) ignored
[1.017s] Level 1:colcon.colcon_core.package_identification:_identify(log) by extensions ['ignore', 'ignore_ament_install']
[1.018s] Level 1:colcon.colcon_core.package_identification:_identify(log) by extension 'ignore'
[1.018s] Level 1:colcon.colcon_core.package_identification:_identify(log) ignored
[1.020s] Level 1:colcon.colcon_core.package_identification:_identify(ros_tutorials) by extensions ['ignore', 'ignore_ament_install']
[1.021s] Level 1:colcon.colcon_core.package_identification:_identify(ros_tutorials) by extension 'ignore'
[1.021s] Level 1:colcon.colcon_core.package_identification:_identify(ros_tutorials) by extension 'ignore_ament_install'
[1.022s] Level 1:colcon.colcon_core.package_identification:_identify(ros_tutorials) by extensions ['colcon_pkg']
[1.022s] Level 1:colcon.colcon_core.package_identification:_identify(ros_tutorials) by extension 'colcon_pkg'
[1.023s] Level 1:colcon.colcon_core.package_identification:_identify(ros_tutorials) by extensions ['colcon_meta']
[1.023s] Level 1:colcon.colcon_core.package_identification:_identify(ros_tutorials) by extension 'colcon_meta'
[1.024s] Level 1:colcon.colcon_core.package_identification:_identify(ros_tutorials) by extensions ['ros']
[1.024s] Level 1:colcon.colcon_core.package_identification:_identify(ros_tutorials) by extension 'ros'
[1.027s] Level 1:colcon.colcon_core.package_identification:_identify(ros_tutorials) by extensions ['cmake', 'python']
[1.027s] Level 1:colcon.colcon_core.package_identification:_identify(ros_tutorials) by extension 'cmake'
[1.027s] Level 1:colcon.colcon_core.package_identification:_identify(ros_tutorials) by extension 'python'
[1.028s] Level 1:colcon.colcon_core.package_identification:_identify(ros_tutorials) by extensions ['python_setup_py']
[1.028s] Level 1:colcon.colcon_core.package_identification:_identify(ros_tutorials) by extension 'python_setup_py'
[1.032s] Level 1:colcon.colcon_core.package_identification:_identify(ros_tutorials/ros_tutorials) by extensions ['ignore', 'ignore_ament_install']
[1.032s] Level 1:colcon.colcon_core.package_identification:_identify(ros_tutorials/ros_tutorials) by extension 'ignore'
[1.033s] Level 1:colcon.colcon_core.package_identification:_identify(ros_tutorials/ros_tutorials) ignored
[1.037s] Level 1:colcon.colcon_core.package_identification:_identify(ros_tutorials/roscpp_tutorials) by extensions ['ignore', 'ignore_ament_install']
[1.037s] Level 1:colcon.colcon_core.package_identification:_identify(ros_tutorials/roscpp_tutorials) by extension 'ignore'
[1.038s] Level 1:colcon.colcon_core.package_identification:_identify(ros_tutorials/roscpp_tutorials) ignored
[1.041s] Level 1:colcon.colcon_core.package_identification:_identify(ros_tutorials/rospy_tutorials) by extensions ['ignore', 'ignore_ament_install']
[1.041s] Level 1:colcon.colcon_core.package_identification:_identify(ros_tutorials/rospy_tutorials) by extension 'ignore'
[1.043s] Level 1:colcon.colcon_core.package_identification:_identify(ros_tutorials/rospy_tutorials) ignored
[1.045s] Level 1:colcon.colcon_core.package_identification:_identify(ros_tutorials/turtlesim) by extensions ['ignore', 'ignore_ament_install']
[1.046s] Level 1:colcon.colcon_core.package_identification:_identify(ros_tutorials/turtlesim) by extension 'ignore'
[1.047s] Level 1:colcon.colcon_core.package_identification:_identify(ros_tutorials/turtlesim) by extension 'ignore_ament_install'
[1.048s] Level 1:colcon.colcon_core.package_identification:_identify(ros_tutorials/turtlesim) by extensions ['colcon_pkg']
[1.048s] Level 1:colcon.colcon_core.package_identification:_identify(ros_tutorials/turtlesim) by extension 'colcon_pkg'
[1.050s] Level 1:colcon.colcon_core.package_identification:_identify(ros_tutorials/turtlesim) by extensions ['colcon_meta']
[1.050s] Level 1:colcon.colcon_core.package_identification:_identify(ros_tutorials/turtlesim) by extension 'colcon_meta'
[1.051s] Level 1:colcon.colcon_core.package_identification:_identify(ros_tutorials/turtlesim) by extensions ['ros']
[1.051s] Level 1:colcon.colcon_core.package_identification:_identify(ros_tutorials/turtlesim) by extension 'ros'
[1.063s] DEBUG:colcon.colcon_core.package_identification:Package 'ros_tutorials/turtlesim' with type 'ros.ament_cmake' and name 'turtlesim'
[1.065s] Level 1:colcon.colcon_core.package_identification:_identify(src) by extensions ['ignore', 'ignore_ament_install']
[1.065s] Level 1:colcon.colcon_core.package_identification:_identify(src) by extension 'ignore'
[1.066s] Level 1:colcon.colcon_core.package_identification:_identify(src) by extension 'ignore_ament_install'
[1.067s] Level 1:colcon.colcon_core.package_identification:_identify(src) by extensions ['colcon_pkg']
[1.068s] Level 1:colcon.colcon_core.package_identification:_identify(src) by extension 'colcon_pkg'
[1.068s] Level 1:colcon.colcon_core.package_identification:_identify(src) by extensions ['colcon_meta']
[1.069s] Level 1:colcon.colcon_core.package_identification:_identify(src) by extension 'colcon_meta'
[1.069s] Level 1:colcon.colcon_core.package_identification:_identify(src) by extensions ['ros']
[1.069s] Level 1:colcon.colcon_core.package_identification:_identify(src) by extension 'ros'
[1.072s] Level 1:colcon.colcon_core.package_identification:_identify(src) by extensions ['cmake', 'python']
[1.072s] Level 1:colcon.colcon_core.package_identification:_identify(src) by extension 'cmake'
[1.073s] Level 1:colcon.colcon_core.package_identification:_identify(src) by extension 'python'
[1.074s] Level 1:colcon.colcon_core.package_identification:_identify(src) by extensions ['python_setup_py']
[1.074s] Level 1:colcon.colcon_core.package_identification:_identify(src) by extension 'python_setup_py'
[1.077s] Level 1:colcon.colcon_core.package_identification:_identify(src/build) by extensions ['ignore', 'ignore_ament_install']
[1.077s] Level 1:colcon.colcon_core.package_identification:_identify(src/build) by extension 'ignore'
[1.079s] Level 1:colcon.colcon_core.package_identification:_identify(src/build) ignored
[1.081s] Level 1:colcon.colcon_core.package_identification:_identify(src/cpp_pubsub) by extensions ['ignore', 'ignore_ament_install']
[1.082s] Level 1:colcon.colcon_core.package_identification:_identify(src/cpp_pubsub) by extension 'ignore'
[1.083s] Level 1:colcon.colcon_core.package_identification:_identify(src/cpp_pubsub) by extension 'ignore_ament_install'
[1.084s] Level 1:colcon.colcon_core.package_identification:_identify(src/cpp_pubsub) by extensions ['colcon_pkg']
[1.084s] Level 1:colcon.colcon_core.package_identification:_identify(src/cpp_pubsub) by extension 'colcon_pkg'
[1.085s] Level 1:colcon.colcon_core.package_identification:_identify(src/cpp_pubsub) by extensions ['colcon_meta']
[1.085s] Level 1:colcon.colcon_core.package_identification:_identify(src/cpp_pubsub) by extension 'colcon_meta'
[1.087s] Level 1:colcon.colcon_core.package_identification:_identify(src/cpp_pubsub) by extensions ['ros']
[1.087s] Level 1:colcon.colcon_core.package_identification:_identify(src/cpp_pubsub) by extension 'ros'
[1.098s] DEBUG:colcon.colcon_core.package_identification:Package 'src/cpp_pubsub' with type 'ros.ament_cmake' and name 'cpp_pubsub'
[1.101s] Level 1:colcon.colcon_core.package_identification:_identify(src/cpp_srvcli) by extensions ['ignore', 'ignore_ament_install']
[1.101s] Level 1:colcon.colcon_core.package_identification:_identify(src/cpp_srvcli) by extension 'ignore'
[1.102s] Level 1:colcon.colcon_core.package_identification:_identify(src/cpp_srvcli) by extension 'ignore_ament_install'
[1.104s] Level 1:colcon.colcon_core.package_identification:_identify(src/cpp_srvcli) by extensions ['colcon_pkg']
[1.104s] Level 1:colcon.colcon_core.package_identification:_identify(src/cpp_srvcli) by extension 'colcon_pkg'
[1.105s] Level 1:colcon.colcon_core.package_identification:_identify(src/cpp_srvcli) by extensions ['colcon_meta']
[1.105s] Level 1:colcon.colcon_core.package_identification:_identify(src/cpp_srvcli) by extension 'colcon_meta'
[1.106s] Level 1:colcon.colcon_core.package_identification:_identify(src/cpp_srvcli) by extensions ['ros']
[1.107s] Level 1:colcon.colcon_core.package_identification:_identify(src/cpp_srvcli) by extension 'ros'
[1.117s] DEBUG:colcon.colcon_core.package_identification:Package 'src/cpp_srvcli' with type 'ros.ament_cmake' and name 'cpp_srvcli'
[1.121s] Level 1:colcon.colcon_core.package_identification:_identify(src/install) by extensions ['ignore', 'ignore_ament_install']
[1.121s] Level 1:colcon.colcon_core.package_identification:_identify(src/install) by extension 'ignore'
[1.122s] Level 1:colcon.colcon_core.package_identification:_identify(src/install) ignored
[1.129s] Level 1:colcon.colcon_core.package_identification:_identify(src/log) by extensions ['ignore', 'ignore_ament_install']
[1.129s] Level 1:colcon.colcon_core.package_identification:_identify(src/log) by extension 'ignore'
[1.130s] Level 1:colcon.colcon_core.package_identification:_identify(src/log) ignored
[1.133s] Level 1:colcon.colcon_core.package_identification:_identify(src/my_package) by extensions ['ignore', 'ignore_ament_install']
[1.134s] Level 1:colcon.colcon_core.package_identification:_identify(src/my_package) by extension 'ignore'
[1.135s] Level 1:colcon.colcon_core.package_identification:_identify(src/my_package) by extension 'ignore_ament_install'
[1.136s] Level 1:colcon.colcon_core.package_identification:_identify(src/my_package) by extensions ['colcon_pkg']
[1.137s] Level 1:colcon.colcon_core.package_identification:_identify(src/my_package) by extension 'colcon_pkg'
[1.138s] Level 1:colcon.colcon_core.package_identification:_identify(src/my_package) by extensions ['colcon_meta']
[1.138s] Level 1:colcon.colcon_core.package_identification:_identify(src/my_package) by extension 'colcon_meta'
[1.139s] Level 1:colcon.colcon_core.package_identification:_identify(src/my_package) by extensions ['ros']
[1.139s] Level 1:colcon.colcon_core.package_identification:_identify(src/my_package) by extension 'ros'
[1.150s] DEBUG:colcon.colcon_core.package_identification:Package 'src/my_package' with type 'ros.ament_python' and name 'my_package'
[1.154s] Level 1:colcon.colcon_core.package_identification:_identify(src/my_package_cpp) by extensions ['ignore', 'ignore_ament_install']
[1.154s] Level 1:colcon.colcon_core.package_identification:_identify(src/my_package_cpp) by extension 'ignore'
[1.155s] Level 1:colcon.colcon_core.package_identification:_identify(src/my_package_cpp) by extension 'ignore_ament_install'
[1.157s] Level 1:colcon.colcon_core.package_identification:_identify(src/my_package_cpp) by extensions ['colcon_pkg']
[1.157s] Level 1:colcon.colcon_core.package_identification:_identify(src/my_package_cpp) by extension 'colcon_pkg'
[1.158s] Level 1:colcon.colcon_core.package_identification:_identify(src/my_package_cpp) by extensions ['colcon_meta']
[1.158s] Level 1:colcon.colcon_core.package_identification:_identify(src/my_package_cpp) by extension 'colcon_meta'
[1.159s] Level 1:colcon.colcon_core.package_identification:_identify(src/my_package_cpp) by extensions ['ros']
[1.159s] Level 1:colcon.colcon_core.package_identification:_identify(src/my_package_cpp) by extension 'ros'
[1.169s] DEBUG:colcon.colcon_core.package_identification:Package 'src/my_package_cpp' with type 'ros.ament_cmake' and name 'my_package_cpp'
[1.173s] Level 1:colcon.colcon_core.package_identification:_identify(src/py_pubsub) by extensions ['ignore', 'ignore_ament_install']
[1.173s] Level 1:colcon.colcon_core.package_identification:_identify(src/py_pubsub) by extension 'ignore'
[1.174s] Level 1:colcon.colcon_core.package_identification:_identify(src/py_pubsub) by extension 'ignore_ament_install'
[1.176s] Level 1:colcon.colcon_core.package_identification:_identify(src/py_pubsub) by extensions ['colcon_pkg']
[1.176s] Level 1:colcon.colcon_core.package_identification:_identify(src/py_pubsub) by extension 'colcon_pkg'
[1.177s] Level 1:colcon.colcon_core.package_identification:_identify(src/py_pubsub) by extensions ['colcon_meta']
[1.177s] Level 1:colcon.colcon_core.package_identification:_identify(src/py_pubsub) by extension 'colcon_meta'
[1.179s] Level 1:colcon.colcon_core.package_identification:_identify(src/py_pubsub) by extensions ['ros']
[1.179s] Level 1:colcon.colcon_core.package_identification:_identify(src/py_pubsub) by extension 'ros'
[1.189s] DEBUG:colcon.colcon_core.package_identification:Package 'src/py_pubsub' with type 'ros.ament_python' and name 'py_pubsub'
[1.192s] Level 1:colcon.colcon_core.package_identification:_identify(src/py_srvcli) by extensions ['ignore', 'ignore_ament_install']
[1.193s] Level 1:colcon.colcon_core.package_identification:_identify(src/py_srvcli) by extension 'ignore'
[1.194s] Level 1:colcon.colcon_core.package_identification:_identify(src/py_srvcli) by extension 'ignore_ament_install'
[1.195s] Level 1:colcon.colcon_core.package_identification:_identify(src/py_srvcli) by extensions ['colcon_pkg']
[1.196s] Level 1:colcon.colcon_core.package_identification:_identify(src/py_srvcli) by extension 'colcon_pkg'
[1.196s] Level 1:colcon.colcon_core.package_identification:_identify(src/py_srvcli) by extensions ['colcon_meta']
[1.197s] Level 1:colcon.colcon_core.package_identification:_identify(src/py_srvcli) by extension 'colcon_meta'
[1.198s] Level 1:colcon.colcon_core.package_identification:_identify(src/py_srvcli) by extensions ['ros']
[1.198s] Level 1:colcon.colcon_core.package_identification:_identify(src/py_srvcli) by extension 'ros'
[1.208s] DEBUG:colcon.colcon_core.package_identification:Package 'src/py_srvcli' with type 'ros.ament_python' and name 'py_srvcli'
[1.209s] Level 1:colcon.colcon_core.package_discovery:discover_packages(recursive) using defaults
[1.209s] Level 1:colcon.colcon_core.package_discovery:discover_packages(ignore) discover
[1.209s] Level 1:colcon.colcon_core.package_discovery:discover_packages(ignore) using defaults
[1.209s] Level 1:colcon.colcon_core.package_discovery:discover_packages(path) discover
[1.209s] Level 1:colcon.colcon_core.package_discovery:discover_packages(path) using defaults
[1.358s] Level 5:colcon.colcon_core.verb:set package 'cpp_srvcli' build argument 'cmake_args' from command line to 'None'
[1.358s] Level 5:colcon.colcon_core.verb:set package 'cpp_srvcli' build argument 'cmake_target' from command line to 'None'
[1.358s] Level 5:colcon.colcon_core.verb:set package 'cpp_srvcli' build argument 'cmake_target_skip_unavailable' from command line to 'False'
[1.358s] Level 5:colcon.colcon_core.verb:set package 'cpp_srvcli' build argument 'cmake_clean_cache' from command line to 'False'
[1.359s] Level 5:colcon.colcon_core.verb:set package 'cpp_srvcli' build argument 'cmake_clean_first' from command line to 'False'
[1.359s] Level 5:colcon.colcon_core.verb:set package 'cpp_srvcli' build argument 'cmake_force_configure' from command line to 'False'
[1.359s] Level 5:colcon.colcon_core.verb:set package 'cpp_srvcli' build argument 'ament_cmake_args' from command line to 'None'
[1.359s] Level 5:colcon.colcon_core.verb:set package 'cpp_srvcli' build argument 'catkin_cmake_args' from command line to 'None'
[1.359s] Level 5:colcon.colcon_core.verb:set package 'cpp_srvcli' build argument 'catkin_skip_building_tests' from command line to 'False'
[1.359s] DEBUG:colcon.colcon_core.verb:Building package 'cpp_srvcli' with the following arguments: {'ament_cmake_args': None, 'build_base': '/ros2_ws/build/cpp_srvcli', 'catkin_cmake_args': None, 'catkin_skip_building_tests': False, 'cmake_args': None, 'cmake_clean_cache': False, 'cmake_clean_first': False, 'cmake_force_configure': False, 'cmake_target': None, 'cmake_target_skip_unavailable': False, 'install_base': '/ros2_ws/install/cpp_srvcli', 'merge_install': False, 'path': '/ros2_ws/src/cpp_srvcli', 'symlink_install': False, 'test_result_base': None}
[1.360s] Level 5:colcon.colcon_core.verb:set package 'my_package' build argument 'cmake_args' from command line to 'None'
[1.360s] Level 5:colcon.colcon_core.verb:set package 'my_package' build argument 'cmake_target' from command line to 'None'
[1.360s] Level 5:colcon.colcon_core.verb:set package 'my_package' build argument 'cmake_target_skip_unavailable' from command line to 'False'
[1.360s] Level 5:colcon.colcon_core.verb:set package 'my_package' build argument 'cmake_clean_cache' from command line to 'False'
[1.360s] Level 5:colcon.colcon_core.verb:set package 'my_package' build argument 'cmake_clean_first' from command line to 'False'
[1.361s] Level 5:colcon.colcon_core.verb:set package 'my_package' build argument 'cmake_force_configure' from command line to 'False'
[1.361s] Level 5:colcon.colcon_core.verb:set package 'my_package' build argument 'ament_cmake_args' from command line to 'None'
[1.361s] Level 5:colcon.colcon_core.verb:set package 'my_package' build argument 'catkin_cmake_args' from command line to 'None'
[1.361s] Level 5:colcon.colcon_core.verb:set package 'my_package' build argument 'catkin_skip_building_tests' from command line to 'False'
[1.361s] DEBUG:colcon.colcon_core.verb:Building package 'my_package' with the following arguments: {'ament_cmake_args': None, 'build_base': '/ros2_ws/build/my_package', 'catkin_cmake_args': None, 'catkin_skip_building_tests': False, 'cmake_args': None, 'cmake_clean_cache': False, 'cmake_clean_first': False, 'cmake_force_configure': False, 'cmake_target': None, 'cmake_target_skip_unavailable': False, 'install_base': '/ros2_ws/install/my_package', 'merge_install': False, 'path': '/ros2_ws/src/my_package', 'symlink_install': False, 'test_result_base': None}
[1.362s] Level 5:colcon.colcon_core.verb:set package 'my_package_cpp' build argument 'cmake_args' from command line to 'None'
[1.362s] Level 5:colcon.colcon_core.verb:set package 'my_package_cpp' build argument 'cmake_target' from command line to 'None'
[1.362s] Level 5:colcon.colcon_core.verb:set package 'my_package_cpp' build argument 'cmake_target_skip_unavailable' from command line to 'False'
[1.362s] Level 5:colcon.colcon_core.verb:set package 'my_package_cpp' build argument 'cmake_clean_cache' from command line to 'False'
[1.362s] Level 5:colcon.colcon_core.verb:set package 'my_package_cpp' build argument 'cmake_clean_first' from command line to 'False'
[1.362s] Level 5:colcon.colcon_core.verb:set package 'my_package_cpp' build argument 'cmake_force_configure' from command line to 'False'
[1.362s] Level 5:colcon.colcon_core.verb:set package 'my_package_cpp' build argument 'ament_cmake_args' from command line to 'None'
[1.363s] Level 5:colcon.colcon_core.verb:set package 'my_package_cpp' build argument 'catkin_cmake_args' from command line to 'None'
[1.363s] Level 5:colcon.colcon_core.verb:set package 'my_package_cpp' build argument 'catkin_skip_building_tests' from command line to 'False'
[1.363s] DEBUG:colcon.colcon_core.verb:Building package 'my_package_cpp' with the following arguments: {'ament_cmake_args': None, 'build_base': '/ros2_ws/build/my_package_cpp', 'catkin_cmake_args': None, 'catkin_skip_building_tests': False, 'cmake_args': None, 'cmake_clean_cache': False, 'cmake_clean_first': False, 'cmake_force_configure': False, 'cmake_target': None, 'cmake_target_skip_unavailable': False, 'install_base': '/ros2_ws/install/my_package_cpp', 'merge_install': False, 'path': '/ros2_ws/src/my_package_cpp', 'symlink_install': False, 'test_result_base': None}
[1.363s] Level 5:colcon.colcon_core.verb:set package 'py_pubsub' build argument 'cmake_args' from command line to 'None'
[1.363s] Level 5:colcon.colcon_core.verb:set package 'py_pubsub' build argument 'cmake_target' from command line to 'None'
[1.364s] Level 5:colcon.colcon_core.verb:set package 'py_pubsub' build argument 'cmake_target_skip_unavailable' from command line to 'False'
[1.364s] Level 5:colcon.colcon_core.verb:set package 'py_pubsub' build argument 'cmake_clean_cache' from command line to 'False'
[1.364s] Level 5:colcon.colcon_core.verb:set package 'py_pubsub' build argument 'cmake_clean_first' from command line to 'False'
[1.364s] Level 5:colcon.colcon_core.verb:set package 'py_pubsub' build argument 'cmake_force_configure' from command line to 'False'
[1.364s] Level 5:colcon.colcon_core.verb:set package 'py_pubsub' build argument 'ament_cmake_args' from command line to 'None'
[1.364s] Level 5:colcon.colcon_core.verb:set package 'py_pubsub' build argument 'catkin_cmake_args' from command line to 'None'
[1.364s] Level 5:colcon.colcon_core.verb:set package 'py_pubsub' build argument 'catkin_skip_building_tests' from command line to 'False'
[1.365s] DEBUG:colcon.colcon_core.verb:Building package 'py_pubsub' with the following arguments: {'ament_cmake_args': None, 'build_base': '/ros2_ws/build/py_pubsub', 'catkin_cmake_args': None, 'catkin_skip_building_tests': False, 'cmake_args': None, 'cmake_clean_cache': False, 'cmake_clean_first': False, 'cmake_force_configure': False, 'cmake_target': None, 'cmake_target_skip_unavailable': False, 'install_base': '/ros2_ws/install/py_pubsub', 'merge_install': False, 'path': '/ros2_ws/src/py_pubsub', 'symlink_install': False, 'test_result_base': None}
[1.365s] Level 5:colcon.colcon_core.verb:set package 'turtlesim' build argument 'cmake_args' from command line to 'None'
[1.365s] Level 5:colcon.colcon_core.verb:set package 'turtlesim' build argument 'cmake_target' from command line to 'None'
[1.365s] Level 5:colcon.colcon_core.verb:set package 'turtlesim' build argument 'cmake_target_skip_unavailable' from command line to 'False'
[1.365s] Level 5:colcon.colcon_core.verb:set package 'turtlesim' build argument 'cmake_clean_cache' from command line to 'False'
[1.366s] Level 5:colcon.colcon_core.verb:set package 'turtlesim' build argument 'cmake_clean_first' from command line to 'False'
[1.366s] Level 5:colcon.colcon_core.verb:set package 'turtlesim' build argument 'cmake_force_configure' from command line to 'False'
[1.366s] Level 5:colcon.colcon_core.verb:set package 'turtlesim' build argument 'ament_cmake_args' from command line to 'None'
[1.366s] Level 5:colcon.colcon_core.verb:set package 'turtlesim' build argument 'catkin_cmake_args' from command line to 'None'
[1.366s] Level 5:colcon.colcon_core.verb:set package 'turtlesim' build argument 'catkin_skip_building_tests' from command line to 'False'
[1.366s] DEBUG:colcon.colcon_core.verb:Building package 'turtlesim' with the following arguments: {'ament_cmake_args': None, 'build_base': '/ros2_ws/build/turtlesim', 'catkin_cmake_args': None, 'catkin_skip_building_tests': False, 'cmake_args': None, 'cmake_clean_cache': False, 'cmake_clean_first': False, 'cmake_force_configure': False, 'cmake_target': None, 'cmake_target_skip_unavailable': False, 'install_base': '/ros2_ws/install/turtlesim', 'merge_install': False, 'path': '/ros2_ws/ros_tutorials/turtlesim', 'symlink_install': False, 'test_result_base': None}
[1.367s] Level 5:colcon.colcon_core.verb:set package 'cpp_pubsub' build argument 'cmake_args' from command line to 'None'
[1.367s] Level 5:colcon.colcon_core.verb:set package 'cpp_pubsub' build argument 'cmake_target' from command line to 'None'
[1.367s] Level 5:colcon.colcon_core.verb:set package 'cpp_pubsub' build argument 'cmake_target_skip_unavailable' from command line to 'False'
[1.367s] Level 5:colcon.colcon_core.verb:set package 'cpp_pubsub' build argument 'cmake_clean_cache' from command line to 'False'
[1.367s] Level 5:colcon.colcon_core.verb:set package 'cpp_pubsub' build argument 'cmake_clean_first' from command line to 'False'
[1.368s] Level 5:colcon.colcon_core.verb:set package 'cpp_pubsub' build argument 'cmake_force_configure' from command line to 'False'
[1.368s] Level 5:colcon.colcon_core.verb:set package 'cpp_pubsub' build argument 'ament_cmake_args' from command line to 'None'
[1.368s] Level 5:colcon.colcon_core.verb:set package 'cpp_pubsub' build argument 'catkin_cmake_args' from command line to 'None'
[1.368s] Level 5:colcon.colcon_core.verb:set package 'cpp_pubsub' build argument 'catkin_skip_building_tests' from command line to 'False'
[1.368s] DEBUG:colcon.colcon_core.verb:Building package 'cpp_pubsub' with the following arguments: {'ament_cmake_args': None, 'build_base': '/ros2_ws/build/cpp_pubsub', 'catkin_cmake_args': None, 'catkin_skip_building_tests': False, 'cmake_args': None, 'cmake_clean_cache': False, 'cmake_clean_first': False, 'cmake_force_configure': False, 'cmake_target': None, 'cmake_target_skip_unavailable': False, 'install_base': '/ros2_ws/install/cpp_pubsub', 'merge_install': False, 'path': '/ros2_ws/src/cpp_pubsub', 'symlink_install': False, 'test_result_base': None}
[1.369s] Level 5:colcon.colcon_core.verb:set package 'py_srvcli' build argument 'cmake_args' from command line to 'None'
[1.369s] Level 5:colcon.colcon_core.verb:set package 'py_srvcli' build argument 'cmake_target' from command line to 'None'
[1.369s] Level 5:colcon.colcon_core.verb:set package 'py_srvcli' build argument 'cmake_target_skip_unavailable' from command line to 'False'
[1.369s] Level 5:colcon.colcon_core.verb:set package 'py_srvcli' build argument 'cmake_clean_cache' from command line to 'False'
[1.369s] Level 5:colcon.colcon_core.verb:set package 'py_srvcli' build argument 'cmake_clean_first' from command line to 'False'
[1.370s] Level 5:colcon.colcon_core.verb:set package 'py_srvcli' build argument 'cmake_force_configure' from command line to 'False'
[1.370s] Level 5:colcon.colcon_core.verb:set package 'py_srvcli' build argument 'ament_cmake_args' from command line to 'None'
[1.370s] Level 5:colcon.colcon_core.verb:set package 'py_srvcli' build argument 'catkin_cmake_args' from command line to 'None'
[1.370s] Level 5:colcon.colcon_core.verb:set package 'py_srvcli' build argument 'catkin_skip_building_tests' from command line to 'False'
[1.370s] DEBUG:colcon.colcon_core.verb:Building package 'py_srvcli' with the following arguments: {'ament_cmake_args': None, 'build_base': '/ros2_ws/build/py_srvcli', 'catkin_cmake_args': None, 'catkin_skip_building_tests': False, 'cmake_args': None, 'cmake_clean_cache': False, 'cmake_clean_first': False, 'cmake_force_configure': False, 'cmake_target': None, 'cmake_target_skip_unavailable': False, 'install_base': '/ros2_ws/install/py_srvcli', 'merge_install': False, 'path': '/ros2_ws/src/py_srvcli', 'symlink_install': False, 'test_result_base': None}
[1.370s] INFO:colcon.colcon_core.executor:Executing jobs using 'parallel' executor
[1.372s] DEBUG:colcon.colcon_parallel_executor.executor.parallel:run_until_complete
[1.372s] INFO:colcon.colcon_ros.task.ament_cmake.build:Building ROS package in '/ros2_ws/ros_tutorials/turtlesim' with build type 'ament_cmake'
[1.372s] INFO:colcon.colcon_cmake.task.cmake.build:Building CMake package in '/ros2_ws/ros_tutorials/turtlesim'
[1.389s] INFO:colcon.colcon_core.plugin_system:Skipping extension 'colcon_core.shell.bat': Not used on non-Windows systems
[1.390s] INFO:colcon.colcon_core.shell:Skip shell extension 'powershell' for command environment: Not usable outside of PowerShell
[1.390s] DEBUG:colcon.colcon_core.shell:Skip shell extension 'dsv' for command environment
[1.480s] INFO:colcon.colcon_ros.task.ament_cmake.build:Building ROS package in '/ros2_ws/src/cpp_srvcli' with build type 'ament_cmake'
[1.481s] INFO:colcon.colcon_cmake.task.cmake.build:Building CMake package in '/ros2_ws/src/cpp_srvcli'
[1.481s] INFO:colcon.colcon_core.shell:Skip shell extension 'powershell' for command environment: Not usable outside of PowerShell
[1.481s] DEBUG:colcon.colcon_core.shell:Skip shell extension 'dsv' for command environment
[1.560s] INFO:colcon.colcon_ros.task.ament_python.build:Building ROS package in '/ros2_ws/src/my_package' with build type 'ament_python'
[1.560s] Level 1:colcon.colcon_core.shell:create_environment_hook('my_package', 'ament_prefix_path')
[1.560s] INFO:colcon.colcon_core.shell:Creating environment hook '/ros2_ws/install/my_package/share/my_package/hook/ament_prefix_path.ps1'
[1.572s] INFO:colcon.colcon_core.shell:Creating environment descriptor '/ros2_ws/install/my_package/share/my_package/hook/ament_prefix_path.dsv'
[1.582s] INFO:colcon.colcon_core.shell:Creating environment hook '/ros2_ws/install/my_package/share/my_package/hook/ament_prefix_path.sh'
[1.593s] INFO:colcon.colcon_core.shell:Skip shell extension 'powershell' for command environment: Not usable outside of PowerShell
[1.593s] DEBUG:colcon.colcon_core.shell:Skip shell extension 'dsv' for command environment
[1.684s] INFO:colcon.colcon_ros.task.ament_cmake.build:Building ROS package in '/ros2_ws/src/my_package_cpp' with build type 'ament_cmake'
[1.684s] INFO:colcon.colcon_cmake.task.cmake.build:Building CMake package in '/ros2_ws/src/my_package_cpp'
[1.685s] INFO:colcon.colcon_core.shell:Skip shell extension 'powershell' for command environment: Not usable outside of PowerShell
[1.685s] DEBUG:colcon.colcon_core.shell:Skip shell extension 'dsv' for command environment
[1.764s] INFO:colcon.colcon_ros.task.ament_python.build:Building ROS package in '/ros2_ws/src/py_pubsub' with build type 'ament_python'
[1.764s] Level 1:colcon.colcon_core.shell:create_environment_hook('py_pubsub', 'ament_prefix_path')
[1.765s] INFO:colcon.colcon_core.shell:Creating environment hook '/ros2_ws/install/py_pubsub/share/py_pubsub/hook/ament_prefix_path.ps1'
[1.775s] INFO:colcon.colcon_core.shell:Creating environment descriptor '/ros2_ws/install/py_pubsub/share/py_pubsub/hook/ament_prefix_path.dsv'
[1.786s] INFO:colcon.colcon_core.shell:Creating environment hook '/ros2_ws/install/py_pubsub/share/py_pubsub/hook/ament_prefix_path.sh'
[1.796s] INFO:colcon.colcon_core.shell:Skip shell extension 'powershell' for command environment: Not usable outside of PowerShell
[1.796s] DEBUG:colcon.colcon_core.shell:Skip shell extension 'dsv' for command environment
[1.911s] DEBUG:colcon.colcon_core.event_handler.log_command:Invoking command in '/ros2_ws/build/turtlesim': CMAKE_PREFIX_PATH=${CMAKE_PREFIX_PATH}:/ros2_ws/install/py_srvcli:/ros2_ws/install/py_pubsub:/ros2_ws/install/my_package:/opt/ros/humble /usr/bin/cmake --build /ros2_ws/build/turtlesim -- -j16 -l16
[1.956s] DEBUG:colcon.colcon_core.event_handler.log_command:Invoking command in '/ros2_ws/build/cpp_srvcli': CMAKE_PREFIX_PATH=${CMAKE_PREFIX_PATH}:/ros2_ws/install/py_srvcli:/ros2_ws/install/py_pubsub:/ros2_ws/install/my_package:/opt/ros/humble /usr/bin/cmake --build /ros2_ws/build/cpp_srvcli -- -j16 -l16
[3.648s] INFO:colcon.colcon_core.task.python.build:Building Python package in '/ros2_ws/src/my_package'
[3.648s] INFO:colcon.colcon_core.shell:Skip shell extension 'powershell' for command environment: Not usable outside of PowerShell
[3.649s] DEBUG:colcon.colcon_core.shell:Skip shell extension 'dsv' for command environment
[3.954s] DEBUG:colcon.colcon_core.event_handler.log_command:Invoking command in '/ros2_ws/build/my_package_cpp': CMAKE_PREFIX_PATH=${CMAKE_PREFIX_PATH}:/ros2_ws/install/py_srvcli:/ros2_ws/install/py_pubsub:/ros2_ws/install/my_package:/opt/ros/humble /usr/bin/cmake --build /ros2_ws/build/my_package_cpp -- -j16 -l16
[5.042s] INFO:colcon.colcon_core.task.python.build:Building Python package in '/ros2_ws/src/py_pubsub'
[5.043s] INFO:colcon.colcon_core.shell:Skip shell extension 'powershell' for command environment: Not usable outside of PowerShell
[5.043s] DEBUG:colcon.colcon_core.shell:Skip shell extension 'dsv' for command environment
[5.162s] DEBUG:colcon.colcon_core.event_handler.log_command:Invoked command in '/ros2_ws/build/my_package_cpp' returned '0': CMAKE_PREFIX_PATH=${CMAKE_PREFIX_PATH}:/ros2_ws/install/py_srvcli:/ros2_ws/install/py_pubsub:/ros2_ws/install/my_package:/opt/ros/humble /usr/bin/cmake --build /ros2_ws/build/my_package_cpp -- -j16 -l16
[5.562s] DEBUG:colcon.colcon_core.event_handler.log_command:Invoking command in '/ros2_ws/build/my_package_cpp': CMAKE_PREFIX_PATH=${CMAKE_PREFIX_PATH}:/ros2_ws/install/py_srvcli:/ros2_ws/install/py_pubsub:/ros2_ws/install/my_package:/opt/ros/humble /usr/bin/cmake --install /ros2_ws/build/my_package_cpp
[5.635s] DEBUG:colcon.colcon_core.event_handler.log_command:Invoked command in '/ros2_ws/build/turtlesim' returned '0': CMAKE_PREFIX_PATH=${CMAKE_PREFIX_PATH}:/ros2_ws/install/py_srvcli:/ros2_ws/install/py_pubsub:/ros2_ws/install/my_package:/opt/ros/humble /usr/bin/cmake --build /ros2_ws/build/turtlesim -- -j16 -l16
[5.995s] Level 1:colcon.colcon_core.environment:create_environment_scripts_only(my_package_cpp)
[5.996s] DEBUG:colcon.colcon_core.event_handler.log_command:Invoked command in '/ros2_ws/build/my_package_cpp' returned '0': CMAKE_PREFIX_PATH=${CMAKE_PREFIX_PATH}:/ros2_ws/install/py_srvcli:/ros2_ws/install/py_pubsub:/ros2_ws/install/my_package:/opt/ros/humble /usr/bin/cmake --install /ros2_ws/build/my_package_cpp
[6.011s] Level 1:colcon.colcon_core.environment:checking '/ros2_ws/install/my_package_cpp' for CMake module files
[6.079s] Level 1:colcon.colcon_core.environment:checking '/ros2_ws/install/my_package_cpp' for CMake config files
[6.133s] Level 1:colcon.colcon_core.shell:create_environment_hook('my_package_cpp', 'cmake_prefix_path')
[6.133s] INFO:colcon.colcon_core.shell:Creating environment hook '/ros2_ws/install/my_package_cpp/share/my_package_cpp/hook/cmake_prefix_path.ps1'
[6.145s] INFO:colcon.colcon_core.shell:Creating environment descriptor '/ros2_ws/install/my_package_cpp/share/my_package_cpp/hook/cmake_prefix_path.dsv'
[6.158s] INFO:colcon.colcon_core.shell:Creating environment hook '/ros2_ws/install/my_package_cpp/share/my_package_cpp/hook/cmake_prefix_path.sh'
[6.174s] Level 1:colcon.colcon_core.environment:checking '/ros2_ws/install/my_package_cpp/lib'
[6.177s] Level 1:colcon.colcon_core.environment:checking '/ros2_ws/install/my_package_cpp/bin'
[6.178s] Level 1:colcon.colcon_core.environment:checking '/ros2_ws/install/my_package_cpp/lib/pkgconfig/my_package_cpp.pc'
[6.179s] Level 1:colcon.colcon_core.environment:checking '/ros2_ws/install/my_package_cpp/lib/python3.10/site-packages'
[6.181s] Level 1:colcon.colcon_core.environment:checking '/ros2_ws/install/my_package_cpp/bin'
[6.182s] INFO:colcon.colcon_core.shell:Creating package script '/ros2_ws/install/my_package_cpp/share/my_package_cpp/package.ps1'
[6.192s] INFO:colcon.colcon_core.shell:Creating package descriptor '/ros2_ws/install/my_package_cpp/share/my_package_cpp/package.dsv'
[6.202s] INFO:colcon.colcon_core.shell:Creating package script '/ros2_ws/install/my_package_cpp/share/my_package_cpp/package.sh'
[6.212s] INFO:colcon.colcon_core.shell:Creating package script '/ros2_ws/install/my_package_cpp/share/my_package_cpp/package.bash'
[6.222s] INFO:colcon.colcon_core.shell:Creating package script '/ros2_ws/install/my_package_cpp/share/my_package_cpp/package.zsh'
[6.232s] Level 1:colcon.colcon_core.environment:create_file_with_runtime_dependencies(/ros2_ws/install/my_package_cpp/share/colcon-core/packages/my_package_cpp)
[6.367s] Level 1:colcon.colcon_core.environment:create_environment_scripts_only(my_package_cpp)
[6.367s] Level 1:colcon.colcon_core.environment:checking '/ros2_ws/install/my_package_cpp' for CMake module files
[6.432s] Level 1:colcon.colcon_core.environment:checking '/ros2_ws/install/my_package_cpp' for CMake config files
[6.488s] Level 1:colcon.colcon_core.shell:create_environment_hook('my_package_cpp', 'cmake_prefix_path')
[6.489s] INFO:colcon.colcon_core.shell:Creating environment hook '/ros2_ws/install/my_package_cpp/share/my_package_cpp/hook/cmake_prefix_path.ps1'
[6.501s] INFO:colcon.colcon_core.shell:Creating environment descriptor '/ros2_ws/install/my_package_cpp/share/my_package_cpp/hook/cmake_prefix_path.dsv'
[6.512s] INFO:colcon.colcon_core.shell:Creating environment hook '/ros2_ws/install/my_package_cpp/share/my_package_cpp/hook/cmake_prefix_path.sh'
[6.528s] Level 1:colcon.colcon_core.environment:checking '/ros2_ws/install/my_package_cpp/lib'
[6.532s] Level 1:colcon.colcon_core.environment:checking '/ros2_ws/install/my_package_cpp/bin'
[6.533s] Level 1:colcon.colcon_core.environment:checking '/ros2_ws/install/my_package_cpp/lib/pkgconfig/my_package_cpp.pc'
[6.534s] Level 1:colcon.colcon_core.environment:checking '/ros2_ws/install/my_package_cpp/lib/python3.10/site-packages'
[6.536s] Level 1:colcon.colcon_core.environment:checking '/ros2_ws/install/my_package_cpp/bin'
[6.537s] INFO:colcon.colcon_core.shell:Creating package script '/ros2_ws/install/my_package_cpp/share/my_package_cpp/package.ps1'
[6.546s] INFO:colcon.colcon_core.shell:Creating package descriptor '/ros2_ws/install/my_package_cpp/share/my_package_cpp/package.dsv'
[6.556s] INFO:colcon.colcon_core.shell:Creating package script '/ros2_ws/install/my_package_cpp/share/my_package_cpp/package.sh'
[6.565s] INFO:colcon.colcon_core.shell:Creating package script '/ros2_ws/install/my_package_cpp/share/my_package_cpp/package.bash'
[6.576s] INFO:colcon.colcon_core.shell:Creating package script '/ros2_ws/install/my_package_cpp/share/my_package_cpp/package.zsh'
[6.586s] Level 1:colcon.colcon_core.environment:create_file_with_runtime_dependencies(/ros2_ws/install/my_package_cpp/share/colcon-core/packages/my_package_cpp)
[6.924s] DEBUG:colcon.colcon_core.event_handler.log_command:Invoking command in '/ros2_ws/src/my_package': PYTHONPATH=/ros2_ws/build/my_package/prefix_override:/usr/lib/python3/dist-packages/colcon_core/task/python/colcon_distutils_commands:/ros2_ws/install/my_package/lib/python3.10/site-packages:${PYTHONPATH} /usr/bin/python3 -W ignore:setup.py install is deprecated setup.py egg_info --egg-base ../../build/my_package build --build-base /ros2_ws/build/my_package/build install --record /ros2_ws/build/my_package/install.log --single-version-externally-managed install_data
[6.953s] DEBUG:colcon.colcon_core.event_handler.log_command:Invoking command in '/ros2_ws/src/py_pubsub': PYTHONPATH=/ros2_ws/build/py_pubsub/prefix_override:/usr/lib/python3/dist-packages/colcon_core/task/python/colcon_distutils_commands:/ros2_ws/install/py_pubsub/lib/python3.10/site-packages:${PYTHONPATH} /usr/bin/python3 -W ignore:setup.py install is deprecated setup.py egg_info --egg-base ../../build/py_pubsub build --build-base /ros2_ws/build/py_pubsub/build install --record /ros2_ws/build/py_pubsub/install.log --single-version-externally-managed install_data
[8.814s] Level 1:colcon.colcon_core.environment:checking '/ros2_ws/install/my_package' for CMake module files
[8.816s] DEBUG:colcon.colcon_core.event_handler.log_command:Invoked command in '/ros2_ws/src/my_package' returned '0': PYTHONPATH=/ros2_ws/build/my_package/prefix_override:/usr/lib/python3/dist-packages/colcon_core/task/python/colcon_distutils_commands:/ros2_ws/install/my_package/lib/python3.10/site-packages:${PYTHONPATH} /usr/bin/python3 -W ignore:setup.py install is deprecated setup.py egg_info --egg-base ../../build/my_package build --build-base /ros2_ws/build/my_package/build install --record /ros2_ws/build/my_package/install.log --single-version-externally-managed install_data
[8.850s] Level 1:colcon.colcon_core.environment:checking '/ros2_ws/install/my_package' for CMake config files
[8.915s] Level 1:colcon.colcon_core.environment:checking '/ros2_ws/install/my_package/lib'
[8.917s] Level 1:colcon.colcon_core.environment:checking '/ros2_ws/install/my_package/bin'
[8.918s] Level 1:colcon.colcon_core.environment:checking '/ros2_ws/install/my_package/lib/pkgconfig/my_package.pc'
[8.919s] Level 1:colcon.colcon_core.environment:checking '/ros2_ws/install/my_package/lib/python3.10/site-packages'
[8.921s] Level 1:colcon.colcon_core.shell:create_environment_hook('my_package', 'pythonpath')
[8.921s] INFO:colcon.colcon_core.shell:Creating environment hook '/ros2_ws/install/my_package/share/my_package/hook/pythonpath.ps1'
[8.931s] INFO:colcon.colcon_core.shell:Creating environment descriptor '/ros2_ws/install/my_package/share/my_package/hook/pythonpath.dsv'
[8.941s] INFO:colcon.colcon_core.shell:Creating environment hook '/ros2_ws/install/my_package/share/my_package/hook/pythonpath.sh'
[8.951s] Level 1:colcon.colcon_core.environment:checking '/ros2_ws/install/my_package/bin'
[8.952s] Level 1:colcon.colcon_core.environment:create_environment_scripts_only(my_package)
[8.952s] INFO:colcon.colcon_core.shell:Creating package script '/ros2_ws/install/my_package/share/my_package/package.ps1'
[8.961s] INFO:colcon.colcon_core.shell:Creating package descriptor '/ros2_ws/install/my_package/share/my_package/package.dsv'
[8.969s] INFO:colcon.colcon_core.shell:Creating package script '/ros2_ws/install/my_package/share/my_package/package.sh'
[8.978s] INFO:colcon.colcon_core.shell:Creating package script '/ros2_ws/install/my_package/share/my_package/package.bash'
[8.988s] INFO:colcon.colcon_core.shell:Creating package script '/ros2_ws/install/my_package/share/my_package/package.zsh'
[8.996s] Level 1:colcon.colcon_core.environment:create_file_with_runtime_dependencies(/ros2_ws/install/my_package/share/colcon-core/packages/my_package)
[9.032s] Level 1:colcon.colcon_core.environment:checking '/ros2_ws/install/py_pubsub' for CMake module files
[9.033s] DEBUG:colcon.colcon_core.event_handler.log_command:Invoked command in '/ros2_ws/src/py_pubsub' returned '0': PYTHONPATH=/ros2_ws/build/py_pubsub/prefix_override:/usr/lib/python3/dist-packages/colcon_core/task/python/colcon_distutils_commands:/ros2_ws/install/py_pubsub/lib/python3.10/site-packages:${PYTHONPATH} /usr/bin/python3 -W ignore:setup.py install is deprecated setup.py egg_info --egg-base ../../build/py_pubsub build --build-base /ros2_ws/build/py_pubsub/build install --record /ros2_ws/build/py_pubsub/install.log --single-version-externally-managed install_data
[9.073s] Level 1:colcon.colcon_core.environment:checking '/ros2_ws/install/py_pubsub' for CMake config files
[9.134s] Level 1:colcon.colcon_core.environment:checking '/ros2_ws/install/py_pubsub/lib'
[9.137s] Level 1:colcon.colcon_core.environment:checking '/ros2_ws/install/py_pubsub/bin'
[9.138s] Level 1:colcon.colcon_core.environment:checking '/ros2_ws/install/py_pubsub/lib/pkgconfig/py_pubsub.pc'
[9.139s] Level 1:colcon.colcon_core.environment:checking '/ros2_ws/install/py_pubsub/lib/python3.10/site-packages'
[9.141s] Level 1:colcon.colcon_core.shell:create_environment_hook('py_pubsub', 'pythonpath')
[9.142s] INFO:colcon.colcon_core.shell:Creating environment hook '/ros2_ws/install/py_pubsub/share/py_pubsub/hook/pythonpath.ps1'
[9.152s] INFO:colcon.colcon_core.shell:Creating environment descriptor '/ros2_ws/install/py_pubsub/share/py_pubsub/hook/pythonpath.dsv'
[9.161s] INFO:colcon.colcon_core.shell:Creating environment hook '/ros2_ws/install/py_pubsub/share/py_pubsub/hook/pythonpath.sh'
[9.171s] Level 1:colcon.colcon_core.environment:checking '/ros2_ws/install/py_pubsub/bin'
[9.172s] Level 1:colcon.colcon_core.environment:create_environment_scripts_only(py_pubsub)
[9.172s] INFO:colcon.colcon_core.shell:Creating package script '/ros2_ws/install/py_pubsub/share/py_pubsub/package.ps1'
[9.181s] INFO:colcon.colcon_core.shell:Creating package descriptor '/ros2_ws/install/py_pubsub/share/py_pubsub/package.dsv'
[9.190s] INFO:colcon.colcon_core.shell:Creating package script '/ros2_ws/install/py_pubsub/share/py_pubsub/package.sh'
[9.198s] INFO:colcon.colcon_core.shell:Creating package script '/ros2_ws/install/py_pubsub/share/py_pubsub/package.bash'
[9.206s] INFO:colcon.colcon_core.shell:Creating package script '/ros2_ws/install/py_pubsub/share/py_pubsub/package.zsh'
[9.214s] Level 1:colcon.colcon_core.environment:create_file_with_runtime_dependencies(/ros2_ws/install/py_pubsub/share/colcon-core/packages/py_pubsub)
[10.238s] DEBUG:colcon.colcon_core.event_handler.log_command:Invoking command in '/ros2_ws/build/turtlesim': CMAKE_PREFIX_PATH=${CMAKE_PREFIX_PATH}:/ros2_ws/install/py_srvcli:/ros2_ws/install/py_pubsub:/ros2_ws/install/my_package:/opt/ros/humble /usr/bin/cmake --install /ros2_ws/build/turtlesim
[16.312s] DEBUG:colcon.colcon_core.event_handler.log_command:Invoked command in '/ros2_ws/build/cpp_srvcli' returned '0': CMAKE_PREFIX_PATH=${CMAKE_PREFIX_PATH}:/ros2_ws/install/py_srvcli:/ros2_ws/install/py_pubsub:/ros2_ws/install/my_package:/opt/ros/humble /usr/bin/cmake --build /ros2_ws/build/cpp_srvcli -- -j16 -l16
[16.626s] DEBUG:colcon.colcon_core.event_handler.log_command:Invoking command in '/ros2_ws/build/cpp_srvcli': CMAKE_PREFIX_PATH=${CMAKE_PREFIX_PATH}:/ros2_ws/install/py_srvcli:/ros2_ws/install/py_pubsub:/ros2_ws/install/my_package:/opt/ros/humble /usr/bin/cmake --install /ros2_ws/build/cpp_srvcli
[17.274s] Level 1:colcon.colcon_core.environment:create_environment_scripts_only(cpp_srvcli)
[17.275s] Level 1:colcon.colcon_core.environment:checking '/ros2_ws/install/cpp_srvcli' for CMake module files
[17.275s] DEBUG:colcon.colcon_core.event_handler.log_command:Invoked command in '/ros2_ws/build/cpp_srvcli' returned '0': CMAKE_PREFIX_PATH=${CMAKE_PREFIX_PATH}:/ros2_ws/install/py_srvcli:/ros2_ws/install/py_pubsub:/ros2_ws/install/my_package:/opt/ros/humble /usr/bin/cmake --install /ros2_ws/build/cpp_srvcli
[17.337s] Level 1:colcon.colcon_core.environment:checking '/ros2_ws/install/cpp_srvcli' for CMake config files
[17.387s] Level 1:colcon.colcon_core.shell:create_environment_hook('cpp_srvcli', 'cmake_prefix_path')
[17.388s] INFO:colcon.colcon_core.shell:Creating environment hook '/ros2_ws/install/cpp_srvcli/share/cpp_srvcli/hook/cmake_prefix_path.ps1'
[17.398s] INFO:colcon.colcon_core.shell:Creating environment descriptor '/ros2_ws/install/cpp_srvcli/share/cpp_srvcli/hook/cmake_prefix_path.dsv'
[17.409s] INFO:colcon.colcon_core.shell:Creating environment hook '/ros2_ws/install/cpp_srvcli/share/cpp_srvcli/hook/cmake_prefix_path.sh'
[17.421s] Level 1:colcon.colcon_core.environment:checking '/ros2_ws/install/cpp_srvcli/lib'
[17.424s] Level 1:colcon.colcon_core.environment:checking '/ros2_ws/install/cpp_srvcli/bin'
[17.425s] Level 1:colcon.colcon_core.environment:checking '/ros2_ws/install/cpp_srvcli/lib/pkgconfig/cpp_srvcli.pc'
[17.426s] Level 1:colcon.colcon_core.environment:checking '/ros2_ws/install/cpp_srvcli/lib/python3.10/site-packages'
[17.427s] Level 1:colcon.colcon_core.environment:checking '/ros2_ws/install/cpp_srvcli/bin'
[17.428s] INFO:colcon.colcon_core.shell:Creating package script '/ros2_ws/install/cpp_srvcli/share/cpp_srvcli/package.ps1'
[17.438s] INFO:colcon.colcon_core.shell:Creating package descriptor '/ros2_ws/install/cpp_srvcli/share/cpp_srvcli/package.dsv'
[17.446s] INFO:colcon.colcon_core.shell:Creating package script '/ros2_ws/install/cpp_srvcli/share/cpp_srvcli/package.sh'
[17.454s] INFO:colcon.colcon_core.shell:Creating package script '/ros2_ws/install/cpp_srvcli/share/cpp_srvcli/package.bash'
[17.463s] INFO:colcon.colcon_core.shell:Creating package script '/ros2_ws/install/cpp_srvcli/share/cpp_srvcli/package.zsh'
[17.471s] Level 1:colcon.colcon_core.environment:create_file_with_runtime_dependencies(/ros2_ws/install/cpp_srvcli/share/colcon-core/packages/cpp_srvcli)
[17.824s] Level 1:colcon.colcon_core.environment:create_environment_scripts_only(turtlesim)
[17.825s] Level 1:colcon.colcon_core.environment:checking '/ros2_ws/install/turtlesim' for CMake module files
[17.825s] DEBUG:colcon.colcon_core.event_handler.log_command:Invoked command in '/ros2_ws/build/turtlesim' returned '0': CMAKE_PREFIX_PATH=${CMAKE_PREFIX_PATH}:/ros2_ws/install/py_srvcli:/ros2_ws/install/py_pubsub:/ros2_ws/install/my_package:/opt/ros/humble /usr/bin/cmake --install /ros2_ws/build/turtlesim
[17.972s] Level 1:colcon.colcon_core.environment:checking '/ros2_ws/install/turtlesim' for CMake config files
[18.156s] Level 1:colcon.colcon_core.shell:create_environment_hook('turtlesim', 'cmake_prefix_path')
[18.157s] INFO:colcon.colcon_core.shell:Creating environment hook '/ros2_ws/install/turtlesim/share/turtlesim/hook/cmake_prefix_path.ps1'
[18.166s] INFO:colcon.colcon_core.shell:Creating environment descriptor '/ros2_ws/install/turtlesim/share/turtlesim/hook/cmake_prefix_path.dsv'
[18.177s] INFO:colcon.colcon_core.shell:Creating environment hook '/ros2_ws/install/turtlesim/share/turtlesim/hook/cmake_prefix_path.sh'
[18.189s] Level 1:colcon.colcon_core.environment:checking '/ros2_ws/install/turtlesim/lib'
[18.192s] Level 1:colcon.colcon_core.shell:create_environment_hook('turtlesim', 'ld_library_path_lib')
[18.192s] INFO:colcon.colcon_core.shell:Creating environment hook '/ros2_ws/install/turtlesim/share/turtlesim/hook/ld_library_path_lib.ps1'
[18.203s] INFO:colcon.colcon_core.shell:Creating environment descriptor '/ros2_ws/install/turtlesim/share/turtlesim/hook/ld_library_path_lib.dsv'
[18.212s] INFO:colcon.colcon_core.shell:Creating environment hook '/ros2_ws/install/turtlesim/share/turtlesim/hook/ld_library_path_lib.sh'
[18.225s] Level 1:colcon.colcon_core.environment:checking '/ros2_ws/install/turtlesim/bin'
[18.227s] Level 1:colcon.colcon_core.environment:checking '/ros2_ws/install/turtlesim/lib/pkgconfig/turtlesim.pc'
[18.228s] Level 1:colcon.colcon_core.environment:checking '/ros2_ws/install/turtlesim/lib/python3.10/site-packages'
[18.230s] Level 1:colcon.colcon_core.environment:checking '/ros2_ws/install/turtlesim/bin'
[18.231s] INFO:colcon.colcon_core.shell:Creating package script '/ros2_ws/install/turtlesim/share/turtlesim/package.ps1'
[18.239s] INFO:colcon.colcon_core.shell:Creating package descriptor '/ros2_ws/install/turtlesim/share/turtlesim/package.dsv'
[18.248s] INFO:colcon.colcon_core.shell:Creating package script '/ros2_ws/install/turtlesim/share/turtlesim/package.sh'
[18.257s] INFO:colcon.colcon_core.shell:Creating package script '/ros2_ws/install/turtlesim/share/turtlesim/package.bash'
[18.265s] INFO:colcon.colcon_core.shell:Creating package script '/ros2_ws/install/turtlesim/share/turtlesim/package.zsh'
[18.274s] Level 1:colcon.colcon_core.environment:create_file_with_runtime_dependencies(/ros2_ws/install/turtlesim/share/colcon-core/packages/turtlesim)
[18.285s] Level 1:colcon.colcon_core.environment:create_environment_scripts_only(cpp_srvcli)
[18.286s] Level 1:colcon.colcon_core.environment:checking '/ros2_ws/install/cpp_srvcli' for CMake module files
[18.344s] Level 1:colcon.colcon_core.environment:checking '/ros2_ws/install/cpp_srvcli' for CMake config files
[18.393s] Level 1:colcon.colcon_core.shell:create_environment_hook('cpp_srvcli', 'cmake_prefix_path')
[18.393s] INFO:colcon.colcon_core.shell:Creating environment hook '/ros2_ws/install/cpp_srvcli/share/cpp_srvcli/hook/cmake_prefix_path.ps1'
[18.405s] INFO:colcon.colcon_core.shell:Creating environment descriptor '/ros2_ws/install/cpp_srvcli/share/cpp_srvcli/hook/cmake_prefix_path.dsv'
[18.415s] INFO:colcon.colcon_core.shell:Creating environment hook '/ros2_ws/install/cpp_srvcli/share/cpp_srvcli/hook/cmake_prefix_path.sh'
[18.427s] Level 1:colcon.colcon_core.environment:checking '/ros2_ws/install/cpp_srvcli/lib'
[18.430s] Level 1:colcon.colcon_core.environment:checking '/ros2_ws/install/cpp_srvcli/bin'
[18.431s] Level 1:colcon.colcon_core.environment:checking '/ros2_ws/install/cpp_srvcli/lib/pkgconfig/cpp_srvcli.pc'
[18.432s] Level 1:colcon.colcon_core.environment:checking '/ros2_ws/install/cpp_srvcli/lib/python3.10/site-packages'
[18.433s] Level 1:colcon.colcon_core.environment:checking '/ros2_ws/install/cpp_srvcli/bin'
[18.434s] INFO:colcon.colcon_core.shell:Creating package script '/ros2_ws/install/cpp_srvcli/share/cpp_srvcli/package.ps1'
[18.442s] INFO:colcon.colcon_core.shell:Creating package descriptor '/ros2_ws/install/cpp_srvcli/share/cpp_srvcli/package.dsv'
[18.450s] INFO:colcon.colcon_core.shell:Creating package script '/ros2_ws/install/cpp_srvcli/share/cpp_srvcli/package.sh'
[18.458s] INFO:colcon.colcon_core.shell:Creating package script '/ros2_ws/install/cpp_srvcli/share/cpp_srvcli/package.bash'
[18.466s] INFO:colcon.colcon_core.shell:Creating package script '/ros2_ws/install/cpp_srvcli/share/cpp_srvcli/package.zsh'
[18.475s] Level 1:colcon.colcon_core.environment:create_file_with_runtime_dependencies(/ros2_ws/install/cpp_srvcli/share/colcon-core/packages/cpp_srvcli)
[24.173s] Level 1:colcon.colcon_core.environment:create_environment_scripts_only(turtlesim)
[24.173s] Level 1:colcon.colcon_core.environment:checking '/ros2_ws/install/turtlesim' for CMake module files
[24.345s] Level 1:colcon.colcon_core.environment:checking '/ros2_ws/install/turtlesim' for CMake config files
[24.533s] Level 1:colcon.colcon_core.shell:create_environment_hook('turtlesim', 'cmake_prefix_path')
[24.533s] INFO:colcon.colcon_core.shell:Creating environment hook '/ros2_ws/install/turtlesim/share/turtlesim/hook/cmake_prefix_path.ps1'
[24.544s] INFO:colcon.colcon_core.shell:Creating environment descriptor '/ros2_ws/install/turtlesim/share/turtlesim/hook/cmake_prefix_path.dsv'
[24.554s] INFO:colcon.colcon_core.shell:Creating environment hook '/ros2_ws/install/turtlesim/share/turtlesim/hook/cmake_prefix_path.sh'
[24.567s] Level 1:colcon.colcon_core.environment:checking '/ros2_ws/install/turtlesim/lib'
[24.570s] Level 1:colcon.colcon_core.shell:create_environment_hook('turtlesim', 'ld_library_path_lib')
[24.570s] INFO:colcon.colcon_core.shell:Creating environment hook '/ros2_ws/install/turtlesim/share/turtlesim/hook/ld_library_path_lib.ps1'
[24.581s] INFO:colcon.colcon_core.shell:Creating environment descriptor '/ros2_ws/install/turtlesim/share/turtlesim/hook/ld_library_path_lib.dsv'
[24.591s] INFO:colcon.colcon_core.shell:Creating environment hook '/ros2_ws/install/turtlesim/share/turtlesim/hook/ld_library_path_lib.sh'
[24.601s] Level 1:colcon.colcon_core.environment:checking '/ros2_ws/install/turtlesim/bin'
[24.602s] Level 1:colcon.colcon_core.environment:checking '/ros2_ws/install/turtlesim/lib/pkgconfig/turtlesim.pc'
[24.604s] Level 1:colcon.colcon_core.environment:checking '/ros2_ws/install/turtlesim/lib/python3.10/site-packages'
[24.605s] Level 1:colcon.colcon_core.environment:checking '/ros2_ws/install/turtlesim/bin'
[24.606s] INFO:colcon.colcon_core.shell:Creating package script '/ros2_ws/install/turtlesim/share/turtlesim/package.ps1'
[24.615s] INFO:colcon.colcon_core.shell:Creating package descriptor '/ros2_ws/install/turtlesim/share/turtlesim/package.dsv'
[24.624s] INFO:colcon.colcon_core.shell:Creating package script '/ros2_ws/install/turtlesim/share/turtlesim/package.sh'
[24.633s] INFO:colcon.colcon_core.shell:Creating package script '/ros2_ws/install/turtlesim/share/turtlesim/package.bash'
[24.642s] INFO:colcon.colcon_core.shell:Creating package script '/ros2_ws/install/turtlesim/share/turtlesim/package.zsh'
[24.651s] Level 1:colcon.colcon_core.environment:create_file_with_runtime_dependencies(/ros2_ws/install/turtlesim/share/colcon-core/packages/turtlesim)
[24.659s] INFO:colcon.colcon_ros.task.ament_cmake.build:Building ROS package in '/ros2_ws/src/cpp_pubsub' with build type 'ament_cmake'
[24.659s] INFO:colcon.colcon_cmake.task.cmake.build:Building CMake package in '/ros2_ws/src/cpp_pubsub'
[24.659s] INFO:colcon.colcon_core.shell:Skip shell extension 'powershell' for command environment: Not usable outside of PowerShell
[24.660s] DEBUG:colcon.colcon_core.shell:Skip shell extension 'dsv' for command environment
[24.753s] INFO:colcon.colcon_ros.task.ament_python.build:Building ROS package in '/ros2_ws/src/py_srvcli' with build type 'ament_python'
[24.753s] Level 1:colcon.colcon_core.shell:create_environment_hook('py_srvcli', 'ament_prefix_path')
[24.753s] INFO:colcon.colcon_core.shell:Creating environment hook '/ros2_ws/install/py_srvcli/share/py_srvcli/hook/ament_prefix_path.ps1'
[24.764s] INFO:colcon.colcon_core.shell:Creating environment descriptor '/ros2_ws/install/py_srvcli/share/py_srvcli/hook/ament_prefix_path.dsv'
[24.773s] INFO:colcon.colcon_core.shell:Creating environment hook '/ros2_ws/install/py_srvcli/share/py_srvcli/hook/ament_prefix_path.sh'
[24.783s] INFO:colcon.colcon_core.shell:Skip shell extension 'powershell' for command environment: Not usable outside of PowerShell
[24.783s] DEBUG:colcon.colcon_core.shell:Skip shell extension 'dsv' for command environment
[24.887s] DEBUG:colcon.colcon_core.event_handler.log_command:Invoking command in '/ros2_ws/build/cpp_pubsub': CMAKE_PREFIX_PATH=/ros2_ws/install/turtlesim:/ros2_ws/install/cpp_pubsub:/ros2_ws/install/my_package_cpp:/ros2_ws/install/cpp_srvcli:/ros2_ws/install/py_srvcli:/ros2_ws/install/py_pubsub:/ros2_ws/install/my_package:/opt/ros/humble /usr/bin/cmake --build /ros2_ws/build/cpp_pubsub -- -j16 -l16
[26.198s] INFO:colcon.colcon_core.task.python.build:Building Python package in '/ros2_ws/src/py_srvcli'
[26.198s] INFO:colcon.colcon_core.shell:Skip shell extension 'powershell' for command environment: Not usable outside of PowerShell
[26.198s] DEBUG:colcon.colcon_core.shell:Skip shell extension 'dsv' for command environment
[26.292s] DEBUG:colcon.colcon_core.event_handler.log_command:Invoked command in '/ros2_ws/build/cpp_pubsub' returned '0': CMAKE_PREFIX_PATH=/ros2_ws/install/turtlesim:/ros2_ws/install/cpp_pubsub:/ros2_ws/install/my_package_cpp:/ros2_ws/install/cpp_srvcli:/ros2_ws/install/py_srvcli:/ros2_ws/install/py_pubsub:/ros2_ws/install/my_package:/opt/ros/humble /usr/bin/cmake --build /ros2_ws/build/cpp_pubsub -- -j16 -l16
[26.824s] DEBUG:colcon.colcon_core.event_handler.log_command:Invoking command in '/ros2_ws/build/cpp_pubsub': CMAKE_PREFIX_PATH=/ros2_ws/install/turtlesim:/ros2_ws/install/cpp_pubsub:/ros2_ws/install/my_package_cpp:/ros2_ws/install/cpp_srvcli:/ros2_ws/install/py_srvcli:/ros2_ws/install/py_pubsub:/ros2_ws/install/my_package:/opt/ros/humble /usr/bin/cmake --install /ros2_ws/build/cpp_pubsub
[27.382s] Level 1:colcon.colcon_core.environment:create_environment_scripts_only(cpp_pubsub)
[27.382s] Level 1:colcon.colcon_core.environment:checking '/ros2_ws/install/cpp_pubsub' for CMake module files
[27.383s] DEBUG:colcon.colcon_core.event_handler.log_command:Invoked command in '/ros2_ws/build/cpp_pubsub' returned '0': CMAKE_PREFIX_PATH=/ros2_ws/install/turtlesim:/ros2_ws/install/cpp_pubsub:/ros2_ws/install/my_package_cpp:/ros2_ws/install/cpp_srvcli:/ros2_ws/install/py_srvcli:/ros2_ws/install/py_pubsub:/ros2_ws/install/my_package:/opt/ros/humble /usr/bin/cmake --install /ros2_ws/build/cpp_pubsub
[27.447s] Level 1:colcon.colcon_core.environment:checking '/ros2_ws/install/cpp_pubsub' for CMake config files
[27.494s] Level 1:colcon.colcon_core.shell:create_environment_hook('cpp_pubsub', 'cmake_prefix_path')
[27.494s] INFO:colcon.colcon_core.shell:Creating environment hook '/ros2_ws/install/cpp_pubsub/share/cpp_pubsub/hook/cmake_prefix_path.ps1'
[27.504s] INFO:colcon.colcon_core.shell:Creating environment descriptor '/ros2_ws/install/cpp_pubsub/share/cpp_pubsub/hook/cmake_prefix_path.dsv'
[27.514s] INFO:colcon.colcon_core.shell:Creating environment hook '/ros2_ws/install/cpp_pubsub/share/cpp_pubsub/hook/cmake_prefix_path.sh'
[27.525s] Level 1:colcon.colcon_core.environment:checking '/ros2_ws/install/cpp_pubsub/lib'
[27.529s] Level 1:colcon.colcon_core.environment:checking '/ros2_ws/install/cpp_pubsub/bin'
[27.529s] Level 1:colcon.colcon_core.environment:checking '/ros2_ws/install/cpp_pubsub/lib/pkgconfig/cpp_pubsub.pc'
[27.531s] Level 1:colcon.colcon_core.environment:checking '/ros2_ws/install/cpp_pubsub/lib/python3.10/site-packages'
[27.532s] Level 1:colcon.colcon_core.environment:checking '/ros2_ws/install/cpp_pubsub/bin'
[27.533s] INFO:colcon.colcon_core.shell:Creating package script '/ros2_ws/install/cpp_pubsub/share/cpp_pubsub/package.ps1'
[27.542s] INFO:colcon.colcon_core.shell:Creating package descriptor '/ros2_ws/install/cpp_pubsub/share/cpp_pubsub/package.dsv'
[27.549s] INFO:colcon.colcon_core.shell:Creating package script '/ros2_ws/install/cpp_pubsub/share/cpp_pubsub/package.sh'
[27.557s] INFO:colcon.colcon_core.shell:Creating package script '/ros2_ws/install/cpp_pubsub/share/cpp_pubsub/package.bash'
[27.566s] INFO:colcon.colcon_core.shell:Creating package script '/ros2_ws/install/cpp_pubsub/share/cpp_pubsub/package.zsh'
[27.575s] Level 1:colcon.colcon_core.environment:create_file_with_runtime_dependencies(/ros2_ws/install/cpp_pubsub/share/colcon-core/packages/cpp_pubsub)
[27.949s] DEBUG:colcon.colcon_core.event_handler.log_command:Invoking command in '/ros2_ws/src/py_srvcli': CMAKE_PREFIX_PATH=/ros2_ws/install/turtlesim:/ros2_ws/install/cpp_pubsub:/ros2_ws/install/my_package_cpp:/ros2_ws/install/cpp_srvcli PYTHONPATH=/ros2_ws/build/py_srvcli/prefix_override:/usr/lib/python3/dist-packages/colcon_core/task/python/colcon_distutils_commands:/ros2_ws/install/py_srvcli/lib/python3.10/site-packages:${PYTHONPATH} /usr/bin/python3 -W ignore:setup.py install is deprecated setup.py egg_info --egg-base ../../build/py_srvcli build --build-base /ros2_ws/build/py_srvcli/build install --record /ros2_ws/build/py_srvcli/install.log --single-version-externally-managed install_data
[28.171s] Level 1:colcon.colcon_core.environment:create_environment_scripts_only(cpp_pubsub)
[28.171s] Level 1:colcon.colcon_core.environment:checking '/ros2_ws/install/cpp_pubsub' for CMake module files
[28.234s] Level 1:colcon.colcon_core.environment:checking '/ros2_ws/install/cpp_pubsub' for CMake config files
[28.283s] Level 1:colcon.colcon_core.shell:create_environment_hook('cpp_pubsub', 'cmake_prefix_path')
[28.283s] INFO:colcon.colcon_core.shell:Creating environment hook '/ros2_ws/install/cpp_pubsub/share/cpp_pubsub/hook/cmake_prefix_path.ps1'
[28.293s] INFO:colcon.colcon_core.shell:Creating environment descriptor '/ros2_ws/install/cpp_pubsub/share/cpp_pubsub/hook/cmake_prefix_path.dsv'
[28.303s] INFO:colcon.colcon_core.shell:Creating environment hook '/ros2_ws/install/cpp_pubsub/share/cpp_pubsub/hook/cmake_prefix_path.sh'
[28.315s] Level 1:colcon.colcon_core.environment:checking '/ros2_ws/install/cpp_pubsub/lib'
[28.318s] Level 1:colcon.colcon_core.environment:checking '/ros2_ws/install/cpp_pubsub/bin'
[28.318s] Level 1:colcon.colcon_core.environment:checking '/ros2_ws/install/cpp_pubsub/lib/pkgconfig/cpp_pubsub.pc'
[28.319s] Level 1:colcon.colcon_core.environment:checking '/ros2_ws/install/cpp_pubsub/lib/python3.10/site-packages'
[28.321s] Level 1:colcon.colcon_core.environment:checking '/ros2_ws/install/cpp_pubsub/bin'
[28.322s] INFO:colcon.colcon_core.shell:Creating package script '/ros2_ws/install/cpp_pubsub/share/cpp_pubsub/package.ps1'
[28.330s] INFO:colcon.colcon_core.shell:Creating package descriptor '/ros2_ws/install/cpp_pubsub/share/cpp_pubsub/package.dsv'
[28.340s] INFO:colcon.colcon_core.shell:Creating package script '/ros2_ws/install/cpp_pubsub/share/cpp_pubsub/package.sh'
[28.348s] INFO:colcon.colcon_core.shell:Creating package script '/ros2_ws/install/cpp_pubsub/share/cpp_pubsub/package.bash'
[28.357s] INFO:colcon.colcon_core.shell:Creating package script '/ros2_ws/install/cpp_pubsub/share/cpp_pubsub/package.zsh'
[28.365s] Level 1:colcon.colcon_core.environment:create_file_with_runtime_dependencies(/ros2_ws/install/cpp_pubsub/share/colcon-core/packages/cpp_pubsub)
[30.037s] Level 1:colcon.colcon_core.environment:checking '/ros2_ws/install/py_srvcli' for CMake module files
[30.038s] DEBUG:colcon.colcon_core.event_handler.log_command:Invoked command in '/ros2_ws/src/py_srvcli' returned '0': CMAKE_PREFIX_PATH=/ros2_ws/install/turtlesim:/ros2_ws/install/cpp_pubsub:/ros2_ws/install/my_package_cpp:/ros2_ws/install/cpp_srvcli PYTHONPATH=/ros2_ws/build/py_srvcli/prefix_override:/usr/lib/python3/dist-packages/colcon_core/task/python/colcon_distutils_commands:/ros2_ws/install/py_srvcli/lib/python3.10/site-packages:${PYTHONPATH} /usr/bin/python3 -W ignore:setup.py install is deprecated setup.py egg_info --egg-base ../../build/py_srvcli build --build-base /ros2_ws/build/py_srvcli/build install --record /ros2_ws/build/py_srvcli/install.log --single-version-externally-managed install_data
[30.079s] Level 1:colcon.colcon_core.environment:checking '/ros2_ws/install/py_srvcli' for CMake config files
[30.143s] Level 1:colcon.colcon_core.environment:checking '/ros2_ws/install/py_srvcli/lib'
[30.147s] Level 1:colcon.colcon_core.environment:checking '/ros2_ws/install/py_srvcli/bin'
[30.147s] Level 1:colcon.colcon_core.environment:checking '/ros2_ws/install/py_srvcli/lib/pkgconfig/py_srvcli.pc'
[30.149s] Level 1:colcon.colcon_core.environment:checking '/ros2_ws/install/py_srvcli/lib/python3.10/site-packages'
[30.151s] Level 1:colcon.colcon_core.shell:create_environment_hook('py_srvcli', 'pythonpath')
[30.151s] INFO:colcon.colcon_core.shell:Creating environment hook '/ros2_ws/install/py_srvcli/share/py_srvcli/hook/pythonpath.ps1'
[30.161s] INFO:colcon.colcon_core.shell:Creating environment descriptor '/ros2_ws/install/py_srvcli/share/py_srvcli/hook/pythonpath.dsv'
[30.172s] INFO:colcon.colcon_core.shell:Creating environment hook '/ros2_ws/install/py_srvcli/share/py_srvcli/hook/pythonpath.sh'
[30.182s] Level 1:colcon.colcon_core.environment:checking '/ros2_ws/install/py_srvcli/bin'
[30.183s] Level 1:colcon.colcon_core.environment:create_environment_scripts_only(py_srvcli)
[30.183s] INFO:colcon.colcon_core.shell:Creating package script '/ros2_ws/install/py_srvcli/share/py_srvcli/package.ps1'
[30.192s] INFO:colcon.colcon_core.shell:Creating package descriptor '/ros2_ws/install/py_srvcli/share/py_srvcli/package.dsv'
[30.200s] INFO:colcon.colcon_core.shell:Creating package script '/ros2_ws/install/py_srvcli/share/py_srvcli/package.sh'
[30.209s] INFO:colcon.colcon_core.shell:Creating package script '/ros2_ws/install/py_srvcli/share/py_srvcli/package.bash'
[30.218s] INFO:colcon.colcon_core.shell:Creating package script '/ros2_ws/install/py_srvcli/share/py_srvcli/package.zsh'
[30.226s] Level 1:colcon.colcon_core.environment:create_file_with_runtime_dependencies(/ros2_ws/install/py_srvcli/share/colcon-core/packages/py_srvcli)
[30.233s] DEBUG:colcon.colcon_parallel_executor.executor.parallel:closing loop
[30.233s] DEBUG:colcon.colcon_parallel_executor.executor.parallel:loop closed
[30.233s] DEBUG:colcon.colcon_parallel_executor.executor.parallel:run_until_complete finished with '0'
[30.234s] DEBUG:colcon.colcon_core.event_reactor:joining thread
[30.288s] INFO:colcon.colcon_core.plugin_system:Skipping extension 'colcon_notification.desktop_notification.notify_send': Could not find 'notify-send'
[30.289s] INFO:colcon.colcon_core.plugin_system:Skipping extension 'colcon_notification.desktop_notification.terminal_notifier': Not used on non-Darwin systems
[30.289s] INFO:colcon.colcon_core.plugin_system:Skipping extension 'colcon_notification.desktop_notification.win32': Not used on non-Windows systems
[30.289s] INFO:colcon.colcon_notification.desktop_notification:Sending desktop notification using 'notify2'
[30.290s] DEBUG:colcon.colcon_notification.desktop_notification.notify2:Failed to initialize notify2: org.freedesktop.DBus.Error.Spawn.ExecFailed: /usr/bin/dbus-launch terminated abnormally without any error message
[30.291s] DEBUG:colcon.colcon_core.event_reactor:joined thread
[30.291s] INFO:colcon.colcon_core.shell:Creating prefix script '/ros2_ws/install/local_setup.ps1'
[30.296s] INFO:colcon.colcon_core.shell:Creating prefix util module '/ros2_ws/install/_local_setup_util_ps1.py'
[30.301s] INFO:colcon.colcon_core.shell:Creating prefix chain script '/ros2_ws/install/setup.ps1'
[30.345s] INFO:colcon.colcon_core.shell:Creating prefix script '/ros2_ws/install/local_setup.sh'
[30.349s] INFO:colcon.colcon_core.shell:Creating prefix util module '/ros2_ws/install/_local_setup_util_sh.py'
[30.353s] INFO:colcon.colcon_core.shell:Creating prefix chain script '/ros2_ws/install/setup.sh'
[30.396s] INFO:colcon.colcon_core.shell:Creating prefix script '/ros2_ws/install/local_setup.bash'
[30.400s] INFO:colcon.colcon_core.shell:Creating prefix chain script '/ros2_ws/install/setup.bash'
[30.444s] INFO:colcon.colcon_core.shell:Creating prefix script '/ros2_ws/install/local_setup.zsh'
[30.447s] INFO:colcon.colcon_core.shell:Creating prefix chain script '/ros2_ws/install/setup.zsh'
