[0.356s] Invoking command in '/ros2_ws/build/turtlesim': CMAKE_PREFIX_PATH=${CMAKE_PREFIX_PATH}:/ros2_ws/install/py_pubsub:/ros2_ws/install/my_package:/opt/ros/humble /usr/bin/cmake --build /ros2_ws/build/turtlesim -- -j16 -l16
[1.623s] [  1%] Built target turtlesim__cpp
[1.624s] [ 11%] Built target turtlesim__rosidl_generator_c
[1.626s] [ 21%] Built target turtlesim__rosidl_typesupport_cpp
[1.627s] [ 31%] Built target turtlesim__rosidl_typesupport_introspection_cpp
[1.808s] [ 37%] Built target draw_square
[1.812s] [ 39%] Built target mimic
[1.835s] [ 45%] Built target turtlesim__rosidl_typesupport_fastrtps_cpp
[1.881s] [ 47%] Built target turtle_teleop_key
[1.956s] [ 57%] Built target turtlesim__rosidl_typesupport_c
[2.105s] [ 67%] Built target turtlesim__rosidl_typesupport_introspection_c
[2.121s] [ 69%] Built target ament_cmake_python_copy_turtlesim
[2.132s] [ 73%] Built target turtlesim_node
[2.167s] [ 83%] Built target turtlesim__rosidl_typesupport_fastrtps_c
[2.344s] [ 83%] Built target turtlesim
[2.621s] [ 84%] Built target turtlesim__py
[3.011s] [ 93%] Built target turtlesim__rosidl_generator_py
[3.136s] running egg_info
[3.138s] writing turtlesim.egg-info/PKG-INFO
[3.143s] writing dependency_links to turtlesim.egg-info/dependency_links.txt
[3.150s] writing top-level names to turtlesim.egg-info/top_level.txt
[3.188s] [ 95%] Built target turtlesim__rosidl_typesupport_fastrtps_c__pyext
[3.195s] [ 97%] Built target turtlesim__rosidl_typesupport_c__pyext
[3.207s] reading manifest file 'turtlesim.egg-info/SOURCES.txt'
[3.267s] writing manifest file 'turtlesim.egg-info/SOURCES.txt'
[3.279s] [100%] Built target turtlesim__rosidl_typesupport_introspection_c__pyext
[3.375s] [100%] Built target ament_cmake_python_build_turtlesim_egg
[3.752s] Invoked command in '/ros2_ws/build/turtlesim' returned '0': CMAKE_PREFIX_PATH=${CMAKE_PREFIX_PATH}:/ros2_ws/install/py_pubsub:/ros2_ws/install/my_package:/opt/ros/humble /usr/bin/cmake --build /ros2_ws/build/turtlesim -- -j16 -l16
[8.481s] Invoking command in '/ros2_ws/build/turtlesim': CMAKE_PREFIX_PATH=${CMAKE_PREFIX_PATH}:/ros2_ws/install/py_pubsub:/ros2_ws/install/my_package:/opt/ros/humble /usr/bin/cmake --install /ros2_ws/build/turtlesim
[8.558s] -- Install configuration: ""
[8.577s] -- Up-to-date: /ros2_ws/install/turtlesim/share/ament_index/resource_index/rosidl_interfaces/turtlesim
[8.587s] -- Up-to-date: /ros2_ws/install/turtlesim/include/turtlesim/turtlesim
[8.602s] -- Up-to-date: /ros2_ws/install/turtlesim/include/turtlesim/turtlesim/action
[8.620s] -- Up-to-date: /ros2_ws/install/turtlesim/include/turtlesim/turtlesim/action/detail
[8.646s] -- Up-to-date: /ros2_ws/install/turtlesim/include/turtlesim/turtlesim/action/detail/rotate_absolute__functions.c
[8.664s] -- Up-to-date: /ros2_ws/install/turtlesim/include/turtlesim/turtlesim/action/detail/rotate_absolute__functions.h
[8.682s] -- Up-to-date: /ros2_ws/install/turtlesim/include/turtlesim/turtlesim/action/detail/rotate_absolute__struct.h
[8.701s] -- Up-to-date: /ros2_ws/install/turtlesim/include/turtlesim/turtlesim/action/detail/rotate_absolute__type_support.h
[8.717s] -- Up-to-date: /ros2_ws/install/turtlesim/include/turtlesim/turtlesim/action/rotate_absolute.h
[8.729s] -- Up-to-date: /ros2_ws/install/turtlesim/include/turtlesim/turtlesim/msg
[8.750s] -- Up-to-date: /ros2_ws/install/turtlesim/include/turtlesim/turtlesim/msg/color.h
[8.763s] -- Up-to-date: /ros2_ws/install/turtlesim/include/turtlesim/turtlesim/msg/detail
[8.788s] -- Up-to-date: /ros2_ws/install/turtlesim/include/turtlesim/turtlesim/msg/detail/color__functions.c
[8.807s] -- Up-to-date: /ros2_ws/install/turtlesim/include/turtlesim/turtlesim/msg/detail/color__functions.h
[8.826s] -- Up-to-date: /ros2_ws/install/turtlesim/include/turtlesim/turtlesim/msg/detail/color__struct.h
[8.845s] -- Up-to-date: /ros2_ws/install/turtlesim/include/turtlesim/turtlesim/msg/detail/color__type_support.h
[8.863s] -- Up-to-date: /ros2_ws/install/turtlesim/include/turtlesim/turtlesim/msg/detail/pose__functions.c
[8.881s] -- Up-to-date: /ros2_ws/install/turtlesim/include/turtlesim/turtlesim/msg/detail/pose__functions.h
[8.900s] -- Up-to-date: /ros2_ws/install/turtlesim/include/turtlesim/turtlesim/msg/detail/pose__struct.h
[8.918s] -- Up-to-date: /ros2_ws/install/turtlesim/include/turtlesim/turtlesim/msg/detail/pose__type_support.h
[8.935s] -- Up-to-date: /ros2_ws/install/turtlesim/include/turtlesim/turtlesim/msg/pose.h
[8.952s] -- Up-to-date: /ros2_ws/install/turtlesim/include/turtlesim/turtlesim/msg/rosidl_generator_c__visibility_control.h
[8.963s] -- Up-to-date: /ros2_ws/install/turtlesim/include/turtlesim/turtlesim/srv
[8.981s] -- Up-to-date: /ros2_ws/install/turtlesim/include/turtlesim/turtlesim/srv/detail
[9.006s] -- Up-to-date: /ros2_ws/install/turtlesim/include/turtlesim/turtlesim/srv/detail/kill__functions.c
[9.024s] -- Up-to-date: /ros2_ws/install/turtlesim/include/turtlesim/turtlesim/srv/detail/kill__functions.h
[9.043s] -- Up-to-date: /ros2_ws/install/turtlesim/include/turtlesim/turtlesim/srv/detail/kill__struct.h
[9.061s] -- Up-to-date: /ros2_ws/install/turtlesim/include/turtlesim/turtlesim/srv/detail/kill__type_support.h
[9.081s] -- Up-to-date: /ros2_ws/install/turtlesim/include/turtlesim/turtlesim/srv/detail/set_pen__functions.c
[9.100s] -- Up-to-date: /ros2_ws/install/turtlesim/include/turtlesim/turtlesim/srv/detail/set_pen__functions.h
[9.118s] -- Up-to-date: /ros2_ws/install/turtlesim/include/turtlesim/turtlesim/srv/detail/set_pen__struct.h
[9.138s] -- Up-to-date: /ros2_ws/install/turtlesim/include/turtlesim/turtlesim/srv/detail/set_pen__type_support.h
[9.157s] -- Up-to-date: /ros2_ws/install/turtlesim/include/turtlesim/turtlesim/srv/detail/spawn__functions.c
[9.176s] -- Up-to-date: /ros2_ws/install/turtlesim/include/turtlesim/turtlesim/srv/detail/spawn__functions.h
[9.195s] -- Up-to-date: /ros2_ws/install/turtlesim/include/turtlesim/turtlesim/srv/detail/spawn__struct.h
[9.214s] -- Up-to-date: /ros2_ws/install/turtlesim/include/turtlesim/turtlesim/srv/detail/spawn__type_support.h
[9.233s] -- Up-to-date: /ros2_ws/install/turtlesim/include/turtlesim/turtlesim/srv/detail/teleport_absolute__functions.c
[9.252s] -- Up-to-date: /ros2_ws/install/turtlesim/include/turtlesim/turtlesim/srv/detail/teleport_absolute__functions.h
[9.270s] -- Up-to-date: /ros2_ws/install/turtlesim/include/turtlesim/turtlesim/srv/detail/teleport_absolute__struct.h
[9.288s] -- Up-to-date: /ros2_ws/install/turtlesim/include/turtlesim/turtlesim/srv/detail/teleport_absolute__type_support.h
[9.306s] -- Up-to-date: /ros2_ws/install/turtlesim/include/turtlesim/turtlesim/srv/detail/teleport_relative__functions.c
[9.325s] -- Up-to-date: /ros2_ws/install/turtlesim/include/turtlesim/turtlesim/srv/detail/teleport_relative__functions.h
[9.343s] -- Up-to-date: /ros2_ws/install/turtlesim/include/turtlesim/turtlesim/srv/detail/teleport_relative__struct.h
[9.363s] -- Up-to-date: /ros2_ws/install/turtlesim/include/turtlesim/turtlesim/srv/detail/teleport_relative__type_support.h
[9.380s] -- Up-to-date: /ros2_ws/install/turtlesim/include/turtlesim/turtlesim/srv/kill.h
[9.395s] -- Up-to-date: /ros2_ws/install/turtlesim/include/turtlesim/turtlesim/srv/set_pen.h
[9.411s] -- Up-to-date: /ros2_ws/install/turtlesim/include/turtlesim/turtlesim/srv/spawn.h
[9.426s] -- Up-to-date: /ros2_ws/install/turtlesim/include/turtlesim/turtlesim/srv/teleport_absolute.h
[9.442s] -- Up-to-date: /ros2_ws/install/turtlesim/include/turtlesim/turtlesim/srv/teleport_relative.h
[9.454s] -- Up-to-date: /ros2_ws/install/turtlesim/share/turtlesim/environment/library_path.sh
[9.468s] -- Up-to-date: /ros2_ws/install/turtlesim/share/turtlesim/environment/library_path.dsv
[9.496s] -- Up-to-date: /ros2_ws/install/turtlesim/lib/libturtlesim__rosidl_generator_c.so
[9.523s] -- Up-to-date: /ros2_ws/install/turtlesim/include/turtlesim/turtlesim
[9.538s] -- Up-to-date: /ros2_ws/install/turtlesim/include/turtlesim/turtlesim/action
[9.556s] -- Up-to-date: /ros2_ws/install/turtlesim/include/turtlesim/turtlesim/action/detail
[9.581s] -- Up-to-date: /ros2_ws/install/turtlesim/include/turtlesim/turtlesim/action/detail/rotate_absolute__rosidl_typesupport_fastrtps_c.h
[9.594s] -- Up-to-date: /ros2_ws/install/turtlesim/include/turtlesim/turtlesim/msg
[9.613s] -- Up-to-date: /ros2_ws/install/turtlesim/include/turtlesim/turtlesim/msg/detail
[9.638s] -- Up-to-date: /ros2_ws/install/turtlesim/include/turtlesim/turtlesim/msg/detail/color__rosidl_typesupport_fastrtps_c.h
[9.657s] -- Up-to-date: /ros2_ws/install/turtlesim/include/turtlesim/turtlesim/msg/detail/pose__rosidl_typesupport_fastrtps_c.h
[9.673s] -- Up-to-date: /ros2_ws/install/turtlesim/include/turtlesim/turtlesim/msg/rosidl_typesupport_fastrtps_c__visibility_control.h
[9.685s] -- Up-to-date: /ros2_ws/install/turtlesim/include/turtlesim/turtlesim/srv
[9.703s] -- Up-to-date: /ros2_ws/install/turtlesim/include/turtlesim/turtlesim/srv/detail
[9.728s] -- Up-to-date: /ros2_ws/install/turtlesim/include/turtlesim/turtlesim/srv/detail/kill__rosidl_typesupport_fastrtps_c.h
[9.747s] -- Up-to-date: /ros2_ws/install/turtlesim/include/turtlesim/turtlesim/srv/detail/set_pen__rosidl_typesupport_fastrtps_c.h
[9.765s] -- Up-to-date: /ros2_ws/install/turtlesim/include/turtlesim/turtlesim/srv/detail/spawn__rosidl_typesupport_fastrtps_c.h
[9.783s] -- Up-to-date: /ros2_ws/install/turtlesim/include/turtlesim/turtlesim/srv/detail/teleport_absolute__rosidl_typesupport_fastrtps_c.h
[9.801s] -- Up-to-date: /ros2_ws/install/turtlesim/include/turtlesim/turtlesim/srv/detail/teleport_relative__rosidl_typesupport_fastrtps_c.h
[9.831s] -- Up-to-date: /ros2_ws/install/turtlesim/lib/libturtlesim__rosidl_typesupport_fastrtps_c.so
[9.858s] -- Up-to-date: /ros2_ws/install/turtlesim/include/turtlesim/turtlesim
[9.874s] -- Up-to-date: /ros2_ws/install/turtlesim/include/turtlesim/turtlesim/action
[9.892s] -- Up-to-date: /ros2_ws/install/turtlesim/include/turtlesim/turtlesim/action/detail
[9.916s] -- Up-to-date: /ros2_ws/install/turtlesim/include/turtlesim/turtlesim/action/detail/rotate_absolute__builder.hpp
[9.934s] -- Up-to-date: /ros2_ws/install/turtlesim/include/turtlesim/turtlesim/action/detail/rotate_absolute__struct.hpp
[9.953s] -- Up-to-date: /ros2_ws/install/turtlesim/include/turtlesim/turtlesim/action/detail/rotate_absolute__traits.hpp
[9.969s] -- Up-to-date: /ros2_ws/install/turtlesim/include/turtlesim/turtlesim/action/rotate_absolute.hpp
[9.980s] -- Up-to-date: /ros2_ws/install/turtlesim/include/turtlesim/turtlesim/msg
[10.001s] -- Up-to-date: /ros2_ws/install/turtlesim/include/turtlesim/turtlesim/msg/color.hpp
[10.015s] -- Up-to-date: /ros2_ws/install/turtlesim/include/turtlesim/turtlesim/msg/detail
[10.039s] -- Up-to-date: /ros2_ws/install/turtlesim/include/turtlesim/turtlesim/msg/detail/color__builder.hpp
[10.057s] -- Up-to-date: /ros2_ws/install/turtlesim/include/turtlesim/turtlesim/msg/detail/color__struct.hpp
[10.075s] -- Up-to-date: /ros2_ws/install/turtlesim/include/turtlesim/turtlesim/msg/detail/color__traits.hpp
[10.095s] -- Up-to-date: /ros2_ws/install/turtlesim/include/turtlesim/turtlesim/msg/detail/pose__builder.hpp
[10.113s] -- Up-to-date: /ros2_ws/install/turtlesim/include/turtlesim/turtlesim/msg/detail/pose__struct.hpp
[10.131s] -- Up-to-date: /ros2_ws/install/turtlesim/include/turtlesim/turtlesim/msg/detail/pose__traits.hpp
[10.149s] -- Up-to-date: /ros2_ws/install/turtlesim/include/turtlesim/turtlesim/msg/pose.hpp
[10.160s] -- Up-to-date: /ros2_ws/install/turtlesim/include/turtlesim/turtlesim/srv
[10.178s] -- Up-to-date: /ros2_ws/install/turtlesim/include/turtlesim/turtlesim/srv/detail
[10.203s] -- Up-to-date: /ros2_ws/install/turtlesim/include/turtlesim/turtlesim/srv/detail/kill__builder.hpp
[10.221s] -- Up-to-date: /ros2_ws/install/turtlesim/include/turtlesim/turtlesim/srv/detail/kill__struct.hpp
[10.240s] -- Up-to-date: /ros2_ws/install/turtlesim/include/turtlesim/turtlesim/srv/detail/kill__traits.hpp
[10.259s] -- Up-to-date: /ros2_ws/install/turtlesim/include/turtlesim/turtlesim/srv/detail/set_pen__builder.hpp
[10.278s] -- Up-to-date: /ros2_ws/install/turtlesim/include/turtlesim/turtlesim/srv/detail/set_pen__struct.hpp
[10.297s] -- Up-to-date: /ros2_ws/install/turtlesim/include/turtlesim/turtlesim/srv/detail/set_pen__traits.hpp
[10.316s] -- Up-to-date: /ros2_ws/install/turtlesim/include/turtlesim/turtlesim/srv/detail/spawn__builder.hpp
[10.334s] -- Up-to-date: /ros2_ws/install/turtlesim/include/turtlesim/turtlesim/srv/detail/spawn__struct.hpp
[10.353s] -- Up-to-date: /ros2_ws/install/turtlesim/include/turtlesim/turtlesim/srv/detail/spawn__traits.hpp
[10.371s] -- Up-to-date: /ros2_ws/install/turtlesim/include/turtlesim/turtlesim/srv/detail/teleport_absolute__builder.hpp
[10.390s] -- Up-to-date: /ros2_ws/install/turtlesim/include/turtlesim/turtlesim/srv/detail/teleport_absolute__struct.hpp
[10.409s] -- Up-to-date: /ros2_ws/install/turtlesim/include/turtlesim/turtlesim/srv/detail/teleport_absolute__traits.hpp
[10.428s] -- Up-to-date: /ros2_ws/install/turtlesim/include/turtlesim/turtlesim/srv/detail/teleport_relative__builder.hpp
[10.447s] -- Up-to-date: /ros2_ws/install/turtlesim/include/turtlesim/turtlesim/srv/detail/teleport_relative__struct.hpp
[10.465s] -- Up-to-date: /ros2_ws/install/turtlesim/include/turtlesim/turtlesim/srv/detail/teleport_relative__traits.hpp
[10.481s] -- Up-to-date: /ros2_ws/install/turtlesim/include/turtlesim/turtlesim/srv/kill.hpp
[10.497s] -- Up-to-date: /ros2_ws/install/turtlesim/include/turtlesim/turtlesim/srv/set_pen.hpp
[10.513s] -- Up-to-date: /ros2_ws/install/turtlesim/include/turtlesim/turtlesim/srv/spawn.hpp
[10.530s] -- Up-to-date: /ros2_ws/install/turtlesim/include/turtlesim/turtlesim/srv/teleport_absolute.hpp
[10.546s] -- Up-to-date: /ros2_ws/install/turtlesim/include/turtlesim/turtlesim/srv/teleport_relative.hpp
[10.556s] -- Up-to-date: /ros2_ws/install/turtlesim/include/turtlesim/turtlesim
[10.571s] -- Up-to-date: /ros2_ws/install/turtlesim/include/turtlesim/turtlesim/action
[10.590s] -- Up-to-date: /ros2_ws/install/turtlesim/include/turtlesim/turtlesim/action/detail
[10.611s] -- Up-to-date: /ros2_ws/install/turtlesim/include/turtlesim/turtlesim/action/detail/dds_fastrtps
[10.638s] -- Up-to-date: /ros2_ws/install/turtlesim/include/turtlesim/turtlesim/action/detail/rotate_absolute__rosidl_typesupport_fastrtps_cpp.hpp
[10.650s] -- Up-to-date: /ros2_ws/install/turtlesim/include/turtlesim/turtlesim/msg
[10.668s] -- Up-to-date: /ros2_ws/install/turtlesim/include/turtlesim/turtlesim/msg/detail
[10.692s] -- Up-to-date: /ros2_ws/install/turtlesim/include/turtlesim/turtlesim/msg/detail/color__rosidl_typesupport_fastrtps_cpp.hpp
[10.708s] -- Up-to-date: /ros2_ws/install/turtlesim/include/turtlesim/turtlesim/msg/detail/dds_fastrtps
[10.735s] -- Up-to-date: /ros2_ws/install/turtlesim/include/turtlesim/turtlesim/msg/detail/pose__rosidl_typesupport_fastrtps_cpp.hpp
[10.752s] -- Up-to-date: /ros2_ws/install/turtlesim/include/turtlesim/turtlesim/msg/rosidl_typesupport_fastrtps_cpp__visibility_control.h
[10.764s] -- Up-to-date: /ros2_ws/install/turtlesim/include/turtlesim/turtlesim/srv
[10.782s] -- Up-to-date: /ros2_ws/install/turtlesim/include/turtlesim/turtlesim/srv/detail
[10.804s] -- Up-to-date: /ros2_ws/install/turtlesim/include/turtlesim/turtlesim/srv/detail/dds_fastrtps
[10.830s] -- Up-to-date: /ros2_ws/install/turtlesim/include/turtlesim/turtlesim/srv/detail/kill__rosidl_typesupport_fastrtps_cpp.hpp
[10.847s] -- Up-to-date: /ros2_ws/install/turtlesim/include/turtlesim/turtlesim/srv/detail/set_pen__rosidl_typesupport_fastrtps_cpp.hpp
[10.866s] -- Up-to-date: /ros2_ws/install/turtlesim/include/turtlesim/turtlesim/srv/detail/spawn__rosidl_typesupport_fastrtps_cpp.hpp
[10.884s] -- Up-to-date: /ros2_ws/install/turtlesim/include/turtlesim/turtlesim/srv/detail/teleport_absolute__rosidl_typesupport_fastrtps_cpp.hpp
[10.903s] -- Up-to-date: /ros2_ws/install/turtlesim/include/turtlesim/turtlesim/srv/detail/teleport_relative__rosidl_typesupport_fastrtps_cpp.hpp
[10.931s] -- Up-to-date: /ros2_ws/install/turtlesim/lib/libturtlesim__rosidl_typesupport_fastrtps_cpp.so
[10.958s] -- Up-to-date: /ros2_ws/install/turtlesim/include/turtlesim/turtlesim
[10.973s] -- Up-to-date: /ros2_ws/install/turtlesim/include/turtlesim/turtlesim/action
[10.992s] -- Up-to-date: /ros2_ws/install/turtlesim/include/turtlesim/turtlesim/action/detail
[11.017s] -- Up-to-date: /ros2_ws/install/turtlesim/include/turtlesim/turtlesim/action/detail/rotate_absolute__rosidl_typesupport_introspection_c.h
[11.036s] -- Up-to-date: /ros2_ws/install/turtlesim/include/turtlesim/turtlesim/action/detail/rotate_absolute__type_support.c
[11.049s] -- Up-to-date: /ros2_ws/install/turtlesim/include/turtlesim/turtlesim/msg
[11.067s] -- Up-to-date: /ros2_ws/install/turtlesim/include/turtlesim/turtlesim/msg/detail
[11.092s] -- Up-to-date: /ros2_ws/install/turtlesim/include/turtlesim/turtlesim/msg/detail/color__rosidl_typesupport_introspection_c.h
[11.111s] -- Up-to-date: /ros2_ws/install/turtlesim/include/turtlesim/turtlesim/msg/detail/color__type_support.c
[11.130s] -- Up-to-date: /ros2_ws/install/turtlesim/include/turtlesim/turtlesim/msg/detail/pose__rosidl_typesupport_introspection_c.h
[11.150s] -- Up-to-date: /ros2_ws/install/turtlesim/include/turtlesim/turtlesim/msg/detail/pose__type_support.c
[11.166s] -- Up-to-date: /ros2_ws/install/turtlesim/include/turtlesim/turtlesim/msg/rosidl_typesupport_introspection_c__visibility_control.h
[11.178s] -- Up-to-date: /ros2_ws/install/turtlesim/include/turtlesim/turtlesim/srv
[11.196s] -- Up-to-date: /ros2_ws/install/turtlesim/include/turtlesim/turtlesim/srv/detail
[11.221s] -- Up-to-date: /ros2_ws/install/turtlesim/include/turtlesim/turtlesim/srv/detail/kill__rosidl_typesupport_introspection_c.h
[11.239s] -- Up-to-date: /ros2_ws/install/turtlesim/include/turtlesim/turtlesim/srv/detail/kill__type_support.c
[11.258s] -- Up-to-date: /ros2_ws/install/turtlesim/include/turtlesim/turtlesim/srv/detail/set_pen__rosidl_typesupport_introspection_c.h
[11.277s] -- Up-to-date: /ros2_ws/install/turtlesim/include/turtlesim/turtlesim/srv/detail/set_pen__type_support.c
[11.295s] -- Up-to-date: /ros2_ws/install/turtlesim/include/turtlesim/turtlesim/srv/detail/spawn__rosidl_typesupport_introspection_c.h
[11.314s] -- Up-to-date: /ros2_ws/install/turtlesim/include/turtlesim/turtlesim/srv/detail/spawn__type_support.c
[11.332s] -- Up-to-date: /ros2_ws/install/turtlesim/include/turtlesim/turtlesim/srv/detail/teleport_absolute__rosidl_typesupport_introspection_c.h
[11.351s] -- Up-to-date: /ros2_ws/install/turtlesim/include/turtlesim/turtlesim/srv/detail/teleport_absolute__type_support.c
[11.369s] -- Up-to-date: /ros2_ws/install/turtlesim/include/turtlesim/turtlesim/srv/detail/teleport_relative__rosidl_typesupport_introspection_c.h
[11.387s] -- Up-to-date: /ros2_ws/install/turtlesim/include/turtlesim/turtlesim/srv/detail/teleport_relative__type_support.c
[11.415s] -- Up-to-date: /ros2_ws/install/turtlesim/lib/libturtlesim__rosidl_typesupport_introspection_c.so
[11.459s] -- Up-to-date: /ros2_ws/install/turtlesim/lib/libturtlesim__rosidl_typesupport_c.so
[11.486s] -- Up-to-date: /ros2_ws/install/turtlesim/include/turtlesim/turtlesim
[11.501s] -- Up-to-date: /ros2_ws/install/turtlesim/include/turtlesim/turtlesim/action
[11.519s] -- Up-to-date: /ros2_ws/install/turtlesim/include/turtlesim/turtlesim/action/detail
[11.544s] -- Up-to-date: /ros2_ws/install/turtlesim/include/turtlesim/turtlesim/action/detail/rotate_absolute__rosidl_typesupport_introspection_cpp.hpp
[11.562s] -- Up-to-date: /ros2_ws/install/turtlesim/include/turtlesim/turtlesim/action/detail/rotate_absolute__type_support.cpp
[11.574s] -- Up-to-date: /ros2_ws/install/turtlesim/include/turtlesim/turtlesim/msg
[11.593s] -- Up-to-date: /ros2_ws/install/turtlesim/include/turtlesim/turtlesim/msg/detail
[11.617s] -- Up-to-date: /ros2_ws/install/turtlesim/include/turtlesim/turtlesim/msg/detail/color__rosidl_typesupport_introspection_cpp.hpp
[11.636s] -- Up-to-date: /ros2_ws/install/turtlesim/include/turtlesim/turtlesim/msg/detail/color__type_support.cpp
[11.655s] -- Up-to-date: /ros2_ws/install/turtlesim/include/turtlesim/turtlesim/msg/detail/pose__rosidl_typesupport_introspection_cpp.hpp
[11.674s] -- Up-to-date: /ros2_ws/install/turtlesim/include/turtlesim/turtlesim/msg/detail/pose__type_support.cpp
[11.686s] -- Up-to-date: /ros2_ws/install/turtlesim/include/turtlesim/turtlesim/srv
[11.704s] -- Up-to-date: /ros2_ws/install/turtlesim/include/turtlesim/turtlesim/srv/detail
[11.728s] -- Up-to-date: /ros2_ws/install/turtlesim/include/turtlesim/turtlesim/srv/detail/kill__rosidl_typesupport_introspection_cpp.hpp
[11.747s] -- Up-to-date: /ros2_ws/install/turtlesim/include/turtlesim/turtlesim/srv/detail/kill__type_support.cpp
[11.766s] -- Up-to-date: /ros2_ws/install/turtlesim/include/turtlesim/turtlesim/srv/detail/set_pen__rosidl_typesupport_introspection_cpp.hpp
[11.784s] -- Up-to-date: /ros2_ws/install/turtlesim/include/turtlesim/turtlesim/srv/detail/set_pen__type_support.cpp
[11.803s] -- Up-to-date: /ros2_ws/install/turtlesim/include/turtlesim/turtlesim/srv/detail/spawn__rosidl_typesupport_introspection_cpp.hpp
[11.821s] -- Up-to-date: /ros2_ws/install/turtlesim/include/turtlesim/turtlesim/srv/detail/spawn__type_support.cpp
[11.840s] -- Up-to-date: /ros2_ws/install/turtlesim/include/turtlesim/turtlesim/srv/detail/teleport_absolute__rosidl_typesupport_introspection_cpp.hpp
[11.859s] -- Up-to-date: /ros2_ws/install/turtlesim/include/turtlesim/turtlesim/srv/detail/teleport_absolute__type_support.cpp
[11.877s] -- Up-to-date: /ros2_ws/install/turtlesim/include/turtlesim/turtlesim/srv/detail/teleport_relative__rosidl_typesupport_introspection_cpp.hpp
[11.897s] -- Up-to-date: /ros2_ws/install/turtlesim/include/turtlesim/turtlesim/srv/detail/teleport_relative__type_support.cpp
[11.926s] -- Up-to-date: /ros2_ws/install/turtlesim/lib/libturtlesim__rosidl_typesupport_introspection_cpp.so
[11.971s] -- Up-to-date: /ros2_ws/install/turtlesim/lib/libturtlesim__rosidl_typesupport_cpp.so
[12.003s] -- Up-to-date: /ros2_ws/install/turtlesim/share/turtlesim/environment/pythonpath.sh
[12.018s] -- Up-to-date: /ros2_ws/install/turtlesim/share/turtlesim/environment/pythonpath.dsv
[12.029s] -- Up-to-date: /ros2_ws/install/turtlesim/local/lib/python3.10/dist-packages/turtlesim-1.4.2-py3.10.egg-info
[12.052s] -- Installing: /ros2_ws/install/turtlesim/local/lib/python3.10/dist-packages/turtlesim-1.4.2-py3.10.egg-info/dependency_links.txt
[12.116s] -- Installing: /ros2_ws/install/turtlesim/local/lib/python3.10/dist-packages/turtlesim-1.4.2-py3.10.egg-info/PKG-INFO
[12.178s] -- Installing: /ros2_ws/install/turtlesim/local/lib/python3.10/dist-packages/turtlesim-1.4.2-py3.10.egg-info/SOURCES.txt
[12.240s] -- Installing: /ros2_ws/install/turtlesim/local/lib/python3.10/dist-packages/turtlesim-1.4.2-py3.10.egg-info/top_level.txt
[12.298s] -- Up-to-date: /ros2_ws/install/turtlesim/local/lib/python3.10/dist-packages/turtlesim
[12.318s] -- Up-to-date: /ros2_ws/install/turtlesim/local/lib/python3.10/dist-packages/turtlesim/action
[12.343s] -- Up-to-date: /ros2_ws/install/turtlesim/local/lib/python3.10/dist-packages/turtlesim/action/_rotate_absolute.py
[12.361s] -- Up-to-date: /ros2_ws/install/turtlesim/local/lib/python3.10/dist-packages/turtlesim/action/_rotate_absolute_s.c
[12.379s] -- Up-to-date: /ros2_ws/install/turtlesim/local/lib/python3.10/dist-packages/turtlesim/action/__init__.py
[12.396s] -- Up-to-date: /ros2_ws/install/turtlesim/local/lib/python3.10/dist-packages/turtlesim/libturtlesim__rosidl_generator_py.so
[12.409s] -- Up-to-date: /ros2_ws/install/turtlesim/local/lib/python3.10/dist-packages/turtlesim/msg
[12.435s] -- Up-to-date: /ros2_ws/install/turtlesim/local/lib/python3.10/dist-packages/turtlesim/msg/_color.py
[12.452s] -- Up-to-date: /ros2_ws/install/turtlesim/local/lib/python3.10/dist-packages/turtlesim/msg/_color_s.c
[12.471s] -- Up-to-date: /ros2_ws/install/turtlesim/local/lib/python3.10/dist-packages/turtlesim/msg/_pose.py
[12.489s] -- Up-to-date: /ros2_ws/install/turtlesim/local/lib/python3.10/dist-packages/turtlesim/msg/_pose_s.c
[12.507s] -- Up-to-date: /ros2_ws/install/turtlesim/local/lib/python3.10/dist-packages/turtlesim/msg/__init__.py
[12.521s] -- Up-to-date: /ros2_ws/install/turtlesim/local/lib/python3.10/dist-packages/turtlesim/srv
[12.546s] -- Up-to-date: /ros2_ws/install/turtlesim/local/lib/python3.10/dist-packages/turtlesim/srv/_kill.py
[12.564s] -- Up-to-date: /ros2_ws/install/turtlesim/local/lib/python3.10/dist-packages/turtlesim/srv/_kill_s.c
[12.582s] -- Up-to-date: /ros2_ws/install/turtlesim/local/lib/python3.10/dist-packages/turtlesim/srv/_set_pen.py
[12.600s] -- Up-to-date: /ros2_ws/install/turtlesim/local/lib/python3.10/dist-packages/turtlesim/srv/_set_pen_s.c
[12.618s] -- Up-to-date: /ros2_ws/install/turtlesim/local/lib/python3.10/dist-packages/turtlesim/srv/_spawn.py
[12.637s] -- Up-to-date: /ros2_ws/install/turtlesim/local/lib/python3.10/dist-packages/turtlesim/srv/_spawn_s.c
[12.655s] -- Up-to-date: /ros2_ws/install/turtlesim/local/lib/python3.10/dist-packages/turtlesim/srv/_teleport_absolute.py
[12.673s] -- Up-to-date: /ros2_ws/install/turtlesim/local/lib/python3.10/dist-packages/turtlesim/srv/_teleport_absolute_s.c
[12.692s] -- Up-to-date: /ros2_ws/install/turtlesim/local/lib/python3.10/dist-packages/turtlesim/srv/_teleport_relative.py
[12.710s] -- Up-to-date: /ros2_ws/install/turtlesim/local/lib/python3.10/dist-packages/turtlesim/srv/_teleport_relative_s.c
[12.729s] -- Up-to-date: /ros2_ws/install/turtlesim/local/lib/python3.10/dist-packages/turtlesim/srv/__init__.py
[12.746s] -- Up-to-date: /ros2_ws/install/turtlesim/local/lib/python3.10/dist-packages/turtlesim/turtlesim_s__rosidl_typesupport_c.cpython-310-x86_64-linux-gnu.so
[12.762s] -- Up-to-date: /ros2_ws/install/turtlesim/local/lib/python3.10/dist-packages/turtlesim/turtlesim_s__rosidl_typesupport_fastrtps_c.cpython-310-x86_64-linux-gnu.so
[12.777s] -- Up-to-date: /ros2_ws/install/turtlesim/local/lib/python3.10/dist-packages/turtlesim/turtlesim_s__rosidl_typesupport_introspection_c.cpython-310-x86_64-linux-gnu.so
[12.793s] -- Up-to-date: /ros2_ws/install/turtlesim/local/lib/python3.10/dist-packages/turtlesim/_turtlesim_s.ep.rosidl_typesupport_c.c
[12.809s] -- Up-to-date: /ros2_ws/install/turtlesim/local/lib/python3.10/dist-packages/turtlesim/_turtlesim_s.ep.rosidl_typesupport_fastrtps_c.c
[12.824s] -- Up-to-date: /ros2_ws/install/turtlesim/local/lib/python3.10/dist-packages/turtlesim/_turtlesim_s.ep.rosidl_typesupport_introspection_c.c
[12.841s] -- Up-to-date: /ros2_ws/install/turtlesim/local/lib/python3.10/dist-packages/turtlesim/__init__.py
[13.498s] Listing '/ros2_ws/install/turtlesim/local/lib/python3.10/dist-packages/turtlesim'...
[13.498s] Listing '/ros2_ws/install/turtlesim/local/lib/python3.10/dist-packages/turtlesim/action'...
[13.499s] Listing '/ros2_ws/install/turtlesim/local/lib/python3.10/dist-packages/turtlesim/msg'...
[13.500s] Listing '/ros2_ws/install/turtlesim/local/lib/python3.10/dist-packages/turtlesim/srv'...
[13.537s] -- Up-to-date: /ros2_ws/install/turtlesim/local/lib/python3.10/dist-packages/turtlesim/turtlesim_s__rosidl_typesupport_fastrtps_c.cpython-310-x86_64-linux-gnu.so
[13.605s] -- Up-to-date: /ros2_ws/install/turtlesim/local/lib/python3.10/dist-packages/turtlesim/turtlesim_s__rosidl_typesupport_introspection_c.cpython-310-x86_64-linux-gnu.so
[13.673s] -- Up-to-date: /ros2_ws/install/turtlesim/local/lib/python3.10/dist-packages/turtlesim/turtlesim_s__rosidl_typesupport_c.cpython-310-x86_64-linux-gnu.so
[13.731s] -- Up-to-date: /ros2_ws/install/turtlesim/lib/libturtlesim__rosidl_generator_py.so
[13.766s] -- Up-to-date: /ros2_ws/install/turtlesim/share/turtlesim/action/RotateAbsolute.idl
[13.784s] -- Up-to-date: /ros2_ws/install/turtlesim/share/turtlesim/msg/Color.idl
[13.801s] -- Up-to-date: /ros2_ws/install/turtlesim/share/turtlesim/msg/Pose.idl
[13.819s] -- Up-to-date: /ros2_ws/install/turtlesim/share/turtlesim/srv/Kill.idl
[13.837s] -- Up-to-date: /ros2_ws/install/turtlesim/share/turtlesim/srv/SetPen.idl
[13.855s] -- Up-to-date: /ros2_ws/install/turtlesim/share/turtlesim/srv/Spawn.idl
[13.873s] -- Up-to-date: /ros2_ws/install/turtlesim/share/turtlesim/srv/TeleportAbsolute.idl
[13.890s] -- Up-to-date: /ros2_ws/install/turtlesim/share/turtlesim/srv/TeleportRelative.idl
[13.907s] -- Up-to-date: /ros2_ws/install/turtlesim/share/turtlesim/action/RotateAbsolute.action
[13.926s] -- Up-to-date: /ros2_ws/install/turtlesim/share/turtlesim/msg/Color.msg
[13.944s] -- Up-to-date: /ros2_ws/install/turtlesim/share/turtlesim/msg/Pose.msg
[13.963s] -- Up-to-date: /ros2_ws/install/turtlesim/share/turtlesim/srv/Kill.srv
[13.979s] -- Up-to-date: /ros2_ws/install/turtlesim/share/turtlesim/srv/Kill_Request.msg
[13.995s] -- Up-to-date: /ros2_ws/install/turtlesim/share/turtlesim/srv/Kill_Response.msg
[14.014s] -- Up-to-date: /ros2_ws/install/turtlesim/share/turtlesim/srv/SetPen.srv
[14.031s] -- Up-to-date: /ros2_ws/install/turtlesim/share/turtlesim/srv/SetPen_Request.msg
[14.048s] -- Up-to-date: /ros2_ws/install/turtlesim/share/turtlesim/srv/SetPen_Response.msg
[14.066s] -- Up-to-date: /ros2_ws/install/turtlesim/share/turtlesim/srv/Spawn.srv
[14.083s] -- Up-to-date: /ros2_ws/install/turtlesim/share/turtlesim/srv/Spawn_Request.msg
[14.100s] -- Up-to-date: /ros2_ws/install/turtlesim/share/turtlesim/srv/Spawn_Response.msg
[14.117s] -- Up-to-date: /ros2_ws/install/turtlesim/share/turtlesim/srv/TeleportAbsolute.srv
[14.133s] -- Up-to-date: /ros2_ws/install/turtlesim/share/turtlesim/srv/TeleportAbsolute_Request.msg
[14.149s] -- Up-to-date: /ros2_ws/install/turtlesim/share/turtlesim/srv/TeleportAbsolute_Response.msg
[14.167s] -- Up-to-date: /ros2_ws/install/turtlesim/share/turtlesim/srv/TeleportRelative.srv
[14.183s] -- Up-to-date: /ros2_ws/install/turtlesim/share/turtlesim/srv/TeleportRelative_Request.msg
[14.198s] -- Up-to-date: /ros2_ws/install/turtlesim/share/turtlesim/srv/TeleportRelative_Response.msg
[14.231s] -- Up-to-date: /ros2_ws/install/turtlesim/lib/turtlesim/turtlesim_node
[14.286s] -- Up-to-date: /ros2_ws/install/turtlesim/lib/turtlesim/turtle_teleop_key
[14.340s] -- Up-to-date: /ros2_ws/install/turtlesim/lib/turtlesim/draw_square
[14.394s] -- Up-to-date: /ros2_ws/install/turtlesim/lib/turtlesim/mimic
[14.428s] -- Up-to-date: /ros2_ws/install/turtlesim/share/turtlesim/images
[14.447s] -- Up-to-date: /ros2_ws/install/turtlesim/share/turtlesim/images/ardent.png
[14.462s] -- Up-to-date: /ros2_ws/install/turtlesim/share/turtlesim/images/bouncy.png
[14.477s] -- Up-to-date: /ros2_ws/install/turtlesim/share/turtlesim/images/crystal.png
[14.491s] -- Up-to-date: /ros2_ws/install/turtlesim/share/turtlesim/images/dashing.png
[14.506s] -- Up-to-date: /ros2_ws/install/turtlesim/share/turtlesim/images/eloquent.png
[14.521s] -- Up-to-date: /ros2_ws/install/turtlesim/share/turtlesim/images/foxy.png
[14.536s] -- Up-to-date: /ros2_ws/install/turtlesim/share/turtlesim/images/galactic.png
[14.550s] -- Up-to-date: /ros2_ws/install/turtlesim/share/turtlesim/images/humble.png
[14.564s] -- Up-to-date: /ros2_ws/install/turtlesim/share/turtlesim/images/rolling.png
[14.575s] -- Up-to-date: /ros2_ws/install/turtlesim/share/turtlesim/launch
[14.596s] -- Up-to-date: /ros2_ws/install/turtlesim/share/turtlesim/launch/multisim.launch.py
[14.618s] -- Up-to-date: /ros2_ws/install/turtlesim/share/ament_index/resource_index/package_run_dependencies/turtlesim
[14.642s] -- Up-to-date: /ros2_ws/install/turtlesim/share/ament_index/resource_index/parent_prefix_path/turtlesim
[14.654s] -- Up-to-date: /ros2_ws/install/turtlesim/share/turtlesim/environment/ament_prefix_path.sh
[14.669s] -- Up-to-date: /ros2_ws/install/turtlesim/share/turtlesim/environment/ament_prefix_path.dsv
[14.679s] -- Up-to-date: /ros2_ws/install/turtlesim/share/turtlesim/environment/path.sh
[14.694s] -- Up-to-date: /ros2_ws/install/turtlesim/share/turtlesim/environment/path.dsv
[14.707s] -- Up-to-date: /ros2_ws/install/turtlesim/share/turtlesim/local_setup.bash
[14.720s] -- Up-to-date: /ros2_ws/install/turtlesim/share/turtlesim/local_setup.sh
[14.733s] -- Up-to-date: /ros2_ws/install/turtlesim/share/turtlesim/local_setup.zsh
[14.747s] -- Up-to-date: /ros2_ws/install/turtlesim/share/turtlesim/local_setup.dsv
[14.760s] -- Installing: /ros2_ws/install/turtlesim/share/turtlesim/package.dsv
[14.811s] -- Up-to-date: /ros2_ws/install/turtlesim/share/ament_index/resource_index/packages/turtlesim
[14.843s] -- Up-to-date: /ros2_ws/install/turtlesim/share/turtlesim/cmake/export_turtlesim__rosidl_generator_cExport.cmake
[14.864s] -- Up-to-date: /ros2_ws/install/turtlesim/share/turtlesim/cmake/export_turtlesim__rosidl_generator_cExport-noconfig.cmake
[14.896s] -- Up-to-date: /ros2_ws/install/turtlesim/share/turtlesim/cmake/export_turtlesim__rosidl_typesupport_fastrtps_cExport.cmake
[14.917s] -- Up-to-date: /ros2_ws/install/turtlesim/share/turtlesim/cmake/export_turtlesim__rosidl_typesupport_fastrtps_cExport-noconfig.cmake
[14.948s] -- Up-to-date: /ros2_ws/install/turtlesim/share/turtlesim/cmake/export_turtlesim__rosidl_generator_cppExport.cmake
[14.980s] -- Up-to-date: /ros2_ws/install/turtlesim/share/turtlesim/cmake/export_turtlesim__rosidl_typesupport_fastrtps_cppExport.cmake
[15.000s] -- Up-to-date: /ros2_ws/install/turtlesim/share/turtlesim/cmake/export_turtlesim__rosidl_typesupport_fastrtps_cppExport-noconfig.cmake
[15.032s] -- Up-to-date: /ros2_ws/install/turtlesim/share/turtlesim/cmake/turtlesim__rosidl_typesupport_introspection_cExport.cmake
[15.053s] -- Up-to-date: /ros2_ws/install/turtlesim/share/turtlesim/cmake/turtlesim__rosidl_typesupport_introspection_cExport-noconfig.cmake
[15.087s] -- Up-to-date: /ros2_ws/install/turtlesim/share/turtlesim/cmake/turtlesim__rosidl_typesupport_cExport.cmake
[15.108s] -- Up-to-date: /ros2_ws/install/turtlesim/share/turtlesim/cmake/turtlesim__rosidl_typesupport_cExport-noconfig.cmake
[15.141s] -- Up-to-date: /ros2_ws/install/turtlesim/share/turtlesim/cmake/turtlesim__rosidl_typesupport_introspection_cppExport.cmake
[15.162s] -- Up-to-date: /ros2_ws/install/turtlesim/share/turtlesim/cmake/turtlesim__rosidl_typesupport_introspection_cppExport-noconfig.cmake
[15.193s] -- Up-to-date: /ros2_ws/install/turtlesim/share/turtlesim/cmake/turtlesim__rosidl_typesupport_cppExport.cmake
[15.214s] -- Up-to-date: /ros2_ws/install/turtlesim/share/turtlesim/cmake/turtlesim__rosidl_typesupport_cppExport-noconfig.cmake
[15.245s] -- Up-to-date: /ros2_ws/install/turtlesim/share/turtlesim/cmake/export_turtlesim__rosidl_generator_pyExport.cmake
[15.265s] -- Up-to-date: /ros2_ws/install/turtlesim/share/turtlesim/cmake/export_turtlesim__rosidl_generator_pyExport-noconfig.cmake
[15.280s] -- Up-to-date: /ros2_ws/install/turtlesim/share/turtlesim/cmake/rosidl_cmake-extras.cmake
[15.296s] -- Up-to-date: /ros2_ws/install/turtlesim/share/turtlesim/cmake/ament_cmake_export_dependencies-extras.cmake
[15.310s] -- Up-to-date: /ros2_ws/install/turtlesim/share/turtlesim/cmake/ament_cmake_export_include_directories-extras.cmake
[15.324s] -- Up-to-date: /ros2_ws/install/turtlesim/share/turtlesim/cmake/ament_cmake_export_libraries-extras.cmake
[15.340s] -- Up-to-date: /ros2_ws/install/turtlesim/share/turtlesim/cmake/ament_cmake_export_targets-extras.cmake
[15.355s] -- Up-to-date: /ros2_ws/install/turtlesim/share/turtlesim/cmake/rosidl_cmake_export_typesupport_targets-extras.cmake
[15.369s] -- Up-to-date: /ros2_ws/install/turtlesim/share/turtlesim/cmake/rosidl_cmake_export_typesupport_libraries-extras.cmake
[15.384s] -- Up-to-date: /ros2_ws/install/turtlesim/share/turtlesim/cmake/turtlesimConfig.cmake
[15.395s] -- Up-to-date: /ros2_ws/install/turtlesim/share/turtlesim/cmake/turtlesimConfig-version.cmake
[15.410s] -- Up-to-date: /ros2_ws/install/turtlesim/share/turtlesim/package.xml
[15.422s] Invoked command in '/ros2_ws/build/turtlesim' returned '0': CMAKE_PREFIX_PATH=${CMAKE_PREFIX_PATH}:/ros2_ws/install/py_pubsub:/ros2_ws/install/my_package:/opt/ros/humble /usr/bin/cmake --install /ros2_ws/build/turtlesim
