[4.028s] Invoking command in '/ros2_ws/src/my_package': PYTHONPATH=/ros2_ws/build/my_package/prefix_override:/usr/lib/python3/dist-packages/colcon_core/task/python/colcon_distutils_commands:/ros2_ws/install/my_package/lib/python3.10/site-packages:${PYTHONPATH} /usr/bin/python3 -W ignore:setup.py install is deprecated setup.py egg_info --egg-base ../../build/my_package build --build-base /ros2_ws/build/my_package/build install --record /ros2_ws/build/my_package/install.log --single-version-externally-managed install_data
[4.973s] running egg_info
[4.977s] writing ../../build/my_package/my_package.egg-info/PKG-INFO
[4.982s] writing dependency_links to ../../build/my_package/my_package.egg-info/dependency_links.txt
[4.986s] writing entry points to ../../build/my_package/my_package.egg-info/entry_points.txt
[4.989s] writing requirements to ../../build/my_package/my_package.egg-info/requires.txt
[4.992s] writing top-level names to ../../build/my_package/my_package.egg-info/top_level.txt
[5.019s] reading manifest file '../../build/my_package/my_package.egg-info/SOURCES.txt'
[5.053s] adding license file 'LICENSE'
[5.069s] writing manifest file '../../build/my_package/my_package.egg-info/SOURCES.txt'
[5.071s] running build
[5.072s] running build_py
[5.085s] running install
[5.086s] running install_lib
[5.159s] running install_data
[5.178s] running install_egg_info
[5.190s] removing '/ros2_ws/install/my_package/lib/python3.10/site-packages/my_package-0.0.0-py3.10.egg-info' (and everything under it)
[5.233s] Copying ../../build/my_package/my_package.egg-info to /ros2_ws/install/my_package/lib/python3.10/site-packages/my_package-0.0.0-py3.10.egg-info
[5.411s] running install_scripts
[5.489s] Installing talker script to /ros2_ws/install/my_package/lib/my_package
[5.498s] writing list of installed files to '/ros2_ws/build/my_package/install.log'
[5.520s] Invoked command in '/ros2_ws/src/my_package' returned '0': PYTHONPATH=/ros2_ws/build/my_package/prefix_override:/usr/lib/python3/dist-packages/colcon_core/task/python/colcon_distutils_commands:/ros2_ws/install/my_package/lib/python3.10/site-packages:${PYTHONPATH} /usr/bin/python3 -W ignore:setup.py install is deprecated setup.py egg_info --egg-base ../../build/my_package build --build-base /ros2_ws/build/my_package/build install --record /ros2_ws/build/my_package/install.log --single-version-externally-managed install_data
