[0.128s] DEBUG:colcon:Command line arguments: ['/usr/bin/colcon', 'build', '--symlink-install']
[0.128s] DEBUG:colcon:Parsed command line arguments: Namespace(log_base=None, log_level=None, verb_name='build', build_base='build', install_base='install', merge_install=False, symlink_install=True, test_result_base=None, continue_on_error=False, executor='parallel', parallel_workers=16, event_handlers=None, ignore_user_meta=False, metas=['./colcon.meta'], base_paths=['.'], packages_ignore=None, packages_ignore_regex=None, paths=None, packages_up_to=None, packages_up_to_regex=None, packages_above=None, packages_above_and_dependencies=None, packages_above_depth=None, packages_select_by_dep=None, packages_skip_by_dep=None, packages_skip_up_to=None, packages_select_build_failed=False, packages_skip_build_finished=False, packages_select_test_failures=False, packages_skip_test_passed=False, packages_select=None, packages_skip=None, packages_select_regex=None, packages_skip_regex=None, packages_start=None, packages_end=None, cmake_args=None, cmake_target=None, cmake_target_skip_unavailable=False, cmake_clean_cache=False, cmake_clean_first=False, cmake_force_configure=False, ament_cmake_args=None, catkin_cmake_args=None, catkin_skip_building_tests=False, mixin_files=None, mixin=None, verb_parser=<colcon_mixin.mixin.mixin_argument.MixinArgumentDecorator object at 0x7fe56c753b50>, verb_extension=<colcon_core.verb.build.BuildVerb object at 0x7fe56c7535b0>, main=<bound method BuildVerb.main of <colcon_core.verb.build.BuildVerb object at 0x7fe56c7535b0>>, mixin_verb=('build',))
[0.246s] Level 1:colcon.colcon_core.package_discovery:discover_packages(colcon_meta) check parameters
[0.247s] INFO:colcon.colcon_metadata.package_discovery.colcon_meta:Using configuration from '/root/.colcon/metadata/default/Gazebo.meta'
[0.248s] INFO:colcon.colcon_metadata.package_discovery.colcon_meta:Using configuration from '/root/.colcon/metadata/default/fastrtps.meta'
[0.249s] Level 1:colcon.colcon_core.package_discovery:discover_packages(recursive) check parameters
[0.249s] Level 1:colcon.colcon_core.package_discovery:discover_packages(ignore) check parameters
[0.249s] Level 1:colcon.colcon_core.package_discovery:discover_packages(path) check parameters
[0.250s] Level 1:colcon.colcon_core.package_discovery:discover_packages(colcon_meta) discover
[0.250s] Level 1:colcon.colcon_core.package_discovery:discover_packages(recursive) discover
[0.250s] INFO:colcon.colcon_core.package_discovery:Crawling recursively for packages in '/ros2_ws/src'
[0.252s] Level 1:colcon.colcon_core.package_identification:_identify(.) by extensions ['ignore', 'ignore_ament_install']
[0.252s] Level 1:colcon.colcon_core.package_identification:_identify(.) by extension 'ignore'
[0.252s] Level 1:colcon.colcon_core.package_identification:_identify(.) by extension 'ignore_ament_install'
[0.253s] Level 1:colcon.colcon_core.package_identification:_identify(.) by extensions ['colcon_pkg']
[0.253s] Level 1:colcon.colcon_core.package_identification:_identify(.) by extension 'colcon_pkg'
[0.253s] Level 1:colcon.colcon_core.package_identification:_identify(.) by extensions ['colcon_meta']
[0.253s] Level 1:colcon.colcon_core.package_identification:_identify(.) by extension 'colcon_meta'
[0.253s] Level 1:colcon.colcon_core.package_identification:_identify(.) by extensions ['ros']
[0.254s] Level 1:colcon.colcon_core.package_identification:_identify(.) by extension 'ros'
[0.264s] Level 1:colcon.colcon_core.package_identification:_identify(.) by extensions ['cmake', 'python']
[0.265s] Level 1:colcon.colcon_core.package_identification:_identify(.) by extension 'cmake'
[0.265s] Level 1:colcon.colcon_core.package_identification:_identify(.) by extension 'python'
[0.265s] Level 1:colcon.colcon_core.package_identification:_identify(.) by extensions ['python_setup_py']
[0.265s] Level 1:colcon.colcon_core.package_identification:_identify(.) by extension 'python_setup_py'
[0.267s] Level 1:colcon.colcon_core.package_identification:_identify(build) by extensions ['ignore', 'ignore_ament_install']
[0.268s] Level 1:colcon.colcon_core.package_identification:_identify(build) by extension 'ignore'
[0.268s] Level 1:colcon.colcon_core.package_identification:_identify(build) ignored
[0.271s] Level 1:colcon.colcon_core.package_identification:_identify(cpp_pubsub) by extensions ['ignore', 'ignore_ament_install']
[0.271s] Level 1:colcon.colcon_core.package_identification:_identify(cpp_pubsub) by extension 'ignore'
[0.272s] Level 1:colcon.colcon_core.package_identification:_identify(cpp_pubsub) by extension 'ignore_ament_install'
[0.273s] Level 1:colcon.colcon_core.package_identification:_identify(cpp_pubsub) by extensions ['colcon_pkg']
[0.273s] Level 1:colcon.colcon_core.package_identification:_identify(cpp_pubsub) by extension 'colcon_pkg'
[0.274s] Level 1:colcon.colcon_core.package_identification:_identify(cpp_pubsub) by extensions ['colcon_meta']
[0.274s] Level 1:colcon.colcon_core.package_identification:_identify(cpp_pubsub) by extension 'colcon_meta'
[0.275s] Level 1:colcon.colcon_core.package_identification:_identify(cpp_pubsub) by extensions ['ros']
[0.275s] Level 1:colcon.colcon_core.package_identification:_identify(cpp_pubsub) by extension 'ros'
[0.283s] DEBUG:colcon.colcon_core.package_identification:Package 'cpp_pubsub' with type 'ros.ament_cmake' and name 'cpp_pubsub'
[0.285s] Level 1:colcon.colcon_core.package_identification:_identify(install) by extensions ['ignore', 'ignore_ament_install']
[0.285s] Level 1:colcon.colcon_core.package_identification:_identify(install) by extension 'ignore'
[0.287s] Level 1:colcon.colcon_core.package_identification:_identify(install) ignored
[0.289s] Level 1:colcon.colcon_core.package_identification:_identify(log) by extensions ['ignore', 'ignore_ament_install']
[0.290s] Level 1:colcon.colcon_core.package_identification:_identify(log) by extension 'ignore'
[0.290s] Level 1:colcon.colcon_core.package_identification:_identify(log) ignored
[0.292s] Level 1:colcon.colcon_core.package_identification:_identify(my_package) by extensions ['ignore', 'ignore_ament_install']
[0.292s] Level 1:colcon.colcon_core.package_identification:_identify(my_package) by extension 'ignore'
[0.293s] Level 1:colcon.colcon_core.package_identification:_identify(my_package) by extension 'ignore_ament_install'
[0.294s] Level 1:colcon.colcon_core.package_identification:_identify(my_package) by extensions ['colcon_pkg']
[0.294s] Level 1:colcon.colcon_core.package_identification:_identify(my_package) by extension 'colcon_pkg'
[0.295s] Level 1:colcon.colcon_core.package_identification:_identify(my_package) by extensions ['colcon_meta']
[0.295s] Level 1:colcon.colcon_core.package_identification:_identify(my_package) by extension 'colcon_meta'
[0.295s] Level 1:colcon.colcon_core.package_identification:_identify(my_package) by extensions ['ros']
[0.295s] Level 1:colcon.colcon_core.package_identification:_identify(my_package) by extension 'ros'
[0.302s] DEBUG:colcon.colcon_core.package_identification:Package 'my_package' with type 'ros.ament_python' and name 'my_package'
[0.303s] Level 1:colcon.colcon_core.package_identification:_identify(my_package_cpp) by extensions ['ignore', 'ignore_ament_install']
[0.304s] Level 1:colcon.colcon_core.package_identification:_identify(my_package_cpp) by extension 'ignore'
[0.304s] Level 1:colcon.colcon_core.package_identification:_identify(my_package_cpp) by extension 'ignore_ament_install'
[0.305s] Level 1:colcon.colcon_core.package_identification:_identify(my_package_cpp) by extensions ['colcon_pkg']
[0.305s] Level 1:colcon.colcon_core.package_identification:_identify(my_package_cpp) by extension 'colcon_pkg'
[0.306s] Level 1:colcon.colcon_core.package_identification:_identify(my_package_cpp) by extensions ['colcon_meta']
[0.306s] Level 1:colcon.colcon_core.package_identification:_identify(my_package_cpp) by extension 'colcon_meta'
[0.307s] Level 1:colcon.colcon_core.package_identification:_identify(my_package_cpp) by extensions ['ros']
[0.307s] Level 1:colcon.colcon_core.package_identification:_identify(my_package_cpp) by extension 'ros'
[0.313s] DEBUG:colcon.colcon_core.package_identification:Package 'my_package_cpp' with type 'ros.ament_cmake' and name 'my_package_cpp'
[0.315s] Level 1:colcon.colcon_core.package_identification:_identify(py_pubsub) by extensions ['ignore', 'ignore_ament_install']
[0.315s] Level 1:colcon.colcon_core.package_identification:_identify(py_pubsub) by extension 'ignore'
[0.316s] Level 1:colcon.colcon_core.package_identification:_identify(py_pubsub) by extension 'ignore_ament_install'
[0.317s] Level 1:colcon.colcon_core.package_identification:_identify(py_pubsub) by extensions ['colcon_pkg']
[0.317s] Level 1:colcon.colcon_core.package_identification:_identify(py_pubsub) by extension 'colcon_pkg'
[0.318s] Level 1:colcon.colcon_core.package_identification:_identify(py_pubsub) by extensions ['colcon_meta']
[0.318s] Level 1:colcon.colcon_core.package_identification:_identify(py_pubsub) by extension 'colcon_meta'
[0.318s] Level 1:colcon.colcon_core.package_identification:_identify(py_pubsub) by extensions ['ros']
[0.318s] Level 1:colcon.colcon_core.package_identification:_identify(py_pubsub) by extension 'ros'
[0.325s] DEBUG:colcon.colcon_core.package_identification:Package 'py_pubsub' with type 'ros.ament_python' and name 'py_pubsub'
[0.327s] Level 1:colcon.colcon_core.package_identification:_identify(py_srvcli) by extensions ['ignore', 'ignore_ament_install']
[0.327s] Level 1:colcon.colcon_core.package_identification:_identify(py_srvcli) by extension 'ignore'
[0.328s] Level 1:colcon.colcon_core.package_identification:_identify(py_srvcli) by extension 'ignore_ament_install'
[0.329s] Level 1:colcon.colcon_core.package_identification:_identify(py_srvcli) by extensions ['colcon_pkg']
[0.329s] Level 1:colcon.colcon_core.package_identification:_identify(py_srvcli) by extension 'colcon_pkg'
[0.329s] Level 1:colcon.colcon_core.package_identification:_identify(py_srvcli) by extensions ['colcon_meta']
[0.329s] Level 1:colcon.colcon_core.package_identification:_identify(py_srvcli) by extension 'colcon_meta'
[0.330s] Level 1:colcon.colcon_core.package_identification:_identify(py_srvcli) by extensions ['ros']
[0.330s] Level 1:colcon.colcon_core.package_identification:_identify(py_srvcli) by extension 'ros'
[0.337s] DEBUG:colcon.colcon_core.package_identification:Package 'py_srvcli' with type 'ros.ament_python' and name 'py_srvcli'
[0.337s] Level 1:colcon.colcon_core.package_discovery:discover_packages(recursive) using defaults
[0.337s] Level 1:colcon.colcon_core.package_discovery:discover_packages(ignore) discover
[0.337s] Level 1:colcon.colcon_core.package_discovery:discover_packages(ignore) using defaults
[0.337s] Level 1:colcon.colcon_core.package_discovery:discover_packages(path) discover
[0.338s] Level 1:colcon.colcon_core.package_discovery:discover_packages(path) using defaults
[0.369s] Level 5:colcon.colcon_core.verb:set package 'cpp_pubsub' build argument 'cmake_args' from command line to 'None'
[0.369s] Level 5:colcon.colcon_core.verb:set package 'cpp_pubsub' build argument 'cmake_target' from command line to 'None'
[0.369s] Level 5:colcon.colcon_core.verb:set package 'cpp_pubsub' build argument 'cmake_target_skip_unavailable' from command line to 'False'
[0.370s] Level 5:colcon.colcon_core.verb:set package 'cpp_pubsub' build argument 'cmake_clean_cache' from command line to 'False'
[0.370s] Level 5:colcon.colcon_core.verb:set package 'cpp_pubsub' build argument 'cmake_clean_first' from command line to 'False'
[0.370s] Level 5:colcon.colcon_core.verb:set package 'cpp_pubsub' build argument 'cmake_force_configure' from command line to 'False'
[0.370s] Level 5:colcon.colcon_core.verb:set package 'cpp_pubsub' build argument 'ament_cmake_args' from command line to 'None'
[0.370s] Level 5:colcon.colcon_core.verb:set package 'cpp_pubsub' build argument 'catkin_cmake_args' from command line to 'None'
[0.370s] Level 5:colcon.colcon_core.verb:set package 'cpp_pubsub' build argument 'catkin_skip_building_tests' from command line to 'False'
[0.371s] DEBUG:colcon.colcon_core.verb:Building package 'cpp_pubsub' with the following arguments: {'ament_cmake_args': None, 'build_base': '/ros2_ws/src/build/cpp_pubsub', 'catkin_cmake_args': None, 'catkin_skip_building_tests': False, 'cmake_args': None, 'cmake_clean_cache': False, 'cmake_clean_first': False, 'cmake_force_configure': False, 'cmake_target': None, 'cmake_target_skip_unavailable': False, 'install_base': '/ros2_ws/src/install/cpp_pubsub', 'merge_install': False, 'path': '/ros2_ws/src/cpp_pubsub', 'symlink_install': True, 'test_result_base': None}
[0.371s] Level 5:colcon.colcon_core.verb:set package 'my_package' build argument 'cmake_args' from command line to 'None'
[0.371s] Level 5:colcon.colcon_core.verb:set package 'my_package' build argument 'cmake_target' from command line to 'None'
[0.371s] Level 5:colcon.colcon_core.verb:set package 'my_package' build argument 'cmake_target_skip_unavailable' from command line to 'False'
[0.371s] Level 5:colcon.colcon_core.verb:set package 'my_package' build argument 'cmake_clean_cache' from command line to 'False'
[0.372s] Level 5:colcon.colcon_core.verb:set package 'my_package' build argument 'cmake_clean_first' from command line to 'False'
[0.372s] Level 5:colcon.colcon_core.verb:set package 'my_package' build argument 'cmake_force_configure' from command line to 'False'
[0.372s] Level 5:colcon.colcon_core.verb:set package 'my_package' build argument 'ament_cmake_args' from command line to 'None'
[0.372s] Level 5:colcon.colcon_core.verb:set package 'my_package' build argument 'catkin_cmake_args' from command line to 'None'
[0.372s] Level 5:colcon.colcon_core.verb:set package 'my_package' build argument 'catkin_skip_building_tests' from command line to 'False'
[0.372s] DEBUG:colcon.colcon_core.verb:Building package 'my_package' with the following arguments: {'ament_cmake_args': None, 'build_base': '/ros2_ws/src/build/my_package', 'catkin_cmake_args': None, 'catkin_skip_building_tests': False, 'cmake_args': None, 'cmake_clean_cache': False, 'cmake_clean_first': False, 'cmake_force_configure': False, 'cmake_target': None, 'cmake_target_skip_unavailable': False, 'install_base': '/ros2_ws/src/install/my_package', 'merge_install': False, 'path': '/ros2_ws/src/my_package', 'symlink_install': True, 'test_result_base': None}
[0.373s] Level 5:colcon.colcon_core.verb:set package 'my_package_cpp' build argument 'cmake_args' from command line to 'None'
[0.373s] Level 5:colcon.colcon_core.verb:set package 'my_package_cpp' build argument 'cmake_target' from command line to 'None'
[0.373s] Level 5:colcon.colcon_core.verb:set package 'my_package_cpp' build argument 'cmake_target_skip_unavailable' from command line to 'False'
[0.373s] Level 5:colcon.colcon_core.verb:set package 'my_package_cpp' build argument 'cmake_clean_cache' from command line to 'False'
[0.373s] Level 5:colcon.colcon_core.verb:set package 'my_package_cpp' build argument 'cmake_clean_first' from command line to 'False'
[0.373s] Level 5:colcon.colcon_core.verb:set package 'my_package_cpp' build argument 'cmake_force_configure' from command line to 'False'
[0.374s] Level 5:colcon.colcon_core.verb:set package 'my_package_cpp' build argument 'ament_cmake_args' from command line to 'None'
[0.374s] Level 5:colcon.colcon_core.verb:set package 'my_package_cpp' build argument 'catkin_cmake_args' from command line to 'None'
[0.374s] Level 5:colcon.colcon_core.verb:set package 'my_package_cpp' build argument 'catkin_skip_building_tests' from command line to 'False'
[0.374s] DEBUG:colcon.colcon_core.verb:Building package 'my_package_cpp' with the following arguments: {'ament_cmake_args': None, 'build_base': '/ros2_ws/src/build/my_package_cpp', 'catkin_cmake_args': None, 'catkin_skip_building_tests': False, 'cmake_args': None, 'cmake_clean_cache': False, 'cmake_clean_first': False, 'cmake_force_configure': False, 'cmake_target': None, 'cmake_target_skip_unavailable': False, 'install_base': '/ros2_ws/src/install/my_package_cpp', 'merge_install': False, 'path': '/ros2_ws/src/my_package_cpp', 'symlink_install': True, 'test_result_base': None}
[0.374s] Level 5:colcon.colcon_core.verb:set package 'py_pubsub' build argument 'cmake_args' from command line to 'None'
[0.375s] Level 5:colcon.colcon_core.verb:set package 'py_pubsub' build argument 'cmake_target' from command line to 'None'
[0.375s] Level 5:colcon.colcon_core.verb:set package 'py_pubsub' build argument 'cmake_target_skip_unavailable' from command line to 'False'
[0.375s] Level 5:colcon.colcon_core.verb:set package 'py_pubsub' build argument 'cmake_clean_cache' from command line to 'False'
[0.375s] Level 5:colcon.colcon_core.verb:set package 'py_pubsub' build argument 'cmake_clean_first' from command line to 'False'
[0.375s] Level 5:colcon.colcon_core.verb:set package 'py_pubsub' build argument 'cmake_force_configure' from command line to 'False'
[0.375s] Level 5:colcon.colcon_core.verb:set package 'py_pubsub' build argument 'ament_cmake_args' from command line to 'None'
[0.375s] Level 5:colcon.colcon_core.verb:set package 'py_pubsub' build argument 'catkin_cmake_args' from command line to 'None'
[0.375s] Level 5:colcon.colcon_core.verb:set package 'py_pubsub' build argument 'catkin_skip_building_tests' from command line to 'False'
[0.376s] DEBUG:colcon.colcon_core.verb:Building package 'py_pubsub' with the following arguments: {'ament_cmake_args': None, 'build_base': '/ros2_ws/src/build/py_pubsub', 'catkin_cmake_args': None, 'catkin_skip_building_tests': False, 'cmake_args': None, 'cmake_clean_cache': False, 'cmake_clean_first': False, 'cmake_force_configure': False, 'cmake_target': None, 'cmake_target_skip_unavailable': False, 'install_base': '/ros2_ws/src/install/py_pubsub', 'merge_install': False, 'path': '/ros2_ws/src/py_pubsub', 'symlink_install': True, 'test_result_base': None}
[0.376s] Level 5:colcon.colcon_core.verb:set package 'py_srvcli' build argument 'cmake_args' from command line to 'None'
[0.376s] Level 5:colcon.colcon_core.verb:set package 'py_srvcli' build argument 'cmake_target' from command line to 'None'
[0.376s] Level 5:colcon.colcon_core.verb:set package 'py_srvcli' build argument 'cmake_target_skip_unavailable' from command line to 'False'
[0.377s] Level 5:colcon.colcon_core.verb:set package 'py_srvcli' build argument 'cmake_clean_cache' from command line to 'False'
[0.377s] Level 5:colcon.colcon_core.verb:set package 'py_srvcli' build argument 'cmake_clean_first' from command line to 'False'
[0.377s] Level 5:colcon.colcon_core.verb:set package 'py_srvcli' build argument 'cmake_force_configure' from command line to 'False'
[0.377s] Level 5:colcon.colcon_core.verb:set package 'py_srvcli' build argument 'ament_cmake_args' from command line to 'None'
[0.377s] Level 5:colcon.colcon_core.verb:set package 'py_srvcli' build argument 'catkin_cmake_args' from command line to 'None'
[0.377s] Level 5:colcon.colcon_core.verb:set package 'py_srvcli' build argument 'catkin_skip_building_tests' from command line to 'False'
[0.377s] DEBUG:colcon.colcon_core.verb:Building package 'py_srvcli' with the following arguments: {'ament_cmake_args': None, 'build_base': '/ros2_ws/src/build/py_srvcli', 'catkin_cmake_args': None, 'catkin_skip_building_tests': False, 'cmake_args': None, 'cmake_clean_cache': False, 'cmake_clean_first': False, 'cmake_force_configure': False, 'cmake_target': None, 'cmake_target_skip_unavailable': False, 'install_base': '/ros2_ws/src/install/py_srvcli', 'merge_install': False, 'path': '/ros2_ws/src/py_srvcli', 'symlink_install': True, 'test_result_base': None}
[0.378s] INFO:colcon.colcon_core.executor:Executing jobs using 'parallel' executor
[0.378s] DEBUG:colcon.colcon_parallel_executor.executor.parallel:run_until_complete
[0.379s] INFO:colcon.colcon_ros.task.ament_cmake.build:Building ROS package in '/ros2_ws/src/cpp_pubsub' with build type 'ament_cmake'
[0.379s] INFO:colcon.colcon_cmake.task.cmake.build:Building CMake package in '/ros2_ws/src/cpp_pubsub'
[0.382s] INFO:colcon.colcon_core.plugin_system:Skipping extension 'colcon_core.shell.bat': Not used on non-Windows systems
[0.382s] INFO:colcon.colcon_core.shell:Skip shell extension 'powershell' for command environment: Not usable outside of PowerShell
[0.382s] DEBUG:colcon.colcon_core.shell:Skip shell extension 'dsv' for command environment
[0.391s] INFO:colcon.colcon_ros.task.ament_python.build:Building ROS package in '/ros2_ws/src/my_package' with build type 'ament_python'
[0.391s] Level 1:colcon.colcon_core.shell:create_environment_hook('my_package', 'ament_prefix_path')
[0.392s] INFO:colcon.colcon_core.shell:Creating environment hook '/ros2_ws/src/install/my_package/share/my_package/hook/ament_prefix_path.ps1'
[0.405s] INFO:colcon.colcon_core.shell:Creating environment descriptor '/ros2_ws/src/install/my_package/share/my_package/hook/ament_prefix_path.dsv'
[0.415s] INFO:colcon.colcon_core.shell:Creating environment hook '/ros2_ws/src/install/my_package/share/my_package/hook/ament_prefix_path.sh'
[0.425s] INFO:colcon.colcon_core.shell:Skip shell extension 'powershell' for command environment: Not usable outside of PowerShell
[0.426s] DEBUG:colcon.colcon_core.shell:Skip shell extension 'dsv' for command environment
[0.432s] INFO:colcon.colcon_ros.task.ament_cmake.build:Building ROS package in '/ros2_ws/src/my_package_cpp' with build type 'ament_cmake'
[0.432s] INFO:colcon.colcon_cmake.task.cmake.build:Building CMake package in '/ros2_ws/src/my_package_cpp'
[0.433s] INFO:colcon.colcon_core.shell:Skip shell extension 'powershell' for command environment: Not usable outside of PowerShell
[0.433s] DEBUG:colcon.colcon_core.shell:Skip shell extension 'dsv' for command environment
[0.440s] INFO:colcon.colcon_ros.task.ament_python.build:Building ROS package in '/ros2_ws/src/py_pubsub' with build type 'ament_python'
[0.440s] Level 1:colcon.colcon_core.shell:create_environment_hook('py_pubsub', 'ament_prefix_path')
[0.441s] INFO:colcon.colcon_core.shell:Creating environment hook '/ros2_ws/src/install/py_pubsub/share/py_pubsub/hook/ament_prefix_path.ps1'
[0.453s] INFO:colcon.colcon_core.shell:Creating environment descriptor '/ros2_ws/src/install/py_pubsub/share/py_pubsub/hook/ament_prefix_path.dsv'
[0.463s] INFO:colcon.colcon_core.shell:Creating environment hook '/ros2_ws/src/install/py_pubsub/share/py_pubsub/hook/ament_prefix_path.sh'
[0.473s] INFO:colcon.colcon_core.shell:Skip shell extension 'powershell' for command environment: Not usable outside of PowerShell
[0.473s] DEBUG:colcon.colcon_core.shell:Skip shell extension 'dsv' for command environment
[0.480s] INFO:colcon.colcon_ros.task.ament_python.build:Building ROS package in '/ros2_ws/src/py_srvcli' with build type 'ament_python'
[0.481s] Level 1:colcon.colcon_core.shell:create_environment_hook('py_srvcli', 'ament_prefix_path')
[0.481s] INFO:colcon.colcon_core.shell:Creating environment hook '/ros2_ws/src/install/py_srvcli/share/py_srvcli/hook/ament_prefix_path.ps1'
[0.492s] INFO:colcon.colcon_core.shell:Creating environment descriptor '/ros2_ws/src/install/py_srvcli/share/py_srvcli/hook/ament_prefix_path.dsv'
[0.502s] INFO:colcon.colcon_core.shell:Creating environment hook '/ros2_ws/src/install/py_srvcli/share/py_srvcli/hook/ament_prefix_path.sh'
[0.512s] INFO:colcon.colcon_core.shell:Skip shell extension 'powershell' for command environment: Not usable outside of PowerShell
[0.513s] DEBUG:colcon.colcon_core.shell:Skip shell extension 'dsv' for command environment
[0.539s] DEBUG:colcon.colcon_core.event_handler.log_command:Invoking command in '/ros2_ws/src/build/cpp_pubsub': CMAKE_PREFIX_PATH=/opt/ros/humble /usr/bin/cmake /ros2_ws/src/cpp_pubsub -DAMENT_CMAKE_SYMLINK_INSTALL=1 -DCMAKE_INSTALL_PREFIX=/ros2_ws/src/install/cpp_pubsub
[0.786s] INFO:colcon.colcon_core.task.python.build:Building Python package in '/ros2_ws/src/my_package'
[0.787s] INFO:colcon.colcon_core.shell:Skip shell extension 'powershell' for command environment: Not usable outside of PowerShell
[0.787s] DEBUG:colcon.colcon_core.shell:Skip shell extension 'dsv' for command environment
[0.810s] DEBUG:colcon.colcon_core.event_handler.log_command:Invoking command in '/ros2_ws/src/build/my_package_cpp': CMAKE_PREFIX_PATH=/opt/ros/humble /usr/bin/cmake /ros2_ws/src/my_package_cpp -DAMENT_CMAKE_SYMLINK_INSTALL=1 -DCMAKE_INSTALL_PREFIX=/ros2_ws/src/install/my_package_cpp
[1.066s] INFO:colcon.colcon_core.task.python.build:Building Python package in '/ros2_ws/src/py_pubsub'
[1.066s] INFO:colcon.colcon_core.shell:Skip shell extension 'powershell' for command environment: Not usable outside of PowerShell
[1.067s] DEBUG:colcon.colcon_core.shell:Skip shell extension 'dsv' for command environment
[1.349s] INFO:colcon.colcon_core.task.python.build:Building Python package in '/ros2_ws/src/py_srvcli'
[1.349s] INFO:colcon.colcon_core.shell:Skip shell extension 'powershell' for command environment: Not usable outside of PowerShell
[1.349s] DEBUG:colcon.colcon_core.shell:Skip shell extension 'dsv' for command environment
[2.287s] DEBUG:colcon.colcon_core.event_handler.log_command:Invoking command in '/ros2_ws/src/build/my_package': PYTHONPATH=/ros2_ws/src/build/my_package/prefix_override:/usr/lib/python3/dist-packages/colcon_core/task/python/colcon_distutils_commands:/ros2_ws/src/install/my_package/lib/python3.10/site-packages:${PYTHONPATH} /usr/bin/python3 -W ignore:setup.py install is deprecated setup.py develop --editable --build-directory /ros2_ws/src/build/my_package/build --no-deps symlink_data
[2.324s] DEBUG:colcon.colcon_core.event_handler.log_command:Invoking command in '/ros2_ws/src/build/py_pubsub': PYTHONPATH=/ros2_ws/src/build/py_pubsub/prefix_override:/usr/lib/python3/dist-packages/colcon_core/task/python/colcon_distutils_commands:/ros2_ws/src/install/py_pubsub/lib/python3.10/site-packages:${PYTHONPATH} /usr/bin/python3 -W ignore:setup.py install is deprecated setup.py develop --editable --build-directory /ros2_ws/src/build/py_pubsub/build --no-deps symlink_data
[2.379s] DEBUG:colcon.colcon_core.task.python.build:While undoing a previous installation files outside the Python library path are being ignored: /ros2_ws/src/install/py_srvcli/share/ament_index/resource_index/packages/py_srvcli
[2.381s] DEBUG:colcon.colcon_core.task.python.build:While undoing a previous installation files outside the Python library path are being ignored: /ros2_ws/src/install/py_srvcli/share/py_srvcli/package.xml
[2.444s] DEBUG:colcon.colcon_core.task.python.build:While undoing a previous installation files outside the Python library path are being ignored: /ros2_ws/src/install/py_srvcli/lib/py_srvcli/service_node
[2.489s] DEBUG:colcon.colcon_core.event_handler.log_command:Invoking command in '/ros2_ws/src/build/py_srvcli': PYTHONPATH=/ros2_ws/src/build/py_srvcli/prefix_override:/usr/lib/python3/dist-packages/colcon_core/task/python/colcon_distutils_commands:/ros2_ws/src/install/py_srvcli/lib/python3.10/site-packages:${PYTHONPATH} /usr/bin/python3 -W ignore:setup.py install is deprecated setup.py develop --editable --build-directory /ros2_ws/src/build/py_srvcli/build --no-deps symlink_data --force
[3.411s] Level 1:colcon.colcon_core.shell:create_environment_hook('my_package', 'pythonpath_develop')
[3.411s] INFO:colcon.colcon_core.shell:Creating environment hook '/ros2_ws/src/build/my_package/share/my_package/hook/pythonpath_develop.ps1'
[3.414s] DEBUG:colcon.colcon_core.event_handler.log_command:Invoked command in '/ros2_ws/src/build/my_package' returned '0': PYTHONPATH=/ros2_ws/src/build/my_package/prefix_override:/usr/lib/python3/dist-packages/colcon_core/task/python/colcon_distutils_commands:/ros2_ws/src/install/my_package/lib/python3.10/site-packages:${PYTHONPATH} /usr/bin/python3 -W ignore:setup.py install is deprecated setup.py develop --editable --build-directory /ros2_ws/src/build/my_package/build --no-deps symlink_data
[3.426s] INFO:colcon.colcon_core.shell:Creating environment descriptor '/ros2_ws/src/build/my_package/share/my_package/hook/pythonpath_develop.dsv'
[3.439s] INFO:colcon.colcon_core.shell:Creating environment hook '/ros2_ws/src/build/my_package/share/my_package/hook/pythonpath_develop.sh'
[3.454s] Level 1:colcon.colcon_core.environment:checking '/ros2_ws/src/install/my_package' for CMake module files
[3.497s] Level 1:colcon.colcon_core.environment:checking '/ros2_ws/src/install/my_package' for CMake config files
[3.557s] Level 1:colcon.colcon_core.environment:checking '/ros2_ws/src/install/my_package/lib'
[3.561s] Level 1:colcon.colcon_core.environment:checking '/ros2_ws/src/install/my_package/bin'
[3.561s] Level 1:colcon.colcon_core.environment:checking '/ros2_ws/src/install/my_package/lib/pkgconfig/my_package.pc'
[3.563s] Level 1:colcon.colcon_core.environment:checking '/ros2_ws/src/install/my_package/lib/python3.10/site-packages'
[3.565s] Level 1:colcon.colcon_core.shell:create_environment_hook('my_package', 'pythonpath')
[3.566s] INFO:colcon.colcon_core.shell:Creating environment hook '/ros2_ws/src/install/my_package/share/my_package/hook/pythonpath.ps1'
[3.578s] INFO:colcon.colcon_core.shell:Creating environment descriptor '/ros2_ws/src/install/my_package/share/my_package/hook/pythonpath.dsv'
[3.590s] INFO:colcon.colcon_core.shell:Creating environment hook '/ros2_ws/src/install/my_package/share/my_package/hook/pythonpath.sh'
[3.602s] Level 1:colcon.colcon_core.environment:checking '/ros2_ws/src/install/my_package/bin'
[3.602s] Level 1:colcon.colcon_core.environment:create_environment_scripts_only(my_package)
[3.603s] INFO:colcon.colcon_core.shell:Creating package script '/ros2_ws/src/install/my_package/share/my_package/package.ps1'
[3.613s] INFO:colcon.colcon_core.shell:Creating package descriptor '/ros2_ws/src/install/my_package/share/my_package/package.dsv'
[3.624s] INFO:colcon.colcon_core.shell:Creating package script '/ros2_ws/src/install/my_package/share/my_package/package.sh'
[3.635s] INFO:colcon.colcon_core.shell:Creating package script '/ros2_ws/src/install/my_package/share/my_package/package.bash'
[3.647s] INFO:colcon.colcon_core.shell:Creating package script '/ros2_ws/src/install/my_package/share/my_package/package.zsh'
[3.658s] Level 1:colcon.colcon_core.environment:create_file_with_runtime_dependencies(/ros2_ws/src/install/my_package/share/colcon-core/packages/my_package)
[3.672s] Level 1:colcon.colcon_core.shell:create_environment_hook('py_pubsub', 'pythonpath_develop')
[3.673s] INFO:colcon.colcon_core.shell:Creating environment hook '/ros2_ws/src/build/py_pubsub/share/py_pubsub/hook/pythonpath_develop.ps1'
[3.680s] DEBUG:colcon.colcon_core.event_handler.log_command:Invoked command in '/ros2_ws/src/build/py_pubsub' returned '0': PYTHONPATH=/ros2_ws/src/build/py_pubsub/prefix_override:/usr/lib/python3/dist-packages/colcon_core/task/python/colcon_distutils_commands:/ros2_ws/src/install/py_pubsub/lib/python3.10/site-packages:${PYTHONPATH} /usr/bin/python3 -W ignore:setup.py install is deprecated setup.py develop --editable --build-directory /ros2_ws/src/build/py_pubsub/build --no-deps symlink_data
[3.687s] INFO:colcon.colcon_core.shell:Creating environment descriptor '/ros2_ws/src/build/py_pubsub/share/py_pubsub/hook/pythonpath_develop.dsv'
[3.698s] INFO:colcon.colcon_core.shell:Creating environment hook '/ros2_ws/src/build/py_pubsub/share/py_pubsub/hook/pythonpath_develop.sh'
[3.708s] Level 1:colcon.colcon_core.environment:checking '/ros2_ws/src/install/py_pubsub' for CMake module files
[3.753s] Level 1:colcon.colcon_core.environment:checking '/ros2_ws/src/install/py_pubsub' for CMake config files
[3.817s] Level 1:colcon.colcon_core.environment:checking '/ros2_ws/src/install/py_pubsub/lib'
[3.821s] Level 1:colcon.colcon_core.environment:checking '/ros2_ws/src/install/py_pubsub/bin'
[3.822s] Level 1:colcon.colcon_core.environment:checking '/ros2_ws/src/install/py_pubsub/lib/pkgconfig/py_pubsub.pc'
[3.824s] Level 1:colcon.colcon_core.environment:checking '/ros2_ws/src/install/py_pubsub/lib/python3.10/site-packages'
[3.826s] Level 1:colcon.colcon_core.shell:create_environment_hook('py_pubsub', 'pythonpath')
[3.827s] INFO:colcon.colcon_core.shell:Creating environment hook '/ros2_ws/src/install/py_pubsub/share/py_pubsub/hook/pythonpath.ps1'
[3.839s] INFO:colcon.colcon_core.shell:Creating environment descriptor '/ros2_ws/src/install/py_pubsub/share/py_pubsub/hook/pythonpath.dsv'
[3.851s] INFO:colcon.colcon_core.shell:Creating environment hook '/ros2_ws/src/install/py_pubsub/share/py_pubsub/hook/pythonpath.sh'
[3.864s] Level 1:colcon.colcon_core.environment:checking '/ros2_ws/src/install/py_pubsub/bin'
[3.865s] Level 1:colcon.colcon_core.environment:create_environment_scripts_only(py_pubsub)
[3.866s] INFO:colcon.colcon_core.shell:Creating package script '/ros2_ws/src/install/py_pubsub/share/py_pubsub/package.ps1'
[3.876s] INFO:colcon.colcon_core.shell:Creating package descriptor '/ros2_ws/src/install/py_pubsub/share/py_pubsub/package.dsv'
[3.887s] INFO:colcon.colcon_core.shell:Creating package script '/ros2_ws/src/install/py_pubsub/share/py_pubsub/package.sh'
[3.898s] INFO:colcon.colcon_core.shell:Creating package script '/ros2_ws/src/install/py_pubsub/share/py_pubsub/package.bash'
[3.908s] INFO:colcon.colcon_core.shell:Creating package script '/ros2_ws/src/install/py_pubsub/share/py_pubsub/package.zsh'
[3.917s] Level 1:colcon.colcon_core.environment:create_file_with_runtime_dependencies(/ros2_ws/src/install/py_pubsub/share/colcon-core/packages/py_pubsub)
[3.928s] Level 1:colcon.colcon_core.shell:create_environment_hook('py_srvcli', 'pythonpath_develop')
[3.928s] INFO:colcon.colcon_core.shell:Creating environment hook '/ros2_ws/src/build/py_srvcli/share/py_srvcli/hook/pythonpath_develop.ps1'
[3.935s] DEBUG:colcon.colcon_core.event_handler.log_command:Invoked command in '/ros2_ws/src/build/py_srvcli' returned '0': PYTHONPATH=/ros2_ws/src/build/py_srvcli/prefix_override:/usr/lib/python3/dist-packages/colcon_core/task/python/colcon_distutils_commands:/ros2_ws/src/install/py_srvcli/lib/python3.10/site-packages:${PYTHONPATH} /usr/bin/python3 -W ignore:setup.py install is deprecated setup.py develop --editable --build-directory /ros2_ws/src/build/py_srvcli/build --no-deps symlink_data --force
[3.941s] INFO:colcon.colcon_core.shell:Creating environment descriptor '/ros2_ws/src/build/py_srvcli/share/py_srvcli/hook/pythonpath_develop.dsv'
[3.951s] INFO:colcon.colcon_core.shell:Creating environment hook '/ros2_ws/src/build/py_srvcli/share/py_srvcli/hook/pythonpath_develop.sh'
[3.962s] Level 1:colcon.colcon_core.environment:checking '/ros2_ws/src/install/py_srvcli' for CMake module files
[4.016s] Level 1:colcon.colcon_core.environment:checking '/ros2_ws/src/install/py_srvcli' for CMake config files
[4.084s] Level 1:colcon.colcon_core.environment:checking '/ros2_ws/src/install/py_srvcli/lib'
[4.088s] Level 1:colcon.colcon_core.environment:checking '/ros2_ws/src/install/py_srvcli/bin'
[4.089s] Level 1:colcon.colcon_core.environment:checking '/ros2_ws/src/install/py_srvcli/lib/pkgconfig/py_srvcli.pc'
[4.091s] Level 1:colcon.colcon_core.environment:checking '/ros2_ws/src/install/py_srvcli/lib/python3.10/site-packages'
[4.094s] Level 1:colcon.colcon_core.shell:create_environment_hook('py_srvcli', 'pythonpath')
[4.094s] INFO:colcon.colcon_core.shell:Creating environment hook '/ros2_ws/src/install/py_srvcli/share/py_srvcli/hook/pythonpath.ps1'
[4.107s] INFO:colcon.colcon_core.shell:Creating environment descriptor '/ros2_ws/src/install/py_srvcli/share/py_srvcli/hook/pythonpath.dsv'
[4.119s] INFO:colcon.colcon_core.shell:Creating environment hook '/ros2_ws/src/install/py_srvcli/share/py_srvcli/hook/pythonpath.sh'
[4.132s] Level 1:colcon.colcon_core.environment:checking '/ros2_ws/src/install/py_srvcli/bin'
[4.133s] Level 1:colcon.colcon_core.environment:create_environment_scripts_only(py_srvcli)
[4.134s] INFO:colcon.colcon_core.shell:Creating package script '/ros2_ws/src/install/py_srvcli/share/py_srvcli/package.ps1'
[4.145s] INFO:colcon.colcon_core.shell:Creating package descriptor '/ros2_ws/src/install/py_srvcli/share/py_srvcli/package.dsv'
[4.155s] INFO:colcon.colcon_core.shell:Creating package script '/ros2_ws/src/install/py_srvcli/share/py_srvcli/package.sh'
[4.165s] INFO:colcon.colcon_core.shell:Creating package script '/ros2_ws/src/install/py_srvcli/share/py_srvcli/package.bash'
[4.173s] INFO:colcon.colcon_core.shell:Creating package script '/ros2_ws/src/install/py_srvcli/share/py_srvcli/package.zsh'
[4.182s] Level 1:colcon.colcon_core.environment:create_file_with_runtime_dependencies(/ros2_ws/src/install/py_srvcli/share/colcon-core/packages/py_srvcli)
[4.196s] DEBUG:colcon.colcon_core.event_handler.log_command:Invoked command in '/ros2_ws/src/build/my_package_cpp' returned '0': CMAKE_PREFIX_PATH=/opt/ros/humble /usr/bin/cmake /ros2_ws/src/my_package_cpp -DAMENT_CMAKE_SYMLINK_INSTALL=1 -DCMAKE_INSTALL_PREFIX=/ros2_ws/src/install/my_package_cpp
[4.199s] DEBUG:colcon.colcon_core.event_handler.log_command:Invoking command in '/ros2_ws/src/build/my_package_cpp': CMAKE_PREFIX_PATH=/opt/ros/humble /usr/bin/cmake --build /ros2_ws/src/build/my_package_cpp -- -j16 -l16
[4.509s] DEBUG:colcon.colcon_core.event_handler.log_command:Invoked command in '/ros2_ws/src/build/my_package_cpp' returned '0': CMAKE_PREFIX_PATH=/opt/ros/humble /usr/bin/cmake --build /ros2_ws/src/build/my_package_cpp -- -j16 -l16
[4.546s] DEBUG:colcon.colcon_core.event_handler.log_command:Invoking command in '/ros2_ws/src/build/my_package_cpp': CMAKE_PREFIX_PATH=/opt/ros/humble /usr/bin/cmake --install /ros2_ws/src/build/my_package_cpp
[5.068s] Level 1:colcon.colcon_core.environment:create_environment_scripts_only(my_package_cpp)
[5.068s] Level 1:colcon.colcon_core.environment:checking '/ros2_ws/src/install/my_package_cpp' for CMake module files
[5.069s] DEBUG:colcon.colcon_core.event_handler.log_command:Invoked command in '/ros2_ws/src/build/my_package_cpp' returned '0': CMAKE_PREFIX_PATH=/opt/ros/humble /usr/bin/cmake --install /ros2_ws/src/build/my_package_cpp
[5.141s] Level 1:colcon.colcon_core.environment:checking '/ros2_ws/src/install/my_package_cpp' for CMake config files
[5.211s] Level 1:colcon.colcon_core.shell:create_environment_hook('my_package_cpp', 'cmake_prefix_path')
[5.212s] INFO:colcon.colcon_core.shell:Creating environment hook '/ros2_ws/src/install/my_package_cpp/share/my_package_cpp/hook/cmake_prefix_path.ps1'
[5.221s] INFO:colcon.colcon_core.shell:Creating environment descriptor '/ros2_ws/src/install/my_package_cpp/share/my_package_cpp/hook/cmake_prefix_path.dsv'
[5.232s] INFO:colcon.colcon_core.shell:Creating environment hook '/ros2_ws/src/install/my_package_cpp/share/my_package_cpp/hook/cmake_prefix_path.sh'
[5.246s] Level 1:colcon.colcon_core.environment:checking '/ros2_ws/src/install/my_package_cpp/lib'
[5.249s] Level 1:colcon.colcon_core.environment:checking '/ros2_ws/src/install/my_package_cpp/bin'
[5.250s] Level 1:colcon.colcon_core.environment:checking '/ros2_ws/src/install/my_package_cpp/lib/pkgconfig/my_package_cpp.pc'
[5.252s] Level 1:colcon.colcon_core.environment:checking '/ros2_ws/src/install/my_package_cpp/lib/python3.10/site-packages'
[5.253s] Level 1:colcon.colcon_core.environment:checking '/ros2_ws/src/install/my_package_cpp/bin'
[5.255s] INFO:colcon.colcon_core.shell:Creating package script '/ros2_ws/src/install/my_package_cpp/share/my_package_cpp/package.ps1'
[5.264s] INFO:colcon.colcon_core.shell:Creating package descriptor '/ros2_ws/src/install/my_package_cpp/share/my_package_cpp/package.dsv'
[5.275s] INFO:colcon.colcon_core.shell:Creating package script '/ros2_ws/src/install/my_package_cpp/share/my_package_cpp/package.sh'
[5.285s] INFO:colcon.colcon_core.shell:Creating package script '/ros2_ws/src/install/my_package_cpp/share/my_package_cpp/package.bash'
[5.294s] INFO:colcon.colcon_core.shell:Creating package script '/ros2_ws/src/install/my_package_cpp/share/my_package_cpp/package.zsh'
[5.303s] Level 1:colcon.colcon_core.environment:create_file_with_runtime_dependencies(/ros2_ws/src/install/my_package_cpp/share/colcon-core/packages/my_package_cpp)
[5.340s] Level 1:colcon.colcon_core.environment:create_environment_scripts_only(my_package_cpp)
[5.341s] Level 1:colcon.colcon_core.environment:checking '/ros2_ws/src/install/my_package_cpp' for CMake module files
[5.421s] Level 1:colcon.colcon_core.environment:checking '/ros2_ws/src/install/my_package_cpp' for CMake config files
[5.497s] Level 1:colcon.colcon_core.shell:create_environment_hook('my_package_cpp', 'cmake_prefix_path')
[5.498s] INFO:colcon.colcon_core.shell:Creating environment hook '/ros2_ws/src/install/my_package_cpp/share/my_package_cpp/hook/cmake_prefix_path.ps1'
[5.509s] INFO:colcon.colcon_core.shell:Creating environment descriptor '/ros2_ws/src/install/my_package_cpp/share/my_package_cpp/hook/cmake_prefix_path.dsv'
[5.521s] INFO:colcon.colcon_core.shell:Creating environment hook '/ros2_ws/src/install/my_package_cpp/share/my_package_cpp/hook/cmake_prefix_path.sh'
[5.535s] Level 1:colcon.colcon_core.environment:checking '/ros2_ws/src/install/my_package_cpp/lib'
[5.539s] Level 1:colcon.colcon_core.environment:checking '/ros2_ws/src/install/my_package_cpp/bin'
[5.540s] Level 1:colcon.colcon_core.environment:checking '/ros2_ws/src/install/my_package_cpp/lib/pkgconfig/my_package_cpp.pc'
[5.541s] Level 1:colcon.colcon_core.environment:checking '/ros2_ws/src/install/my_package_cpp/lib/python3.10/site-packages'
[5.543s] Level 1:colcon.colcon_core.environment:checking '/ros2_ws/src/install/my_package_cpp/bin'
[5.544s] INFO:colcon.colcon_core.shell:Creating package script '/ros2_ws/src/install/my_package_cpp/share/my_package_cpp/package.ps1'
[5.553s] INFO:colcon.colcon_core.shell:Creating package descriptor '/ros2_ws/src/install/my_package_cpp/share/my_package_cpp/package.dsv'
[5.563s] INFO:colcon.colcon_core.shell:Creating package script '/ros2_ws/src/install/my_package_cpp/share/my_package_cpp/package.sh'
[5.572s] INFO:colcon.colcon_core.shell:Creating package script '/ros2_ws/src/install/my_package_cpp/share/my_package_cpp/package.bash'
[5.582s] INFO:colcon.colcon_core.shell:Creating package script '/ros2_ws/src/install/my_package_cpp/share/my_package_cpp/package.zsh'
[5.592s] Level 1:colcon.colcon_core.environment:create_file_with_runtime_dependencies(/ros2_ws/src/install/my_package_cpp/share/colcon-core/packages/my_package_cpp)
[5.974s] DEBUG:colcon.colcon_core.event_handler.log_command:Invoked command in '/ros2_ws/src/build/cpp_pubsub' returned '0': CMAKE_PREFIX_PATH=/opt/ros/humble /usr/bin/cmake /ros2_ws/src/cpp_pubsub -DAMENT_CMAKE_SYMLINK_INSTALL=1 -DCMAKE_INSTALL_PREFIX=/ros2_ws/src/install/cpp_pubsub
[5.982s] DEBUG:colcon.colcon_core.event_handler.log_command:Invoking command in '/ros2_ws/src/build/cpp_pubsub': CMAKE_PREFIX_PATH=/opt/ros/humble /usr/bin/cmake --build /ros2_ws/src/build/cpp_pubsub -- -j16 -l16
[22.260s] DEBUG:colcon.colcon_core.event_handler.log_command:Invoked command in '/ros2_ws/src/build/cpp_pubsub' returned '0': CMAKE_PREFIX_PATH=/opt/ros/humble /usr/bin/cmake --build /ros2_ws/src/build/cpp_pubsub -- -j16 -l16
[22.302s] DEBUG:colcon.colcon_core.event_handler.log_command:Invoking command in '/ros2_ws/src/build/cpp_pubsub': CMAKE_PREFIX_PATH=/opt/ros/humble /usr/bin/cmake --install /ros2_ws/src/build/cpp_pubsub
[22.849s] Level 1:colcon.colcon_core.environment:create_environment_scripts_only(cpp_pubsub)
[22.849s] Level 1:colcon.colcon_core.environment:checking '/ros2_ws/src/install/cpp_pubsub' for CMake module files
[22.850s] DEBUG:colcon.colcon_core.event_handler.log_command:Invoked command in '/ros2_ws/src/build/cpp_pubsub' returned '0': CMAKE_PREFIX_PATH=/opt/ros/humble /usr/bin/cmake --install /ros2_ws/src/build/cpp_pubsub
[22.927s] Level 1:colcon.colcon_core.environment:checking '/ros2_ws/src/install/cpp_pubsub' for CMake config files
[23.001s] Level 1:colcon.colcon_core.shell:create_environment_hook('cpp_pubsub', 'cmake_prefix_path')
[23.002s] INFO:colcon.colcon_core.shell:Creating environment hook '/ros2_ws/src/install/cpp_pubsub/share/cpp_pubsub/hook/cmake_prefix_path.ps1'
[23.010s] INFO:colcon.colcon_core.shell:Creating environment descriptor '/ros2_ws/src/install/cpp_pubsub/share/cpp_pubsub/hook/cmake_prefix_path.dsv'
[23.020s] INFO:colcon.colcon_core.shell:Creating environment hook '/ros2_ws/src/install/cpp_pubsub/share/cpp_pubsub/hook/cmake_prefix_path.sh'
[23.034s] Level 1:colcon.colcon_core.environment:checking '/ros2_ws/src/install/cpp_pubsub/lib'
[23.037s] Level 1:colcon.colcon_core.environment:checking '/ros2_ws/src/install/cpp_pubsub/bin'
[23.038s] Level 1:colcon.colcon_core.environment:checking '/ros2_ws/src/install/cpp_pubsub/lib/pkgconfig/cpp_pubsub.pc'
[23.040s] Level 1:colcon.colcon_core.environment:checking '/ros2_ws/src/install/cpp_pubsub/lib/python3.10/site-packages'
[23.041s] Level 1:colcon.colcon_core.environment:checking '/ros2_ws/src/install/cpp_pubsub/bin'
[23.042s] INFO:colcon.colcon_core.shell:Creating package script '/ros2_ws/src/install/cpp_pubsub/share/cpp_pubsub/package.ps1'
[23.051s] INFO:colcon.colcon_core.shell:Creating package descriptor '/ros2_ws/src/install/cpp_pubsub/share/cpp_pubsub/package.dsv'
[23.062s] INFO:colcon.colcon_core.shell:Creating package script '/ros2_ws/src/install/cpp_pubsub/share/cpp_pubsub/package.sh'
[23.070s] INFO:colcon.colcon_core.shell:Creating package script '/ros2_ws/src/install/cpp_pubsub/share/cpp_pubsub/package.bash'
[23.079s] INFO:colcon.colcon_core.shell:Creating package script '/ros2_ws/src/install/cpp_pubsub/share/cpp_pubsub/package.zsh'
[23.088s] Level 1:colcon.colcon_core.environment:create_file_with_runtime_dependencies(/ros2_ws/src/install/cpp_pubsub/share/colcon-core/packages/cpp_pubsub)
[23.134s] Level 1:colcon.colcon_core.environment:create_environment_scripts_only(cpp_pubsub)
[23.135s] Level 1:colcon.colcon_core.environment:checking '/ros2_ws/src/install/cpp_pubsub' for CMake module files
[23.221s] Level 1:colcon.colcon_core.environment:checking '/ros2_ws/src/install/cpp_pubsub' for CMake config files
[23.296s] Level 1:colcon.colcon_core.shell:create_environment_hook('cpp_pubsub', 'cmake_prefix_path')
[23.297s] INFO:colcon.colcon_core.shell:Creating environment hook '/ros2_ws/src/install/cpp_pubsub/share/cpp_pubsub/hook/cmake_prefix_path.ps1'
[23.307s] INFO:colcon.colcon_core.shell:Creating environment descriptor '/ros2_ws/src/install/cpp_pubsub/share/cpp_pubsub/hook/cmake_prefix_path.dsv'
[23.317s] INFO:colcon.colcon_core.shell:Creating environment hook '/ros2_ws/src/install/cpp_pubsub/share/cpp_pubsub/hook/cmake_prefix_path.sh'
[23.330s] Level 1:colcon.colcon_core.environment:checking '/ros2_ws/src/install/cpp_pubsub/lib'
[23.333s] Level 1:colcon.colcon_core.environment:checking '/ros2_ws/src/install/cpp_pubsub/bin'
[23.334s] Level 1:colcon.colcon_core.environment:checking '/ros2_ws/src/install/cpp_pubsub/lib/pkgconfig/cpp_pubsub.pc'
[23.335s] Level 1:colcon.colcon_core.environment:checking '/ros2_ws/src/install/cpp_pubsub/lib/python3.10/site-packages'
[23.337s] Level 1:colcon.colcon_core.environment:checking '/ros2_ws/src/install/cpp_pubsub/bin'
[23.338s] INFO:colcon.colcon_core.shell:Creating package script '/ros2_ws/src/install/cpp_pubsub/share/cpp_pubsub/package.ps1'
[23.347s] INFO:colcon.colcon_core.shell:Creating package descriptor '/ros2_ws/src/install/cpp_pubsub/share/cpp_pubsub/package.dsv'
[23.356s] INFO:colcon.colcon_core.shell:Creating package script '/ros2_ws/src/install/cpp_pubsub/share/cpp_pubsub/package.sh'
[23.364s] INFO:colcon.colcon_core.shell:Creating package script '/ros2_ws/src/install/cpp_pubsub/share/cpp_pubsub/package.bash'
[23.373s] INFO:colcon.colcon_core.shell:Creating package script '/ros2_ws/src/install/cpp_pubsub/share/cpp_pubsub/package.zsh'
[23.382s] Level 1:colcon.colcon_core.environment:create_file_with_runtime_dependencies(/ros2_ws/src/install/cpp_pubsub/share/colcon-core/packages/cpp_pubsub)
[23.389s] DEBUG:colcon.colcon_parallel_executor.executor.parallel:closing loop
[23.389s] DEBUG:colcon.colcon_parallel_executor.executor.parallel:loop closed
[23.390s] DEBUG:colcon.colcon_parallel_executor.executor.parallel:run_until_complete finished with '0'
[23.390s] DEBUG:colcon.colcon_core.event_reactor:joining thread
[23.406s] INFO:colcon.colcon_core.plugin_system:Skipping extension 'colcon_notification.desktop_notification.notify_send': Could not find 'notify-send'
[23.406s] INFO:colcon.colcon_core.plugin_system:Skipping extension 'colcon_notification.desktop_notification.terminal_notifier': Not used on non-Darwin systems
[23.406s] INFO:colcon.colcon_core.plugin_system:Skipping extension 'colcon_notification.desktop_notification.win32': Not used on non-Windows systems
[23.407s] INFO:colcon.colcon_notification.desktop_notification:Sending desktop notification using 'notify2'
[23.408s] DEBUG:colcon.colcon_notification.desktop_notification.notify2:Failed to initialize notify2: org.freedesktop.DBus.Error.Spawn.ExecFailed: /usr/bin/dbus-launch terminated abnormally without any error message
[23.408s] DEBUG:colcon.colcon_core.event_reactor:joined thread
[23.409s] INFO:colcon.colcon_core.shell:Creating prefix script '/ros2_ws/src/install/local_setup.ps1'
[23.413s] INFO:colcon.colcon_core.shell:Creating prefix util module '/ros2_ws/src/install/_local_setup_util_ps1.py'
[23.418s] INFO:colcon.colcon_core.shell:Creating prefix chain script '/ros2_ws/src/install/setup.ps1'
[23.422s] INFO:colcon.colcon_core.shell:Creating prefix script '/ros2_ws/src/install/local_setup.sh'
[23.427s] INFO:colcon.colcon_core.shell:Creating prefix util module '/ros2_ws/src/install/_local_setup_util_sh.py'
[23.431s] INFO:colcon.colcon_core.shell:Creating prefix chain script '/ros2_ws/src/install/setup.sh'
[23.435s] INFO:colcon.colcon_core.shell:Creating prefix script '/ros2_ws/src/install/local_setup.bash'
[23.439s] INFO:colcon.colcon_core.shell:Creating prefix chain script '/ros2_ws/src/install/setup.bash'
[23.443s] INFO:colcon.colcon_core.shell:Creating prefix script '/ros2_ws/src/install/local_setup.zsh'
[23.448s] INFO:colcon.colcon_core.shell:Creating prefix chain script '/ros2_ws/src/install/setup.zsh'
