[4.431s] Invoking command in '/ros2_ws/src/py_pubsub': PYTHONPATH=/ros2_ws/build/py_pubsub/prefix_override:/usr/lib/python3/dist-packages/colcon_core/task/python/colcon_distutils_commands:/ros2_ws/install/py_pubsub/lib/python3.10/site-packages:${PYTHONPATH} /usr/bin/python3 -W ignore:setup.py install is deprecated setup.py egg_info --egg-base ../../build/py_pubsub build --build-base /ros2_ws/build/py_pubsub/build install --record /ros2_ws/build/py_pubsub/install.log --single-version-externally-managed install_data
[5.549s] running egg_info
[5.553s] writing ../../build/py_pubsub/py_pubsub.egg-info/PKG-INFO
[5.559s] writing dependency_links to ../../build/py_pubsub/py_pubsub.egg-info/dependency_links.txt
[5.564s] writing entry points to ../../build/py_pubsub/py_pubsub.egg-info/entry_points.txt
[5.568s] writing requirements to ../../build/py_pubsub/py_pubsub.egg-info/requires.txt
[5.571s] writing top-level names to ../../build/py_pubsub/py_pubsub.egg-info/top_level.txt
[5.609s] reading manifest file '../../build/py_pubsub/py_pubsub.egg-info/SOURCES.txt'
[5.653s] adding license file 'LICENSE'
[5.681s] writing manifest file '../../build/py_pubsub/py_pubsub.egg-info/SOURCES.txt'
[5.684s] running build
[5.685s] running build_py
[5.732s] copying py_pubsub/topics_practice.py -> /ros2_ws/build/py_pubsub/build/lib/py_pubsub
[5.774s] running install
[5.775s] running install_lib
[5.862s] copying /ros2_ws/build/py_pubsub/build/lib/py_pubsub/topics_practice.py -> /ros2_ws/install/py_pubsub/lib/python3.10/site-packages/py_pubsub
[5.950s] byte-compiling /ros2_ws/install/py_pubsub/lib/python3.10/site-packages/py_pubsub/topics_practice.py to topics_practice.cpython-310.pyc
[5.999s] running install_data
[6.022s] running install_egg_info
[6.037s] removing '/ros2_ws/install/py_pubsub/lib/python3.10/site-packages/py_pubsub-0.0.0-py3.10.egg-info' (and everything under it)
[6.092s] Copying ../../build/py_pubsub/py_pubsub.egg-info to /ros2_ws/install/py_pubsub/lib/python3.10/site-packages/py_pubsub-0.0.0-py3.10.egg-info
[6.304s] running install_scripts
[6.401s] Installing talker script to /ros2_ws/install/py_pubsub/lib/py_pubsub
[6.410s] Installing topics_practice script to /ros2_ws/install/py_pubsub/lib/py_pubsub
[6.420s] writing list of installed files to '/ros2_ws/build/py_pubsub/install.log'
[6.481s] Invoked command in '/ros2_ws/src/py_pubsub' returned '0': PYTHONPATH=/ros2_ws/build/py_pubsub/prefix_override:/usr/lib/python3/dist-packages/colcon_core/task/python/colcon_distutils_commands:/ros2_ws/install/py_pubsub/lib/python3.10/site-packages:${PYTHONPATH} /usr/bin/python3 -W ignore:setup.py install is deprecated setup.py egg_info --egg-base ../../build/py_pubsub build --build-base /ros2_ws/build/py_pubsub/build install --record /ros2_ws/build/py_pubsub/install.log --single-version-externally-managed install_data
