[2.873s] Invoking command in '/ros2_ws/src/py_srvcli': PYTHONPATH=/ros2_ws/build/py_srvcli/prefix_override:/usr/lib/python3/dist-packages/colcon_core/task/python/colcon_distutils_commands:/ros2_ws/install/py_srvcli/lib/python3.10/site-packages:${PYTHONPATH} /usr/bin/python3 -W ignore:setup.py install is deprecated setup.py egg_info --egg-base ../../build/py_srvcli build --build-base /ros2_ws/build/py_srvcli/build install --record /ros2_ws/build/py_srvcli/install.log --single-version-externally-managed install_data
[3.575s] running egg_info
[3.579s] writing ../../build/py_srvcli/py_srvcli.egg-info/PKG-INFO
[3.585s] writing dependency_links to ../../build/py_srvcli/py_srvcli.egg-info/dependency_links.txt
[3.590s] writing entry points to ../../build/py_srvcli/py_srvcli.egg-info/entry_points.txt
[3.594s] writing requirements to ../../build/py_srvcli/py_srvcli.egg-info/requires.txt
[3.597s] writing top-level names to ../../build/py_srvcli/py_srvcli.egg-info/top_level.txt
[3.631s] reading manifest file '../../build/py_srvcli/py_srvcli.egg-info/SOURCES.txt'
[3.682s] adding license file 'LICENSE'
[3.710s] writing manifest file '../../build/py_srvcli/py_srvcli.egg-info/SOURCES.txt'
[3.713s] running build
[3.716s] running build_py
[3.764s] running install
[3.765s] running install_lib
[3.907s] running install_data
[3.934s] running install_egg_info
[3.945s] removing '/ros2_ws/install/py_srvcli/lib/python3.10/site-packages/py_srvcli-0.0.0-py3.10.egg-info' (and everything under it)
[3.997s] Copying ../../build/py_srvcli/py_srvcli.egg-info to /ros2_ws/install/py_srvcli/lib/python3.10/site-packages/py_srvcli-0.0.0-py3.10.egg-info
[4.219s] running install_scripts
[4.278s] Installing client_node script to /ros2_ws/install/py_srvcli/lib/py_srvcli
[4.287s] Installing service_node script to /ros2_ws/install/py_srvcli/lib/py_srvcli
[4.298s] writing list of installed files to '/ros2_ws/build/py_srvcli/install.log'
[4.435s] Invoked command in '/ros2_ws/src/py_srvcli' returned '0': PYTHONPATH=/ros2_ws/build/py_srvcli/prefix_override:/usr/lib/python3/dist-packages/colcon_core/task/python/colcon_distutils_commands:/ros2_ws/install/py_srvcli/lib/python3.10/site-packages:${PYTHONPATH} /usr/bin/python3 -W ignore:setup.py install is deprecated setup.py egg_info --egg-base ../../build/py_srvcli build --build-base /ros2_ws/build/py_srvcli/build install --record /ros2_ws/build/py_srvcli/install.log --single-version-externally-managed install_data
