[4.449s] Invoking command in '/ros2_ws/src/py_pubsub': PYTHONPATH=/ros2_ws/build/py_pubsub/prefix_override:/usr/lib/python3/dist-packages/colcon_core/task/python/colcon_distutils_commands:/ros2_ws/install/py_pubsub/lib/python3.10/site-packages:${PYTHONPATH} /usr/bin/python3 -W ignore:setup.py install is deprecated setup.py egg_info --egg-base ../../build/py_pubsub build --build-base /ros2_ws/build/py_pubsub/build install --record /ros2_ws/build/py_pubsub/install.log --single-version-externally-managed install_data
[5.544s] running egg_info
[5.548s] writing ../../build/py_pubsub/py_pubsub.egg-info/PKG-INFO
[5.554s] writing dependency_links to ../../build/py_pubsub/py_pubsub.egg-info/dependency_links.txt
[5.561s] writing entry points to ../../build/py_pubsub/py_pubsub.egg-info/entry_points.txt
[5.566s] writing requirements to ../../build/py_pubsub/py_pubsub.egg-info/requires.txt
[5.569s] writing top-level names to ../../build/py_pubsub/py_pubsub.egg-info/top_level.txt
[5.612s] reading manifest file '../../build/py_pubsub/py_pubsub.egg-info/SOURCES.txt'
[5.664s] adding license file 'LICENSE'
[5.691s] writing manifest file '../../build/py_pubsub/py_pubsub.egg-info/SOURCES.txt'
[5.695s] running build
[5.696s] running build_py
[5.738s] copying py_pubsub/topics_practice.py -> /ros2_ws/build/py_pubsub/build/lib/py_pubsub
[5.776s] running install
[5.777s] running install_lib
[5.846s] copying /ros2_ws/build/py_pubsub/build/lib/py_pubsub/topics_practice.py -> /ros2_ws/install/py_pubsub/lib/python3.10/site-packages/py_pubsub
[5.929s] byte-compiling /ros2_ws/install/py_pubsub/lib/python3.10/site-packages/py_pubsub/topics_practice.py to topics_practice.cpython-310.pyc
[5.976s] running install_data
[5.999s] running install_egg_info
[6.012s] removing '/ros2_ws/install/py_pubsub/lib/python3.10/site-packages/py_pubsub-0.0.0-py3.10.egg-info' (and everything under it)
[6.064s] Copying ../../build/py_pubsub/py_pubsub.egg-info to /ros2_ws/install/py_pubsub/lib/python3.10/site-packages/py_pubsub-0.0.0-py3.10.egg-info
[6.267s] running install_scripts
[6.363s] Installing talker script to /ros2_ws/install/py_pubsub/lib/py_pubsub
[6.371s] Installing topics_practice script to /ros2_ws/install/py_pubsub/lib/py_pubsub
[6.381s] writing list of installed files to '/ros2_ws/build/py_pubsub/install.log'
[6.410s] Invoked command in '/ros2_ws/src/py_pubsub' returned '0': PYTHONPATH=/ros2_ws/build/py_pubsub/prefix_override:/usr/lib/python3/dist-packages/colcon_core/task/python/colcon_distutils_commands:/ros2_ws/install/py_pubsub/lib/python3.10/site-packages:${PYTHONPATH} /usr/bin/python3 -W ignore:setup.py install is deprecated setup.py egg_info --egg-base ../../build/py_pubsub build --build-base /ros2_ws/build/py_pubsub/build install --record /ros2_ws/build/py_pubsub/install.log --single-version-externally-managed install_data
