[0.180s] Invoking command in '/ros2_ws/build/cpp_srvcli': CMAKE_PREFIX_PATH=/opt/ros/humble /usr/bin/cmake --build /ros2_ws/build/cpp_srvcli -- -j16 -l16
[0.554s] [35m[1mConsolidate compiler generated dependencies of target service_practice[0m
[0.675s] [ 66%] Built target add_two_ints_client
[0.676s] [ 66%] Built target add_two_ints_server
[1.135s] [100%] Built target service_practice
[1.190s] Invoked command in '/ros2_ws/build/cpp_srvcli' returned '0': CMAKE_PREFIX_PATH=/opt/ros/humble /usr/bin/cmake --build /ros2_ws/build/cpp_srvcli -- -j16 -l16
[1.255s] Invoking command in '/ros2_ws/build/cpp_srvcli': CMAKE_PREFIX_PATH=/opt/ros/humble /usr/bin/cmake --install /ros2_ws/build/cpp_srvcli
[1.273s] -- Install configuration: ""
[1.348s] -- Up-to-date: /ros2_ws/install/cpp_srvcli/lib/cpp_srvcli/add_two_ints_server
[1.511s] -- Up-to-date: /ros2_ws/install/cpp_srvcli/lib/cpp_srvcli/add_two_ints_client
[1.683s] -- Up-to-date: /ros2_ws/install/cpp_srvcli/lib/cpp_srvcli/service_practice
[1.805s] -- Up-to-date: /ros2_ws/install/cpp_srvcli/share/ament_index/resource_index/package_run_dependencies/cpp_srvcli
[1.859s] -- Up-to-date: /ros2_ws/install/cpp_srvcli/share/ament_index/resource_index/parent_prefix_path/cpp_srvcli
[1.885s] -- Up-to-date: /ros2_ws/install/cpp_srvcli/share/cpp_srvcli/environment/ament_prefix_path.sh
[1.914s] -- Up-to-date: /ros2_ws/install/cpp_srvcli/share/cpp_srvcli/environment/ament_prefix_path.dsv
[1.937s] -- Up-to-date: /ros2_ws/install/cpp_srvcli/share/cpp_srvcli/environment/path.sh
[1.965s] -- Up-to-date: /ros2_ws/install/cpp_srvcli/share/cpp_srvcli/environment/path.dsv
[1.989s] -- Up-to-date: /ros2_ws/install/cpp_srvcli/share/cpp_srvcli/local_setup.bash
[2.013s] -- Up-to-date: /ros2_ws/install/cpp_srvcli/share/cpp_srvcli/local_setup.sh
[2.038s] -- Up-to-date: /ros2_ws/install/cpp_srvcli/share/cpp_srvcli/local_setup.zsh
[2.061s] -- Up-to-date: /ros2_ws/install/cpp_srvcli/share/cpp_srvcli/local_setup.dsv
[2.083s] -- Installing: /ros2_ws/install/cpp_srvcli/share/cpp_srvcli/package.dsv
[2.171s] -- Up-to-date: /ros2_ws/install/cpp_srvcli/share/ament_index/resource_index/packages/cpp_srvcli
[2.196s] -- Up-to-date: /ros2_ws/install/cpp_srvcli/share/cpp_srvcli/cmake/cpp_srvcliConfig.cmake
[2.216s] -- Up-to-date: /ros2_ws/install/cpp_srvcli/share/cpp_srvcli/cmake/cpp_srvcliConfig-version.cmake
[2.237s] -- Up-to-date: /ros2_ws/install/cpp_srvcli/share/cpp_srvcli/package.xml
[2.375s] Invoked command in '/ros2_ws/build/cpp_srvcli' returned '0': CMAKE_PREFIX_PATH=/opt/ros/humble /usr/bin/cmake --install /ros2_ws/build/cpp_srvcli
