[6.352s] Invoking command in '/ros2_ws/src/my_package': PYTHONPATH=/ros2_ws/build/my_package/prefix_override:/usr/lib/python3/dist-packages/colcon_core/task/python/colcon_distutils_commands:/ros2_ws/install/my_package/lib/python3.10/site-packages:${PYTHONPATH} /usr/bin/python3 -W ignore:setup.py install is deprecated setup.py egg_info --egg-base ../../build/my_package build --build-base /ros2_ws/build/my_package/build install --record /ros2_ws/build/my_package/install.log --single-version-externally-managed install_data
[7.779s] running egg_info
[7.783s] writing ../../build/my_package/my_package.egg-info/PKG-INFO
[7.789s] writing dependency_links to ../../build/my_package/my_package.egg-info/dependency_links.txt
[7.793s] writing entry points to ../../build/my_package/my_package.egg-info/entry_points.txt
[7.798s] writing requirements to ../../build/my_package/my_package.egg-info/requires.txt
[7.801s] writing top-level names to ../../build/my_package/my_package.egg-info/top_level.txt
[7.830s] reading manifest file '../../build/my_package/my_package.egg-info/SOURCES.txt'
[7.866s] adding license file 'LICENSE'
[7.884s] writing manifest file '../../build/my_package/my_package.egg-info/SOURCES.txt'
[7.887s] running build
[7.888s] running build_py
[7.901s] running install
[7.902s] running install_lib
[7.983s] running install_data
[8.004s] running install_egg_info
[8.020s] removing '/ros2_ws/install/my_package/lib/python3.10/site-packages/my_package-0.0.0-py3.10.egg-info' (and everything under it)
[8.066s] Copying ../../build/my_package/my_package.egg-info to /ros2_ws/install/my_package/lib/python3.10/site-packages/my_package-0.0.0-py3.10.egg-info
[8.257s] running install_scripts
[8.381s] Installing talker script to /ros2_ws/install/my_package/lib/my_package
[8.391s] writing list of installed files to '/ros2_ws/build/my_package/install.log'
[8.417s] Invoked command in '/ros2_ws/src/my_package' returned '0': PYTHONPATH=/ros2_ws/build/my_package/prefix_override:/usr/lib/python3/dist-packages/colcon_core/task/python/colcon_distutils_commands:/ros2_ws/install/my_package/lib/python3.10/site-packages:${PYTHONPATH} /usr/bin/python3 -W ignore:setup.py install is deprecated setup.py egg_info --egg-base ../../build/my_package build --build-base /ros2_ws/build/my_package/build install --record /ros2_ws/build/my_package/install.log --single-version-externally-managed install_data
