[2.003s] Invoking command in '/ros2_ws/src/py_pubsub': PYTHONPATH=/ros2_ws/build/py_pubsub/prefix_override:/usr/lib/python3/dist-packages/colcon_core/task/python/colcon_distutils_commands:/ros2_ws/install/py_pubsub/lib/python3.10/site-packages:${PYTHONPATH} /usr/bin/python3 -W ignore:setup.py install is deprecated setup.py egg_info --egg-base ../../build/py_pubsub build --build-base /ros2_ws/build/py_pubsub/build install --record /ros2_ws/build/py_pubsub/install.log --single-version-externally-managed install_data
[2.705s] running egg_info
[2.709s] writing ../../build/py_pubsub/py_pubsub.egg-info/PKG-INFO
[2.715s] writing dependency_links to ../../build/py_pubsub/py_pubsub.egg-info/dependency_links.txt
[2.720s] writing entry points to ../../build/py_pubsub/py_pubsub.egg-info/entry_points.txt
[2.724s] writing requirements to ../../build/py_pubsub/py_pubsub.egg-info/requires.txt
[2.727s] writing top-level names to ../../build/py_pubsub/py_pubsub.egg-info/top_level.txt
[2.760s] reading manifest file '../../build/py_pubsub/py_pubsub.egg-info/SOURCES.txt'
[2.801s] adding license file 'LICENSE'
[2.826s] writing manifest file '../../build/py_pubsub/py_pubsub.egg-info/SOURCES.txt'
[2.830s] running build
[2.831s] running build_py
[2.891s] running install
[2.892s] running install_lib
[3.032s] running install_data
[3.054s] running install_egg_info
[3.064s] removing '/ros2_ws/install/py_pubsub/lib/python3.10/site-packages/py_pubsub-0.0.0-py3.10.egg-info' (and everything under it)
[3.116s] Copying ../../build/py_pubsub/py_pubsub.egg-info to /ros2_ws/install/py_pubsub/lib/python3.10/site-packages/py_pubsub-0.0.0-py3.10.egg-info
[3.327s] running install_scripts
[3.382s] Installing talker = py_pubsub.publisher_script:maintopics_practice script to /ros2_ws/install/py_pubsub/lib/py_pubsub
[3.393s] writing list of installed files to '/ros2_ws/build/py_pubsub/install.log'
[3.556s] Invoked command in '/ros2_ws/src/py_pubsub' returned '0': PYTHONPATH=/ros2_ws/build/py_pubsub/prefix_override:/usr/lib/python3/dist-packages/colcon_core/task/python/colcon_distutils_commands:/ros2_ws/install/py_pubsub/lib/python3.10/site-packages:${PYTHONPATH} /usr/bin/python3 -W ignore:setup.py install is deprecated setup.py egg_info --egg-base ../../build/py_pubsub build --build-base /ros2_ws/build/py_pubsub/build install --record /ros2_ws/build/py_pubsub/install.log --single-version-externally-managed install_data
