[2.050s] Invoking command in '/ros2_ws/src/py_pubsub': PYTHONPATH=/ros2_ws/build/py_pubsub/prefix_override:/usr/lib/python3/dist-packages/colcon_core/task/python/colcon_distutils_commands:/ros2_ws/install/py_pubsub/lib/python3.10/site-packages:${PYTHONPATH} /usr/bin/python3 -W ignore:setup.py install is deprecated setup.py egg_info --egg-base ../../build/py_pubsub build --build-base /ros2_ws/build/py_pubsub/build install --record /ros2_ws/build/py_pubsub/install.log --single-version-externally-managed install_data
[2.764s] running egg_info
[2.769s] writing ../../build/py_pubsub/py_pubsub.egg-info/PKG-INFO
[2.774s] writing dependency_links to ../../build/py_pubsub/py_pubsub.egg-info/dependency_links.txt
[2.779s] writing entry points to ../../build/py_pubsub/py_pubsub.egg-info/entry_points.txt
[2.783s] writing requirements to ../../build/py_pubsub/py_pubsub.egg-info/requires.txt
[2.786s] writing top-level names to ../../build/py_pubsub/py_pubsub.egg-info/top_level.txt
[2.821s] reading manifest file '../../build/py_pubsub/py_pubsub.egg-info/SOURCES.txt'
[2.861s] adding license file 'LICENSE'
[2.883s] writing manifest file '../../build/py_pubsub/py_pubsub.egg-info/SOURCES.txt'
[2.885s] running build
[2.886s] running build_py
[2.902s] copying py_pubsub/listener.py -> /ros2_ws/build/py_pubsub/build/lib/py_pubsub
[2.945s] copying py_pubsub/topics_practice.py -> /ros2_ws/build/py_pubsub/build/lib/py_pubsub
[2.978s] running install
[2.979s] running install_lib
[3.014s] copying /ros2_ws/build/py_pubsub/build/lib/py_pubsub/listener.py -> /ros2_ws/install/py_pubsub/lib/python3.10/site-packages/py_pubsub
[3.071s] copying /ros2_ws/build/py_pubsub/build/lib/py_pubsub/topics_practice.py -> /ros2_ws/install/py_pubsub/lib/python3.10/site-packages/py_pubsub
[3.126s] byte-compiling /ros2_ws/install/py_pubsub/lib/python3.10/site-packages/py_pubsub/listener.py to listener.cpython-310.pyc
[3.187s] byte-compiling /ros2_ws/install/py_pubsub/lib/python3.10/site-packages/py_pubsub/topics_practice.py to topics_practice.cpython-310.pyc
[3.234s] running install_data
[3.258s] running install_egg_info
[3.268s] removing '/ros2_ws/install/py_pubsub/lib/python3.10/site-packages/py_pubsub-0.0.0-py3.10.egg-info' (and everything under it)
[3.322s] Copying ../../build/py_pubsub/py_pubsub.egg-info to /ros2_ws/install/py_pubsub/lib/python3.10/site-packages/py_pubsub-0.0.0-py3.10.egg-info
[3.527s] running install_scripts
[3.587s] Installing talker = py_pubsub.publisher_script:maintopics_practice script to /ros2_ws/install/py_pubsub/lib/py_pubsub
[3.598s] writing list of installed files to '/ros2_ws/build/py_pubsub/install.log'
[3.630s] Invoked command in '/ros2_ws/src/py_pubsub' returned '0': PYTHONPATH=/ros2_ws/build/py_pubsub/prefix_override:/usr/lib/python3/dist-packages/colcon_core/task/python/colcon_distutils_commands:/ros2_ws/install/py_pubsub/lib/python3.10/site-packages:${PYTHONPATH} /usr/bin/python3 -W ignore:setup.py install is deprecated setup.py egg_info --egg-base ../../build/py_pubsub build --build-base /ros2_ws/build/py_pubsub/build install --record /ros2_ws/build/py_pubsub/install.log --single-version-externally-managed install_data
