[1.403s] Invoking command in '/ros2_ws/build/my_package_cpp': CMAKE_PREFIX_PATH=${CMAKE_PREFIX_PATH}:/ros2_ws/src/install/py_pubsub:/ros2_ws/src/install/my_package:/ros2_ws/install/py_pubsub:/ros2_ws/install/my_package:/opt/ros/humble /usr/bin/cmake /ros2_ws/src/my_package_cpp -DCMAKE_INSTALL_PREFIX=/ros2_ws/install/my_package_cpp
[2.536s] -- The C compiler identification is GNU 11.4.0
[2.536s] -- The CXX compiler identification is GNU 11.4.0
[2.537s] -- Detecting C compiler ABI info
[2.803s] -- Detecting C compiler ABI info - done
[2.824s] -- Check for working C compiler: /usr/bin/cc - skipped
[2.825s] -- Detecting C compile features
[2.827s] -- Detecting C compile features - done
[2.879s] -- Detecting CXX compiler ABI info
[3.423s] -- Detecting CXX compiler ABI info - done
[3.445s] -- Check for working CXX compiler: /usr/bin/c++ - skipped
[3.446s] -- Detecting CXX compile features
[3.447s] -- Detecting CXX compile features - done
[3.693s] -- Found ament_cmake: 1.3.9 (/opt/ros/humble/share/ament_cmake/cmake)
[6.073s] -- Found Python3: /usr/bin/python3 (found version "3.10.12") found components: Interpreter 
[8.738s] -- Found ament_lint_auto: 0.12.11 (/opt/ros/humble/share/ament_lint_auto/cmake)
[11.278s] -- Added test 'cppcheck' to perform static code analysis on C / C++ code
[11.278s] -- Configured cppcheck include dirs: $<BUILD_INTERFACE:/ros2_ws/src/my_package_cpp/include>
[11.279s] -- Configured cppcheck exclude dirs and/or files: 
[11.391s] -- Added test 'lint_cmake' to check CMake code style
[11.646s] -- Added test 'uncrustify' to check C / C++ code style
[11.647s] -- Configured uncrustify additional arguments: 
[11.717s] -- Added test 'xmllint' to check XML markup files
[11.900s] -- Configuring done
[12.155s] -- Generating done
[12.215s] -- Build files have been written to: /ros2_ws/build/my_package_cpp
[12.219s] Invoked command in '/ros2_ws/build/my_package_cpp' returned '0': CMAKE_PREFIX_PATH=${CMAKE_PREFIX_PATH}:/ros2_ws/src/install/py_pubsub:/ros2_ws/src/install/my_package:/ros2_ws/install/py_pubsub:/ros2_ws/install/my_package:/opt/ros/humble /usr/bin/cmake /ros2_ws/src/my_package_cpp -DCMAKE_INSTALL_PREFIX=/ros2_ws/install/my_package_cpp
[12.226s] Invoking command in '/ros2_ws/build/my_package_cpp': CMAKE_PREFIX_PATH=${CMAKE_PREFIX_PATH}:/ros2_ws/src/install/py_pubsub:/ros2_ws/src/install/my_package:/ros2_ws/install/py_pubsub:/ros2_ws/install/my_package:/opt/ros/humble /usr/bin/cmake --build /ros2_ws/build/my_package_cpp -- -j16 -l16
[12.448s] [ 50%] [32mBuilding CXX object CMakeFiles/my_node.dir/src/my_node.cpp.o[0m
[12.603s] [100%] [32m[1mLinking CXX executable my_node[0m
[12.723s] [100%] Built target my_node
[12.748s] Invoked command in '/ros2_ws/build/my_package_cpp' returned '0': CMAKE_PREFIX_PATH=${CMAKE_PREFIX_PATH}:/ros2_ws/src/install/py_pubsub:/ros2_ws/src/install/my_package:/ros2_ws/install/py_pubsub:/ros2_ws/install/my_package:/opt/ros/humble /usr/bin/cmake --build /ros2_ws/build/my_package_cpp -- -j16 -l16
[12.961s] Invoking command in '/ros2_ws/build/my_package_cpp': CMAKE_PREFIX_PATH=${CMAKE_PREFIX_PATH}:/ros2_ws/src/install/py_pubsub:/ros2_ws/src/install/my_package:/ros2_ws/install/py_pubsub:/ros2_ws/install/my_package:/opt/ros/humble /usr/bin/cmake --install /ros2_ws/build/my_package_cpp
[12.973s] -- Install configuration: ""
[12.985s] -- Installing: /ros2_ws/install/my_package_cpp/lib/my_package_cpp/my_node
[13.056s] -- Installing: /ros2_ws/install/my_package_cpp/share/ament_index/resource_index/package_run_dependencies/my_package_cpp
[13.144s] -- Installing: /ros2_ws/install/my_package_cpp/share/ament_index/resource_index/parent_prefix_path/my_package_cpp
[13.219s] -- Installing: /ros2_ws/install/my_package_cpp/share/my_package_cpp/environment/ament_prefix_path.sh
[13.263s] -- Installing: /ros2_ws/install/my_package_cpp/share/my_package_cpp/environment/ament_prefix_path.dsv
[13.317s] -- Installing: /ros2_ws/install/my_package_cpp/share/my_package_cpp/environment/path.sh
[13.365s] -- Installing: /ros2_ws/install/my_package_cpp/share/my_package_cpp/environment/path.dsv
[13.420s] -- Installing: /ros2_ws/install/my_package_cpp/share/my_package_cpp/local_setup.bash
[13.470s] -- Installing: /ros2_ws/install/my_package_cpp/share/my_package_cpp/local_setup.sh
[13.517s] -- Installing: /ros2_ws/install/my_package_cpp/share/my_package_cpp/local_setup.zsh
[13.561s] -- Installing: /ros2_ws/install/my_package_cpp/share/my_package_cpp/local_setup.dsv
[13.610s] -- Installing: /ros2_ws/install/my_package_cpp/share/my_package_cpp/package.dsv
[13.675s] -- Installing: /ros2_ws/install/my_package_cpp/share/ament_index/resource_index/packages/my_package_cpp
[13.768s] -- Installing: /ros2_ws/install/my_package_cpp/share/my_package_cpp/cmake/my_package_cppConfig.cmake
[13.824s] -- Installing: /ros2_ws/install/my_package_cpp/share/my_package_cpp/cmake/my_package_cppConfig-version.cmake
[13.881s] -- Installing: /ros2_ws/install/my_package_cpp/share/my_package_cpp/package.xml
[13.929s] Invoked command in '/ros2_ws/build/my_package_cpp' returned '0': CMAKE_PREFIX_PATH=${CMAKE_PREFIX_PATH}:/ros2_ws/src/install/py_pubsub:/ros2_ws/src/install/my_package:/ros2_ws/install/py_pubsub:/ros2_ws/install/my_package:/opt/ros/humble /usr/bin/cmake --install /ros2_ws/build/my_package_cpp
