[0.748s] DEBUG:colcon:Command line arguments: ['/usr/bin/colcon', 'build']
[0.748s] DEBUG:colcon:Parsed command line arguments: Namespace(log_base=None, log_level=None, verb_name='build', build_base='build', install_base='install', merge_install=False, symlink_install=False, test_result_base=None, continue_on_error=False, executor='parallel', parallel_workers=16, event_handlers=None, ignore_user_meta=False, metas=['./colcon.meta'], base_paths=['.'], packages_ignore=None, packages_ignore_regex=None, paths=None, packages_up_to=None, packages_up_to_regex=None, packages_above=None, packages_above_and_dependencies=None, packages_above_depth=None, packages_select_by_dep=None, packages_skip_by_dep=None, packages_skip_up_to=None, packages_select_build_failed=False, packages_skip_build_finished=False, packages_select_test_failures=False, packages_skip_test_passed=False, packages_select=None, packages_skip=None, packages_select_regex=None, packages_skip_regex=None, packages_start=None, packages_end=None, cmake_args=None, cmake_target=None, cmake_target_skip_unavailable=False, cmake_clean_cache=False, cmake_clean_first=False, cmake_force_configure=False, ament_cmake_args=None, catkin_cmake_args=None, catkin_skip_building_tests=False, mixin_files=None, mixin=None, verb_parser=<colcon_mixin.mixin.mixin_argument.MixinArgumentDecorator object at 0x7f00a04404f0>, verb_extension=<colcon_core.verb.build.BuildVerb object at 0x7f00a0613f10>, main=<bound method BuildVerb.main of <colcon_core.verb.build.BuildVerb object at 0x7f00a0613f10>>, mixin_verb=('build',))
[1.376s] Level 1:colcon.colcon_core.package_discovery:discover_packages(colcon_meta) check parameters
[1.378s] INFO:colcon.colcon_metadata.package_discovery.colcon_meta:Using configuration from '/root/.colcon/metadata/default/Gazebo.meta'
[1.379s] INFO:colcon.colcon_metadata.package_discovery.colcon_meta:Using configuration from '/root/.colcon/metadata/default/fastrtps.meta'
[1.379s] Level 1:colcon.colcon_core.package_discovery:discover_packages(recursive) check parameters
[1.380s] Level 1:colcon.colcon_core.package_discovery:discover_packages(ignore) check parameters
[1.380s] Level 1:colcon.colcon_core.package_discovery:discover_packages(path) check parameters
[1.380s] Level 1:colcon.colcon_core.package_discovery:discover_packages(colcon_meta) discover
[1.380s] Level 1:colcon.colcon_core.package_discovery:discover_packages(recursive) discover
[1.380s] INFO:colcon.colcon_core.package_discovery:Crawling recursively for packages in '/ros2_ws'
[1.381s] Level 1:colcon.colcon_core.package_identification:_identify(.) by extensions ['ignore', 'ignore_ament_install']
[1.381s] Level 1:colcon.colcon_core.package_identification:_identify(.) by extension 'ignore'
[1.382s] Level 1:colcon.colcon_core.package_identification:_identify(.) by extension 'ignore_ament_install'
[1.382s] Level 1:colcon.colcon_core.package_identification:_identify(.) by extensions ['colcon_pkg']
[1.382s] Level 1:colcon.colcon_core.package_identification:_identify(.) by extension 'colcon_pkg'
[1.383s] Level 1:colcon.colcon_core.package_identification:_identify(.) by extensions ['colcon_meta']
[1.383s] Level 1:colcon.colcon_core.package_identification:_identify(.) by extension 'colcon_meta'
[1.383s] Level 1:colcon.colcon_core.package_identification:_identify(.) by extensions ['ros']
[1.383s] Level 1:colcon.colcon_core.package_identification:_identify(.) by extension 'ros'
[1.409s] Level 1:colcon.colcon_core.package_identification:_identify(.) by extensions ['cmake', 'python']
[1.409s] Level 1:colcon.colcon_core.package_identification:_identify(.) by extension 'cmake'
[1.409s] Level 1:colcon.colcon_core.package_identification:_identify(.) by extension 'python'
[1.410s] Level 1:colcon.colcon_core.package_identification:_identify(.) by extensions ['python_setup_py']
[1.410s] Level 1:colcon.colcon_core.package_identification:_identify(.) by extension 'python_setup_py'
[1.412s] Level 1:colcon.colcon_core.package_identification:_identify(build) by extensions ['ignore', 'ignore_ament_install']
[1.412s] Level 1:colcon.colcon_core.package_identification:_identify(build) by extension 'ignore'
[1.413s] Level 1:colcon.colcon_core.package_identification:_identify(build) ignored
[1.414s] Level 1:colcon.colcon_core.package_identification:_identify(install) by extensions ['ignore', 'ignore_ament_install']
[1.414s] Level 1:colcon.colcon_core.package_identification:_identify(install) by extension 'ignore'
[1.415s] Level 1:colcon.colcon_core.package_identification:_identify(install) ignored
[1.418s] Level 1:colcon.colcon_core.package_identification:_identify(log) by extensions ['ignore', 'ignore_ament_install']
[1.418s] Level 1:colcon.colcon_core.package_identification:_identify(log) by extension 'ignore'
[1.419s] Level 1:colcon.colcon_core.package_identification:_identify(log) ignored
[1.421s] Level 1:colcon.colcon_core.package_identification:_identify(ros_tutorials) by extensions ['ignore', 'ignore_ament_install']
[1.421s] Level 1:colcon.colcon_core.package_identification:_identify(ros_tutorials) by extension 'ignore'
[1.422s] Level 1:colcon.colcon_core.package_identification:_identify(ros_tutorials) by extension 'ignore_ament_install'
[1.423s] Level 1:colcon.colcon_core.package_identification:_identify(ros_tutorials) by extensions ['colcon_pkg']
[1.423s] Level 1:colcon.colcon_core.package_identification:_identify(ros_tutorials) by extension 'colcon_pkg'
[1.423s] Level 1:colcon.colcon_core.package_identification:_identify(ros_tutorials) by extensions ['colcon_meta']
[1.424s] Level 1:colcon.colcon_core.package_identification:_identify(ros_tutorials) by extension 'colcon_meta'
[1.424s] Level 1:colcon.colcon_core.package_identification:_identify(ros_tutorials) by extensions ['ros']
[1.424s] Level 1:colcon.colcon_core.package_identification:_identify(ros_tutorials) by extension 'ros'
[1.427s] Level 1:colcon.colcon_core.package_identification:_identify(ros_tutorials) by extensions ['cmake', 'python']
[1.428s] Level 1:colcon.colcon_core.package_identification:_identify(ros_tutorials) by extension 'cmake'
[1.428s] Level 1:colcon.colcon_core.package_identification:_identify(ros_tutorials) by extension 'python'
[1.429s] Level 1:colcon.colcon_core.package_identification:_identify(ros_tutorials) by extensions ['python_setup_py']
[1.429s] Level 1:colcon.colcon_core.package_identification:_identify(ros_tutorials) by extension 'python_setup_py'
[1.433s] Level 1:colcon.colcon_core.package_identification:_identify(ros_tutorials/ros_tutorials) by extensions ['ignore', 'ignore_ament_install']
[1.433s] Level 1:colcon.colcon_core.package_identification:_identify(ros_tutorials/ros_tutorials) by extension 'ignore'
[1.434s] Level 1:colcon.colcon_core.package_identification:_identify(ros_tutorials/ros_tutorials) ignored
[1.437s] Level 1:colcon.colcon_core.package_identification:_identify(ros_tutorials/roscpp_tutorials) by extensions ['ignore', 'ignore_ament_install']
[1.437s] Level 1:colcon.colcon_core.package_identification:_identify(ros_tutorials/roscpp_tutorials) by extension 'ignore'
[1.438s] Level 1:colcon.colcon_core.package_identification:_identify(ros_tutorials/roscpp_tutorials) ignored
[1.441s] Level 1:colcon.colcon_core.package_identification:_identify(ros_tutorials/rospy_tutorials) by extensions ['ignore', 'ignore_ament_install']
[1.442s] Level 1:colcon.colcon_core.package_identification:_identify(ros_tutorials/rospy_tutorials) by extension 'ignore'
[1.443s] Level 1:colcon.colcon_core.package_identification:_identify(ros_tutorials/rospy_tutorials) ignored
[1.446s] Level 1:colcon.colcon_core.package_identification:_identify(ros_tutorials/turtlesim) by extensions ['ignore', 'ignore_ament_install']
[1.446s] Level 1:colcon.colcon_core.package_identification:_identify(ros_tutorials/turtlesim) by extension 'ignore'
[1.447s] Level 1:colcon.colcon_core.package_identification:_identify(ros_tutorials/turtlesim) by extension 'ignore_ament_install'
[1.449s] Level 1:colcon.colcon_core.package_identification:_identify(ros_tutorials/turtlesim) by extensions ['colcon_pkg']
[1.449s] Level 1:colcon.colcon_core.package_identification:_identify(ros_tutorials/turtlesim) by extension 'colcon_pkg'
[1.450s] Level 1:colcon.colcon_core.package_identification:_identify(ros_tutorials/turtlesim) by extensions ['colcon_meta']
[1.450s] Level 1:colcon.colcon_core.package_identification:_identify(ros_tutorials/turtlesim) by extension 'colcon_meta'
[1.452s] Level 1:colcon.colcon_core.package_identification:_identify(ros_tutorials/turtlesim) by extensions ['ros']
[1.452s] Level 1:colcon.colcon_core.package_identification:_identify(ros_tutorials/turtlesim) by extension 'ros'
[1.466s] DEBUG:colcon.colcon_core.package_identification:Package 'ros_tutorials/turtlesim' with type 'ros.ament_cmake' and name 'turtlesim'
[1.468s] Level 1:colcon.colcon_core.package_identification:_identify(src) by extensions ['ignore', 'ignore_ament_install']
[1.468s] Level 1:colcon.colcon_core.package_identification:_identify(src) by extension 'ignore'
[1.469s] Level 1:colcon.colcon_core.package_identification:_identify(src) by extension 'ignore_ament_install'
[1.470s] Level 1:colcon.colcon_core.package_identification:_identify(src) by extensions ['colcon_pkg']
[1.470s] Level 1:colcon.colcon_core.package_identification:_identify(src) by extension 'colcon_pkg'
[1.470s] Level 1:colcon.colcon_core.package_identification:_identify(src) by extensions ['colcon_meta']
[1.470s] Level 1:colcon.colcon_core.package_identification:_identify(src) by extension 'colcon_meta'
[1.471s] Level 1:colcon.colcon_core.package_identification:_identify(src) by extensions ['ros']
[1.471s] Level 1:colcon.colcon_core.package_identification:_identify(src) by extension 'ros'
[1.473s] Level 1:colcon.colcon_core.package_identification:_identify(src) by extensions ['cmake', 'python']
[1.474s] Level 1:colcon.colcon_core.package_identification:_identify(src) by extension 'cmake'
[1.474s] Level 1:colcon.colcon_core.package_identification:_identify(src) by extension 'python'
[1.475s] Level 1:colcon.colcon_core.package_identification:_identify(src) by extensions ['python_setup_py']
[1.475s] Level 1:colcon.colcon_core.package_identification:_identify(src) by extension 'python_setup_py'
[1.479s] Level 1:colcon.colcon_core.package_identification:_identify(src/build) by extensions ['ignore', 'ignore_ament_install']
[1.479s] Level 1:colcon.colcon_core.package_identification:_identify(src/build) by extension 'ignore'
[1.480s] Level 1:colcon.colcon_core.package_identification:_identify(src/build) ignored
[1.483s] Level 1:colcon.colcon_core.package_identification:_identify(src/cpp_pubsub) by extensions ['ignore', 'ignore_ament_install']
[1.483s] Level 1:colcon.colcon_core.package_identification:_identify(src/cpp_pubsub) by extension 'ignore'
[1.484s] Level 1:colcon.colcon_core.package_identification:_identify(src/cpp_pubsub) by extension 'ignore_ament_install'
[1.486s] Level 1:colcon.colcon_core.package_identification:_identify(src/cpp_pubsub) by extensions ['colcon_pkg']
[1.486s] Level 1:colcon.colcon_core.package_identification:_identify(src/cpp_pubsub) by extension 'colcon_pkg'
[1.487s] Level 1:colcon.colcon_core.package_identification:_identify(src/cpp_pubsub) by extensions ['colcon_meta']
[1.487s] Level 1:colcon.colcon_core.package_identification:_identify(src/cpp_pubsub) by extension 'colcon_meta'
[1.489s] Level 1:colcon.colcon_core.package_identification:_identify(src/cpp_pubsub) by extensions ['ros']
[1.489s] Level 1:colcon.colcon_core.package_identification:_identify(src/cpp_pubsub) by extension 'ros'
[1.499s] DEBUG:colcon.colcon_core.package_identification:Package 'src/cpp_pubsub' with type 'ros.ament_cmake' and name 'cpp_pubsub'
[1.502s] Level 1:colcon.colcon_core.package_identification:_identify(src/install) by extensions ['ignore', 'ignore_ament_install']
[1.502s] Level 1:colcon.colcon_core.package_identification:_identify(src/install) by extension 'ignore'
[1.504s] Level 1:colcon.colcon_core.package_identification:_identify(src/install) ignored
[1.509s] Level 1:colcon.colcon_core.package_identification:_identify(src/log) by extensions ['ignore', 'ignore_ament_install']
[1.509s] Level 1:colcon.colcon_core.package_identification:_identify(src/log) by extension 'ignore'
[1.511s] Level 1:colcon.colcon_core.package_identification:_identify(src/log) ignored
[1.514s] Level 1:colcon.colcon_core.package_identification:_identify(src/my_package) by extensions ['ignore', 'ignore_ament_install']
[1.514s] Level 1:colcon.colcon_core.package_identification:_identify(src/my_package) by extension 'ignore'
[1.515s] Level 1:colcon.colcon_core.package_identification:_identify(src/my_package) by extension 'ignore_ament_install'
[1.516s] Level 1:colcon.colcon_core.package_identification:_identify(src/my_package) by extensions ['colcon_pkg']
[1.517s] Level 1:colcon.colcon_core.package_identification:_identify(src/my_package) by extension 'colcon_pkg'
[1.517s] Level 1:colcon.colcon_core.package_identification:_identify(src/my_package) by extensions ['colcon_meta']
[1.518s] Level 1:colcon.colcon_core.package_identification:_identify(src/my_package) by extension 'colcon_meta'
[1.519s] Level 1:colcon.colcon_core.package_identification:_identify(src/my_package) by extensions ['ros']
[1.519s] Level 1:colcon.colcon_core.package_identification:_identify(src/my_package) by extension 'ros'
[1.529s] DEBUG:colcon.colcon_core.package_identification:Package 'src/my_package' with type 'ros.ament_python' and name 'my_package'
[1.532s] Level 1:colcon.colcon_core.package_identification:_identify(src/my_package_cpp) by extensions ['ignore', 'ignore_ament_install']
[1.532s] Level 1:colcon.colcon_core.package_identification:_identify(src/my_package_cpp) by extension 'ignore'
[1.533s] Level 1:colcon.colcon_core.package_identification:_identify(src/my_package_cpp) by extension 'ignore_ament_install'
[1.535s] Level 1:colcon.colcon_core.package_identification:_identify(src/my_package_cpp) by extensions ['colcon_pkg']
[1.535s] Level 1:colcon.colcon_core.package_identification:_identify(src/my_package_cpp) by extension 'colcon_pkg'
[1.536s] Level 1:colcon.colcon_core.package_identification:_identify(src/my_package_cpp) by extensions ['colcon_meta']
[1.536s] Level 1:colcon.colcon_core.package_identification:_identify(src/my_package_cpp) by extension 'colcon_meta'
[1.537s] Level 1:colcon.colcon_core.package_identification:_identify(src/my_package_cpp) by extensions ['ros']
[1.538s] Level 1:colcon.colcon_core.package_identification:_identify(src/my_package_cpp) by extension 'ros'
[1.547s] DEBUG:colcon.colcon_core.package_identification:Package 'src/my_package_cpp' with type 'ros.ament_cmake' and name 'my_package_cpp'
[1.550s] Level 1:colcon.colcon_core.package_identification:_identify(src/py_pubsub) by extensions ['ignore', 'ignore_ament_install']
[1.550s] Level 1:colcon.colcon_core.package_identification:_identify(src/py_pubsub) by extension 'ignore'
[1.551s] Level 1:colcon.colcon_core.package_identification:_identify(src/py_pubsub) by extension 'ignore_ament_install'
[1.553s] Level 1:colcon.colcon_core.package_identification:_identify(src/py_pubsub) by extensions ['colcon_pkg']
[1.554s] Level 1:colcon.colcon_core.package_identification:_identify(src/py_pubsub) by extension 'colcon_pkg'
[1.555s] Level 1:colcon.colcon_core.package_identification:_identify(src/py_pubsub) by extensions ['colcon_meta']
[1.555s] Level 1:colcon.colcon_core.package_identification:_identify(src/py_pubsub) by extension 'colcon_meta'
[1.556s] Level 1:colcon.colcon_core.package_identification:_identify(src/py_pubsub) by extensions ['ros']
[1.556s] Level 1:colcon.colcon_core.package_identification:_identify(src/py_pubsub) by extension 'ros'
[1.566s] DEBUG:colcon.colcon_core.package_identification:Package 'src/py_pubsub' with type 'ros.ament_python' and name 'py_pubsub'
[1.566s] Level 1:colcon.colcon_core.package_discovery:discover_packages(recursive) using defaults
[1.567s] Level 1:colcon.colcon_core.package_discovery:discover_packages(ignore) discover
[1.567s] Level 1:colcon.colcon_core.package_discovery:discover_packages(ignore) using defaults
[1.567s] Level 1:colcon.colcon_core.package_discovery:discover_packages(path) discover
[1.567s] Level 1:colcon.colcon_core.package_discovery:discover_packages(path) using defaults
[1.734s] Level 5:colcon.colcon_core.verb:set package 'cpp_pubsub' build argument 'cmake_args' from command line to 'None'
[1.734s] Level 5:colcon.colcon_core.verb:set package 'cpp_pubsub' build argument 'cmake_target' from command line to 'None'
[1.734s] Level 5:colcon.colcon_core.verb:set package 'cpp_pubsub' build argument 'cmake_target_skip_unavailable' from command line to 'False'
[1.734s] Level 5:colcon.colcon_core.verb:set package 'cpp_pubsub' build argument 'cmake_clean_cache' from command line to 'False'
[1.734s] Level 5:colcon.colcon_core.verb:set package 'cpp_pubsub' build argument 'cmake_clean_first' from command line to 'False'
[1.734s] Level 5:colcon.colcon_core.verb:set package 'cpp_pubsub' build argument 'cmake_force_configure' from command line to 'False'
[1.734s] Level 5:colcon.colcon_core.verb:set package 'cpp_pubsub' build argument 'ament_cmake_args' from command line to 'None'
[1.735s] Level 5:colcon.colcon_core.verb:set package 'cpp_pubsub' build argument 'catkin_cmake_args' from command line to 'None'
[1.735s] Level 5:colcon.colcon_core.verb:set package 'cpp_pubsub' build argument 'catkin_skip_building_tests' from command line to 'False'
[1.735s] DEBUG:colcon.colcon_core.verb:Building package 'cpp_pubsub' with the following arguments: {'ament_cmake_args': None, 'build_base': '/ros2_ws/build/cpp_pubsub', 'catkin_cmake_args': None, 'catkin_skip_building_tests': False, 'cmake_args': None, 'cmake_clean_cache': False, 'cmake_clean_first': False, 'cmake_force_configure': False, 'cmake_target': None, 'cmake_target_skip_unavailable': False, 'install_base': '/ros2_ws/install/cpp_pubsub', 'merge_install': False, 'path': '/ros2_ws/src/cpp_pubsub', 'symlink_install': False, 'test_result_base': None}
[1.735s] Level 5:colcon.colcon_core.verb:set package 'my_package' build argument 'cmake_args' from command line to 'None'
[1.736s] Level 5:colcon.colcon_core.verb:set package 'my_package' build argument 'cmake_target' from command line to 'None'
[1.736s] Level 5:colcon.colcon_core.verb:set package 'my_package' build argument 'cmake_target_skip_unavailable' from command line to 'False'
[1.736s] Level 5:colcon.colcon_core.verb:set package 'my_package' build argument 'cmake_clean_cache' from command line to 'False'
[1.736s] Level 5:colcon.colcon_core.verb:set package 'my_package' build argument 'cmake_clean_first' from command line to 'False'
[1.736s] Level 5:colcon.colcon_core.verb:set package 'my_package' build argument 'cmake_force_configure' from command line to 'False'
[1.736s] Level 5:colcon.colcon_core.verb:set package 'my_package' build argument 'ament_cmake_args' from command line to 'None'
[1.736s] Level 5:colcon.colcon_core.verb:set package 'my_package' build argument 'catkin_cmake_args' from command line to 'None'
[1.737s] Level 5:colcon.colcon_core.verb:set package 'my_package' build argument 'catkin_skip_building_tests' from command line to 'False'
[1.737s] DEBUG:colcon.colcon_core.verb:Building package 'my_package' with the following arguments: {'ament_cmake_args': None, 'build_base': '/ros2_ws/build/my_package', 'catkin_cmake_args': None, 'catkin_skip_building_tests': False, 'cmake_args': None, 'cmake_clean_cache': False, 'cmake_clean_first': False, 'cmake_force_configure': False, 'cmake_target': None, 'cmake_target_skip_unavailable': False, 'install_base': '/ros2_ws/install/my_package', 'merge_install': False, 'path': '/ros2_ws/src/my_package', 'symlink_install': False, 'test_result_base': None}
[1.737s] Level 5:colcon.colcon_core.verb:set package 'my_package_cpp' build argument 'cmake_args' from command line to 'None'
[1.737s] Level 5:colcon.colcon_core.verb:set package 'my_package_cpp' build argument 'cmake_target' from command line to 'None'
[1.737s] Level 5:colcon.colcon_core.verb:set package 'my_package_cpp' build argument 'cmake_target_skip_unavailable' from command line to 'False'
[1.738s] Level 5:colcon.colcon_core.verb:set package 'my_package_cpp' build argument 'cmake_clean_cache' from command line to 'False'
[1.738s] Level 5:colcon.colcon_core.verb:set package 'my_package_cpp' build argument 'cmake_clean_first' from command line to 'False'
[1.738s] Level 5:colcon.colcon_core.verb:set package 'my_package_cpp' build argument 'cmake_force_configure' from command line to 'False'
[1.738s] Level 5:colcon.colcon_core.verb:set package 'my_package_cpp' build argument 'ament_cmake_args' from command line to 'None'
[1.738s] Level 5:colcon.colcon_core.verb:set package 'my_package_cpp' build argument 'catkin_cmake_args' from command line to 'None'
[1.738s] Level 5:colcon.colcon_core.verb:set package 'my_package_cpp' build argument 'catkin_skip_building_tests' from command line to 'False'
[1.738s] DEBUG:colcon.colcon_core.verb:Building package 'my_package_cpp' with the following arguments: {'ament_cmake_args': None, 'build_base': '/ros2_ws/build/my_package_cpp', 'catkin_cmake_args': None, 'catkin_skip_building_tests': False, 'cmake_args': None, 'cmake_clean_cache': False, 'cmake_clean_first': False, 'cmake_force_configure': False, 'cmake_target': None, 'cmake_target_skip_unavailable': False, 'install_base': '/ros2_ws/install/my_package_cpp', 'merge_install': False, 'path': '/ros2_ws/src/my_package_cpp', 'symlink_install': False, 'test_result_base': None}
[1.739s] Level 5:colcon.colcon_core.verb:set package 'py_pubsub' build argument 'cmake_args' from command line to 'None'
[1.739s] Level 5:colcon.colcon_core.verb:set package 'py_pubsub' build argument 'cmake_target' from command line to 'None'
[1.739s] Level 5:colcon.colcon_core.verb:set package 'py_pubsub' build argument 'cmake_target_skip_unavailable' from command line to 'False'
[1.739s] Level 5:colcon.colcon_core.verb:set package 'py_pubsub' build argument 'cmake_clean_cache' from command line to 'False'
[1.739s] Level 5:colcon.colcon_core.verb:set package 'py_pubsub' build argument 'cmake_clean_first' from command line to 'False'
[1.740s] Level 5:colcon.colcon_core.verb:set package 'py_pubsub' build argument 'cmake_force_configure' from command line to 'False'
[1.740s] Level 5:colcon.colcon_core.verb:set package 'py_pubsub' build argument 'ament_cmake_args' from command line to 'None'
[1.740s] Level 5:colcon.colcon_core.verb:set package 'py_pubsub' build argument 'catkin_cmake_args' from command line to 'None'
[1.740s] Level 5:colcon.colcon_core.verb:set package 'py_pubsub' build argument 'catkin_skip_building_tests' from command line to 'False'
[1.740s] DEBUG:colcon.colcon_core.verb:Building package 'py_pubsub' with the following arguments: {'ament_cmake_args': None, 'build_base': '/ros2_ws/build/py_pubsub', 'catkin_cmake_args': None, 'catkin_skip_building_tests': False, 'cmake_args': None, 'cmake_clean_cache': False, 'cmake_clean_first': False, 'cmake_force_configure': False, 'cmake_target': None, 'cmake_target_skip_unavailable': False, 'install_base': '/ros2_ws/install/py_pubsub', 'merge_install': False, 'path': '/ros2_ws/src/py_pubsub', 'symlink_install': False, 'test_result_base': None}
[1.741s] Level 5:colcon.colcon_core.verb:set package 'turtlesim' build argument 'cmake_args' from command line to 'None'
[1.741s] Level 5:colcon.colcon_core.verb:set package 'turtlesim' build argument 'cmake_target' from command line to 'None'
[1.741s] Level 5:colcon.colcon_core.verb:set package 'turtlesim' build argument 'cmake_target_skip_unavailable' from command line to 'False'
[1.741s] Level 5:colcon.colcon_core.verb:set package 'turtlesim' build argument 'cmake_clean_cache' from command line to 'False'
[1.741s] Level 5:colcon.colcon_core.verb:set package 'turtlesim' build argument 'cmake_clean_first' from command line to 'False'
[1.741s] Level 5:colcon.colcon_core.verb:set package 'turtlesim' build argument 'cmake_force_configure' from command line to 'False'
[1.741s] Level 5:colcon.colcon_core.verb:set package 'turtlesim' build argument 'ament_cmake_args' from command line to 'None'
[1.742s] Level 5:colcon.colcon_core.verb:set package 'turtlesim' build argument 'catkin_cmake_args' from command line to 'None'
[1.742s] Level 5:colcon.colcon_core.verb:set package 'turtlesim' build argument 'catkin_skip_building_tests' from command line to 'False'
[1.742s] DEBUG:colcon.colcon_core.verb:Building package 'turtlesim' with the following arguments: {'ament_cmake_args': None, 'build_base': '/ros2_ws/build/turtlesim', 'catkin_cmake_args': None, 'catkin_skip_building_tests': False, 'cmake_args': None, 'cmake_clean_cache': False, 'cmake_clean_first': False, 'cmake_force_configure': False, 'cmake_target': None, 'cmake_target_skip_unavailable': False, 'install_base': '/ros2_ws/install/turtlesim', 'merge_install': False, 'path': '/ros2_ws/ros_tutorials/turtlesim', 'symlink_install': False, 'test_result_base': None}
[1.742s] INFO:colcon.colcon_core.executor:Executing jobs using 'parallel' executor
[1.743s] DEBUG:colcon.colcon_parallel_executor.executor.parallel:run_until_complete
[1.743s] INFO:colcon.colcon_ros.task.ament_cmake.build:Building ROS package in '/ros2_ws/src/cpp_pubsub' with build type 'ament_cmake'
[1.744s] INFO:colcon.colcon_cmake.task.cmake.build:Building CMake package in '/ros2_ws/src/cpp_pubsub'
[1.769s] INFO:colcon.colcon_core.plugin_system:Skipping extension 'colcon_core.shell.bat': Not used on non-Windows systems
[1.769s] INFO:colcon.colcon_core.shell:Skip shell extension 'powershell' for command environment: Not usable outside of PowerShell
[1.769s] DEBUG:colcon.colcon_core.shell:Skip shell extension 'dsv' for command environment
[1.900s] INFO:colcon.colcon_ros.task.ament_python.build:Building ROS package in '/ros2_ws/src/my_package' with build type 'ament_python'
[1.900s] Level 1:colcon.colcon_core.shell:create_environment_hook('my_package', 'ament_prefix_path')
[1.900s] INFO:colcon.colcon_core.shell:Creating environment hook '/ros2_ws/install/my_package/share/my_package/hook/ament_prefix_path.ps1'
[1.911s] INFO:colcon.colcon_core.shell:Creating environment descriptor '/ros2_ws/install/my_package/share/my_package/hook/ament_prefix_path.dsv'
[1.920s] INFO:colcon.colcon_core.shell:Creating environment hook '/ros2_ws/install/my_package/share/my_package/hook/ament_prefix_path.sh'
[1.930s] INFO:colcon.colcon_core.shell:Skip shell extension 'powershell' for command environment: Not usable outside of PowerShell
[1.930s] DEBUG:colcon.colcon_core.shell:Skip shell extension 'dsv' for command environment
[2.055s] INFO:colcon.colcon_ros.task.ament_cmake.build:Building ROS package in '/ros2_ws/src/my_package_cpp' with build type 'ament_cmake'
[2.055s] INFO:colcon.colcon_cmake.task.cmake.build:Building CMake package in '/ros2_ws/src/my_package_cpp'
[2.056s] INFO:colcon.colcon_core.shell:Skip shell extension 'powershell' for command environment: Not usable outside of PowerShell
[2.056s] DEBUG:colcon.colcon_core.shell:Skip shell extension 'dsv' for command environment
[2.183s] INFO:colcon.colcon_ros.task.ament_python.build:Building ROS package in '/ros2_ws/src/py_pubsub' with build type 'ament_python'
[2.183s] Level 1:colcon.colcon_core.shell:create_environment_hook('py_pubsub', 'ament_prefix_path')
[2.184s] INFO:colcon.colcon_core.shell:Creating environment hook '/ros2_ws/install/py_pubsub/share/py_pubsub/hook/ament_prefix_path.ps1'
[2.195s] INFO:colcon.colcon_core.shell:Creating environment descriptor '/ros2_ws/install/py_pubsub/share/py_pubsub/hook/ament_prefix_path.dsv'
[2.205s] INFO:colcon.colcon_core.shell:Creating environment hook '/ros2_ws/install/py_pubsub/share/py_pubsub/hook/ament_prefix_path.sh'
[2.215s] INFO:colcon.colcon_core.shell:Skip shell extension 'powershell' for command environment: Not usable outside of PowerShell
[2.216s] DEBUG:colcon.colcon_core.shell:Skip shell extension 'dsv' for command environment
[2.340s] INFO:colcon.colcon_ros.task.ament_cmake.build:Building ROS package in '/ros2_ws/ros_tutorials/turtlesim' with build type 'ament_cmake'
[2.341s] INFO:colcon.colcon_cmake.task.cmake.build:Building CMake package in '/ros2_ws/ros_tutorials/turtlesim'
[2.341s] INFO:colcon.colcon_core.shell:Skip shell extension 'powershell' for command environment: Not usable outside of PowerShell
[2.341s] DEBUG:colcon.colcon_core.shell:Skip shell extension 'dsv' for command environment
[2.498s] DEBUG:colcon.colcon_core.event_handler.log_command:Invoking command in '/ros2_ws/build/cpp_pubsub': CMAKE_PREFIX_PATH=${CMAKE_PREFIX_PATH}:/ros2_ws/src/install/py_pubsub:/ros2_ws/src/install/my_package:/ros2_ws/install/py_pubsub:/ros2_ws/install/my_package:/opt/ros/humble /usr/bin/cmake --build /ros2_ws/build/cpp_pubsub -- -j16 -l16
[3.873s] INFO:colcon.colcon_core.task.python.build:Building Python package in '/ros2_ws/src/my_package'
[3.873s] INFO:colcon.colcon_core.shell:Skip shell extension 'powershell' for command environment: Not usable outside of PowerShell
[3.873s] DEBUG:colcon.colcon_core.shell:Skip shell extension 'dsv' for command environment
[4.033s] DEBUG:colcon.colcon_core.event_handler.log_command:Invoking command in '/ros2_ws/build/my_package_cpp': CMAKE_PREFIX_PATH=${CMAKE_PREFIX_PATH}:/ros2_ws/src/install/py_pubsub:/ros2_ws/src/install/my_package:/ros2_ws/install/py_pubsub:/ros2_ws/install/my_package:/opt/ros/humble /usr/bin/cmake --build /ros2_ws/build/my_package_cpp -- -j16 -l16
[5.386s] INFO:colcon.colcon_core.task.python.build:Building Python package in '/ros2_ws/src/py_pubsub'
[5.386s] INFO:colcon.colcon_core.shell:Skip shell extension 'powershell' for command environment: Not usable outside of PowerShell
[5.387s] DEBUG:colcon.colcon_core.shell:Skip shell extension 'dsv' for command environment
[5.543s] DEBUG:colcon.colcon_core.event_handler.log_command:Invoking command in '/ros2_ws/build/turtlesim': CMAKE_PREFIX_PATH=${CMAKE_PREFIX_PATH}:/ros2_ws/src/install/py_pubsub:/ros2_ws/src/install/my_package:/ros2_ws/install/py_pubsub:/ros2_ws/install/my_package:/opt/ros/humble /usr/bin/cmake --build /ros2_ws/build/turtlesim -- -j16 -l16
[5.563s] DEBUG:colcon.colcon_core.event_handler.log_command:Invoked command in '/ros2_ws/build/my_package_cpp' returned '0': CMAKE_PREFIX_PATH=${CMAKE_PREFIX_PATH}:/ros2_ws/src/install/py_pubsub:/ros2_ws/src/install/my_package:/ros2_ws/install/py_pubsub:/ros2_ws/install/my_package:/opt/ros/humble /usr/bin/cmake --build /ros2_ws/build/my_package_cpp -- -j16 -l16
[5.568s] DEBUG:colcon.colcon_core.event_handler.log_command:Invoked command in '/ros2_ws/build/cpp_pubsub' returned '0': CMAKE_PREFIX_PATH=${CMAKE_PREFIX_PATH}:/ros2_ws/src/install/py_pubsub:/ros2_ws/src/install/my_package:/ros2_ws/install/py_pubsub:/ros2_ws/install/my_package:/opt/ros/humble /usr/bin/cmake --build /ros2_ws/build/cpp_pubsub -- -j16 -l16
[5.691s] DEBUG:colcon.colcon_core.event_handler.log_command:Invoking command in '/ros2_ws/build/my_package_cpp': CMAKE_PREFIX_PATH=${CMAKE_PREFIX_PATH}:/ros2_ws/src/install/py_pubsub:/ros2_ws/src/install/my_package:/ros2_ws/install/py_pubsub:/ros2_ws/install/my_package:/opt/ros/humble /usr/bin/cmake --install /ros2_ws/build/my_package_cpp
[5.696s] DEBUG:colcon.colcon_core.event_handler.log_command:Invoking command in '/ros2_ws/build/cpp_pubsub': CMAKE_PREFIX_PATH=${CMAKE_PREFIX_PATH}:/ros2_ws/src/install/py_pubsub:/ros2_ws/src/install/my_package:/ros2_ws/install/py_pubsub:/ros2_ws/install/my_package:/opt/ros/humble /usr/bin/cmake --install /ros2_ws/build/cpp_pubsub
[6.189s] Level 1:colcon.colcon_core.environment:create_environment_scripts_only(my_package_cpp)
[6.190s] DEBUG:colcon.colcon_core.event_handler.log_command:Invoked command in '/ros2_ws/build/my_package_cpp' returned '0': CMAKE_PREFIX_PATH=${CMAKE_PREFIX_PATH}:/ros2_ws/src/install/py_pubsub:/ros2_ws/src/install/my_package:/ros2_ws/install/py_pubsub:/ros2_ws/install/my_package:/opt/ros/humble /usr/bin/cmake --install /ros2_ws/build/my_package_cpp
[6.214s] Level 1:colcon.colcon_core.environment:checking '/ros2_ws/install/my_package_cpp' for CMake module files
[6.311s] Level 1:colcon.colcon_core.environment:checking '/ros2_ws/install/my_package_cpp' for CMake config files
[6.390s] Level 1:colcon.colcon_core.shell:create_environment_hook('my_package_cpp', 'cmake_prefix_path')
[6.390s] INFO:colcon.colcon_core.shell:Creating environment hook '/ros2_ws/install/my_package_cpp/share/my_package_cpp/hook/cmake_prefix_path.ps1'
[6.406s] INFO:colcon.colcon_core.shell:Creating environment descriptor '/ros2_ws/install/my_package_cpp/share/my_package_cpp/hook/cmake_prefix_path.dsv'
[6.423s] INFO:colcon.colcon_core.shell:Creating environment hook '/ros2_ws/install/my_package_cpp/share/my_package_cpp/hook/cmake_prefix_path.sh'
[6.443s] Level 1:colcon.colcon_core.environment:checking '/ros2_ws/install/my_package_cpp/lib'
[6.449s] Level 1:colcon.colcon_core.environment:checking '/ros2_ws/install/my_package_cpp/bin'
[6.450s] Level 1:colcon.colcon_core.environment:checking '/ros2_ws/install/my_package_cpp/lib/pkgconfig/my_package_cpp.pc'
[6.452s] Level 1:colcon.colcon_core.environment:checking '/ros2_ws/install/my_package_cpp/lib/python3.10/site-packages'
[6.454s] Level 1:colcon.colcon_core.environment:checking '/ros2_ws/install/my_package_cpp/bin'
[6.456s] INFO:colcon.colcon_core.shell:Creating package script '/ros2_ws/install/my_package_cpp/share/my_package_cpp/package.ps1'
[6.471s] INFO:colcon.colcon_core.shell:Creating package descriptor '/ros2_ws/install/my_package_cpp/share/my_package_cpp/package.dsv'
[6.486s] INFO:colcon.colcon_core.shell:Creating package script '/ros2_ws/install/my_package_cpp/share/my_package_cpp/package.sh'
[6.500s] INFO:colcon.colcon_core.shell:Creating package script '/ros2_ws/install/my_package_cpp/share/my_package_cpp/package.bash'
[6.514s] INFO:colcon.colcon_core.shell:Creating package script '/ros2_ws/install/my_package_cpp/share/my_package_cpp/package.zsh'
[6.528s] Level 1:colcon.colcon_core.environment:create_file_with_runtime_dependencies(/ros2_ws/install/my_package_cpp/share/colcon-core/packages/my_package_cpp)
[6.545s] Level 1:colcon.colcon_core.environment:create_environment_scripts_only(cpp_pubsub)
[6.546s] Level 1:colcon.colcon_core.environment:checking '/ros2_ws/install/cpp_pubsub' for CMake module files
[6.547s] DEBUG:colcon.colcon_core.event_handler.log_command:Invoked command in '/ros2_ws/build/cpp_pubsub' returned '0': CMAKE_PREFIX_PATH=${CMAKE_PREFIX_PATH}:/ros2_ws/src/install/py_pubsub:/ros2_ws/src/install/my_package:/ros2_ws/install/py_pubsub:/ros2_ws/install/my_package:/opt/ros/humble /usr/bin/cmake --install /ros2_ws/build/cpp_pubsub
[6.661s] Level 1:colcon.colcon_core.environment:checking '/ros2_ws/install/cpp_pubsub' for CMake config files
[6.768s] Level 1:colcon.colcon_core.shell:create_environment_hook('cpp_pubsub', 'cmake_prefix_path')
[6.768s] INFO:colcon.colcon_core.shell:Creating environment hook '/ros2_ws/install/cpp_pubsub/share/cpp_pubsub/hook/cmake_prefix_path.ps1'
[6.793s] INFO:colcon.colcon_core.shell:Creating environment descriptor '/ros2_ws/install/cpp_pubsub/share/cpp_pubsub/hook/cmake_prefix_path.dsv'
[6.818s] INFO:colcon.colcon_core.shell:Creating environment hook '/ros2_ws/install/cpp_pubsub/share/cpp_pubsub/hook/cmake_prefix_path.sh'
[6.848s] Level 1:colcon.colcon_core.environment:checking '/ros2_ws/install/cpp_pubsub/lib'
[6.856s] Level 1:colcon.colcon_core.environment:checking '/ros2_ws/install/cpp_pubsub/bin'
[6.858s] Level 1:colcon.colcon_core.environment:checking '/ros2_ws/install/cpp_pubsub/lib/pkgconfig/cpp_pubsub.pc'
[6.861s] Level 1:colcon.colcon_core.environment:checking '/ros2_ws/install/cpp_pubsub/lib/python3.10/site-packages'
[6.864s] Level 1:colcon.colcon_core.environment:checking '/ros2_ws/install/cpp_pubsub/bin'
[6.866s] INFO:colcon.colcon_core.shell:Creating package script '/ros2_ws/install/cpp_pubsub/share/cpp_pubsub/package.ps1'
[6.887s] INFO:colcon.colcon_core.shell:Creating package descriptor '/ros2_ws/install/cpp_pubsub/share/cpp_pubsub/package.dsv'
[6.907s] INFO:colcon.colcon_core.shell:Creating package script '/ros2_ws/install/cpp_pubsub/share/cpp_pubsub/package.sh'
[6.929s] INFO:colcon.colcon_core.shell:Creating package script '/ros2_ws/install/cpp_pubsub/share/cpp_pubsub/package.bash'
[6.948s] INFO:colcon.colcon_core.shell:Creating package script '/ros2_ws/install/cpp_pubsub/share/cpp_pubsub/package.zsh'
[6.969s] Level 1:colcon.colcon_core.environment:create_file_with_runtime_dependencies(/ros2_ws/install/cpp_pubsub/share/colcon-core/packages/cpp_pubsub)
[6.995s] Level 1:colcon.colcon_core.environment:create_environment_scripts_only(my_package_cpp)
[6.995s] Level 1:colcon.colcon_core.environment:checking '/ros2_ws/install/my_package_cpp' for CMake module files
[7.136s] Level 1:colcon.colcon_core.environment:checking '/ros2_ws/install/my_package_cpp' for CMake config files
[7.219s] Level 1:colcon.colcon_core.shell:create_environment_hook('my_package_cpp', 'cmake_prefix_path')
[7.219s] INFO:colcon.colcon_core.shell:Creating environment hook '/ros2_ws/install/my_package_cpp/share/my_package_cpp/hook/cmake_prefix_path.ps1'
[7.237s] INFO:colcon.colcon_core.shell:Creating environment descriptor '/ros2_ws/install/my_package_cpp/share/my_package_cpp/hook/cmake_prefix_path.dsv'
[7.253s] INFO:colcon.colcon_core.shell:Creating environment hook '/ros2_ws/install/my_package_cpp/share/my_package_cpp/hook/cmake_prefix_path.sh'
[7.272s] Level 1:colcon.colcon_core.environment:checking '/ros2_ws/install/my_package_cpp/lib'
[7.276s] Level 1:colcon.colcon_core.environment:checking '/ros2_ws/install/my_package_cpp/bin'
[7.277s] Level 1:colcon.colcon_core.environment:checking '/ros2_ws/install/my_package_cpp/lib/pkgconfig/my_package_cpp.pc'
[7.279s] Level 1:colcon.colcon_core.environment:checking '/ros2_ws/install/my_package_cpp/lib/python3.10/site-packages'
[7.281s] Level 1:colcon.colcon_core.environment:checking '/ros2_ws/install/my_package_cpp/bin'
[7.282s] INFO:colcon.colcon_core.shell:Creating package script '/ros2_ws/install/my_package_cpp/share/my_package_cpp/package.ps1'
[7.295s] INFO:colcon.colcon_core.shell:Creating package descriptor '/ros2_ws/install/my_package_cpp/share/my_package_cpp/package.dsv'
[7.309s] INFO:colcon.colcon_core.shell:Creating package script '/ros2_ws/install/my_package_cpp/share/my_package_cpp/package.sh'
[7.321s] INFO:colcon.colcon_core.shell:Creating package script '/ros2_ws/install/my_package_cpp/share/my_package_cpp/package.bash'
[7.334s] INFO:colcon.colcon_core.shell:Creating package script '/ros2_ws/install/my_package_cpp/share/my_package_cpp/package.zsh'
[7.346s] Level 1:colcon.colcon_core.environment:create_file_with_runtime_dependencies(/ros2_ws/install/my_package_cpp/share/colcon-core/packages/my_package_cpp)
[7.358s] Level 1:colcon.colcon_core.environment:create_environment_scripts_only(cpp_pubsub)
[7.358s] Level 1:colcon.colcon_core.environment:checking '/ros2_ws/install/cpp_pubsub' for CMake module files
[7.445s] Level 1:colcon.colcon_core.environment:checking '/ros2_ws/install/cpp_pubsub' for CMake config files
[7.508s] Level 1:colcon.colcon_core.shell:create_environment_hook('cpp_pubsub', 'cmake_prefix_path')
[7.509s] INFO:colcon.colcon_core.shell:Creating environment hook '/ros2_ws/install/cpp_pubsub/share/cpp_pubsub/hook/cmake_prefix_path.ps1'
[7.522s] INFO:colcon.colcon_core.shell:Creating environment descriptor '/ros2_ws/install/cpp_pubsub/share/cpp_pubsub/hook/cmake_prefix_path.dsv'
[7.536s] INFO:colcon.colcon_core.shell:Creating environment hook '/ros2_ws/install/cpp_pubsub/share/cpp_pubsub/hook/cmake_prefix_path.sh'
[7.551s] Level 1:colcon.colcon_core.environment:checking '/ros2_ws/install/cpp_pubsub/lib'
[7.555s] Level 1:colcon.colcon_core.environment:checking '/ros2_ws/install/cpp_pubsub/bin'
[7.556s] Level 1:colcon.colcon_core.environment:checking '/ros2_ws/install/cpp_pubsub/lib/pkgconfig/cpp_pubsub.pc'
[7.557s] Level 1:colcon.colcon_core.environment:checking '/ros2_ws/install/cpp_pubsub/lib/python3.10/site-packages'
[7.559s] Level 1:colcon.colcon_core.environment:checking '/ros2_ws/install/cpp_pubsub/bin'
[7.560s] INFO:colcon.colcon_core.shell:Creating package script '/ros2_ws/install/cpp_pubsub/share/cpp_pubsub/package.ps1'
[7.570s] INFO:colcon.colcon_core.shell:Creating package descriptor '/ros2_ws/install/cpp_pubsub/share/cpp_pubsub/package.dsv'
[7.580s] INFO:colcon.colcon_core.shell:Creating package script '/ros2_ws/install/cpp_pubsub/share/cpp_pubsub/package.sh'
[7.589s] INFO:colcon.colcon_core.shell:Creating package script '/ros2_ws/install/cpp_pubsub/share/cpp_pubsub/package.bash'
[7.599s] INFO:colcon.colcon_core.shell:Creating package script '/ros2_ws/install/cpp_pubsub/share/cpp_pubsub/package.zsh'
[7.609s] Level 1:colcon.colcon_core.environment:create_file_with_runtime_dependencies(/ros2_ws/install/cpp_pubsub/share/colcon-core/packages/cpp_pubsub)
[8.240s] DEBUG:colcon.colcon_core.event_handler.log_command:Invoking command in '/ros2_ws/src/py_pubsub': PYTHONPATH=/ros2_ws/build/py_pubsub/prefix_override:/usr/lib/python3/dist-packages/colcon_core/task/python/colcon_distutils_commands:/ros2_ws/install/py_pubsub/lib/python3.10/site-packages:${PYTHONPATH} /usr/bin/python3 -W ignore:setup.py install is deprecated setup.py egg_info --egg-base ../../build/py_pubsub build --build-base /ros2_ws/build/py_pubsub/build install --record /ros2_ws/build/py_pubsub/install.log --single-version-externally-managed install_data
[8.253s] DEBUG:colcon.colcon_core.event_handler.log_command:Invoking command in '/ros2_ws/src/my_package': PYTHONPATH=/ros2_ws/build/my_package/prefix_override:/usr/lib/python3/dist-packages/colcon_core/task/python/colcon_distutils_commands:/ros2_ws/install/my_package/lib/python3.10/site-packages:${PYTHONPATH} /usr/bin/python3 -W ignore:setup.py install is deprecated setup.py egg_info --egg-base ../../build/my_package build --build-base /ros2_ws/build/my_package/build install --record /ros2_ws/build/my_package/install.log --single-version-externally-managed install_data
[9.423s] DEBUG:colcon.colcon_core.event_handler.log_command:Invoked command in '/ros2_ws/build/turtlesim' returned '0': CMAKE_PREFIX_PATH=${CMAKE_PREFIX_PATH}:/ros2_ws/src/install/py_pubsub:/ros2_ws/src/install/my_package:/ros2_ws/install/py_pubsub:/ros2_ws/install/my_package:/opt/ros/humble /usr/bin/cmake --build /ros2_ws/build/turtlesim -- -j16 -l16
[10.316s] Level 1:colcon.colcon_core.environment:checking '/ros2_ws/install/my_package' for CMake module files
[10.317s] DEBUG:colcon.colcon_core.event_handler.log_command:Invoked command in '/ros2_ws/src/my_package' returned '0': PYTHONPATH=/ros2_ws/build/my_package/prefix_override:/usr/lib/python3/dist-packages/colcon_core/task/python/colcon_distutils_commands:/ros2_ws/install/my_package/lib/python3.10/site-packages:${PYTHONPATH} /usr/bin/python3 -W ignore:setup.py install is deprecated setup.py egg_info --egg-base ../../build/my_package build --build-base /ros2_ws/build/my_package/build install --record /ros2_ws/build/my_package/install.log --single-version-externally-managed install_data
[10.345s] Level 1:colcon.colcon_core.environment:checking '/ros2_ws/install/my_package' for CMake config files
[10.410s] Level 1:colcon.colcon_core.environment:checking '/ros2_ws/install/my_package/lib'
[10.413s] Level 1:colcon.colcon_core.environment:checking '/ros2_ws/install/my_package/bin'
[10.413s] Level 1:colcon.colcon_core.environment:checking '/ros2_ws/install/my_package/lib/pkgconfig/my_package.pc'
[10.415s] Level 1:colcon.colcon_core.environment:checking '/ros2_ws/install/my_package/lib/python3.10/site-packages'
[10.416s] Level 1:colcon.colcon_core.shell:create_environment_hook('my_package', 'pythonpath')
[10.417s] INFO:colcon.colcon_core.shell:Creating environment hook '/ros2_ws/install/my_package/share/my_package/hook/pythonpath.ps1'
[10.427s] INFO:colcon.colcon_core.shell:Creating environment descriptor '/ros2_ws/install/my_package/share/my_package/hook/pythonpath.dsv'
[10.437s] INFO:colcon.colcon_core.shell:Creating environment hook '/ros2_ws/install/my_package/share/my_package/hook/pythonpath.sh'
[10.447s] Level 1:colcon.colcon_core.environment:checking '/ros2_ws/install/my_package/bin'
[10.448s] Level 1:colcon.colcon_core.environment:create_environment_scripts_only(my_package)
[10.449s] INFO:colcon.colcon_core.shell:Creating package script '/ros2_ws/install/my_package/share/my_package/package.ps1'
[10.456s] INFO:colcon.colcon_core.shell:Creating package descriptor '/ros2_ws/install/my_package/share/my_package/package.dsv'
[10.464s] INFO:colcon.colcon_core.shell:Creating package script '/ros2_ws/install/my_package/share/my_package/package.sh'
[10.472s] INFO:colcon.colcon_core.shell:Creating package script '/ros2_ws/install/my_package/share/my_package/package.bash'
[10.479s] INFO:colcon.colcon_core.shell:Creating package script '/ros2_ws/install/my_package/share/my_package/package.zsh'
[10.487s] Level 1:colcon.colcon_core.environment:create_file_with_runtime_dependencies(/ros2_ws/install/my_package/share/colcon-core/packages/my_package)
[10.499s] Level 1:colcon.colcon_core.environment:checking '/ros2_ws/install/py_pubsub' for CMake module files
[10.501s] DEBUG:colcon.colcon_core.event_handler.log_command:Invoking command in '/ros2_ws/build/turtlesim': CMAKE_PREFIX_PATH=${CMAKE_PREFIX_PATH}:/ros2_ws/src/install/py_pubsub:/ros2_ws/src/install/my_package:/ros2_ws/install/py_pubsub:/ros2_ws/install/my_package:/opt/ros/humble /usr/bin/cmake --install /ros2_ws/build/turtlesim
[10.502s] DEBUG:colcon.colcon_core.event_handler.log_command:Invoked command in '/ros2_ws/src/py_pubsub' returned '0': PYTHONPATH=/ros2_ws/build/py_pubsub/prefix_override:/usr/lib/python3/dist-packages/colcon_core/task/python/colcon_distutils_commands:/ros2_ws/install/py_pubsub/lib/python3.10/site-packages:${PYTHONPATH} /usr/bin/python3 -W ignore:setup.py install is deprecated setup.py egg_info --egg-base ../../build/py_pubsub build --build-base /ros2_ws/build/py_pubsub/build install --record /ros2_ws/build/py_pubsub/install.log --single-version-externally-managed install_data
[10.541s] Level 1:colcon.colcon_core.environment:checking '/ros2_ws/install/py_pubsub' for CMake config files
[10.602s] Level 1:colcon.colcon_core.environment:checking '/ros2_ws/install/py_pubsub/lib'
[10.605s] Level 1:colcon.colcon_core.environment:checking '/ros2_ws/install/py_pubsub/bin'
[10.606s] Level 1:colcon.colcon_core.environment:checking '/ros2_ws/install/py_pubsub/lib/pkgconfig/py_pubsub.pc'
[10.607s] Level 1:colcon.colcon_core.environment:checking '/ros2_ws/install/py_pubsub/lib/python3.10/site-packages'
[10.609s] Level 1:colcon.colcon_core.shell:create_environment_hook('py_pubsub', 'pythonpath')
[10.610s] INFO:colcon.colcon_core.shell:Creating environment hook '/ros2_ws/install/py_pubsub/share/py_pubsub/hook/pythonpath.ps1'
[10.619s] INFO:colcon.colcon_core.shell:Creating environment descriptor '/ros2_ws/install/py_pubsub/share/py_pubsub/hook/pythonpath.dsv'
[10.629s] INFO:colcon.colcon_core.shell:Creating environment hook '/ros2_ws/install/py_pubsub/share/py_pubsub/hook/pythonpath.sh'
[10.639s] Level 1:colcon.colcon_core.environment:checking '/ros2_ws/install/py_pubsub/bin'
[10.640s] Level 1:colcon.colcon_core.environment:create_environment_scripts_only(py_pubsub)
[10.640s] INFO:colcon.colcon_core.shell:Creating package script '/ros2_ws/install/py_pubsub/share/py_pubsub/package.ps1'
[10.648s] INFO:colcon.colcon_core.shell:Creating package descriptor '/ros2_ws/install/py_pubsub/share/py_pubsub/package.dsv'
[10.656s] INFO:colcon.colcon_core.shell:Creating package script '/ros2_ws/install/py_pubsub/share/py_pubsub/package.sh'
[10.664s] INFO:colcon.colcon_core.shell:Creating package script '/ros2_ws/install/py_pubsub/share/py_pubsub/package.bash'
[10.672s] INFO:colcon.colcon_core.shell:Creating package script '/ros2_ws/install/py_pubsub/share/py_pubsub/package.zsh'
[10.681s] Level 1:colcon.colcon_core.environment:create_file_with_runtime_dependencies(/ros2_ws/install/py_pubsub/share/colcon-core/packages/py_pubsub)
[16.719s] Level 1:colcon.colcon_core.environment:create_environment_scripts_only(turtlesim)
[16.720s] Level 1:colcon.colcon_core.environment:checking '/ros2_ws/install/turtlesim' for CMake module files
[16.720s] DEBUG:colcon.colcon_core.event_handler.log_command:Invoked command in '/ros2_ws/build/turtlesim' returned '0': CMAKE_PREFIX_PATH=${CMAKE_PREFIX_PATH}:/ros2_ws/src/install/py_pubsub:/ros2_ws/src/install/my_package:/ros2_ws/install/py_pubsub:/ros2_ws/install/my_package:/opt/ros/humble /usr/bin/cmake --install /ros2_ws/build/turtlesim
[16.828s] Level 1:colcon.colcon_core.environment:checking '/ros2_ws/install/turtlesim' for CMake config files
[16.969s] Level 1:colcon.colcon_core.shell:create_environment_hook('turtlesim', 'cmake_prefix_path')
[16.969s] INFO:colcon.colcon_core.shell:Creating environment hook '/ros2_ws/install/turtlesim/share/turtlesim/hook/cmake_prefix_path.ps1'
[16.977s] INFO:colcon.colcon_core.shell:Creating environment descriptor '/ros2_ws/install/turtlesim/share/turtlesim/hook/cmake_prefix_path.dsv'
[16.985s] INFO:colcon.colcon_core.shell:Creating environment hook '/ros2_ws/install/turtlesim/share/turtlesim/hook/cmake_prefix_path.sh'
[16.995s] Level 1:colcon.colcon_core.environment:checking '/ros2_ws/install/turtlesim/lib'
[16.996s] Level 1:colcon.colcon_core.shell:create_environment_hook('turtlesim', 'ld_library_path_lib')
[16.997s] INFO:colcon.colcon_core.shell:Creating environment hook '/ros2_ws/install/turtlesim/share/turtlesim/hook/ld_library_path_lib.ps1'
[17.004s] INFO:colcon.colcon_core.shell:Creating environment descriptor '/ros2_ws/install/turtlesim/share/turtlesim/hook/ld_library_path_lib.dsv'
[17.011s] INFO:colcon.colcon_core.shell:Creating environment hook '/ros2_ws/install/turtlesim/share/turtlesim/hook/ld_library_path_lib.sh'
[17.018s] Level 1:colcon.colcon_core.environment:checking '/ros2_ws/install/turtlesim/bin'
[17.018s] Level 1:colcon.colcon_core.environment:checking '/ros2_ws/install/turtlesim/lib/pkgconfig/turtlesim.pc'
[17.019s] Level 1:colcon.colcon_core.environment:checking '/ros2_ws/install/turtlesim/lib/python3.10/site-packages'
[17.019s] Level 1:colcon.colcon_core.environment:checking '/ros2_ws/install/turtlesim/bin'
[17.020s] INFO:colcon.colcon_core.shell:Creating package script '/ros2_ws/install/turtlesim/share/turtlesim/package.ps1'
[17.026s] INFO:colcon.colcon_core.shell:Creating package descriptor '/ros2_ws/install/turtlesim/share/turtlesim/package.dsv'
[17.032s] INFO:colcon.colcon_core.shell:Creating package script '/ros2_ws/install/turtlesim/share/turtlesim/package.sh'
[17.037s] INFO:colcon.colcon_core.shell:Creating package script '/ros2_ws/install/turtlesim/share/turtlesim/package.bash'
[17.043s] INFO:colcon.colcon_core.shell:Creating package script '/ros2_ws/install/turtlesim/share/turtlesim/package.zsh'
[17.048s] Level 1:colcon.colcon_core.environment:create_file_with_runtime_dependencies(/ros2_ws/install/turtlesim/share/colcon-core/packages/turtlesim)
[17.876s] Level 1:colcon.colcon_core.environment:create_environment_scripts_only(turtlesim)
[17.877s] Level 1:colcon.colcon_core.environment:checking '/ros2_ws/install/turtlesim' for CMake module files
[17.988s] Level 1:colcon.colcon_core.environment:checking '/ros2_ws/install/turtlesim' for CMake config files
[18.128s] Level 1:colcon.colcon_core.shell:create_environment_hook('turtlesim', 'cmake_prefix_path')
[18.129s] INFO:colcon.colcon_core.shell:Creating environment hook '/ros2_ws/install/turtlesim/share/turtlesim/hook/cmake_prefix_path.ps1'
[18.136s] INFO:colcon.colcon_core.shell:Creating environment descriptor '/ros2_ws/install/turtlesim/share/turtlesim/hook/cmake_prefix_path.dsv'
[18.143s] INFO:colcon.colcon_core.shell:Creating environment hook '/ros2_ws/install/turtlesim/share/turtlesim/hook/cmake_prefix_path.sh'
[18.151s] Level 1:colcon.colcon_core.environment:checking '/ros2_ws/install/turtlesim/lib'
[18.152s] Level 1:colcon.colcon_core.shell:create_environment_hook('turtlesim', 'ld_library_path_lib')
[18.153s] INFO:colcon.colcon_core.shell:Creating environment hook '/ros2_ws/install/turtlesim/share/turtlesim/hook/ld_library_path_lib.ps1'
[18.161s] INFO:colcon.colcon_core.shell:Creating environment descriptor '/ros2_ws/install/turtlesim/share/turtlesim/hook/ld_library_path_lib.dsv'
[18.168s] INFO:colcon.colcon_core.shell:Creating environment hook '/ros2_ws/install/turtlesim/share/turtlesim/hook/ld_library_path_lib.sh'
[18.175s] Level 1:colcon.colcon_core.environment:checking '/ros2_ws/install/turtlesim/bin'
[18.175s] Level 1:colcon.colcon_core.environment:checking '/ros2_ws/install/turtlesim/lib/pkgconfig/turtlesim.pc'
[18.176s] Level 1:colcon.colcon_core.environment:checking '/ros2_ws/install/turtlesim/lib/python3.10/site-packages'
[18.176s] Level 1:colcon.colcon_core.environment:checking '/ros2_ws/install/turtlesim/bin'
[18.177s] INFO:colcon.colcon_core.shell:Creating package script '/ros2_ws/install/turtlesim/share/turtlesim/package.ps1'
[18.183s] INFO:colcon.colcon_core.shell:Creating package descriptor '/ros2_ws/install/turtlesim/share/turtlesim/package.dsv'
[18.188s] INFO:colcon.colcon_core.shell:Creating package script '/ros2_ws/install/turtlesim/share/turtlesim/package.sh'
[18.195s] INFO:colcon.colcon_core.shell:Creating package script '/ros2_ws/install/turtlesim/share/turtlesim/package.bash'
[18.201s] INFO:colcon.colcon_core.shell:Creating package script '/ros2_ws/install/turtlesim/share/turtlesim/package.zsh'
[18.206s] Level 1:colcon.colcon_core.environment:create_file_with_runtime_dependencies(/ros2_ws/install/turtlesim/share/colcon-core/packages/turtlesim)
[18.212s] DEBUG:colcon.colcon_parallel_executor.executor.parallel:closing loop
[18.212s] DEBUG:colcon.colcon_parallel_executor.executor.parallel:loop closed
[18.212s] DEBUG:colcon.colcon_parallel_executor.executor.parallel:run_until_complete finished with '0'
[18.212s] DEBUG:colcon.colcon_core.event_reactor:joining thread
[18.269s] INFO:colcon.colcon_core.plugin_system:Skipping extension 'colcon_notification.desktop_notification.notify_send': Could not find 'notify-send'
[18.269s] INFO:colcon.colcon_core.plugin_system:Skipping extension 'colcon_notification.desktop_notification.terminal_notifier': Not used on non-Darwin systems
[18.269s] INFO:colcon.colcon_core.plugin_system:Skipping extension 'colcon_notification.desktop_notification.win32': Not used on non-Windows systems
[18.269s] INFO:colcon.colcon_notification.desktop_notification:Sending desktop notification using 'notify2'
[18.271s] DEBUG:colcon.colcon_notification.desktop_notification.notify2:Failed to initialize notify2: org.freedesktop.DBus.Error.Spawn.ExecFailed: /usr/bin/dbus-launch terminated abnormally without any error message
[18.272s] DEBUG:colcon.colcon_core.event_reactor:joined thread
[18.272s] INFO:colcon.colcon_core.shell:Creating prefix script '/ros2_ws/install/local_setup.ps1'
[18.276s] INFO:colcon.colcon_core.shell:Creating prefix util module '/ros2_ws/install/_local_setup_util_ps1.py'
[18.281s] INFO:colcon.colcon_core.shell:Creating prefix chain script '/ros2_ws/install/setup.ps1'
[18.332s] INFO:colcon.colcon_core.shell:Creating prefix script '/ros2_ws/install/local_setup.sh'
[18.335s] INFO:colcon.colcon_core.shell:Creating prefix util module '/ros2_ws/install/_local_setup_util_sh.py'
[18.337s] INFO:colcon.colcon_core.shell:Creating prefix chain script '/ros2_ws/install/setup.sh'
[18.389s] INFO:colcon.colcon_core.shell:Creating prefix script '/ros2_ws/install/local_setup.bash'
[18.392s] INFO:colcon.colcon_core.shell:Creating prefix chain script '/ros2_ws/install/setup.bash'
[18.441s] INFO:colcon.colcon_core.shell:Creating prefix script '/ros2_ws/install/local_setup.zsh'
[18.444s] INFO:colcon.colcon_core.shell:Creating prefix chain script '/ros2_ws/install/setup.zsh'
