[2.661s] Invoking command in '/ros2_ws/src/py_srvcli': PYTHONPATH=/ros2_ws/build/py_srvcli/prefix_override:/usr/lib/python3/dist-packages/colcon_core/task/python/colcon_distutils_commands:/ros2_ws/install/py_srvcli/lib/python3.10/site-packages:${PYTHONPATH} /usr/bin/python3 -W ignore:setup.py install is deprecated setup.py egg_info --egg-base ../../build/py_srvcli build --build-base /ros2_ws/build/py_srvcli/build install --record /ros2_ws/build/py_srvcli/install.log --single-version-externally-managed install_data
[3.404s] running egg_info
[3.410s] writing ../../build/py_srvcli/py_srvcli.egg-info/PKG-INFO
[3.416s] writing dependency_links to ../../build/py_srvcli/py_srvcli.egg-info/dependency_links.txt
[3.423s] writing entry points to ../../build/py_srvcli/py_srvcli.egg-info/entry_points.txt
[3.428s] writing requirements to ../../build/py_srvcli/py_srvcli.egg-info/requires.txt
[3.432s] writing top-level names to ../../build/py_srvcli/py_srvcli.egg-info/top_level.txt
[3.477s] reading manifest file '../../build/py_srvcli/py_srvcli.egg-info/SOURCES.txt'
[3.527s] adding license file 'LICENSE'
[3.553s] writing manifest file '../../build/py_srvcli/py_srvcli.egg-info/SOURCES.txt'
[3.554s] running build
[3.555s] running build_py
[3.599s] running install
[3.600s] running install_lib
[3.722s] running install_data
[3.748s] running install_egg_info
[3.759s] removing '/ros2_ws/install/py_srvcli/lib/python3.10/site-packages/py_srvcli-0.0.0-py3.10.egg-info' (and everything under it)
[3.818s] Copying ../../build/py_srvcli/py_srvcli.egg-info to /ros2_ws/install/py_srvcli/lib/python3.10/site-packages/py_srvcli-0.0.0-py3.10.egg-info
[4.059s] running install_scripts
[4.118s] Installing client_node script to /ros2_ws/install/py_srvcli/lib/py_srvcli
[4.127s] Installing service_node script to /ros2_ws/install/py_srvcli/lib/py_srvcli
[4.141s] writing list of installed files to '/ros2_ws/build/py_srvcli/install.log'
[4.333s] Invoked command in '/ros2_ws/src/py_srvcli' returned '0': PYTHONPATH=/ros2_ws/build/py_srvcli/prefix_override:/usr/lib/python3/dist-packages/colcon_core/task/python/colcon_distutils_commands:/ros2_ws/install/py_srvcli/lib/python3.10/site-packages:${PYTHONPATH} /usr/bin/python3 -W ignore:setup.py install is deprecated setup.py egg_info --egg-base ../../build/py_srvcli build --build-base /ros2_ws/build/py_srvcli/build install --record /ros2_ws/build/py_srvcli/install.log --single-version-externally-managed install_data
