[0.183s] Invoking command in '/ros2_ws/build/cpp_srvcli': CMAKE_PREFIX_PATH=/opt/ros/humble /usr/bin/cmake --build /ros2_ws/build/cpp_srvcli -- -j16 -l16
[1.009s] Invoked command in '/ros2_ws/build/cpp_srvcli' returned '0': CMAKE_PREFIX_PATH=/opt/ros/humble /usr/bin/cmake --build /ros2_ws/build/cpp_srvcli -- -j16 -l16
[1.125s] Invoking command in '/ros2_ws/build/cpp_srvcli': CMAKE_PREFIX_PATH=/opt/ros/humble /usr/bin/cmake --install /ros2_ws/build/cpp_srvcli
[1.140s] -- Install configuration: ""
[1.208s] -- Up-to-date: /ros2_ws/install/cpp_srvcli/share/ament_index/resource_index/package_run_dependencies/cpp_srvcli
[1.288s] -- Up-to-date: /ros2_ws/install/cpp_srvcli/share/ament_index/resource_index/parent_prefix_path/cpp_srvcli
[1.329s] -- Up-to-date: /ros2_ws/install/cpp_srvcli/share/cpp_srvcli/environment/ament_prefix_path.sh
[1.376s] -- Up-to-date: /ros2_ws/install/cpp_srvcli/share/cpp_srvcli/environment/ament_prefix_path.dsv
[1.410s] -- Up-to-date: /ros2_ws/install/cpp_srvcli/share/cpp_srvcli/environment/path.sh
[1.452s] -- Up-to-date: /ros2_ws/install/cpp_srvcli/share/cpp_srvcli/environment/path.dsv
[1.484s] -- Up-to-date: /ros2_ws/install/cpp_srvcli/share/cpp_srvcli/local_setup.bash
[1.515s] -- Up-to-date: /ros2_ws/install/cpp_srvcli/share/cpp_srvcli/local_setup.sh
[1.542s] -- Up-to-date: /ros2_ws/install/cpp_srvcli/share/cpp_srvcli/local_setup.zsh
[1.570s] -- Up-to-date: /ros2_ws/install/cpp_srvcli/share/cpp_srvcli/local_setup.dsv
[1.598s] -- Installing: /ros2_ws/install/cpp_srvcli/share/cpp_srvcli/package.dsv
[1.703s] -- Up-to-date: /ros2_ws/install/cpp_srvcli/share/ament_index/resource_index/packages/cpp_srvcli
[1.736s] -- Up-to-date: /ros2_ws/install/cpp_srvcli/share/cpp_srvcli/cmake/cpp_srvcliConfig.cmake
[1.761s] -- Up-to-date: /ros2_ws/install/cpp_srvcli/share/cpp_srvcli/cmake/cpp_srvcliConfig-version.cmake
[1.791s] -- Up-to-date: /ros2_ws/install/cpp_srvcli/share/cpp_srvcli/package.xml
[1.804s] Invoked command in '/ros2_ws/build/cpp_srvcli' returned '0': CMAKE_PREFIX_PATH=/opt/ros/humble /usr/bin/cmake --install /ros2_ws/build/cpp_srvcli
