[1.812s] Invoking command in '/ros2_ws/src/py_pubsub': PYTHONPATH=/ros2_ws/build/py_pubsub/prefix_override:/usr/lib/python3/dist-packages/colcon_core/task/python/colcon_distutils_commands:/ros2_ws/install/py_pubsub/lib/python3.10/site-packages:${PYTHONPATH} /usr/bin/python3 -W ignore:setup.py install is deprecated setup.py egg_info --egg-base ../../build/py_pubsub build --build-base /ros2_ws/build/py_pubsub/build install --record /ros2_ws/build/py_pubsub/install.log --single-version-externally-managed install_data
[2.635s] running egg_info
[2.640s] writing ../../build/py_pubsub/py_pubsub.egg-info/PKG-INFO
[2.645s] writing dependency_links to ../../build/py_pubsub/py_pubsub.egg-info/dependency_links.txt
[2.651s] writing entry points to ../../build/py_pubsub/py_pubsub.egg-info/entry_points.txt
[2.655s] writing requirements to ../../build/py_pubsub/py_pubsub.egg-info/requires.txt
[2.658s] writing top-level names to ../../build/py_pubsub/py_pubsub.egg-info/top_level.txt
[2.697s] reading manifest file '../../build/py_pubsub/py_pubsub.egg-info/SOURCES.txt'
[2.744s] adding license file 'LICENSE'
[2.775s] writing manifest file '../../build/py_pubsub/py_pubsub.egg-info/SOURCES.txt'
[2.779s] running build
[2.781s] running build_py
[2.829s] copying py_pubsub/topics_practice_b.py -> /ros2_ws/build/py_pubsub/build/lib/py_pubsub
[2.857s] running install
[2.858s] running install_lib
[2.939s] copying /ros2_ws/build/py_pubsub/build/lib/py_pubsub/topics_practice_b.py -> /ros2_ws/install/py_pubsub/lib/python3.10/site-packages/py_pubsub
[3.029s] byte-compiling /ros2_ws/install/py_pubsub/lib/python3.10/site-packages/py_pubsub/topics_practice_b.py to topics_practice_b.cpython-310.pyc
[3.078s] running install_data
[3.101s] running install_egg_info
[3.113s] removing '/ros2_ws/install/py_pubsub/lib/python3.10/site-packages/py_pubsub-0.0.0-py3.10.egg-info' (and everything under it)
[3.165s] Copying ../../build/py_pubsub/py_pubsub.egg-info to /ros2_ws/install/py_pubsub/lib/python3.10/site-packages/py_pubsub-0.0.0-py3.10.egg-info
[3.375s] running install_scripts
[3.432s] Installing talker script to /ros2_ws/install/py_pubsub/lib/py_pubsub
[3.442s] Installing topics_practice script to /ros2_ws/install/py_pubsub/lib/py_pubsub
[3.452s] writing list of installed files to '/ros2_ws/build/py_pubsub/install.log'
[3.486s] Invoked command in '/ros2_ws/src/py_pubsub' returned '0': PYTHONPATH=/ros2_ws/build/py_pubsub/prefix_override:/usr/lib/python3/dist-packages/colcon_core/task/python/colcon_distutils_commands:/ros2_ws/install/py_pubsub/lib/python3.10/site-packages:${PYTHONPATH} /usr/bin/python3 -W ignore:setup.py install is deprecated setup.py egg_info --egg-base ../../build/py_pubsub build --build-base /ros2_ws/build/py_pubsub/build install --record /ros2_ws/build/py_pubsub/install.log --single-version-externally-managed install_data
