[5.188s] Invoking command in '/ros2_ws/src/py_pubsub': PYTHONPATH=/ros2_ws/build/py_pubsub/prefix_override:/usr/lib/python3/dist-packages/colcon_core/task/python/colcon_distutils_commands:/ros2_ws/install/py_pubsub/lib/python3.10/site-packages:${PYTHONPATH} /usr/bin/python3 -W ignore:setup.py install is deprecated setup.py egg_info --egg-base ../../build/py_pubsub build --build-base /ros2_ws/build/py_pubsub/build install --record /ros2_ws/build/py_pubsub/install.log --single-version-externally-managed install_data
[6.487s] running egg_info
[6.491s] writing ../../build/py_pubsub/py_pubsub.egg-info/PKG-INFO
[6.496s] writing dependency_links to ../../build/py_pubsub/py_pubsub.egg-info/dependency_links.txt
[6.501s] writing entry points to ../../build/py_pubsub/py_pubsub.egg-info/entry_points.txt
[6.505s] writing requirements to ../../build/py_pubsub/py_pubsub.egg-info/requires.txt
[6.507s] writing top-level names to ../../build/py_pubsub/py_pubsub.egg-info/top_level.txt
[6.541s] reading manifest file '../../build/py_pubsub/py_pubsub.egg-info/SOURCES.txt'
[6.581s] adding license file 'LICENSE'
[6.603s] writing manifest file '../../build/py_pubsub/py_pubsub.egg-info/SOURCES.txt'
[6.606s] running build
[6.607s] running build_py
[6.666s] running install
[6.667s] running install_lib
[6.833s] running install_data
[6.854s] running install_egg_info
[6.867s] removing '/ros2_ws/install/py_pubsub/lib/python3.10/site-packages/py_pubsub-0.0.0-py3.10.egg-info' (and everything under it)
[6.917s] Copying ../../build/py_pubsub/py_pubsub.egg-info to /ros2_ws/install/py_pubsub/lib/python3.10/site-packages/py_pubsub-0.0.0-py3.10.egg-info
[7.107s] running install_scripts
[7.212s] Installing talker script to /ros2_ws/install/py_pubsub/lib/py_pubsub
[7.221s] Installing topics_practice script to /ros2_ws/install/py_pubsub/lib/py_pubsub
[7.230s] Installing topics_practice_b script to /ros2_ws/install/py_pubsub/lib/py_pubsub
[7.241s] writing list of installed files to '/ros2_ws/build/py_pubsub/install.log'
[7.269s] Invoked command in '/ros2_ws/src/py_pubsub' returned '0': PYTHONPATH=/ros2_ws/build/py_pubsub/prefix_override:/usr/lib/python3/dist-packages/colcon_core/task/python/colcon_distutils_commands:/ros2_ws/install/py_pubsub/lib/python3.10/site-packages:${PYTHONPATH} /usr/bin/python3 -W ignore:setup.py install is deprecated setup.py egg_info --egg-base ../../build/py_pubsub build --build-base /ros2_ws/build/py_pubsub/build install --record /ros2_ws/build/py_pubsub/install.log --single-version-externally-managed install_data
