[7.135s] Invoking command in '/ros2_ws/src/my_package': PYTHONPATH=/ros2_ws/build/my_package/prefix_override:/usr/lib/python3/dist-packages/colcon_core/task/python/colcon_distutils_commands:/ros2_ws/install/my_package/lib/python3.10/site-packages:${PYTHONPATH} /usr/bin/python3 -W ignore:setup.py install is deprecated setup.py egg_info --egg-base ../../build/my_package build --build-base /ros2_ws/build/my_package/build install --record /ros2_ws/build/my_package/install.log --single-version-externally-managed install_data
[8.869s] running egg_info
[8.873s] writing ../../build/my_package/my_package.egg-info/PKG-INFO
[8.878s] writing dependency_links to ../../build/my_package/my_package.egg-info/dependency_links.txt
[8.882s] writing entry points to ../../build/my_package/my_package.egg-info/entry_points.txt
[8.886s] writing requirements to ../../build/my_package/my_package.egg-info/requires.txt
[8.889s] writing top-level names to ../../build/my_package/my_package.egg-info/top_level.txt
[8.918s] reading manifest file '../../build/my_package/my_package.egg-info/SOURCES.txt'
[8.955s] adding license file 'LICENSE'
[8.974s] writing manifest file '../../build/my_package/my_package.egg-info/SOURCES.txt'
[8.976s] running build
[8.977s] running build_py
[8.991s] running install
[8.991s] running install_lib
[9.076s] running install_data
[9.098s] running install_egg_info
[9.116s] removing '/ros2_ws/install/my_package/lib/python3.10/site-packages/my_package-0.0.0-py3.10.egg-info' (and everything under it)
[9.166s] Copying ../../build/my_package/my_package.egg-info to /ros2_ws/install/my_package/lib/python3.10/site-packages/my_package-0.0.0-py3.10.egg-info
[9.365s] running install_scripts
[9.524s] Installing talker script to /ros2_ws/install/my_package/lib/my_package
[9.535s] writing list of installed files to '/ros2_ws/build/my_package/install.log'
[9.561s] Invoked command in '/ros2_ws/src/my_package' returned '0': PYTHONPATH=/ros2_ws/build/my_package/prefix_override:/usr/lib/python3/dist-packages/colcon_core/task/python/colcon_distutils_commands:/ros2_ws/install/my_package/lib/python3.10/site-packages:${PYTHONPATH} /usr/bin/python3 -W ignore:setup.py install is deprecated setup.py egg_info --egg-base ../../build/my_package build --build-base /ros2_ws/build/my_package/build install --record /ros2_ws/build/my_package/install.log --single-version-externally-managed install_data
