[7.079s] Invoking command in '/ros2_ws/src/py_pubsub': PYTHONPATH=/ros2_ws/build/py_pubsub/prefix_override:/usr/lib/python3/dist-packages/colcon_core/task/python/colcon_distutils_commands:/ros2_ws/install/py_pubsub/lib/python3.10/site-packages:${PYTHONPATH} /usr/bin/python3 -W ignore:setup.py install is deprecated setup.py egg_info --egg-base ../../build/py_pubsub build --build-base /ros2_ws/build/py_pubsub/build install --record /ros2_ws/build/py_pubsub/install.log --single-version-externally-managed install_data
[8.657s] running egg_info
[8.664s] writing ../../build/py_pubsub/py_pubsub.egg-info/PKG-INFO
[8.671s] writing dependency_links to ../../build/py_pubsub/py_pubsub.egg-info/dependency_links.txt
[8.678s] writing entry points to ../../build/py_pubsub/py_pubsub.egg-info/entry_points.txt
[8.683s] writing requirements to ../../build/py_pubsub/py_pubsub.egg-info/requires.txt
[8.687s] writing top-level names to ../../build/py_pubsub/py_pubsub.egg-info/top_level.txt
[8.734s] reading manifest file '../../build/py_pubsub/py_pubsub.egg-info/SOURCES.txt'
[8.780s] adding license file 'LICENSE'
[8.803s] writing manifest file '../../build/py_pubsub/py_pubsub.egg-info/SOURCES.txt'
[8.806s] running build
[8.807s] running build_py
[8.869s] running install
[8.870s] running install_lib
[9.046s] running install_data
[9.067s] running install_egg_info
[9.085s] removing '/ros2_ws/install/py_pubsub/lib/python3.10/site-packages/py_pubsub-0.0.0-py3.10.egg-info' (and everything under it)
[9.134s] Copying ../../build/py_pubsub/py_pubsub.egg-info to /ros2_ws/install/py_pubsub/lib/python3.10/site-packages/py_pubsub-0.0.0-py3.10.egg-info
[9.324s] running install_scripts
[9.462s] Installing talker script to /ros2_ws/install/py_pubsub/lib/py_pubsub
[9.470s] Installing topics_practice script to /ros2_ws/install/py_pubsub/lib/py_pubsub
[9.479s] Installing topics_practice_b script to /ros2_ws/install/py_pubsub/lib/py_pubsub
[9.488s] writing list of installed files to '/ros2_ws/build/py_pubsub/install.log'
[9.592s] Invoked command in '/ros2_ws/src/py_pubsub' returned '0': PYTHONPATH=/ros2_ws/build/py_pubsub/prefix_override:/usr/lib/python3/dist-packages/colcon_core/task/python/colcon_distutils_commands:/ros2_ws/install/py_pubsub/lib/python3.10/site-packages:${PYTHONPATH} /usr/bin/python3 -W ignore:setup.py install is deprecated setup.py egg_info --egg-base ../../build/py_pubsub build --build-base /ros2_ws/build/py_pubsub/build install --record /ros2_ws/build/py_pubsub/install.log --single-version-externally-managed install_data
