[1.831s] Invoking command in '/ros2_ws/src/py_pubsub': PYTHONPATH=/ros2_ws/build/py_pubsub/prefix_override:/usr/lib/python3/dist-packages/colcon_core/task/python/colcon_distutils_commands:/ros2_ws/install/py_pubsub/lib/python3.10/site-packages:${PYTHONPATH} /usr/bin/python3 -W ignore:setup.py install is deprecated setup.py egg_info --egg-base ../../build/py_pubsub build --build-base /ros2_ws/build/py_pubsub/build install --record /ros2_ws/build/py_pubsub/install.log --single-version-externally-managed install_data
[2.797s] running egg_info
[2.802s] writing ../../build/py_pubsub/py_pubsub.egg-info/PKG-INFO
[2.808s] writing dependency_links to ../../build/py_pubsub/py_pubsub.egg-info/dependency_links.txt
[2.815s] writing entry points to ../../build/py_pubsub/py_pubsub.egg-info/entry_points.txt
[2.821s] writing requirements to ../../build/py_pubsub/py_pubsub.egg-info/requires.txt
[2.824s] writing top-level names to ../../build/py_pubsub/py_pubsub.egg-info/top_level.txt
[2.865s] reading manifest file '../../build/py_pubsub/py_pubsub.egg-info/SOURCES.txt'
[2.919s] adding license file 'LICENSE'
[2.950s] writing manifest file '../../build/py_pubsub/py_pubsub.egg-info/SOURCES.txt'
[2.953s] running build
[2.954s] running build_py
[3.037s] running install
[3.038s] running install_lib
[3.243s] running install_data
[3.273s] running install_egg_info
[3.284s] removing '/ros2_ws/install/py_pubsub/lib/python3.10/site-packages/py_pubsub-0.0.0-py3.10.egg-info' (and everything under it)
[3.348s] Copying ../../build/py_pubsub/py_pubsub.egg-info to /ros2_ws/install/py_pubsub/lib/python3.10/site-packages/py_pubsub-0.0.0-py3.10.egg-info
[3.586s] running install_scripts
[3.642s] Installing talker script to /ros2_ws/install/py_pubsub/lib/py_pubsub
[3.651s] Installing topics_practice script to /ros2_ws/install/py_pubsub/lib/py_pubsub
[3.662s] writing list of installed files to '/ros2_ws/build/py_pubsub/install.log'
