[2.006s] Invoking command in '/ros2_ws/build/my_package_cpp': CMAKE_PREFIX_PATH=${CMAKE_PREFIX_PATH}:/ros2_ws/src/install/py_pubsub:/ros2_ws/src/install/my_package:/ros2_ws/install/py_pubsub:/ros2_ws/install/my_package:/opt/ros/humble /usr/bin/cmake --build /ros2_ws/build/my_package_cpp -- -j16 -l16
[3.500s] [100%] Built target my_node
[3.556s] Invoked command in '/ros2_ws/build/my_package_cpp' returned '0': CMAKE_PREFIX_PATH=${CMAKE_PREFIX_PATH}:/ros2_ws/src/install/py_pubsub:/ros2_ws/src/install/my_package:/ros2_ws/install/py_pubsub:/ros2_ws/install/my_package:/opt/ros/humble /usr/bin/cmake --build /ros2_ws/build/my_package_cpp -- -j16 -l16
[3.666s] Invoking command in '/ros2_ws/build/my_package_cpp': CMAKE_PREFIX_PATH=${CMAKE_PREFIX_PATH}:/ros2_ws/src/install/py_pubsub:/ros2_ws/src/install/my_package:/ros2_ws/install/py_pubsub:/ros2_ws/install/my_package:/opt/ros/humble /usr/bin/cmake --install /ros2_ws/build/my_package_cpp
[3.686s] -- Install configuration: ""
[3.729s] -- Up-to-date: /ros2_ws/install/my_package_cpp/lib/my_package_cpp/my_node
[3.765s] -- Up-to-date: /ros2_ws/install/my_package_cpp/share/ament_index/resource_index/package_run_dependencies/my_package_cpp
[3.798s] -- Up-to-date: /ros2_ws/install/my_package_cpp/share/ament_index/resource_index/parent_prefix_path/my_package_cpp
[3.816s] -- Up-to-date: /ros2_ws/install/my_package_cpp/share/my_package_cpp/environment/ament_prefix_path.sh
[3.841s] -- Up-to-date: /ros2_ws/install/my_package_cpp/share/my_package_cpp/environment/ament_prefix_path.dsv
[3.858s] -- Up-to-date: /ros2_ws/install/my_package_cpp/share/my_package_cpp/environment/path.sh
[3.883s] -- Up-to-date: /ros2_ws/install/my_package_cpp/share/my_package_cpp/environment/path.dsv
[3.905s] -- Up-to-date: /ros2_ws/install/my_package_cpp/share/my_package_cpp/local_setup.bash
[3.927s] -- Up-to-date: /ros2_ws/install/my_package_cpp/share/my_package_cpp/local_setup.sh
[3.949s] -- Up-to-date: /ros2_ws/install/my_package_cpp/share/my_package_cpp/local_setup.zsh
[3.970s] -- Up-to-date: /ros2_ws/install/my_package_cpp/share/my_package_cpp/local_setup.dsv
[3.991s] -- Installing: /ros2_ws/install/my_package_cpp/share/my_package_cpp/package.dsv
[4.086s] -- Up-to-date: /ros2_ws/install/my_package_cpp/share/ament_index/resource_index/packages/my_package_cpp
[4.116s] -- Up-to-date: /ros2_ws/install/my_package_cpp/share/my_package_cpp/cmake/my_package_cppConfig.cmake
[4.136s] -- Up-to-date: /ros2_ws/install/my_package_cpp/share/my_package_cpp/cmake/my_package_cppConfig-version.cmake
[4.158s] -- Up-to-date: /ros2_ws/install/my_package_cpp/share/my_package_cpp/package.xml
[4.501s] Invoked command in '/ros2_ws/build/my_package_cpp' returned '0': CMAKE_PREFIX_PATH=${CMAKE_PREFIX_PATH}:/ros2_ws/src/install/py_pubsub:/ros2_ws/src/install/my_package:/ros2_ws/install/py_pubsub:/ros2_ws/install/my_package:/opt/ros/humble /usr/bin/cmake --install /ros2_ws/build/my_package_cpp
