[7.719s] Invoking command in '/ros2_ws/src/my_package': PYTHONPATH=/ros2_ws/build/my_package/prefix_override:/usr/lib/python3/dist-packages/colcon_core/task/python/colcon_distutils_commands:/ros2_ws/install/my_package/lib/python3.10/site-packages:${PYTHONPATH} /usr/bin/python3 -W ignore:setup.py install is deprecated setup.py egg_info --egg-base ../../build/my_package build --build-base /ros2_ws/build/my_package/build install --record /ros2_ws/build/my_package/install.log --single-version-externally-managed install_data
[9.625s] running egg_info
[9.628s] writing ../../build/my_package/my_package.egg-info/PKG-INFO
[9.634s] writing dependency_links to ../../build/my_package/my_package.egg-info/dependency_links.txt
[9.639s] writing entry points to ../../build/my_package/my_package.egg-info/entry_points.txt
[9.643s] writing requirements to ../../build/my_package/my_package.egg-info/requires.txt
[9.645s] writing top-level names to ../../build/my_package/my_package.egg-info/top_level.txt
[9.675s] reading manifest file '../../build/my_package/my_package.egg-info/SOURCES.txt'
[9.712s] adding license file 'LICENSE'
[9.730s] writing manifest file '../../build/my_package/my_package.egg-info/SOURCES.txt'
[9.733s] running build
[9.734s] running build_py
[9.749s] running install
[9.749s] running install_lib
[9.836s] running install_data
[9.859s] running install_egg_info
[9.879s] removing '/ros2_ws/install/my_package/lib/python3.10/site-packages/my_package-0.0.0-py3.10.egg-info' (and everything under it)
[9.927s] Copying ../../build/my_package/my_package.egg-info to /ros2_ws/install/my_package/lib/python3.10/site-packages/my_package-0.0.0-py3.10.egg-info
[10.129s] running install_scripts
[10.303s] Installing talker script to /ros2_ws/install/my_package/lib/my_package
[10.314s] writing list of installed files to '/ros2_ws/build/my_package/install.log'
[10.344s] Invoked command in '/ros2_ws/src/my_package' returned '0': PYTHONPATH=/ros2_ws/build/my_package/prefix_override:/usr/lib/python3/dist-packages/colcon_core/task/python/colcon_distutils_commands:/ros2_ws/install/my_package/lib/python3.10/site-packages:${PYTHONPATH} /usr/bin/python3 -W ignore:setup.py install is deprecated setup.py egg_info --egg-base ../../build/my_package build --build-base /ros2_ws/build/my_package/build install --record /ros2_ws/build/my_package/install.log --single-version-externally-managed install_data
