[0.167s] Invoking command in '/ros2_ws/build/cpp_srvcli': CMAKE_PREFIX_PATH=/opt/ros/humble /usr/bin/cmake /ros2_ws/src/cpp_srvcli -DCMAKE_INSTALL_PREFIX=/ros2_ws/install/cpp_srvcli
[0.718s] -- The C compiler identification is GNU 11.4.0
[0.762s] -- The CXX compiler identification is GNU 11.4.0
[0.829s] -- Detecting C compiler ABI info
[1.337s] -- Detecting C compiler ABI info - done
[1.364s] -- Check for working C compiler: /usr/bin/cc - skipped
[1.365s] -- Detecting C compile features
[1.369s] -- Detecting C compile features - done
[1.423s] -- Detecting CXX compiler ABI info
[1.946s] -- Detecting CXX compiler ABI info - done
[1.972s] -- Check for working CXX compiler: /usr/bin/c++ - skipped
[1.974s] -- Detecting CXX compile features
[1.975s] -- Detecting CXX compile features - done
[2.032s] -- Found ament_cmake: 1.3.9 (/opt/ros/humble/share/ament_cmake/cmake)
[2.172s] -- Found Python3: /usr/bin/python3 (found version "3.10.12") found components: Interpreter 
[2.364s] -- Found rclcpp: 16.0.9 (/opt/ros/humble/share/rclcpp/cmake)
[2.434s] -- Found rosidl_generator_c: 3.1.5 (/opt/ros/humble/share/rosidl_generator_c/cmake)
[2.441s] -- Found rosidl_adapter: 3.1.5 (/opt/ros/humble/share/rosidl_adapter/cmake)
[2.455s] -- Found rosidl_generator_cpp: 3.1.5 (/opt/ros/humble/share/rosidl_generator_cpp/cmake)
[2.480s] -- Using all available rosidl_typesupport_c: rosidl_typesupport_fastrtps_c;rosidl_typesupport_introspection_c
[2.508s] -- Using all available rosidl_typesupport_cpp: rosidl_typesupport_fastrtps_cpp;rosidl_typesupport_introspection_cpp
[2.599s] -- Found rmw_implementation_cmake: 6.1.2 (/opt/ros/humble/share/rmw_implementation_cmake/cmake)
[2.606s] -- Found rmw_fastrtps_cpp: 6.2.6 (/opt/ros/humble/share/rmw_fastrtps_cpp/cmake)
[2.791s] -- Found OpenSSL: /usr/lib/x86_64-linux-gnu/libcrypto.so (found version "3.0.2")  
[2.877s] -- Found FastRTPS: /opt/ros/humble/include  
[3.010s] -- Using RMW implementation 'rmw_fastrtps_cpp' as default
[3.074s] -- Looking for pthread.h
[3.619s] -- Looking for pthread.h - found
[3.630s] -- Performing Test CMAKE_HAVE_LIBC_PTHREAD
[4.091s] -- Performing Test CMAKE_HAVE_LIBC_PTHREAD - Success
[4.092s] -- Found Threads: TRUE  
[4.247s] -- Found example_interfaces: 0.9.3 (/opt/ros/humble/share/example_interfaces/cmake)
[4.383s] -- Found ament_lint_auto: 0.12.11 (/opt/ros/humble/share/ament_lint_auto/cmake)
[4.905s] -- Added test 'cppcheck' to perform static code analysis on C / C++ code
[4.906s] -- Configured cppcheck include dirs: 
[4.907s] -- Configured cppcheck exclude dirs and/or files: 
[4.998s] -- Added test 'lint_cmake' to check CMake code style
[5.304s] -- Added test 'uncrustify' to check C / C++ code style
[5.305s] -- Configured uncrustify additional arguments: 
[5.341s] -- Added test 'xmllint' to check XML markup files
[5.474s] -- Configuring done
[5.744s] -- Generating done
[5.807s] -- Build files have been written to: /ros2_ws/build/cpp_srvcli
[6.031s] Invoked command in '/ros2_ws/build/cpp_srvcli' returned '0': CMAKE_PREFIX_PATH=/opt/ros/humble /usr/bin/cmake /ros2_ws/src/cpp_srvcli -DCMAKE_INSTALL_PREFIX=/ros2_ws/install/cpp_srvcli
[6.039s] Invoking command in '/ros2_ws/build/cpp_srvcli': CMAKE_PREFIX_PATH=/opt/ros/humble /usr/bin/cmake --build /ros2_ws/build/cpp_srvcli -- -j16 -l16
[6.307s] Invoked command in '/ros2_ws/build/cpp_srvcli' returned '0': CMAKE_PREFIX_PATH=/opt/ros/humble /usr/bin/cmake --build /ros2_ws/build/cpp_srvcli -- -j16 -l16
[6.339s] Invoking command in '/ros2_ws/build/cpp_srvcli': CMAKE_PREFIX_PATH=/opt/ros/humble /usr/bin/cmake --install /ros2_ws/build/cpp_srvcli
[6.347s] -- Install configuration: ""
[6.368s] -- Installing: /ros2_ws/install/cpp_srvcli/share/ament_index/resource_index/package_run_dependencies/cpp_srvcli
[6.450s] -- Installing: /ros2_ws/install/cpp_srvcli/share/ament_index/resource_index/parent_prefix_path/cpp_srvcli
[6.519s] -- Up-to-date: /ros2_ws/install/cpp_srvcli/share/cpp_srvcli/environment/ament_prefix_path.sh
[6.536s] -- Installing: /ros2_ws/install/cpp_srvcli/share/cpp_srvcli/environment/ament_prefix_path.dsv
[6.589s] -- Up-to-date: /ros2_ws/install/cpp_srvcli/share/cpp_srvcli/environment/path.sh
[6.608s] -- Installing: /ros2_ws/install/cpp_srvcli/share/cpp_srvcli/environment/path.dsv
[6.666s] -- Installing: /ros2_ws/install/cpp_srvcli/share/cpp_srvcli/local_setup.bash
[6.718s] -- Installing: /ros2_ws/install/cpp_srvcli/share/cpp_srvcli/local_setup.sh
[6.766s] -- Installing: /ros2_ws/install/cpp_srvcli/share/cpp_srvcli/local_setup.zsh
[6.824s] -- Installing: /ros2_ws/install/cpp_srvcli/share/cpp_srvcli/local_setup.dsv
[6.878s] -- Installing: /ros2_ws/install/cpp_srvcli/share/cpp_srvcli/package.dsv
[6.936s] -- Installing: /ros2_ws/install/cpp_srvcli/share/ament_index/resource_index/packages/cpp_srvcli
[7.009s] -- Installing: /ros2_ws/install/cpp_srvcli/share/cpp_srvcli/cmake/cpp_srvcliConfig.cmake
[7.061s] -- Installing: /ros2_ws/install/cpp_srvcli/share/cpp_srvcli/cmake/cpp_srvcliConfig-version.cmake
[7.118s] -- Up-to-date: /ros2_ws/install/cpp_srvcli/share/cpp_srvcli/package.xml
[7.126s] Invoked command in '/ros2_ws/build/cpp_srvcli' returned '0': CMAKE_PREFIX_PATH=/opt/ros/humble /usr/bin/cmake --install /ros2_ws/build/cpp_srvcli
