[3.196s] Invoking command in '/ros2_ws/src/py_srvcli': CMAKE_PREFIX_PATH=/ros2_ws/install/turtlesim:/ros2_ws/install/cpp_pubsub:/ros2_ws/install/my_package_cpp:/ros2_ws/install/cpp_srvcli PYTHONPATH=/ros2_ws/build/py_srvcli/prefix_override:/usr/lib/python3/dist-packages/colcon_core/task/python/colcon_distutils_commands:/ros2_ws/install/py_srvcli/lib/python3.10/site-packages:${PYTHONPATH} /usr/bin/python3 -W ignore:setup.py install is deprecated setup.py egg_info --egg-base ../../build/py_srvcli build --build-base /ros2_ws/build/py_srvcli/build install --record /ros2_ws/build/py_srvcli/install.log --single-version-externally-managed install_data
[4.563s] running egg_info
[4.568s] writing ../../build/py_srvcli/py_srvcli.egg-info/PKG-INFO
[4.573s] writing dependency_links to ../../build/py_srvcli/py_srvcli.egg-info/dependency_links.txt
[4.578s] writing entry points to ../../build/py_srvcli/py_srvcli.egg-info/entry_points.txt
[4.582s] writing requirements to ../../build/py_srvcli/py_srvcli.egg-info/requires.txt
[4.584s] writing top-level names to ../../build/py_srvcli/py_srvcli.egg-info/top_level.txt
[4.614s] reading manifest file '../../build/py_srvcli/py_srvcli.egg-info/SOURCES.txt'
[4.653s] adding license file 'LICENSE'
[4.673s] writing manifest file '../../build/py_srvcli/py_srvcli.egg-info/SOURCES.txt'
[4.675s] running build
[4.676s] running build_py
[4.720s] running install
[4.721s] running install_lib
[4.854s] running install_data
[4.875s] running install_egg_info
[4.890s] removing '/ros2_ws/install/py_srvcli/lib/python3.10/site-packages/py_srvcli-0.0.0-py3.10.egg-info' (and everything under it)
[4.938s] Copying ../../build/py_srvcli/py_srvcli.egg-info to /ros2_ws/install/py_srvcli/lib/python3.10/site-packages/py_srvcli-0.0.0-py3.10.egg-info
[5.132s] running install_scripts
[5.245s] Installing client_node script to /ros2_ws/install/py_srvcli/lib/py_srvcli
[5.254s] Installing service_node script to /ros2_ws/install/py_srvcli/lib/py_srvcli
[5.264s] writing list of installed files to '/ros2_ws/build/py_srvcli/install.log'
[5.285s] Invoked command in '/ros2_ws/src/py_srvcli' returned '0': CMAKE_PREFIX_PATH=/ros2_ws/install/turtlesim:/ros2_ws/install/cpp_pubsub:/ros2_ws/install/my_package_cpp:/ros2_ws/install/cpp_srvcli PYTHONPATH=/ros2_ws/build/py_srvcli/prefix_override:/usr/lib/python3/dist-packages/colcon_core/task/python/colcon_distutils_commands:/ros2_ws/install/py_srvcli/lib/python3.10/site-packages:${PYTHONPATH} /usr/bin/python3 -W ignore:setup.py install is deprecated setup.py egg_info --egg-base ../../build/py_srvcli build --build-base /ros2_ws/build/py_srvcli/build install --record /ros2_ws/build/py_srvcli/install.log --single-version-externally-managed install_data
