[0.759s] Invoking command in '/ros2_ws/build/cpp_pubsub': CMAKE_PREFIX_PATH=${CMAKE_PREFIX_PATH}:/ros2_ws/src/install/py_pubsub:/ros2_ws/src/install/my_package:/ros2_ws/install/py_pubsub:/ros2_ws/install/my_package:/opt/ros/humble /usr/bin/cmake --build /ros2_ws/build/cpp_pubsub -- -j16 -l16
[3.809s] [100%] Built target talker
[3.811s] Invoked command in '/ros2_ws/build/cpp_pubsub' returned '0': CMAKE_PREFIX_PATH=${CMAKE_PREFIX_PATH}:/ros2_ws/src/install/py_pubsub:/ros2_ws/src/install/my_package:/ros2_ws/install/py_pubsub:/ros2_ws/install/my_package:/opt/ros/humble /usr/bin/cmake --build /ros2_ws/build/cpp_pubsub -- -j16 -l16
[3.927s] Invoking command in '/ros2_ws/build/cpp_pubsub': CMAKE_PREFIX_PATH=${CMAKE_PREFIX_PATH}:/ros2_ws/src/install/py_pubsub:/ros2_ws/src/install/my_package:/ros2_ws/install/py_pubsub:/ros2_ws/install/my_package:/opt/ros/humble /usr/bin/cmake --install /ros2_ws/build/cpp_pubsub
[3.945s] -- Install configuration: ""
[3.987s] -- Up-to-date: /ros2_ws/install/cpp_pubsub/lib/cpp_pubsub/talker
[4.053s] -- Up-to-date: /ros2_ws/install/cpp_pubsub/share/ament_index/resource_index/package_run_dependencies/cpp_pubsub
[4.086s] -- Up-to-date: /ros2_ws/install/cpp_pubsub/share/ament_index/resource_index/parent_prefix_path/cpp_pubsub
[4.102s] -- Up-to-date: /ros2_ws/install/cpp_pubsub/share/cpp_pubsub/environment/ament_prefix_path.sh
[4.123s] -- Up-to-date: /ros2_ws/install/cpp_pubsub/share/cpp_pubsub/environment/ament_prefix_path.dsv
[4.140s] -- Up-to-date: /ros2_ws/install/cpp_pubsub/share/cpp_pubsub/environment/path.sh
[4.164s] -- Up-to-date: /ros2_ws/install/cpp_pubsub/share/cpp_pubsub/environment/path.dsv
[4.187s] -- Up-to-date: /ros2_ws/install/cpp_pubsub/share/cpp_pubsub/local_setup.bash
[4.208s] -- Up-to-date: /ros2_ws/install/cpp_pubsub/share/cpp_pubsub/local_setup.sh
[4.229s] -- Up-to-date: /ros2_ws/install/cpp_pubsub/share/cpp_pubsub/local_setup.zsh
[4.251s] -- Up-to-date: /ros2_ws/install/cpp_pubsub/share/cpp_pubsub/local_setup.dsv
[4.272s] -- Installing: /ros2_ws/install/cpp_pubsub/share/cpp_pubsub/package.dsv
[4.359s] -- Up-to-date: /ros2_ws/install/cpp_pubsub/share/ament_index/resource_index/packages/cpp_pubsub
[4.389s] -- Up-to-date: /ros2_ws/install/cpp_pubsub/share/cpp_pubsub/cmake/cpp_pubsubConfig.cmake
[4.417s] -- Up-to-date: /ros2_ws/install/cpp_pubsub/share/cpp_pubsub/cmake/cpp_pubsubConfig-version.cmake
[4.439s] -- Up-to-date: /ros2_ws/install/cpp_pubsub/share/cpp_pubsub/package.xml
[4.450s] Invoked command in '/ros2_ws/build/cpp_pubsub' returned '0': CMAKE_PREFIX_PATH=${CMAKE_PREFIX_PATH}:/ros2_ws/src/install/py_pubsub:/ros2_ws/src/install/my_package:/ros2_ws/install/py_pubsub:/ros2_ws/install/my_package:/opt/ros/humble /usr/bin/cmake --install /ros2_ws/build/cpp_pubsub
