[1.926s] Invoking command in '/ros2_ws/src/py_srvcli': AMENT_PREFIX_PATH=/ros2_ws/install/turtlesim:${AMENT_PREFIX_PATH} CMAKE_PREFIX_PATH=/ros2_ws/install/turtlesim LD_LIBRARY_PATH=/ros2_ws/install/turtlesim/lib:${LD_LIBRARY_PATH} PYTHONPATH=/ros2_ws/build/py_srvcli/prefix_override:/usr/lib/python3/dist-packages/colcon_core/task/python/colcon_distutils_commands:/ros2_ws/install/py_srvcli/lib/python3.10/site-packages:/ros2_ws/install/turtlesim/local/lib/python3.10/dist-packages:${PYTHONPATH} /usr/bin/python3 -W ignore:setup.py install is deprecated setup.py egg_info --egg-base ../../build/py_srvcli build --build-base /ros2_ws/build/py_srvcli/build install --record /ros2_ws/build/py_srvcli/install.log --single-version-externally-managed install_data
[2.841s] running egg_info
[2.846s] writing ../../build/py_srvcli/py_srvcli.egg-info/PKG-INFO
[2.853s] writing dependency_links to ../../build/py_srvcli/py_srvcli.egg-info/dependency_links.txt
[2.858s] writing entry points to ../../build/py_srvcli/py_srvcli.egg-info/entry_points.txt
[2.862s] writing requirements to ../../build/py_srvcli/py_srvcli.egg-info/requires.txt
[2.865s] writing top-level names to ../../build/py_srvcli/py_srvcli.egg-info/top_level.txt
[2.894s] reading manifest file '../../build/py_srvcli/py_srvcli.egg-info/SOURCES.txt'
[2.937s] adding license file 'LICENSE'
[2.957s] writing manifest file '../../build/py_srvcli/py_srvcli.egg-info/SOURCES.txt'
[2.959s] running build
[2.960s] running build_py
[3.004s] running install
[3.005s] running install_lib
[3.135s] running install_data
[3.157s] running install_egg_info
[3.168s] removing '/ros2_ws/install/py_srvcli/lib/python3.10/site-packages/py_srvcli-0.0.0-py3.10.egg-info' (and everything under it)
[3.213s] Copying ../../build/py_srvcli/py_srvcli.egg-info to /ros2_ws/install/py_srvcli/lib/python3.10/site-packages/py_srvcli-0.0.0-py3.10.egg-info
[3.407s] running install_scripts
[3.484s] Installing client_node script to /ros2_ws/install/py_srvcli/lib/py_srvcli
[3.493s] Installing service_node script to /ros2_ws/install/py_srvcli/lib/py_srvcli
[3.504s] writing list of installed files to '/ros2_ws/build/py_srvcli/install.log'
[3.525s] Invoked command in '/ros2_ws/src/py_srvcli' returned '0': AMENT_PREFIX_PATH=/ros2_ws/install/turtlesim:${AMENT_PREFIX_PATH} CMAKE_PREFIX_PATH=/ros2_ws/install/turtlesim LD_LIBRARY_PATH=/ros2_ws/install/turtlesim/lib:${LD_LIBRARY_PATH} PYTHONPATH=/ros2_ws/build/py_srvcli/prefix_override:/usr/lib/python3/dist-packages/colcon_core/task/python/colcon_distutils_commands:/ros2_ws/install/py_srvcli/lib/python3.10/site-packages:/ros2_ws/install/turtlesim/local/lib/python3.10/dist-packages:${PYTHONPATH} /usr/bin/python3 -W ignore:setup.py install is deprecated setup.py egg_info --egg-base ../../build/py_srvcli build --build-base /ros2_ws/build/py_srvcli/build install --record /ros2_ws/build/py_srvcli/install.log --single-version-externally-managed install_data
