[6.065s] Invoking command in '/ros2_ws/src/py_pubsub': PYTHONPATH=/ros2_ws/build/py_pubsub/prefix_override:/usr/lib/python3/dist-packages/colcon_core/task/python/colcon_distutils_commands:/ros2_ws/install/py_pubsub/lib/python3.10/site-packages:${PYTHONPATH} /usr/bin/python3 -W ignore:setup.py install is deprecated setup.py egg_info --egg-base ../../build/py_pubsub build --build-base /ros2_ws/build/py_pubsub/build install --record /ros2_ws/build/py_pubsub/install.log --single-version-externally-managed install_data
[7.307s] running egg_info
[7.312s] writing ../../build/py_pubsub/py_pubsub.egg-info/PKG-INFO
[7.317s] writing dependency_links to ../../build/py_pubsub/py_pubsub.egg-info/dependency_links.txt
[7.323s] writing entry points to ../../build/py_pubsub/py_pubsub.egg-info/entry_points.txt
[7.328s] writing requirements to ../../build/py_pubsub/py_pubsub.egg-info/requires.txt
[7.332s] writing top-level names to ../../build/py_pubsub/py_pubsub.egg-info/top_level.txt
[7.367s] reading manifest file '../../build/py_pubsub/py_pubsub.egg-info/SOURCES.txt'
[7.412s] adding license file 'LICENSE'
[7.437s] writing manifest file '../../build/py_pubsub/py_pubsub.egg-info/SOURCES.txt'
[7.440s] running build
[7.441s] running build_py
[7.508s] running install
[7.509s] running install_lib
[7.684s] running install_data
[7.707s] running install_egg_info
[7.724s] removing '/ros2_ws/install/py_pubsub/lib/python3.10/site-packages/py_pubsub-0.0.0-py3.10.egg-info' (and everything under it)
[7.778s] Copying ../../build/py_pubsub/py_pubsub.egg-info to /ros2_ws/install/py_pubsub/lib/python3.10/site-packages/py_pubsub-0.0.0-py3.10.egg-info
[7.981s] running install_scripts
[8.089s] Installing talker script to /ros2_ws/install/py_pubsub/lib/py_pubsub
[8.098s] Installing topics_practice script to /ros2_ws/install/py_pubsub/lib/py_pubsub
[8.107s] Installing topics_practice_b script to /ros2_ws/install/py_pubsub/lib/py_pubsub
[8.116s] writing list of installed files to '/ros2_ws/build/py_pubsub/install.log'
[8.412s] Invoked command in '/ros2_ws/src/py_pubsub' returned '0': PYTHONPATH=/ros2_ws/build/py_pubsub/prefix_override:/usr/lib/python3/dist-packages/colcon_core/task/python/colcon_distutils_commands:/ros2_ws/install/py_pubsub/lib/python3.10/site-packages:${PYTHONPATH} /usr/bin/python3 -W ignore:setup.py install is deprecated setup.py egg_info --egg-base ../../build/py_pubsub build --build-base /ros2_ws/build/py_pubsub/build install --record /ros2_ws/build/py_pubsub/install.log --single-version-externally-managed install_data
