[4.023s] Invoking command in '/ros2_ws/src/py_pubsub': PYTHONPATH=/ros2_ws/build/py_pubsub/prefix_override:/usr/lib/python3/dist-packages/colcon_core/task/python/colcon_distutils_commands:/ros2_ws/install/py_pubsub/lib/python3.10/site-packages:${PYTHONPATH} /usr/bin/python3 -W ignore:setup.py install is deprecated setup.py egg_info --egg-base ../../build/py_pubsub build --build-base /ros2_ws/build/py_pubsub/build install --record /ros2_ws/build/py_pubsub/install.log --single-version-externally-managed install_data
[5.105s] running egg_info
[5.109s] writing ../../build/py_pubsub/py_pubsub.egg-info/PKG-INFO
[5.115s] writing dependency_links to ../../build/py_pubsub/py_pubsub.egg-info/dependency_links.txt
[5.119s] writing entry points to ../../build/py_pubsub/py_pubsub.egg-info/entry_points.txt
[5.124s] writing requirements to ../../build/py_pubsub/py_pubsub.egg-info/requires.txt
[5.127s] writing top-level names to ../../build/py_pubsub/py_pubsub.egg-info/top_level.txt
[5.160s] reading manifest file '../../build/py_pubsub/py_pubsub.egg-info/SOURCES.txt'
[5.200s] adding license file 'LICENSE'
[5.222s] writing manifest file '../../build/py_pubsub/py_pubsub.egg-info/SOURCES.txt'
[5.225s] running build
[5.226s] running build_py
[5.276s] running install
[5.276s] running install_lib
[5.413s] running install_data
[5.437s] running install_egg_info
[5.453s] removing '/ros2_ws/install/py_pubsub/lib/python3.10/site-packages/py_pubsub-0.0.0-py3.10.egg-info' (and everything under it)
[5.503s] Copying ../../build/py_pubsub/py_pubsub.egg-info to /ros2_ws/install/py_pubsub/lib/python3.10/site-packages/py_pubsub-0.0.0-py3.10.egg-info
[5.700s] running install_scripts
[5.790s] Installing talker script to /ros2_ws/install/py_pubsub/lib/py_pubsub
[5.799s] Installing topics_practice script to /ros2_ws/install/py_pubsub/lib/py_pubsub
[5.810s] writing list of installed files to '/ros2_ws/build/py_pubsub/install.log'
[5.925s] Invoked command in '/ros2_ws/src/py_pubsub' returned '0': PYTHONPATH=/ros2_ws/build/py_pubsub/prefix_override:/usr/lib/python3/dist-packages/colcon_core/task/python/colcon_distutils_commands:/ros2_ws/install/py_pubsub/lib/python3.10/site-packages:${PYTHONPATH} /usr/bin/python3 -W ignore:setup.py install is deprecated setup.py egg_info --egg-base ../../build/py_pubsub build --build-base /ros2_ws/build/py_pubsub/build install --record /ros2_ws/build/py_pubsub/install.log --single-version-externally-managed install_data
