[4.051s] Invoking command in '/ros2_ws/src/py_pubsub': PYTHONPATH=/ros2_ws/build/py_pubsub/prefix_override:/usr/lib/python3/dist-packages/colcon_core/task/python/colcon_distutils_commands:/ros2_ws/install/py_pubsub/lib/python3.10/site-packages:${PYTHONPATH} /usr/bin/python3 -W ignore:setup.py install is deprecated setup.py egg_info --egg-base ../../build/py_pubsub build --build-base /ros2_ws/build/py_pubsub/build install --record /ros2_ws/build/py_pubsub/install.log --single-version-externally-managed install_data
[5.004s] running egg_info
[5.008s] writing ../../build/py_pubsub/py_pubsub.egg-info/PKG-INFO
[5.012s] writing dependency_links to ../../build/py_pubsub/py_pubsub.egg-info/dependency_links.txt
[5.017s] writing entry points to ../../build/py_pubsub/py_pubsub.egg-info/entry_points.txt
[5.020s] writing requirements to ../../build/py_pubsub/py_pubsub.egg-info/requires.txt
[5.023s] writing top-level names to ../../build/py_pubsub/py_pubsub.egg-info/top_level.txt
[5.054s] reading manifest file '../../build/py_pubsub/py_pubsub.egg-info/SOURCES.txt'
[5.092s] adding license file 'LICENSE'
[5.112s] writing manifest file '../../build/py_pubsub/py_pubsub.egg-info/SOURCES.txt'
[5.114s] running build
[5.115s] running build_py
[5.170s] running install
[5.171s] running install_lib
[5.326s] running install_data
[5.346s] running install_egg_info
[5.358s] removing '/ros2_ws/install/py_pubsub/lib/python3.10/site-packages/py_pubsub-0.0.0-py3.10.egg-info' (and everything under it)
[5.402s] Copying ../../build/py_pubsub/py_pubsub.egg-info to /ros2_ws/install/py_pubsub/lib/python3.10/site-packages/py_pubsub-0.0.0-py3.10.egg-info
[5.582s] running install_scripts
[5.663s] Installing talker script to /ros2_ws/install/py_pubsub/lib/py_pubsub
[5.671s] Installing topics_practice script to /ros2_ws/install/py_pubsub/lib/py_pubsub
[5.679s] Installing topics_practice_b script to /ros2_ws/install/py_pubsub/lib/py_pubsub
[5.688s] writing list of installed files to '/ros2_ws/build/py_pubsub/install.log'
[5.752s] Invoked command in '/ros2_ws/src/py_pubsub' returned '0': PYTHONPATH=/ros2_ws/build/py_pubsub/prefix_override:/usr/lib/python3/dist-packages/colcon_core/task/python/colcon_distutils_commands:/ros2_ws/install/py_pubsub/lib/python3.10/site-packages:${PYTHONPATH} /usr/bin/python3 -W ignore:setup.py install is deprecated setup.py egg_info --egg-base ../../build/py_pubsub build --build-base /ros2_ws/build/py_pubsub/build install --record /ros2_ws/build/py_pubsub/install.log --single-version-externally-managed install_data
