[3.951s] Invoking command in '/ros2_ws/src/py_pubsub': PYTHONPATH=/ros2_ws/build/py_pubsub/prefix_override:/usr/lib/python3/dist-packages/colcon_core/task/python/colcon_distutils_commands:/ros2_ws/install/py_pubsub/lib/python3.10/site-packages:${PYTHONPATH} /usr/bin/python3 -W ignore:setup.py install is deprecated setup.py egg_info --egg-base ../../build/py_pubsub build --build-base /ros2_ws/build/py_pubsub/build install --record /ros2_ws/build/py_pubsub/install.log --single-version-externally-managed install_data
[4.910s] running egg_info
[4.914s] writing ../../build/py_pubsub/py_pubsub.egg-info/PKG-INFO
[4.918s] writing dependency_links to ../../build/py_pubsub/py_pubsub.egg-info/dependency_links.txt
[4.923s] writing entry points to ../../build/py_pubsub/py_pubsub.egg-info/entry_points.txt
[4.926s] writing requirements to ../../build/py_pubsub/py_pubsub.egg-info/requires.txt
[4.928s] writing top-level names to ../../build/py_pubsub/py_pubsub.egg-info/top_level.txt
[4.958s] reading manifest file '../../build/py_pubsub/py_pubsub.egg-info/SOURCES.txt'
[4.996s] adding license file 'LICENSE'
[5.016s] writing manifest file '../../build/py_pubsub/py_pubsub.egg-info/SOURCES.txt'
[5.018s] running build
[5.019s] running build_py
[5.074s] running install
[5.075s] running install_lib
[5.231s] running install_data
[5.251s] running install_egg_info
[5.263s] removing '/ros2_ws/install/py_pubsub/lib/python3.10/site-packages/py_pubsub-0.0.0-py3.10.egg-info' (and everything under it)
[5.308s] Copying ../../build/py_pubsub/py_pubsub.egg-info to /ros2_ws/install/py_pubsub/lib/python3.10/site-packages/py_pubsub-0.0.0-py3.10.egg-info
[5.481s] running install_scripts
[5.559s] Installing talker script to /ros2_ws/install/py_pubsub/lib/py_pubsub
[5.567s] Installing topics_practice script to /ros2_ws/install/py_pubsub/lib/py_pubsub
[5.575s] Installing topics_practice_b script to /ros2_ws/install/py_pubsub/lib/py_pubsub
[5.585s] writing list of installed files to '/ros2_ws/build/py_pubsub/install.log'
[5.640s] Invoked command in '/ros2_ws/src/py_pubsub' returned '0': PYTHONPATH=/ros2_ws/build/py_pubsub/prefix_override:/usr/lib/python3/dist-packages/colcon_core/task/python/colcon_distutils_commands:/ros2_ws/install/py_pubsub/lib/python3.10/site-packages:${PYTHONPATH} /usr/bin/python3 -W ignore:setup.py install is deprecated setup.py egg_info --egg-base ../../build/py_pubsub build --build-base /ros2_ws/build/py_pubsub/build install --record /ros2_ws/build/py_pubsub/install.log --single-version-externally-managed install_data
