[0.569s] Invoking command in '/ros2_ws/build/turtlesim': CMAKE_PREFIX_PATH=${CMAKE_PREFIX_PATH}:/ros2_ws/install/py_srvcli:/ros2_ws/install/py_pubsub:/ros2_ws/install/my_package:/opt/ros/humble /usr/bin/cmake --build /ros2_ws/build/turtlesim -- -j16 -l16
[2.142s] [  1%] Built target turtlesim__cpp
[2.143s] [ 11%] Built target turtlesim__rosidl_generator_c
[2.145s] [ 21%] Built target turtlesim__rosidl_typesupport_cpp
[2.147s] [ 31%] Built target turtlesim__rosidl_typesupport_introspection_cpp
[2.300s] [ 43%] Built target turtlesim__rosidl_typesupport_fastrtps_cpp
[2.302s] [ 43%] Built target draw_square
[2.399s] [ 45%] Built target mimic
[2.407s] [ 47%] Built target turtle_teleop_key
[2.463s] [ 57%] Built target turtlesim__rosidl_typesupport_c
[2.598s] [ 67%] Built target turtlesim__rosidl_typesupport_introspection_c
[2.640s] [ 73%] Built target turtlesim_node
[2.652s] [ 75%] Built target ament_cmake_python_copy_turtlesim
[2.675s] [ 83%] Built target turtlesim__rosidl_typesupport_fastrtps_c
[2.860s] [ 83%] Built target turtlesim
[3.167s] [ 84%] Built target turtlesim__py
[3.620s] [ 93%] Built target turtlesim__rosidl_generator_py
[3.814s] [100%] Built target turtlesim__rosidl_typesupport_c__pyext
[3.815s] [100%] Built target turtlesim__rosidl_typesupport_introspection_c__pyext
[3.816s] [100%] Built target turtlesim__rosidl_typesupport_fastrtps_c__pyext
[3.983s] running egg_info
[3.985s] writing turtlesim.egg-info/PKG-INFO
[3.988s] writing dependency_links to turtlesim.egg-info/dependency_links.txt
[3.996s] writing top-level names to turtlesim.egg-info/top_level.txt
[4.047s] reading manifest file 'turtlesim.egg-info/SOURCES.txt'
[4.107s] writing manifest file 'turtlesim.egg-info/SOURCES.txt'
[4.213s] [100%] Built target ament_cmake_python_build_turtlesim_egg
[4.696s] Invoked command in '/ros2_ws/build/turtlesim' returned '0': CMAKE_PREFIX_PATH=${CMAKE_PREFIX_PATH}:/ros2_ws/install/py_srvcli:/ros2_ws/install/py_pubsub:/ros2_ws/install/my_package:/opt/ros/humble /usr/bin/cmake --build /ros2_ws/build/turtlesim -- -j16 -l16
