[1.385s] Invoking command in '/ros2_ws/build/my_package_cpp': CMAKE_PREFIX_PATH=${CMAKE_PREFIX_PATH}:/ros2_ws/install/py_pubsub:/ros2_ws/install/my_package:/opt/ros/humble /usr/bin/cmake --build /ros2_ws/build/my_package_cpp -- -j16 -l16
[1.862s] [100%] Built target my_node
[2.663s] Invoked command in '/ros2_ws/build/my_package_cpp' returned '0': CMAKE_PREFIX_PATH=${CMAKE_PREFIX_PATH}:/ros2_ws/install/py_pubsub:/ros2_ws/install/my_package:/opt/ros/humble /usr/bin/cmake --build /ros2_ws/build/my_package_cpp -- -j16 -l16
[2.992s] Invoking command in '/ros2_ws/build/my_package_cpp': CMAKE_PREFIX_PATH=${CMAKE_PREFIX_PATH}:/ros2_ws/install/py_pubsub:/ros2_ws/install/my_package:/opt/ros/humble /usr/bin/cmake --install /ros2_ws/build/my_package_cpp
[3.032s] -- Install configuration: ""
[3.082s] -- Up-to-date: /ros2_ws/install/my_package_cpp/lib/my_package_cpp/my_node
[3.120s] -- Up-to-date: /ros2_ws/install/my_package_cpp/share/ament_index/resource_index/package_run_dependencies/my_package_cpp
[3.151s] -- Up-to-date: /ros2_ws/install/my_package_cpp/share/ament_index/resource_index/parent_prefix_path/my_package_cpp
[3.165s] -- Up-to-date: /ros2_ws/install/my_package_cpp/share/my_package_cpp/environment/ament_prefix_path.sh
[3.183s] -- Up-to-date: /ros2_ws/install/my_package_cpp/share/my_package_cpp/environment/ament_prefix_path.dsv
[3.196s] -- Up-to-date: /ros2_ws/install/my_package_cpp/share/my_package_cpp/environment/path.sh
[3.214s] -- Up-to-date: /ros2_ws/install/my_package_cpp/share/my_package_cpp/environment/path.dsv
[3.230s] -- Up-to-date: /ros2_ws/install/my_package_cpp/share/my_package_cpp/local_setup.bash
[3.244s] -- Up-to-date: /ros2_ws/install/my_package_cpp/share/my_package_cpp/local_setup.sh
[3.258s] -- Up-to-date: /ros2_ws/install/my_package_cpp/share/my_package_cpp/local_setup.zsh
[3.273s] -- Up-to-date: /ros2_ws/install/my_package_cpp/share/my_package_cpp/local_setup.dsv
[3.287s] -- Installing: /ros2_ws/install/my_package_cpp/share/my_package_cpp/package.dsv
[3.346s] -- Up-to-date: /ros2_ws/install/my_package_cpp/share/ament_index/resource_index/packages/my_package_cpp
[3.363s] -- Up-to-date: /ros2_ws/install/my_package_cpp/share/my_package_cpp/cmake/my_package_cppConfig.cmake
[3.376s] -- Up-to-date: /ros2_ws/install/my_package_cpp/share/my_package_cpp/cmake/my_package_cppConfig-version.cmake
[3.391s] -- Up-to-date: /ros2_ws/install/my_package_cpp/share/my_package_cpp/package.xml
[3.399s] Invoked command in '/ros2_ws/build/my_package_cpp' returned '0': CMAKE_PREFIX_PATH=${CMAKE_PREFIX_PATH}:/ros2_ws/install/py_pubsub:/ros2_ws/install/my_package:/opt/ros/humble /usr/bin/cmake --install /ros2_ws/build/my_package_cpp
