[5.092s] Invoking command in '/ros2_ws/src/py_pubsub': PYTHONPATH=/ros2_ws/build/py_pubsub/prefix_override:/usr/lib/python3/dist-packages/colcon_core/task/python/colcon_distutils_commands:/ros2_ws/install/py_pubsub/lib/python3.10/site-packages:${PYTHONPATH} /usr/bin/python3 -W ignore:setup.py install is deprecated setup.py egg_info --egg-base ../../build/py_pubsub build --build-base /ros2_ws/build/py_pubsub/build install --record /ros2_ws/build/py_pubsub/install.log --single-version-externally-managed install_data
[6.408s] running egg_info
[6.411s] writing ../../build/py_pubsub/py_pubsub.egg-info/PKG-INFO
[6.416s] writing dependency_links to ../../build/py_pubsub/py_pubsub.egg-info/dependency_links.txt
[6.420s] writing entry points to ../../build/py_pubsub/py_pubsub.egg-info/entry_points.txt
[6.424s] writing requirements to ../../build/py_pubsub/py_pubsub.egg-info/requires.txt
[6.426s] writing top-level names to ../../build/py_pubsub/py_pubsub.egg-info/top_level.txt
[6.460s] reading manifest file '../../build/py_pubsub/py_pubsub.egg-info/SOURCES.txt'
[6.499s] adding license file 'LICENSE'
[6.520s] writing manifest file '../../build/py_pubsub/py_pubsub.egg-info/SOURCES.txt'
[6.523s] running build
[6.524s] running build_py
[6.580s] running install
[6.581s] running install_lib
[6.742s] running install_data
[6.763s] running install_egg_info
[6.775s] removing '/ros2_ws/install/py_pubsub/lib/python3.10/site-packages/py_pubsub-0.0.0-py3.10.egg-info' (and everything under it)
[6.821s] Copying ../../build/py_pubsub/py_pubsub.egg-info to /ros2_ws/install/py_pubsub/lib/python3.10/site-packages/py_pubsub-0.0.0-py3.10.egg-info
[7.003s] running install_scripts
[7.103s] Installing talker script to /ros2_ws/install/py_pubsub/lib/py_pubsub
[7.110s] Installing topics_practice script to /ros2_ws/install/py_pubsub/lib/py_pubsub
[7.118s] Installing topics_practice_b script to /ros2_ws/install/py_pubsub/lib/py_pubsub
[7.127s] writing list of installed files to '/ros2_ws/build/py_pubsub/install.log'
