-- Found ament_cmake: 1.3.9 (/opt/ros/humble/share/ament_cmake/cmake)
-- Found ament_lint_auto: 0.12.11 (/opt/ros/humble/share/ament_lint_auto/cmake)
-- Added test 'cppcheck' to perform static code analysis on C / C++ code
-- Configured cppcheck include dirs: $<BUILD_INTERFACE:/ros2_ws/src/my_package_cpp/include>
-- Configured cppcheck exclude dirs and/or files: 
-- Added test 'lint_cmake' to check CMake code style
-- Added test 'uncrustify' to check C / C++ code style
-- Configured uncrustify additional arguments: 
-- Added test 'xmllint' to check XML markup files
-- Configuring done
-- Generating done
-- Build files have been written to: /ros2_ws/build/my_package_cpp
[35m[1mConsolidate compiler generated dependencies of target my_node[0m
[100%] Built target my_node
-- Install configuration: ""
-- Up-to-date: /ros2_ws/install/my_package_cpp/lib/my_package_cpp/my_node
-- Up-to-date: /ros2_ws/install/my_package_cpp/share/ament_index/resource_index/package_run_dependencies/my_package_cpp
-- Installing: /ros2_ws/install/my_package_cpp/share/ament_index/resource_index/parent_prefix_path/my_package_cpp
-- Up-to-date: /ros2_ws/install/my_package_cpp/share/my_package_cpp/environment/ament_prefix_path.sh
-- Installing: /ros2_ws/install/my_package_cpp/share/my_package_cpp/environment/ament_prefix_path.dsv
-- Up-to-date: /ros2_ws/install/my_package_cpp/share/my_package_cpp/environment/path.sh
-- Installing: /ros2_ws/install/my_package_cpp/share/my_package_cpp/environment/path.dsv
-- Up-to-date: /ros2_ws/install/my_package_cpp/share/my_package_cpp/local_setup.bash
-- Up-to-date: /ros2_ws/install/my_package_cpp/share/my_package_cpp/local_setup.sh
-- Up-to-date: /ros2_ws/install/my_package_cpp/share/my_package_cpp/local_setup.zsh
-- Installing: /ros2_ws/install/my_package_cpp/share/my_package_cpp/local_setup.dsv
-- Installing: /ros2_ws/install/my_package_cpp/share/my_package_cpp/package.dsv
-- Up-to-date: /ros2_ws/install/my_package_cpp/share/ament_index/resource_index/packages/my_package_cpp
-- Up-to-date: /ros2_ws/install/my_package_cpp/share/my_package_cpp/cmake/my_package_cppConfig.cmake
-- Up-to-date: /ros2_ws/install/my_package_cpp/share/my_package_cpp/cmake/my_package_cppConfig-version.cmake
-- Up-to-date: /ros2_ws/install/my_package_cpp/share/my_package_cpp/package.xml
