[4.636s] Invoking command in '/ros2_ws/src/py_pubsub': PYTHONPATH=/ros2_ws/build/py_pubsub/prefix_override:/usr/lib/python3/dist-packages/colcon_core/task/python/colcon_distutils_commands:/ros2_ws/install/py_pubsub/lib/python3.10/site-packages:${PYTHONPATH} /usr/bin/python3 -W ignore:setup.py install is deprecated setup.py egg_info --egg-base ../../build/py_pubsub build --build-base /ros2_ws/build/py_pubsub/build install --record /ros2_ws/build/py_pubsub/install.log --single-version-externally-managed install_data
[5.890s] running egg_info
[5.896s] writing ../../build/py_pubsub/py_pubsub.egg-info/PKG-INFO
[5.904s] writing dependency_links to ../../build/py_pubsub/py_pubsub.egg-info/dependency_links.txt
[5.911s] writing entry points to ../../build/py_pubsub/py_pubsub.egg-info/entry_points.txt
[5.917s] writing requirements to ../../build/py_pubsub/py_pubsub.egg-info/requires.txt
[5.922s] writing top-level names to ../../build/py_pubsub/py_pubsub.egg-info/top_level.txt
[5.977s] reading manifest file '../../build/py_pubsub/py_pubsub.egg-info/SOURCES.txt'
[6.050s] adding license file 'LICENSE'
[6.091s] writing manifest file '../../build/py_pubsub/py_pubsub.egg-info/SOURCES.txt'
[6.096s] running build
[6.098s] running build_py
[6.157s] copying py_pubsub/topics_practice.py -> /ros2_ws/build/py_pubsub/build/lib/py_pubsub
[6.206s] running install
[6.208s] running install_lib
[6.298s] copying /ros2_ws/build/py_pubsub/build/lib/py_pubsub/topics_practice.py -> /ros2_ws/install/py_pubsub/lib/python3.10/site-packages/py_pubsub
[6.392s] byte-compiling /ros2_ws/install/py_pubsub/lib/python3.10/site-packages/py_pubsub/topics_practice.py to topics_practice.cpython-310.pyc
[6.443s] running install_data
[6.470s] running install_egg_info
[6.482s] removing '/ros2_ws/install/py_pubsub/lib/python3.10/site-packages/py_pubsub-0.0.0-py3.10.egg-info' (and everything under it)
[6.537s] Copying ../../build/py_pubsub/py_pubsub.egg-info to /ros2_ws/install/py_pubsub/lib/python3.10/site-packages/py_pubsub-0.0.0-py3.10.egg-info
[6.757s] running install_scripts
[6.859s] Installing talker script to /ros2_ws/install/py_pubsub/lib/py_pubsub
[6.869s] Installing topics_practice script to /ros2_ws/install/py_pubsub/lib/py_pubsub
[6.880s] writing list of installed files to '/ros2_ws/build/py_pubsub/install.log'
[6.915s] Invoked command in '/ros2_ws/src/py_pubsub' returned '0': PYTHONPATH=/ros2_ws/build/py_pubsub/prefix_override:/usr/lib/python3/dist-packages/colcon_core/task/python/colcon_distutils_commands:/ros2_ws/install/py_pubsub/lib/python3.10/site-packages:${PYTHONPATH} /usr/bin/python3 -W ignore:setup.py install is deprecated setup.py egg_info --egg-base ../../build/py_pubsub build --build-base /ros2_ws/build/py_pubsub/build install --record /ros2_ws/build/py_pubsub/install.log --single-version-externally-managed install_data
