[0.190s] Invoking command in '/ros2_ws/build/cpp_srvcli': CMAKE_PREFIX_PATH=/opt/ros/humble /usr/bin/cmake /ros2_ws/src/cpp_srvcli -DCMAKE_INSTALL_PREFIX=/ros2_ws/install/cpp_srvcli
[0.773s] -- The C compiler identification is GNU 11.4.0
[0.865s] -- The CXX compiler identification is GNU 11.4.0
[0.924s] -- Detecting C compiler ABI info
[1.732s] -- Detecting C compiler ABI info - done
[1.779s] -- Check for working C compiler: /usr/bin/cc - skipped
[1.781s] -- Detecting C compile features
[1.783s] -- Detecting C compile features - done
[1.877s] -- Detecting CXX compiler ABI info
[2.529s] -- Detecting CXX compiler ABI info - done
[2.557s] -- Check for working CXX compiler: /usr/bin/c++ - skipped
[2.558s] -- Detecting CXX compile features
[2.559s] -- Detecting CXX compile features - done
[2.613s] -- Found ament_cmake: 1.3.9 (/opt/ros/humble/share/ament_cmake/cmake)
[2.784s] -- Found Python3: /usr/bin/python3 (found version "3.10.12") found components: Interpreter 
[3.003s] -- Found rclcpp: 16.0.9 (/opt/ros/humble/share/rclcpp/cmake)
[3.066s] -- Found rosidl_generator_c: 3.1.5 (/opt/ros/humble/share/rosidl_generator_c/cmake)
[3.076s] -- Found rosidl_adapter: 3.1.5 (/opt/ros/humble/share/rosidl_adapter/cmake)
[3.094s] -- Found rosidl_generator_cpp: 3.1.5 (/opt/ros/humble/share/rosidl_generator_cpp/cmake)
[3.116s] -- Using all available rosidl_typesupport_c: rosidl_typesupport_fastrtps_c;rosidl_typesupport_introspection_c
[3.141s] -- Using all available rosidl_typesupport_cpp: rosidl_typesupport_fastrtps_cpp;rosidl_typesupport_introspection_cpp
[3.228s] -- Found rmw_implementation_cmake: 6.1.2 (/opt/ros/humble/share/rmw_implementation_cmake/cmake)
[3.233s] -- Found rmw_fastrtps_cpp: 6.2.6 (/opt/ros/humble/share/rmw_fastrtps_cpp/cmake)
[3.335s] -- Found OpenSSL: /usr/lib/x86_64-linux-gnu/libcrypto.so (found version "3.0.2")  
[3.364s] -- Found FastRTPS: /opt/ros/humble/include  
[3.404s] -- Using RMW implementation 'rmw_fastrtps_cpp' as default
[3.455s] -- Looking for pthread.h
[3.948s] -- Looking for pthread.h - found
[3.960s] -- Performing Test CMAKE_HAVE_LIBC_PTHREAD
[4.422s] -- Performing Test CMAKE_HAVE_LIBC_PTHREAD - Success
[4.433s] -- Found Threads: TRUE  
[4.589s] -- Found example_interfaces: 0.9.3 (/opt/ros/humble/share/example_interfaces/cmake)
[4.729s] -- Found ament_lint_auto: 0.12.11 (/opt/ros/humble/share/ament_lint_auto/cmake)
[5.261s] -- Added test 'cppcheck' to perform static code analysis on C / C++ code
[5.261s] -- Configured cppcheck include dirs: 
[5.262s] -- Configured cppcheck exclude dirs and/or files: 
[5.345s] -- Added test 'lint_cmake' to check CMake code style
[5.595s] -- Added test 'uncrustify' to check C / C++ code style
[5.596s] -- Configured uncrustify additional arguments: 
[5.624s] -- Added test 'xmllint' to check XML markup files
[5.719s] -- Configuring done
[5.968s] -- Generating done
[6.018s] -- Build files have been written to: /ros2_ws/build/cpp_srvcli
[6.024s] Invoked command in '/ros2_ws/build/cpp_srvcli' returned '0': CMAKE_PREFIX_PATH=/opt/ros/humble /usr/bin/cmake /ros2_ws/src/cpp_srvcli -DCMAKE_INSTALL_PREFIX=/ros2_ws/install/cpp_srvcli
[6.030s] Invoking command in '/ros2_ws/build/cpp_srvcli': CMAKE_PREFIX_PATH=/opt/ros/humble /usr/bin/cmake --build /ros2_ws/build/cpp_srvcli -- -j16 -l16
[6.113s] Invoked command in '/ros2_ws/build/cpp_srvcli' returned '0': CMAKE_PREFIX_PATH=/opt/ros/humble /usr/bin/cmake --build /ros2_ws/build/cpp_srvcli -- -j16 -l16
[6.142s] Invoking command in '/ros2_ws/build/cpp_srvcli': CMAKE_PREFIX_PATH=/opt/ros/humble /usr/bin/cmake --install /ros2_ws/build/cpp_srvcli
[6.149s] -- Install configuration: ""
[6.174s] -- Installing: /ros2_ws/install/cpp_srvcli/share/ament_index/resource_index/package_run_dependencies/cpp_srvcli
[6.256s] -- Installing: /ros2_ws/install/cpp_srvcli/share/ament_index/resource_index/parent_prefix_path/cpp_srvcli
[6.323s] -- Installing: /ros2_ws/install/cpp_srvcli/share/cpp_srvcli/environment/ament_prefix_path.sh
[6.367s] -- Installing: /ros2_ws/install/cpp_srvcli/share/cpp_srvcli/environment/ament_prefix_path.dsv
[6.413s] -- Installing: /ros2_ws/install/cpp_srvcli/share/cpp_srvcli/environment/path.sh
[6.455s] -- Installing: /ros2_ws/install/cpp_srvcli/share/cpp_srvcli/environment/path.dsv
[6.502s] -- Installing: /ros2_ws/install/cpp_srvcli/share/cpp_srvcli/local_setup.bash
[6.544s] -- Installing: /ros2_ws/install/cpp_srvcli/share/cpp_srvcli/local_setup.sh
[6.588s] -- Installing: /ros2_ws/install/cpp_srvcli/share/cpp_srvcli/local_setup.zsh
[6.630s] -- Installing: /ros2_ws/install/cpp_srvcli/share/cpp_srvcli/local_setup.dsv
[6.674s] -- Installing: /ros2_ws/install/cpp_srvcli/share/cpp_srvcli/package.dsv
[6.736s] -- Installing: /ros2_ws/install/cpp_srvcli/share/ament_index/resource_index/packages/cpp_srvcli
[6.803s] -- Installing: /ros2_ws/install/cpp_srvcli/share/cpp_srvcli/cmake/cpp_srvcliConfig.cmake
[6.849s] -- Installing: /ros2_ws/install/cpp_srvcli/share/cpp_srvcli/cmake/cpp_srvcliConfig-version.cmake
[6.899s] -- Installing: /ros2_ws/install/cpp_srvcli/share/cpp_srvcli/package.xml
[6.937s] Invoked command in '/ros2_ws/build/cpp_srvcli' returned '0': CMAKE_PREFIX_PATH=/opt/ros/humble /usr/bin/cmake --install /ros2_ws/build/cpp_srvcli
