[6.275s] Invoking command in '/ros2_ws/src/py_srvcli': PYTHONPATH=/ros2_ws/build/py_srvcli/prefix_override:/usr/lib/python3/dist-packages/colcon_core/task/python/colcon_distutils_commands:/ros2_ws/install/py_srvcli/lib/python3.10/site-packages:${PYTHONPATH} /usr/bin/python3 -W ignore:setup.py install is deprecated setup.py egg_info --egg-base ../../build/py_srvcli build --build-base /ros2_ws/build/py_srvcli/build install --record /ros2_ws/build/py_srvcli/install.log --single-version-externally-managed install_data
[7.531s] running egg_info
[7.536s] writing ../../build/py_srvcli/py_srvcli.egg-info/PKG-INFO
[7.542s] writing dependency_links to ../../build/py_srvcli/py_srvcli.egg-info/dependency_links.txt
[7.549s] writing entry points to ../../build/py_srvcli/py_srvcli.egg-info/entry_points.txt
[7.554s] writing requirements to ../../build/py_srvcli/py_srvcli.egg-info/requires.txt
[7.557s] writing top-level names to ../../build/py_srvcli/py_srvcli.egg-info/top_level.txt
[7.599s] reading manifest file '../../build/py_srvcli/py_srvcli.egg-info/SOURCES.txt'
[7.642s] adding license file 'LICENSE'
[7.664s] writing manifest file '../../build/py_srvcli/py_srvcli.egg-info/SOURCES.txt'
[7.667s] running build
[7.669s] running build_py
[7.682s] copying py_srvcli/client_node.py -> /ros2_ws/build/py_srvcli/build/lib/py_srvcli
[7.725s] running install
[7.725s] running install_lib
[7.762s] copying /ros2_ws/build/py_srvcli/build/lib/py_srvcli/client_node.py -> /ros2_ws/install/py_srvcli/lib/python3.10/site-packages/py_srvcli
[7.840s] byte-compiling /ros2_ws/install/py_srvcli/lib/python3.10/site-packages/py_srvcli/client_node.py to client_node.cpython-310.pyc
[7.899s] running install_data
[7.921s] running install_egg_info
[7.937s] removing '/ros2_ws/install/py_srvcli/lib/python3.10/site-packages/py_srvcli-0.0.0-py3.10.egg-info' (and everything under it)
[7.989s] Copying ../../build/py_srvcli/py_srvcli.egg-info to /ros2_ws/install/py_srvcli/lib/python3.10/site-packages/py_srvcli-0.0.0-py3.10.egg-info
[8.193s] running install_scripts
[8.292s] Installing client_node script to /ros2_ws/install/py_srvcli/lib/py_srvcli
[8.301s] Installing service_node script to /ros2_ws/install/py_srvcli/lib/py_srvcli
[8.312s] writing list of installed files to '/ros2_ws/build/py_srvcli/install.log'
[8.419s] Invoked command in '/ros2_ws/src/py_srvcli' returned '0': PYTHONPATH=/ros2_ws/build/py_srvcli/prefix_override:/usr/lib/python3/dist-packages/colcon_core/task/python/colcon_distutils_commands:/ros2_ws/install/py_srvcli/lib/python3.10/site-packages:${PYTHONPATH} /usr/bin/python3 -W ignore:setup.py install is deprecated setup.py egg_info --egg-base ../../build/py_srvcli build --build-base /ros2_ws/build/py_srvcli/build install --record /ros2_ws/build/py_srvcli/install.log --single-version-externally-managed install_data
