[4.550s] Invoking command in '/ros2_ws/src/my_package': PYTHONPATH=/ros2_ws/build/my_package/prefix_override:/usr/lib/python3/dist-packages/colcon_core/task/python/colcon_distutils_commands:/ros2_ws/install/my_package/lib/python3.10/site-packages:${PYTHONPATH} /usr/bin/python3 -W ignore:setup.py install is deprecated setup.py egg_info --egg-base ../../build/my_package build --build-base /ros2_ws/build/my_package/build install --record /ros2_ws/build/my_package/install.log --single-version-externally-managed install_data
[5.603s] running egg_info
[5.607s] writing ../../build/my_package/my_package.egg-info/PKG-INFO
[5.613s] writing dependency_links to ../../build/my_package/my_package.egg-info/dependency_links.txt
[5.619s] writing entry points to ../../build/my_package/my_package.egg-info/entry_points.txt
[5.623s] writing requirements to ../../build/my_package/my_package.egg-info/requires.txt
[5.627s] writing top-level names to ../../build/my_package/my_package.egg-info/top_level.txt
[5.664s] reading manifest file '../../build/my_package/my_package.egg-info/SOURCES.txt'
[5.709s] adding license file 'LICENSE'
[5.732s] writing manifest file '../../build/my_package/my_package.egg-info/SOURCES.txt'
[5.736s] running build
[5.737s] running build_py
[5.755s] running install
[5.756s] running install_lib
[5.852s] running install_data
[5.874s] running install_egg_info
[5.886s] removing '/ros2_ws/install/my_package/lib/python3.10/site-packages/my_package-0.0.0-py3.10.egg-info' (and everything under it)
[5.935s] Copying ../../build/my_package/my_package.egg-info to /ros2_ws/install/my_package/lib/python3.10/site-packages/my_package-0.0.0-py3.10.egg-info
[6.135s] running install_scripts
[6.227s] Installing talker script to /ros2_ws/install/my_package/lib/my_package
[6.238s] writing list of installed files to '/ros2_ws/build/my_package/install.log'
[6.263s] Invoked command in '/ros2_ws/src/my_package' returned '0': PYTHONPATH=/ros2_ws/build/my_package/prefix_override:/usr/lib/python3/dist-packages/colcon_core/task/python/colcon_distutils_commands:/ros2_ws/install/my_package/lib/python3.10/site-packages:${PYTHONPATH} /usr/bin/python3 -W ignore:setup.py install is deprecated setup.py egg_info --egg-base ../../build/my_package build --build-base /ros2_ws/build/my_package/build install --record /ros2_ws/build/my_package/install.log --single-version-externally-managed install_data
