[1.377s] Invoking command in '/ros2_ws/build/my_package_cpp': CMAKE_PREFIX_PATH=${CMAKE_PREFIX_PATH}:/ros2_ws/install/py_pubsub:/ros2_ws/install/my_package:/opt/ros/humble /usr/bin/cmake --build /ros2_ws/build/my_package_cpp -- -j16 -l16
[2.516s] [100%] Built target my_node
[2.547s] Invoked command in '/ros2_ws/build/my_package_cpp' returned '0': CMAKE_PREFIX_PATH=${CMAKE_PREFIX_PATH}:/ros2_ws/install/py_pubsub:/ros2_ws/install/my_package:/opt/ros/humble /usr/bin/cmake --build /ros2_ws/build/my_package_cpp -- -j16 -l16
[2.856s] Invoking command in '/ros2_ws/build/my_package_cpp': CMAKE_PREFIX_PATH=${CMAKE_PREFIX_PATH}:/ros2_ws/install/py_pubsub:/ros2_ws/install/my_package:/opt/ros/humble /usr/bin/cmake --install /ros2_ws/build/my_package_cpp
[2.884s] -- Install configuration: ""
[2.931s] -- Up-to-date: /ros2_ws/install/my_package_cpp/lib/my_package_cpp/my_node
[2.969s] -- Up-to-date: /ros2_ws/install/my_package_cpp/share/ament_index/resource_index/package_run_dependencies/my_package_cpp
[3.006s] -- Up-to-date: /ros2_ws/install/my_package_cpp/share/ament_index/resource_index/parent_prefix_path/my_package_cpp
[3.025s] -- Up-to-date: /ros2_ws/install/my_package_cpp/share/my_package_cpp/environment/ament_prefix_path.sh
[3.047s] -- Up-to-date: /ros2_ws/install/my_package_cpp/share/my_package_cpp/environment/ament_prefix_path.dsv
[3.064s] -- Up-to-date: /ros2_ws/install/my_package_cpp/share/my_package_cpp/environment/path.sh
[3.087s] -- Up-to-date: /ros2_ws/install/my_package_cpp/share/my_package_cpp/environment/path.dsv
[3.108s] -- Up-to-date: /ros2_ws/install/my_package_cpp/share/my_package_cpp/local_setup.bash
[3.128s] -- Up-to-date: /ros2_ws/install/my_package_cpp/share/my_package_cpp/local_setup.sh
[3.148s] -- Up-to-date: /ros2_ws/install/my_package_cpp/share/my_package_cpp/local_setup.zsh
[3.168s] -- Up-to-date: /ros2_ws/install/my_package_cpp/share/my_package_cpp/local_setup.dsv
[3.189s] -- Installing: /ros2_ws/install/my_package_cpp/share/my_package_cpp/package.dsv
[3.270s] -- Up-to-date: /ros2_ws/install/my_package_cpp/share/ament_index/resource_index/packages/my_package_cpp
[3.295s] -- Up-to-date: /ros2_ws/install/my_package_cpp/share/my_package_cpp/cmake/my_package_cppConfig.cmake
[3.318s] -- Up-to-date: /ros2_ws/install/my_package_cpp/share/my_package_cpp/cmake/my_package_cppConfig-version.cmake
[3.343s] -- Up-to-date: /ros2_ws/install/my_package_cpp/share/my_package_cpp/package.xml
[3.354s] Invoked command in '/ros2_ws/build/my_package_cpp' returned '0': CMAKE_PREFIX_PATH=${CMAKE_PREFIX_PATH}:/ros2_ws/install/py_pubsub:/ros2_ws/install/my_package:/opt/ros/humble /usr/bin/cmake --install /ros2_ws/build/my_package_cpp
