[6.057s] Invoking command in '/ros2_ws/src/py_pubsub': PYTHONPATH=/ros2_ws/build/py_pubsub/prefix_override:/usr/lib/python3/dist-packages/colcon_core/task/python/colcon_distutils_commands:/ros2_ws/install/py_pubsub/lib/python3.10/site-packages:${PYTHONPATH} /usr/bin/python3 -W ignore:setup.py install is deprecated setup.py egg_info --egg-base ../../build/py_pubsub build --build-base /ros2_ws/build/py_pubsub/build install --record /ros2_ws/build/py_pubsub/install.log --single-version-externally-managed install_data
[7.405s] running egg_info
[7.409s] writing ../../build/py_pubsub/py_pubsub.egg-info/PKG-INFO
[7.414s] writing dependency_links to ../../build/py_pubsub/py_pubsub.egg-info/dependency_links.txt
[7.419s] writing entry points to ../../build/py_pubsub/py_pubsub.egg-info/entry_points.txt
[7.423s] writing requirements to ../../build/py_pubsub/py_pubsub.egg-info/requires.txt
[7.426s] writing top-level names to ../../build/py_pubsub/py_pubsub.egg-info/top_level.txt
[7.460s] reading manifest file '../../build/py_pubsub/py_pubsub.egg-info/SOURCES.txt'
[7.500s] adding license file 'LICENSE'
[7.522s] writing manifest file '../../build/py_pubsub/py_pubsub.egg-info/SOURCES.txt'
[7.524s] running build
[7.525s] running build_py
[7.585s] running install
[7.585s] running install_lib
[7.751s] running install_data
[7.773s] running install_egg_info
[7.791s] removing '/ros2_ws/install/py_pubsub/lib/python3.10/site-packages/py_pubsub-0.0.0-py3.10.egg-info' (and everything under it)
[7.839s] Copying ../../build/py_pubsub/py_pubsub.egg-info to /ros2_ws/install/py_pubsub/lib/python3.10/site-packages/py_pubsub-0.0.0-py3.10.egg-info
[8.028s] running install_scripts
[8.153s] Installing a = py_pubsub.topics_practice:maintopics_practice_b script to /ros2_ws/install/py_pubsub/lib/py_pubsub
[8.162s] Installing talker script to /ros2_ws/install/py_pubsub/lib/py_pubsub
[8.173s] writing list of installed files to '/ros2_ws/build/py_pubsub/install.log'
[8.243s] Invoked command in '/ros2_ws/src/py_pubsub' returned '0': PYTHONPATH=/ros2_ws/build/py_pubsub/prefix_override:/usr/lib/python3/dist-packages/colcon_core/task/python/colcon_distutils_commands:/ros2_ws/install/py_pubsub/lib/python3.10/site-packages:${PYTHONPATH} /usr/bin/python3 -W ignore:setup.py install is deprecated setup.py egg_info --egg-base ../../build/py_pubsub build --build-base /ros2_ws/build/py_pubsub/build install --record /ros2_ws/build/py_pubsub/install.log --single-version-externally-managed install_data
