-- Found ament_cmake: 1.3.9 (/opt/ros/humble/share/ament_cmake/cmake)
-- Found rclcpp: 16.0.9 (/opt/ros/humble/share/rclcpp/cmake)
-- Found rosidl_generator_c: 3.1.5 (/opt/ros/humble/share/rosidl_generator_c/cmake)
-- Found rosidl_adapter: 3.1.5 (/opt/ros/humble/share/rosidl_adapter/cmake)
-- Found rosidl_generator_cpp: 3.1.5 (/opt/ros/humble/share/rosidl_generator_cpp/cmake)
-- Using all available rosidl_typesupport_c: rosidl_typesupport_fastrtps_c;rosidl_typesupport_introspection_c
-- Using all available rosidl_typesupport_cpp: rosidl_typesupport_fastrtps_cpp;rosidl_typesupport_introspection_cpp
-- Found rmw_implementation_cmake: 6.1.2 (/opt/ros/humble/share/rmw_implementation_cmake/cmake)
-- Found rmw_fastrtps_cpp: 6.2.6 (/opt/ros/humble/share/rmw_fastrtps_cpp/cmake)
-- Using RMW implementation 'rmw_fastrtps_cpp' as default
-- Found example_interfaces: 0.9.3 (/opt/ros/humble/share/example_interfaces/cmake)
-- Found ament_lint_auto: 0.12.11 (/opt/ros/humble/share/ament_lint_auto/cmake)
-- Added test 'cppcheck' to perform static code analysis on C / C++ code
-- Configured cppcheck include dirs: 
-- Configured cppcheck exclude dirs and/or files: 
-- Added test 'lint_cmake' to check CMake code style
-- Added test 'uncrustify' to check C / C++ code style
-- Configured uncrustify additional arguments: 
-- Added test 'xmllint' to check XML markup files
-- Configuring done
-- Generating done
-- Build files have been written to: /ros2_ws/build/cpp_srvcli
[ 50%] [32mBuilding CXX object CMakeFiles/add_two_ints_server.dir/src/add_two_ints_server.cpp.o[0m
[ 50%] [32mBuilding CXX object CMakeFiles/add_two_ints_client.dir/src/add_two_ints_client.cpp.o[0m
[ 75%] [32m[1mLinking CXX executable add_two_ints_server[0m
[100%] [32m[1mLinking CXX executable add_two_ints_client[0m
[100%] Built target add_two_ints_server
[100%] Built target add_two_ints_client
-- Install configuration: ""
-- Installing: /ros2_ws/install/cpp_srvcli/lib/cpp_srvcli/add_two_ints_server
-- Set runtime path of "/ros2_ws/install/cpp_srvcli/lib/cpp_srvcli/add_two_ints_server" to ""
-- Installing: /ros2_ws/install/cpp_srvcli/lib/cpp_srvcli/add_two_ints_client
-- Set runtime path of "/ros2_ws/install/cpp_srvcli/lib/cpp_srvcli/add_two_ints_client" to ""
-- Up-to-date: /ros2_ws/install/cpp_srvcli/share/ament_index/resource_index/package_run_dependencies/cpp_srvcli
-- Up-to-date: /ros2_ws/install/cpp_srvcli/share/ament_index/resource_index/parent_prefix_path/cpp_srvcli
-- Up-to-date: /ros2_ws/install/cpp_srvcli/share/cpp_srvcli/environment/ament_prefix_path.sh
-- Installing: /ros2_ws/install/cpp_srvcli/share/cpp_srvcli/environment/ament_prefix_path.dsv
-- Up-to-date: /ros2_ws/install/cpp_srvcli/share/cpp_srvcli/environment/path.sh
-- Installing: /ros2_ws/install/cpp_srvcli/share/cpp_srvcli/environment/path.dsv
-- Up-to-date: /ros2_ws/install/cpp_srvcli/share/cpp_srvcli/local_setup.bash
-- Up-to-date: /ros2_ws/install/cpp_srvcli/share/cpp_srvcli/local_setup.sh
-- Up-to-date: /ros2_ws/install/cpp_srvcli/share/cpp_srvcli/local_setup.zsh
-- Installing: /ros2_ws/install/cpp_srvcli/share/cpp_srvcli/local_setup.dsv
-- Installing: /ros2_ws/install/cpp_srvcli/share/cpp_srvcli/package.dsv
-- Up-to-date: /ros2_ws/install/cpp_srvcli/share/ament_index/resource_index/packages/cpp_srvcli
-- Up-to-date: /ros2_ws/install/cpp_srvcli/share/cpp_srvcli/cmake/cpp_srvcliConfig.cmake
-- Up-to-date: /ros2_ws/install/cpp_srvcli/share/cpp_srvcli/cmake/cpp_srvcliConfig-version.cmake
-- Up-to-date: /ros2_ws/install/cpp_srvcli/share/cpp_srvcli/package.xml
