[0.159s] Invoking command in '/ros2_ws/build/cpp_srvcli': CMAKE_PREFIX_PATH=/opt/ros/humble /usr/bin/cmake --build /ros2_ws/build/cpp_srvcli -- -j16 -l16
[0.448s] -- Found ament_cmake: 1.3.9 (/opt/ros/humble/share/ament_cmake/cmake)
[0.519s] -- Found rclcpp: 16.0.9 (/opt/ros/humble/share/rclcpp/cmake)
[0.589s] -- Found rosidl_generator_c: 3.1.5 (/opt/ros/humble/share/rosidl_generator_c/cmake)
[0.594s] -- Found rosidl_adapter: 3.1.5 (/opt/ros/humble/share/rosidl_adapter/cmake)
[0.606s] -- Found rosidl_generator_cpp: 3.1.5 (/opt/ros/humble/share/rosidl_generator_cpp/cmake)
[0.629s] -- Using all available rosidl_typesupport_c: rosidl_typesupport_fastrtps_c;rosidl_typesupport_introspection_c
[0.655s] -- Using all available rosidl_typesupport_cpp: rosidl_typesupport_fastrtps_cpp;rosidl_typesupport_introspection_cpp
[0.737s] -- Found rmw_implementation_cmake: 6.1.2 (/opt/ros/humble/share/rmw_implementation_cmake/cmake)
[0.746s] -- Found rmw_fastrtps_cpp: 6.2.6 (/opt/ros/humble/share/rmw_fastrtps_cpp/cmake)
[1.091s] -- Using RMW implementation 'rmw_fastrtps_cpp' as default
[1.274s] -- Found example_interfaces: 0.9.3 (/opt/ros/humble/share/example_interfaces/cmake)
[1.427s] -- Found ament_lint_auto: 0.12.11 (/opt/ros/humble/share/ament_lint_auto/cmake)
[2.066s] -- Added test 'cppcheck' to perform static code analysis on C / C++ code
[2.066s] -- Configured cppcheck include dirs: 
[2.067s] -- Configured cppcheck exclude dirs and/or files: 
[2.177s] -- Added test 'lint_cmake' to check CMake code style
[2.470s] -- Added test 'uncrustify' to check C / C++ code style
[2.471s] -- Configured uncrustify additional arguments: 
[2.500s] -- Added test 'xmllint' to check XML markup files
[2.567s] -- Configuring done
[2.965s] -- Generating done
[3.045s] -- Build files have been written to: /ros2_ws/build/cpp_srvcli
[3.142s] [ 50%] [32mBuilding CXX object CMakeFiles/add_two_ints_server.dir/src/add_two_ints_server.cpp.o[0m
[3.143s] [ 50%] [32mBuilding CXX object CMakeFiles/add_two_ints_client.dir/src/add_two_ints_client.cpp.o[0m
[6.704s] [ 75%] [32m[1mLinking CXX executable add_two_ints_server[0m
[7.047s] [100%] [32m[1mLinking CXX executable add_two_ints_client[0m
[7.404s] [100%] Built target add_two_ints_server
[7.771s] [100%] Built target add_two_ints_client
[7.796s] Invoked command in '/ros2_ws/build/cpp_srvcli' returned '0': CMAKE_PREFIX_PATH=/opt/ros/humble /usr/bin/cmake --build /ros2_ws/build/cpp_srvcli -- -j16 -l16
[7.834s] Invoking command in '/ros2_ws/build/cpp_srvcli': CMAKE_PREFIX_PATH=/opt/ros/humble /usr/bin/cmake --install /ros2_ws/build/cpp_srvcli
[7.841s] -- Install configuration: ""
[7.854s] -- Installing: /ros2_ws/install/cpp_srvcli/lib/cpp_srvcli/add_two_ints_server
[7.941s] -- Set runtime path of "/ros2_ws/install/cpp_srvcli/lib/cpp_srvcli/add_two_ints_server" to ""
[7.953s] -- Installing: /ros2_ws/install/cpp_srvcli/lib/cpp_srvcli/add_two_ints_client
[8.046s] -- Set runtime path of "/ros2_ws/install/cpp_srvcli/lib/cpp_srvcli/add_two_ints_client" to ""
[8.068s] -- Up-to-date: /ros2_ws/install/cpp_srvcli/share/ament_index/resource_index/package_run_dependencies/cpp_srvcli
[8.093s] -- Up-to-date: /ros2_ws/install/cpp_srvcli/share/ament_index/resource_index/parent_prefix_path/cpp_srvcli
[8.108s] -- Up-to-date: /ros2_ws/install/cpp_srvcli/share/cpp_srvcli/environment/ament_prefix_path.sh
[8.123s] -- Installing: /ros2_ws/install/cpp_srvcli/share/cpp_srvcli/environment/ament_prefix_path.dsv
[8.172s] -- Up-to-date: /ros2_ws/install/cpp_srvcli/share/cpp_srvcli/environment/path.sh
[8.188s] -- Installing: /ros2_ws/install/cpp_srvcli/share/cpp_srvcli/environment/path.dsv
[8.240s] -- Up-to-date: /ros2_ws/install/cpp_srvcli/share/cpp_srvcli/local_setup.bash
[8.255s] -- Up-to-date: /ros2_ws/install/cpp_srvcli/share/cpp_srvcli/local_setup.sh
[8.268s] -- Up-to-date: /ros2_ws/install/cpp_srvcli/share/cpp_srvcli/local_setup.zsh
[8.282s] -- Installing: /ros2_ws/install/cpp_srvcli/share/cpp_srvcli/local_setup.dsv
[8.326s] -- Installing: /ros2_ws/install/cpp_srvcli/share/cpp_srvcli/package.dsv
[8.382s] -- Up-to-date: /ros2_ws/install/cpp_srvcli/share/ament_index/resource_index/packages/cpp_srvcli
[8.399s] -- Up-to-date: /ros2_ws/install/cpp_srvcli/share/cpp_srvcli/cmake/cpp_srvcliConfig.cmake
[8.411s] -- Up-to-date: /ros2_ws/install/cpp_srvcli/share/cpp_srvcli/cmake/cpp_srvcliConfig-version.cmake
[8.428s] -- Up-to-date: /ros2_ws/install/cpp_srvcli/share/cpp_srvcli/package.xml
[8.436s] Invoked command in '/ros2_ws/build/cpp_srvcli' returned '0': CMAKE_PREFIX_PATH=/opt/ros/humble /usr/bin/cmake --install /ros2_ws/build/cpp_srvcli
