[0.167s] Invoking command in '/ros2_ws/build/cpp_pubsub': CMAKE_PREFIX_PATH=/ros2_ws/install/turtlesim:/ros2_ws/install/cpp_pubsub:/ros2_ws/install/my_package_cpp:/ros2_ws/install/py_pubsub:/ros2_ws/install/my_package:/opt/ros/humble /usr/bin/cmake --build /ros2_ws/build/cpp_pubsub -- -j16 -l16
[0.688s] [ 12%] [32mBuilding CXX object CMakeFiles/topics_practice.dir/src/topics_practice.cpp.o[0m
[0.703s] [ 37%] Built target listener
[0.736s] [ 62%] Built target topics_practice_b
[0.786s] [ 87%] Built target talker
[14.802s] [100%] [32m[1mLinking CXX executable topics_practice[0m
[18.700s] [100%] Built target topics_practice
[18.797s] Invoked command in '/ros2_ws/build/cpp_pubsub' returned '0': CMAKE_PREFIX_PATH=/ros2_ws/install/turtlesim:/ros2_ws/install/cpp_pubsub:/ros2_ws/install/my_package_cpp:/ros2_ws/install/py_pubsub:/ros2_ws/install/my_package:/opt/ros/humble /usr/bin/cmake --build /ros2_ws/build/cpp_pubsub -- -j16 -l16
[19.526s] Invoking command in '/ros2_ws/build/cpp_pubsub': CMAKE_PREFIX_PATH=/ros2_ws/install/turtlesim:/ros2_ws/install/cpp_pubsub:/ros2_ws/install/my_package_cpp:/ros2_ws/install/py_pubsub:/ros2_ws/install/my_package:/opt/ros/humble /usr/bin/cmake --install /ros2_ws/build/cpp_pubsub
[19.598s] -- Install configuration: ""
[19.626s] -- Up-to-date: /ros2_ws/install/cpp_pubsub/lib/cpp_pubsub/talker
[19.662s] -- Installing: /ros2_ws/install/cpp_pubsub/lib/cpp_pubsub/listener
[19.842s] -- Set runtime path of "/ros2_ws/install/cpp_pubsub/lib/cpp_pubsub/listener" to ""
[19.853s] -- Installing: /ros2_ws/install/cpp_pubsub/lib/cpp_pubsub/topics_practice
[20.072s] -- Set runtime path of "/ros2_ws/install/cpp_pubsub/lib/cpp_pubsub/topics_practice" to ""
[20.083s] -- Installing: /ros2_ws/install/cpp_pubsub/lib/cpp_pubsub/topics_practice_b
[20.274s] -- Set runtime path of "/ros2_ws/install/cpp_pubsub/lib/cpp_pubsub/topics_practice_b" to ""
[20.295s] -- Up-to-date: /ros2_ws/install/cpp_pubsub/share/ament_index/resource_index/package_run_dependencies/cpp_pubsub
[20.319s] -- Installing: /ros2_ws/install/cpp_pubsub/share/ament_index/resource_index/parent_prefix_path/cpp_pubsub
[20.378s] -- Up-to-date: /ros2_ws/install/cpp_pubsub/share/cpp_pubsub/environment/ament_prefix_path.sh
[20.393s] -- Installing: /ros2_ws/install/cpp_pubsub/share/cpp_pubsub/environment/ament_prefix_path.dsv
[20.437s] -- Up-to-date: /ros2_ws/install/cpp_pubsub/share/cpp_pubsub/environment/path.sh
[20.452s] -- Installing: /ros2_ws/install/cpp_pubsub/share/cpp_pubsub/environment/path.dsv
[20.499s] -- Up-to-date: /ros2_ws/install/cpp_pubsub/share/cpp_pubsub/local_setup.bash
[20.512s] -- Up-to-date: /ros2_ws/install/cpp_pubsub/share/cpp_pubsub/local_setup.sh
[20.526s] -- Up-to-date: /ros2_ws/install/cpp_pubsub/share/cpp_pubsub/local_setup.zsh
[20.539s] -- Installing: /ros2_ws/install/cpp_pubsub/share/cpp_pubsub/local_setup.dsv
[20.583s] -- Installing: /ros2_ws/install/cpp_pubsub/share/cpp_pubsub/package.dsv
[20.637s] -- Up-to-date: /ros2_ws/install/cpp_pubsub/share/ament_index/resource_index/packages/cpp_pubsub
[20.654s] -- Up-to-date: /ros2_ws/install/cpp_pubsub/share/cpp_pubsub/cmake/cpp_pubsubConfig.cmake
[20.665s] -- Up-to-date: /ros2_ws/install/cpp_pubsub/share/cpp_pubsub/cmake/cpp_pubsubConfig-version.cmake
[20.680s] -- Installing: /ros2_ws/install/cpp_pubsub/share/cpp_pubsub/package.xml
[20.720s] Invoked command in '/ros2_ws/build/cpp_pubsub' returned '0': CMAKE_PREFIX_PATH=/ros2_ws/install/turtlesim:/ros2_ws/install/cpp_pubsub:/ros2_ws/install/my_package_cpp:/ros2_ws/install/py_pubsub:/ros2_ws/install/my_package:/opt/ros/humble /usr/bin/cmake --install /ros2_ws/build/cpp_pubsub
