[0.542s] DEBUG:colcon:Command line arguments: ['/usr/bin/colcon', 'build']
[0.542s] DEBUG:colcon:Parsed command line arguments: Namespace(log_base=None, log_level=None, verb_name='build', build_base='build', install_base='install', merge_install=False, symlink_install=False, test_result_base=None, continue_on_error=False, executor='parallel', parallel_workers=16, event_handlers=None, ignore_user_meta=False, metas=['./colcon.meta'], base_paths=['.'], packages_ignore=None, packages_ignore_regex=None, paths=None, packages_up_to=None, packages_up_to_regex=None, packages_above=None, packages_above_and_dependencies=None, packages_above_depth=None, packages_select_by_dep=None, packages_skip_by_dep=None, packages_skip_up_to=None, packages_select_build_failed=False, packages_skip_build_finished=False, packages_select_test_failures=False, packages_skip_test_passed=False, packages_select=None, packages_skip=None, packages_select_regex=None, packages_skip_regex=None, packages_start=None, packages_end=None, cmake_args=None, cmake_target=None, cmake_target_skip_unavailable=False, cmake_clean_cache=False, cmake_clean_first=False, cmake_force_configure=False, ament_cmake_args=None, catkin_cmake_args=None, catkin_skip_building_tests=False, mixin_files=None, mixin=None, verb_parser=<colcon_mixin.mixin.mixin_argument.MixinArgumentDecorator object at 0x7f59dc558040>, verb_extension=<colcon_core.verb.build.BuildVerb object at 0x7f59dc72fa30>, main=<bound method BuildVerb.main of <colcon_core.verb.build.BuildVerb object at 0x7f59dc72fa30>>, mixin_verb=('build',))
[1.008s] Level 1:colcon.colcon_core.package_discovery:discover_packages(colcon_meta) check parameters
[1.010s] INFO:colcon.colcon_metadata.package_discovery.colcon_meta:Using configuration from '/root/.colcon/metadata/default/Gazebo.meta'
[1.011s] INFO:colcon.colcon_metadata.package_discovery.colcon_meta:Using configuration from '/root/.colcon/metadata/default/fastrtps.meta'
[1.011s] Level 1:colcon.colcon_core.package_discovery:discover_packages(recursive) check parameters
[1.011s] Level 1:colcon.colcon_core.package_discovery:discover_packages(ignore) check parameters
[1.011s] Level 1:colcon.colcon_core.package_discovery:discover_packages(path) check parameters
[1.011s] Level 1:colcon.colcon_core.package_discovery:discover_packages(colcon_meta) discover
[1.012s] Level 1:colcon.colcon_core.package_discovery:discover_packages(recursive) discover
[1.012s] INFO:colcon.colcon_core.package_discovery:Crawling recursively for packages in '/ros2_ws'
[1.013s] Level 1:colcon.colcon_core.package_identification:_identify(.) by extensions ['ignore', 'ignore_ament_install']
[1.013s] Level 1:colcon.colcon_core.package_identification:_identify(.) by extension 'ignore'
[1.013s] Level 1:colcon.colcon_core.package_identification:_identify(.) by extension 'ignore_ament_install'
[1.014s] Level 1:colcon.colcon_core.package_identification:_identify(.) by extensions ['colcon_pkg']
[1.014s] Level 1:colcon.colcon_core.package_identification:_identify(.) by extension 'colcon_pkg'
[1.014s] Level 1:colcon.colcon_core.package_identification:_identify(.) by extensions ['colcon_meta']
[1.014s] Level 1:colcon.colcon_core.package_identification:_identify(.) by extension 'colcon_meta'
[1.014s] Level 1:colcon.colcon_core.package_identification:_identify(.) by extensions ['ros']
[1.015s] Level 1:colcon.colcon_core.package_identification:_identify(.) by extension 'ros'
[1.034s] Level 1:colcon.colcon_core.package_identification:_identify(.) by extensions ['cmake', 'python']
[1.034s] Level 1:colcon.colcon_core.package_identification:_identify(.) by extension 'cmake'
[1.035s] Level 1:colcon.colcon_core.package_identification:_identify(.) by extension 'python'
[1.035s] Level 1:colcon.colcon_core.package_identification:_identify(.) by extensions ['python_setup_py']
[1.035s] Level 1:colcon.colcon_core.package_identification:_identify(.) by extension 'python_setup_py'
[1.037s] Level 1:colcon.colcon_core.package_identification:_identify(build) by extensions ['ignore', 'ignore_ament_install']
[1.037s] Level 1:colcon.colcon_core.package_identification:_identify(build) by extension 'ignore'
[1.038s] Level 1:colcon.colcon_core.package_identification:_identify(build) ignored
[1.039s] Level 1:colcon.colcon_core.package_identification:_identify(install) by extensions ['ignore', 'ignore_ament_install']
[1.039s] Level 1:colcon.colcon_core.package_identification:_identify(install) by extension 'ignore'
[1.040s] Level 1:colcon.colcon_core.package_identification:_identify(install) ignored
[1.042s] Level 1:colcon.colcon_core.package_identification:_identify(log) by extensions ['ignore', 'ignore_ament_install']
[1.042s] Level 1:colcon.colcon_core.package_identification:_identify(log) by extension 'ignore'
[1.043s] Level 1:colcon.colcon_core.package_identification:_identify(log) ignored
[1.045s] Level 1:colcon.colcon_core.package_identification:_identify(ros_tutorials) by extensions ['ignore', 'ignore_ament_install']
[1.045s] Level 1:colcon.colcon_core.package_identification:_identify(ros_tutorials) by extension 'ignore'
[1.045s] Level 1:colcon.colcon_core.package_identification:_identify(ros_tutorials) by extension 'ignore_ament_install'
[1.046s] Level 1:colcon.colcon_core.package_identification:_identify(ros_tutorials) by extensions ['colcon_pkg']
[1.046s] Level 1:colcon.colcon_core.package_identification:_identify(ros_tutorials) by extension 'colcon_pkg'
[1.047s] Level 1:colcon.colcon_core.package_identification:_identify(ros_tutorials) by extensions ['colcon_meta']
[1.047s] Level 1:colcon.colcon_core.package_identification:_identify(ros_tutorials) by extension 'colcon_meta'
[1.048s] Level 1:colcon.colcon_core.package_identification:_identify(ros_tutorials) by extensions ['ros']
[1.048s] Level 1:colcon.colcon_core.package_identification:_identify(ros_tutorials) by extension 'ros'
[1.050s] Level 1:colcon.colcon_core.package_identification:_identify(ros_tutorials) by extensions ['cmake', 'python']
[1.050s] Level 1:colcon.colcon_core.package_identification:_identify(ros_tutorials) by extension 'cmake'
[1.050s] Level 1:colcon.colcon_core.package_identification:_identify(ros_tutorials) by extension 'python'
[1.051s] Level 1:colcon.colcon_core.package_identification:_identify(ros_tutorials) by extensions ['python_setup_py']
[1.051s] Level 1:colcon.colcon_core.package_identification:_identify(ros_tutorials) by extension 'python_setup_py'
[1.054s] Level 1:colcon.colcon_core.package_identification:_identify(ros_tutorials/ros_tutorials) by extensions ['ignore', 'ignore_ament_install']
[1.054s] Level 1:colcon.colcon_core.package_identification:_identify(ros_tutorials/ros_tutorials) by extension 'ignore'
[1.055s] Level 1:colcon.colcon_core.package_identification:_identify(ros_tutorials/ros_tutorials) ignored
[1.057s] Level 1:colcon.colcon_core.package_identification:_identify(ros_tutorials/roscpp_tutorials) by extensions ['ignore', 'ignore_ament_install']
[1.058s] Level 1:colcon.colcon_core.package_identification:_identify(ros_tutorials/roscpp_tutorials) by extension 'ignore'
[1.059s] Level 1:colcon.colcon_core.package_identification:_identify(ros_tutorials/roscpp_tutorials) ignored
[1.061s] Level 1:colcon.colcon_core.package_identification:_identify(ros_tutorials/rospy_tutorials) by extensions ['ignore', 'ignore_ament_install']
[1.061s] Level 1:colcon.colcon_core.package_identification:_identify(ros_tutorials/rospy_tutorials) by extension 'ignore'
[1.062s] Level 1:colcon.colcon_core.package_identification:_identify(ros_tutorials/rospy_tutorials) ignored
[1.065s] Level 1:colcon.colcon_core.package_identification:_identify(ros_tutorials/turtlesim) by extensions ['ignore', 'ignore_ament_install']
[1.065s] Level 1:colcon.colcon_core.package_identification:_identify(ros_tutorials/turtlesim) by extension 'ignore'
[1.066s] Level 1:colcon.colcon_core.package_identification:_identify(ros_tutorials/turtlesim) by extension 'ignore_ament_install'
[1.067s] Level 1:colcon.colcon_core.package_identification:_identify(ros_tutorials/turtlesim) by extensions ['colcon_pkg']
[1.067s] Level 1:colcon.colcon_core.package_identification:_identify(ros_tutorials/turtlesim) by extension 'colcon_pkg'
[1.068s] Level 1:colcon.colcon_core.package_identification:_identify(ros_tutorials/turtlesim) by extensions ['colcon_meta']
[1.068s] Level 1:colcon.colcon_core.package_identification:_identify(ros_tutorials/turtlesim) by extension 'colcon_meta'
[1.069s] Level 1:colcon.colcon_core.package_identification:_identify(ros_tutorials/turtlesim) by extensions ['ros']
[1.069s] Level 1:colcon.colcon_core.package_identification:_identify(ros_tutorials/turtlesim) by extension 'ros'
[1.080s] DEBUG:colcon.colcon_core.package_identification:Package 'ros_tutorials/turtlesim' with type 'ros.ament_cmake' and name 'turtlesim'
[1.082s] Level 1:colcon.colcon_core.package_identification:_identify(src) by extensions ['ignore', 'ignore_ament_install']
[1.082s] Level 1:colcon.colcon_core.package_identification:_identify(src) by extension 'ignore'
[1.083s] Level 1:colcon.colcon_core.package_identification:_identify(src) by extension 'ignore_ament_install'
[1.084s] Level 1:colcon.colcon_core.package_identification:_identify(src) by extensions ['colcon_pkg']
[1.084s] Level 1:colcon.colcon_core.package_identification:_identify(src) by extension 'colcon_pkg'
[1.084s] Level 1:colcon.colcon_core.package_identification:_identify(src) by extensions ['colcon_meta']
[1.084s] Level 1:colcon.colcon_core.package_identification:_identify(src) by extension 'colcon_meta'
[1.085s] Level 1:colcon.colcon_core.package_identification:_identify(src) by extensions ['ros']
[1.085s] Level 1:colcon.colcon_core.package_identification:_identify(src) by extension 'ros'
[1.087s] Level 1:colcon.colcon_core.package_identification:_identify(src) by extensions ['cmake', 'python']
[1.087s] Level 1:colcon.colcon_core.package_identification:_identify(src) by extension 'cmake'
[1.088s] Level 1:colcon.colcon_core.package_identification:_identify(src) by extension 'python'
[1.088s] Level 1:colcon.colcon_core.package_identification:_identify(src) by extensions ['python_setup_py']
[1.089s] Level 1:colcon.colcon_core.package_identification:_identify(src) by extension 'python_setup_py'
[1.092s] Level 1:colcon.colcon_core.package_identification:_identify(src/build) by extensions ['ignore', 'ignore_ament_install']
[1.092s] Level 1:colcon.colcon_core.package_identification:_identify(src/build) by extension 'ignore'
[1.093s] Level 1:colcon.colcon_core.package_identification:_identify(src/build) ignored
[1.096s] Level 1:colcon.colcon_core.package_identification:_identify(src/cpp_pubsub) by extensions ['ignore', 'ignore_ament_install']
[1.096s] Level 1:colcon.colcon_core.package_identification:_identify(src/cpp_pubsub) by extension 'ignore'
[1.097s] Level 1:colcon.colcon_core.package_identification:_identify(src/cpp_pubsub) by extension 'ignore_ament_install'
[1.099s] Level 1:colcon.colcon_core.package_identification:_identify(src/cpp_pubsub) by extensions ['colcon_pkg']
[1.099s] Level 1:colcon.colcon_core.package_identification:_identify(src/cpp_pubsub) by extension 'colcon_pkg'
[1.100s] Level 1:colcon.colcon_core.package_identification:_identify(src/cpp_pubsub) by extensions ['colcon_meta']
[1.100s] Level 1:colcon.colcon_core.package_identification:_identify(src/cpp_pubsub) by extension 'colcon_meta'
[1.102s] Level 1:colcon.colcon_core.package_identification:_identify(src/cpp_pubsub) by extensions ['ros']
[1.102s] Level 1:colcon.colcon_core.package_identification:_identify(src/cpp_pubsub) by extension 'ros'
[1.113s] DEBUG:colcon.colcon_core.package_identification:Package 'src/cpp_pubsub' with type 'ros.ament_cmake' and name 'cpp_pubsub'
[1.116s] Level 1:colcon.colcon_core.package_identification:_identify(src/install) by extensions ['ignore', 'ignore_ament_install']
[1.116s] Level 1:colcon.colcon_core.package_identification:_identify(src/install) by extension 'ignore'
[1.117s] Level 1:colcon.colcon_core.package_identification:_identify(src/install) ignored
[1.123s] Level 1:colcon.colcon_core.package_identification:_identify(src/log) by extensions ['ignore', 'ignore_ament_install']
[1.123s] Level 1:colcon.colcon_core.package_identification:_identify(src/log) by extension 'ignore'
[1.124s] Level 1:colcon.colcon_core.package_identification:_identify(src/log) ignored
[1.127s] Level 1:colcon.colcon_core.package_identification:_identify(src/my_package) by extensions ['ignore', 'ignore_ament_install']
[1.128s] Level 1:colcon.colcon_core.package_identification:_identify(src/my_package) by extension 'ignore'
[1.129s] Level 1:colcon.colcon_core.package_identification:_identify(src/my_package) by extension 'ignore_ament_install'
[1.130s] Level 1:colcon.colcon_core.package_identification:_identify(src/my_package) by extensions ['colcon_pkg']
[1.130s] Level 1:colcon.colcon_core.package_identification:_identify(src/my_package) by extension 'colcon_pkg'
[1.131s] Level 1:colcon.colcon_core.package_identification:_identify(src/my_package) by extensions ['colcon_meta']
[1.132s] Level 1:colcon.colcon_core.package_identification:_identify(src/my_package) by extension 'colcon_meta'
[1.133s] Level 1:colcon.colcon_core.package_identification:_identify(src/my_package) by extensions ['ros']
[1.133s] Level 1:colcon.colcon_core.package_identification:_identify(src/my_package) by extension 'ros'
[1.143s] DEBUG:colcon.colcon_core.package_identification:Package 'src/my_package' with type 'ros.ament_python' and name 'my_package'
[1.147s] Level 1:colcon.colcon_core.package_identification:_identify(src/my_package_cpp) by extensions ['ignore', 'ignore_ament_install']
[1.147s] Level 1:colcon.colcon_core.package_identification:_identify(src/my_package_cpp) by extension 'ignore'
[1.148s] Level 1:colcon.colcon_core.package_identification:_identify(src/my_package_cpp) by extension 'ignore_ament_install'
[1.150s] Level 1:colcon.colcon_core.package_identification:_identify(src/my_package_cpp) by extensions ['colcon_pkg']
[1.150s] Level 1:colcon.colcon_core.package_identification:_identify(src/my_package_cpp) by extension 'colcon_pkg'
[1.151s] Level 1:colcon.colcon_core.package_identification:_identify(src/my_package_cpp) by extensions ['colcon_meta']
[1.151s] Level 1:colcon.colcon_core.package_identification:_identify(src/my_package_cpp) by extension 'colcon_meta'
[1.153s] Level 1:colcon.colcon_core.package_identification:_identify(src/my_package_cpp) by extensions ['ros']
[1.153s] Level 1:colcon.colcon_core.package_identification:_identify(src/my_package_cpp) by extension 'ros'
[1.163s] DEBUG:colcon.colcon_core.package_identification:Package 'src/my_package_cpp' with type 'ros.ament_cmake' and name 'my_package_cpp'
[1.166s] Level 1:colcon.colcon_core.package_identification:_identify(src/py_pubsub) by extensions ['ignore', 'ignore_ament_install']
[1.166s] Level 1:colcon.colcon_core.package_identification:_identify(src/py_pubsub) by extension 'ignore'
[1.167s] Level 1:colcon.colcon_core.package_identification:_identify(src/py_pubsub) by extension 'ignore_ament_install'
[1.169s] Level 1:colcon.colcon_core.package_identification:_identify(src/py_pubsub) by extensions ['colcon_pkg']
[1.169s] Level 1:colcon.colcon_core.package_identification:_identify(src/py_pubsub) by extension 'colcon_pkg'
[1.170s] Level 1:colcon.colcon_core.package_identification:_identify(src/py_pubsub) by extensions ['colcon_meta']
[1.170s] Level 1:colcon.colcon_core.package_identification:_identify(src/py_pubsub) by extension 'colcon_meta'
[1.172s] Level 1:colcon.colcon_core.package_identification:_identify(src/py_pubsub) by extensions ['ros']
[1.172s] Level 1:colcon.colcon_core.package_identification:_identify(src/py_pubsub) by extension 'ros'
[1.182s] DEBUG:colcon.colcon_core.package_identification:Package 'src/py_pubsub' with type 'ros.ament_python' and name 'py_pubsub'
[1.182s] Level 1:colcon.colcon_core.package_discovery:discover_packages(recursive) using defaults
[1.182s] Level 1:colcon.colcon_core.package_discovery:discover_packages(ignore) discover
[1.183s] Level 1:colcon.colcon_core.package_discovery:discover_packages(ignore) using defaults
[1.183s] Level 1:colcon.colcon_core.package_discovery:discover_packages(path) discover
[1.183s] Level 1:colcon.colcon_core.package_discovery:discover_packages(path) using defaults
[1.292s] Level 5:colcon.colcon_core.verb:set package 'cpp_pubsub' build argument 'cmake_args' from command line to 'None'
[1.293s] Level 5:colcon.colcon_core.verb:set package 'cpp_pubsub' build argument 'cmake_target' from command line to 'None'
[1.293s] Level 5:colcon.colcon_core.verb:set package 'cpp_pubsub' build argument 'cmake_target_skip_unavailable' from command line to 'False'
[1.293s] Level 5:colcon.colcon_core.verb:set package 'cpp_pubsub' build argument 'cmake_clean_cache' from command line to 'False'
[1.293s] Level 5:colcon.colcon_core.verb:set package 'cpp_pubsub' build argument 'cmake_clean_first' from command line to 'False'
[1.293s] Level 5:colcon.colcon_core.verb:set package 'cpp_pubsub' build argument 'cmake_force_configure' from command line to 'False'
[1.294s] Level 5:colcon.colcon_core.verb:set package 'cpp_pubsub' build argument 'ament_cmake_args' from command line to 'None'
[1.294s] Level 5:colcon.colcon_core.verb:set package 'cpp_pubsub' build argument 'catkin_cmake_args' from command line to 'None'
[1.294s] Level 5:colcon.colcon_core.verb:set package 'cpp_pubsub' build argument 'catkin_skip_building_tests' from command line to 'False'
[1.294s] DEBUG:colcon.colcon_core.verb:Building package 'cpp_pubsub' with the following arguments: {'ament_cmake_args': None, 'build_base': '/ros2_ws/build/cpp_pubsub', 'catkin_cmake_args': None, 'catkin_skip_building_tests': False, 'cmake_args': None, 'cmake_clean_cache': False, 'cmake_clean_first': False, 'cmake_force_configure': False, 'cmake_target': None, 'cmake_target_skip_unavailable': False, 'install_base': '/ros2_ws/install/cpp_pubsub', 'merge_install': False, 'path': '/ros2_ws/src/cpp_pubsub', 'symlink_install': False, 'test_result_base': None}
[1.295s] Level 5:colcon.colcon_core.verb:set package 'my_package' build argument 'cmake_args' from command line to 'None'
[1.295s] Level 5:colcon.colcon_core.verb:set package 'my_package' build argument 'cmake_target' from command line to 'None'
[1.295s] Level 5:colcon.colcon_core.verb:set package 'my_package' build argument 'cmake_target_skip_unavailable' from command line to 'False'
[1.295s] Level 5:colcon.colcon_core.verb:set package 'my_package' build argument 'cmake_clean_cache' from command line to 'False'
[1.295s] Level 5:colcon.colcon_core.verb:set package 'my_package' build argument 'cmake_clean_first' from command line to 'False'
[1.296s] Level 5:colcon.colcon_core.verb:set package 'my_package' build argument 'cmake_force_configure' from command line to 'False'
[1.296s] Level 5:colcon.colcon_core.verb:set package 'my_package' build argument 'ament_cmake_args' from command line to 'None'
[1.296s] Level 5:colcon.colcon_core.verb:set package 'my_package' build argument 'catkin_cmake_args' from command line to 'None'
[1.296s] Level 5:colcon.colcon_core.verb:set package 'my_package' build argument 'catkin_skip_building_tests' from command line to 'False'
[1.296s] DEBUG:colcon.colcon_core.verb:Building package 'my_package' with the following arguments: {'ament_cmake_args': None, 'build_base': '/ros2_ws/build/my_package', 'catkin_cmake_args': None, 'catkin_skip_building_tests': False, 'cmake_args': None, 'cmake_clean_cache': False, 'cmake_clean_first': False, 'cmake_force_configure': False, 'cmake_target': None, 'cmake_target_skip_unavailable': False, 'install_base': '/ros2_ws/install/my_package', 'merge_install': False, 'path': '/ros2_ws/src/my_package', 'symlink_install': False, 'test_result_base': None}
[1.297s] Level 5:colcon.colcon_core.verb:set package 'my_package_cpp' build argument 'cmake_args' from command line to 'None'
[1.297s] Level 5:colcon.colcon_core.verb:set package 'my_package_cpp' build argument 'cmake_target' from command line to 'None'
[1.297s] Level 5:colcon.colcon_core.verb:set package 'my_package_cpp' build argument 'cmake_target_skip_unavailable' from command line to 'False'
[1.297s] Level 5:colcon.colcon_core.verb:set package 'my_package_cpp' build argument 'cmake_clean_cache' from command line to 'False'
[1.297s] Level 5:colcon.colcon_core.verb:set package 'my_package_cpp' build argument 'cmake_clean_first' from command line to 'False'
[1.297s] Level 5:colcon.colcon_core.verb:set package 'my_package_cpp' build argument 'cmake_force_configure' from command line to 'False'
[1.297s] Level 5:colcon.colcon_core.verb:set package 'my_package_cpp' build argument 'ament_cmake_args' from command line to 'None'
[1.298s] Level 5:colcon.colcon_core.verb:set package 'my_package_cpp' build argument 'catkin_cmake_args' from command line to 'None'
[1.298s] Level 5:colcon.colcon_core.verb:set package 'my_package_cpp' build argument 'catkin_skip_building_tests' from command line to 'False'
[1.298s] DEBUG:colcon.colcon_core.verb:Building package 'my_package_cpp' with the following arguments: {'ament_cmake_args': None, 'build_base': '/ros2_ws/build/my_package_cpp', 'catkin_cmake_args': None, 'catkin_skip_building_tests': False, 'cmake_args': None, 'cmake_clean_cache': False, 'cmake_clean_first': False, 'cmake_force_configure': False, 'cmake_target': None, 'cmake_target_skip_unavailable': False, 'install_base': '/ros2_ws/install/my_package_cpp', 'merge_install': False, 'path': '/ros2_ws/src/my_package_cpp', 'symlink_install': False, 'test_result_base': None}
[1.298s] Level 5:colcon.colcon_core.verb:set package 'py_pubsub' build argument 'cmake_args' from command line to 'None'
[1.298s] Level 5:colcon.colcon_core.verb:set package 'py_pubsub' build argument 'cmake_target' from command line to 'None'
[1.299s] Level 5:colcon.colcon_core.verb:set package 'py_pubsub' build argument 'cmake_target_skip_unavailable' from command line to 'False'
[1.299s] Level 5:colcon.colcon_core.verb:set package 'py_pubsub' build argument 'cmake_clean_cache' from command line to 'False'
[1.299s] Level 5:colcon.colcon_core.verb:set package 'py_pubsub' build argument 'cmake_clean_first' from command line to 'False'
[1.299s] Level 5:colcon.colcon_core.verb:set package 'py_pubsub' build argument 'cmake_force_configure' from command line to 'False'
[1.299s] Level 5:colcon.colcon_core.verb:set package 'py_pubsub' build argument 'ament_cmake_args' from command line to 'None'
[1.299s] Level 5:colcon.colcon_core.verb:set package 'py_pubsub' build argument 'catkin_cmake_args' from command line to 'None'
[1.299s] Level 5:colcon.colcon_core.verb:set package 'py_pubsub' build argument 'catkin_skip_building_tests' from command line to 'False'
[1.300s] DEBUG:colcon.colcon_core.verb:Building package 'py_pubsub' with the following arguments: {'ament_cmake_args': None, 'build_base': '/ros2_ws/build/py_pubsub', 'catkin_cmake_args': None, 'catkin_skip_building_tests': False, 'cmake_args': None, 'cmake_clean_cache': False, 'cmake_clean_first': False, 'cmake_force_configure': False, 'cmake_target': None, 'cmake_target_skip_unavailable': False, 'install_base': '/ros2_ws/install/py_pubsub', 'merge_install': False, 'path': '/ros2_ws/src/py_pubsub', 'symlink_install': False, 'test_result_base': None}
[1.300s] Level 5:colcon.colcon_core.verb:set package 'turtlesim' build argument 'cmake_args' from command line to 'None'
[1.300s] Level 5:colcon.colcon_core.verb:set package 'turtlesim' build argument 'cmake_target' from command line to 'None'
[1.300s] Level 5:colcon.colcon_core.verb:set package 'turtlesim' build argument 'cmake_target_skip_unavailable' from command line to 'False'
[1.300s] Level 5:colcon.colcon_core.verb:set package 'turtlesim' build argument 'cmake_clean_cache' from command line to 'False'
[1.301s] Level 5:colcon.colcon_core.verb:set package 'turtlesim' build argument 'cmake_clean_first' from command line to 'False'
[1.301s] Level 5:colcon.colcon_core.verb:set package 'turtlesim' build argument 'cmake_force_configure' from command line to 'False'
[1.301s] Level 5:colcon.colcon_core.verb:set package 'turtlesim' build argument 'ament_cmake_args' from command line to 'None'
[1.301s] Level 5:colcon.colcon_core.verb:set package 'turtlesim' build argument 'catkin_cmake_args' from command line to 'None'
[1.301s] Level 5:colcon.colcon_core.verb:set package 'turtlesim' build argument 'catkin_skip_building_tests' from command line to 'False'
[1.301s] DEBUG:colcon.colcon_core.verb:Building package 'turtlesim' with the following arguments: {'ament_cmake_args': None, 'build_base': '/ros2_ws/build/turtlesim', 'catkin_cmake_args': None, 'catkin_skip_building_tests': False, 'cmake_args': None, 'cmake_clean_cache': False, 'cmake_clean_first': False, 'cmake_force_configure': False, 'cmake_target': None, 'cmake_target_skip_unavailable': False, 'install_base': '/ros2_ws/install/turtlesim', 'merge_install': False, 'path': '/ros2_ws/ros_tutorials/turtlesim', 'symlink_install': False, 'test_result_base': None}
[1.302s] INFO:colcon.colcon_core.executor:Executing jobs using 'parallel' executor
[1.302s] DEBUG:colcon.colcon_parallel_executor.executor.parallel:run_until_complete
[1.303s] INFO:colcon.colcon_ros.task.ament_cmake.build:Building ROS package in '/ros2_ws/src/cpp_pubsub' with build type 'ament_cmake'
[1.303s] INFO:colcon.colcon_cmake.task.cmake.build:Building CMake package in '/ros2_ws/src/cpp_pubsub'
[1.319s] INFO:colcon.colcon_core.plugin_system:Skipping extension 'colcon_core.shell.bat': Not used on non-Windows systems
[1.319s] INFO:colcon.colcon_core.shell:Skip shell extension 'powershell' for command environment: Not usable outside of PowerShell
[1.320s] DEBUG:colcon.colcon_core.shell:Skip shell extension 'dsv' for command environment
[1.379s] INFO:colcon.colcon_ros.task.ament_python.build:Building ROS package in '/ros2_ws/src/my_package' with build type 'ament_python'
[1.379s] Level 1:colcon.colcon_core.shell:create_environment_hook('my_package', 'ament_prefix_path')
[1.380s] INFO:colcon.colcon_core.shell:Creating environment hook '/ros2_ws/install/my_package/share/my_package/hook/ament_prefix_path.ps1'
[1.391s] INFO:colcon.colcon_core.shell:Creating environment descriptor '/ros2_ws/install/my_package/share/my_package/hook/ament_prefix_path.dsv'
[1.400s] INFO:colcon.colcon_core.shell:Creating environment hook '/ros2_ws/install/my_package/share/my_package/hook/ament_prefix_path.sh'
[1.411s] INFO:colcon.colcon_core.shell:Skip shell extension 'powershell' for command environment: Not usable outside of PowerShell
[1.411s] DEBUG:colcon.colcon_core.shell:Skip shell extension 'dsv' for command environment
[1.461s] INFO:colcon.colcon_ros.task.ament_cmake.build:Building ROS package in '/ros2_ws/src/my_package_cpp' with build type 'ament_cmake'
[1.462s] INFO:colcon.colcon_cmake.task.cmake.build:Building CMake package in '/ros2_ws/src/my_package_cpp'
[1.462s] INFO:colcon.colcon_core.shell:Skip shell extension 'powershell' for command environment: Not usable outside of PowerShell
[1.462s] DEBUG:colcon.colcon_core.shell:Skip shell extension 'dsv' for command environment
[1.515s] INFO:colcon.colcon_ros.task.ament_python.build:Building ROS package in '/ros2_ws/src/py_pubsub' with build type 'ament_python'
[1.516s] Level 1:colcon.colcon_core.shell:create_environment_hook('py_pubsub', 'ament_prefix_path')
[1.516s] INFO:colcon.colcon_core.shell:Creating environment hook '/ros2_ws/install/py_pubsub/share/py_pubsub/hook/ament_prefix_path.ps1'
[1.526s] INFO:colcon.colcon_core.shell:Creating environment descriptor '/ros2_ws/install/py_pubsub/share/py_pubsub/hook/ament_prefix_path.dsv'
[1.536s] INFO:colcon.colcon_core.shell:Creating environment hook '/ros2_ws/install/py_pubsub/share/py_pubsub/hook/ament_prefix_path.sh'
[1.545s] INFO:colcon.colcon_core.shell:Skip shell extension 'powershell' for command environment: Not usable outside of PowerShell
[1.545s] DEBUG:colcon.colcon_core.shell:Skip shell extension 'dsv' for command environment
[1.596s] INFO:colcon.colcon_ros.task.ament_cmake.build:Building ROS package in '/ros2_ws/ros_tutorials/turtlesim' with build type 'ament_cmake'
[1.597s] INFO:colcon.colcon_cmake.task.cmake.build:Building CMake package in '/ros2_ws/ros_tutorials/turtlesim'
[1.597s] INFO:colcon.colcon_core.shell:Skip shell extension 'powershell' for command environment: Not usable outside of PowerShell
[1.597s] DEBUG:colcon.colcon_core.shell:Skip shell extension 'dsv' for command environment
[1.680s] DEBUG:colcon.colcon_core.event_handler.log_command:Invoking command in '/ros2_ws/build/cpp_pubsub': CMAKE_PREFIX_PATH=${CMAKE_PREFIX_PATH}:/ros2_ws/install/py_pubsub:/ros2_ws/install/my_package:/opt/ros/humble /usr/bin/cmake --build /ros2_ws/build/cpp_pubsub -- -j16 -l16
[2.568s] INFO:colcon.colcon_core.task.python.build:Building Python package in '/ros2_ws/src/my_package'
[2.569s] INFO:colcon.colcon_core.shell:Skip shell extension 'powershell' for command environment: Not usable outside of PowerShell
[2.569s] DEBUG:colcon.colcon_core.shell:Skip shell extension 'dsv' for command environment
[2.649s] DEBUG:colcon.colcon_core.event_handler.log_command:Invoking command in '/ros2_ws/build/my_package_cpp': CMAKE_PREFIX_PATH=${CMAKE_PREFIX_PATH}:/ros2_ws/install/py_pubsub:/ros2_ws/install/my_package:/opt/ros/humble /usr/bin/cmake --build /ros2_ws/build/my_package_cpp -- -j16 -l16
[3.528s] INFO:colcon.colcon_core.task.python.build:Building Python package in '/ros2_ws/src/py_pubsub'
[3.529s] INFO:colcon.colcon_core.shell:Skip shell extension 'powershell' for command environment: Not usable outside of PowerShell
[3.529s] DEBUG:colcon.colcon_core.shell:Skip shell extension 'dsv' for command environment
[3.616s] DEBUG:colcon.colcon_core.event_handler.log_command:Invoking command in '/ros2_ws/build/turtlesim': CMAKE_PREFIX_PATH=${CMAKE_PREFIX_PATH}:/ros2_ws/install/py_pubsub:/ros2_ws/install/my_package:/opt/ros/humble /usr/bin/cmake --build /ros2_ws/build/turtlesim -- -j16 -l16
[3.617s] DEBUG:colcon.colcon_core.event_handler.log_command:Invoked command in '/ros2_ws/build/my_package_cpp' returned '0': CMAKE_PREFIX_PATH=${CMAKE_PREFIX_PATH}:/ros2_ws/install/py_pubsub:/ros2_ws/install/my_package:/opt/ros/humble /usr/bin/cmake --build /ros2_ws/build/my_package_cpp -- -j16 -l16
[3.618s] DEBUG:colcon.colcon_core.event_handler.log_command:Invoked command in '/ros2_ws/build/cpp_pubsub' returned '0': CMAKE_PREFIX_PATH=${CMAKE_PREFIX_PATH}:/ros2_ws/install/py_pubsub:/ros2_ws/install/my_package:/opt/ros/humble /usr/bin/cmake --build /ros2_ws/build/cpp_pubsub -- -j16 -l16
[3.731s] DEBUG:colcon.colcon_core.event_handler.log_command:Invoking command in '/ros2_ws/build/my_package_cpp': CMAKE_PREFIX_PATH=${CMAKE_PREFIX_PATH}:/ros2_ws/install/py_pubsub:/ros2_ws/install/my_package:/opt/ros/humble /usr/bin/cmake --install /ros2_ws/build/my_package_cpp
[3.736s] DEBUG:colcon.colcon_core.event_handler.log_command:Invoking command in '/ros2_ws/build/cpp_pubsub': CMAKE_PREFIX_PATH=${CMAKE_PREFIX_PATH}:/ros2_ws/install/py_pubsub:/ros2_ws/install/my_package:/opt/ros/humble /usr/bin/cmake --install /ros2_ws/build/cpp_pubsub
[4.208s] Level 1:colcon.colcon_core.environment:create_environment_scripts_only(my_package_cpp)
[4.209s] DEBUG:colcon.colcon_core.event_handler.log_command:Invoked command in '/ros2_ws/build/my_package_cpp' returned '0': CMAKE_PREFIX_PATH=${CMAKE_PREFIX_PATH}:/ros2_ws/install/py_pubsub:/ros2_ws/install/my_package:/opt/ros/humble /usr/bin/cmake --install /ros2_ws/build/my_package_cpp
[4.228s] Level 1:colcon.colcon_core.environment:checking '/ros2_ws/install/my_package_cpp' for CMake module files
[4.319s] Level 1:colcon.colcon_core.environment:checking '/ros2_ws/install/my_package_cpp' for CMake config files
[4.399s] Level 1:colcon.colcon_core.shell:create_environment_hook('my_package_cpp', 'cmake_prefix_path')
[4.399s] INFO:colcon.colcon_core.shell:Creating environment hook '/ros2_ws/install/my_package_cpp/share/my_package_cpp/hook/cmake_prefix_path.ps1'
[4.416s] INFO:colcon.colcon_core.shell:Creating environment descriptor '/ros2_ws/install/my_package_cpp/share/my_package_cpp/hook/cmake_prefix_path.dsv'
[4.434s] INFO:colcon.colcon_core.shell:Creating environment hook '/ros2_ws/install/my_package_cpp/share/my_package_cpp/hook/cmake_prefix_path.sh'
[4.453s] Level 1:colcon.colcon_core.environment:checking '/ros2_ws/install/my_package_cpp/lib'
[4.458s] Level 1:colcon.colcon_core.environment:checking '/ros2_ws/install/my_package_cpp/bin'
[4.459s] Level 1:colcon.colcon_core.environment:checking '/ros2_ws/install/my_package_cpp/lib/pkgconfig/my_package_cpp.pc'
[4.462s] Level 1:colcon.colcon_core.environment:checking '/ros2_ws/install/my_package_cpp/lib/python3.10/site-packages'
[4.463s] Level 1:colcon.colcon_core.environment:checking '/ros2_ws/install/my_package_cpp/bin'
[4.465s] INFO:colcon.colcon_core.shell:Creating package script '/ros2_ws/install/my_package_cpp/share/my_package_cpp/package.ps1'
[4.479s] INFO:colcon.colcon_core.shell:Creating package descriptor '/ros2_ws/install/my_package_cpp/share/my_package_cpp/package.dsv'
[4.492s] INFO:colcon.colcon_core.shell:Creating package script '/ros2_ws/install/my_package_cpp/share/my_package_cpp/package.sh'
[4.507s] INFO:colcon.colcon_core.shell:Creating package script '/ros2_ws/install/my_package_cpp/share/my_package_cpp/package.bash'
[4.521s] INFO:colcon.colcon_core.shell:Creating package script '/ros2_ws/install/my_package_cpp/share/my_package_cpp/package.zsh'
[4.536s] Level 1:colcon.colcon_core.environment:create_file_with_runtime_dependencies(/ros2_ws/install/my_package_cpp/share/colcon-core/packages/my_package_cpp)
[4.552s] Level 1:colcon.colcon_core.environment:create_environment_scripts_only(cpp_pubsub)
[4.552s] Level 1:colcon.colcon_core.environment:checking '/ros2_ws/install/cpp_pubsub' for CMake module files
[4.553s] DEBUG:colcon.colcon_core.event_handler.log_command:Invoked command in '/ros2_ws/build/cpp_pubsub' returned '0': CMAKE_PREFIX_PATH=${CMAKE_PREFIX_PATH}:/ros2_ws/install/py_pubsub:/ros2_ws/install/my_package:/opt/ros/humble /usr/bin/cmake --install /ros2_ws/build/cpp_pubsub
[4.659s] Level 1:colcon.colcon_core.environment:checking '/ros2_ws/install/cpp_pubsub' for CMake config files
[4.752s] Level 1:colcon.colcon_core.shell:create_environment_hook('cpp_pubsub', 'cmake_prefix_path')
[4.753s] INFO:colcon.colcon_core.shell:Creating environment hook '/ros2_ws/install/cpp_pubsub/share/cpp_pubsub/hook/cmake_prefix_path.ps1'
[4.775s] INFO:colcon.colcon_core.shell:Creating environment descriptor '/ros2_ws/install/cpp_pubsub/share/cpp_pubsub/hook/cmake_prefix_path.dsv'
[4.794s] INFO:colcon.colcon_core.shell:Creating environment hook '/ros2_ws/install/cpp_pubsub/share/cpp_pubsub/hook/cmake_prefix_path.sh'
[4.818s] Level 1:colcon.colcon_core.environment:checking '/ros2_ws/install/cpp_pubsub/lib'
[4.826s] Level 1:colcon.colcon_core.environment:checking '/ros2_ws/install/cpp_pubsub/bin'
[4.828s] Level 1:colcon.colcon_core.environment:checking '/ros2_ws/install/cpp_pubsub/lib/pkgconfig/cpp_pubsub.pc'
[4.832s] Level 1:colcon.colcon_core.environment:checking '/ros2_ws/install/cpp_pubsub/lib/python3.10/site-packages'
[4.835s] Level 1:colcon.colcon_core.environment:checking '/ros2_ws/install/cpp_pubsub/bin'
[4.837s] INFO:colcon.colcon_core.shell:Creating package script '/ros2_ws/install/cpp_pubsub/share/cpp_pubsub/package.ps1'
[4.858s] INFO:colcon.colcon_core.shell:Creating package descriptor '/ros2_ws/install/cpp_pubsub/share/cpp_pubsub/package.dsv'
[4.878s] INFO:colcon.colcon_core.shell:Creating package script '/ros2_ws/install/cpp_pubsub/share/cpp_pubsub/package.sh'
[4.899s] INFO:colcon.colcon_core.shell:Creating package script '/ros2_ws/install/cpp_pubsub/share/cpp_pubsub/package.bash'
[4.918s] INFO:colcon.colcon_core.shell:Creating package script '/ros2_ws/install/cpp_pubsub/share/cpp_pubsub/package.zsh'
[4.939s] Level 1:colcon.colcon_core.environment:create_file_with_runtime_dependencies(/ros2_ws/install/cpp_pubsub/share/colcon-core/packages/cpp_pubsub)
[4.965s] Level 1:colcon.colcon_core.environment:create_environment_scripts_only(my_package_cpp)
[4.965s] Level 1:colcon.colcon_core.environment:checking '/ros2_ws/install/my_package_cpp' for CMake module files
[5.125s] Level 1:colcon.colcon_core.environment:checking '/ros2_ws/install/my_package_cpp' for CMake config files
[5.220s] Level 1:colcon.colcon_core.shell:create_environment_hook('my_package_cpp', 'cmake_prefix_path')
[5.221s] INFO:colcon.colcon_core.shell:Creating environment hook '/ros2_ws/install/my_package_cpp/share/my_package_cpp/hook/cmake_prefix_path.ps1'
[5.238s] INFO:colcon.colcon_core.shell:Creating environment descriptor '/ros2_ws/install/my_package_cpp/share/my_package_cpp/hook/cmake_prefix_path.dsv'
[5.254s] INFO:colcon.colcon_core.shell:Creating environment hook '/ros2_ws/install/my_package_cpp/share/my_package_cpp/hook/cmake_prefix_path.sh'
[5.274s] Level 1:colcon.colcon_core.environment:checking '/ros2_ws/install/my_package_cpp/lib'
[5.279s] Level 1:colcon.colcon_core.environment:checking '/ros2_ws/install/my_package_cpp/bin'
[5.280s] Level 1:colcon.colcon_core.environment:checking '/ros2_ws/install/my_package_cpp/lib/pkgconfig/my_package_cpp.pc'
[5.282s] Level 1:colcon.colcon_core.environment:checking '/ros2_ws/install/my_package_cpp/lib/python3.10/site-packages'
[5.285s] Level 1:colcon.colcon_core.environment:checking '/ros2_ws/install/my_package_cpp/bin'
[5.286s] INFO:colcon.colcon_core.shell:Creating package script '/ros2_ws/install/my_package_cpp/share/my_package_cpp/package.ps1'
[5.302s] INFO:colcon.colcon_core.shell:Creating package descriptor '/ros2_ws/install/my_package_cpp/share/my_package_cpp/package.dsv'
[5.316s] INFO:colcon.colcon_core.shell:Creating package script '/ros2_ws/install/my_package_cpp/share/my_package_cpp/package.sh'
[5.329s] INFO:colcon.colcon_core.shell:Creating package script '/ros2_ws/install/my_package_cpp/share/my_package_cpp/package.bash'
[5.342s] INFO:colcon.colcon_core.shell:Creating package script '/ros2_ws/install/my_package_cpp/share/my_package_cpp/package.zsh'
[5.354s] Level 1:colcon.colcon_core.environment:create_file_with_runtime_dependencies(/ros2_ws/install/my_package_cpp/share/colcon-core/packages/my_package_cpp)
[5.365s] Level 1:colcon.colcon_core.environment:create_environment_scripts_only(cpp_pubsub)
[5.366s] Level 1:colcon.colcon_core.environment:checking '/ros2_ws/install/cpp_pubsub' for CMake module files
[5.458s] Level 1:colcon.colcon_core.environment:checking '/ros2_ws/install/cpp_pubsub' for CMake config files
[5.521s] Level 1:colcon.colcon_core.shell:create_environment_hook('cpp_pubsub', 'cmake_prefix_path')
[5.522s] INFO:colcon.colcon_core.shell:Creating environment hook '/ros2_ws/install/cpp_pubsub/share/cpp_pubsub/hook/cmake_prefix_path.ps1'
[5.535s] INFO:colcon.colcon_core.shell:Creating environment descriptor '/ros2_ws/install/cpp_pubsub/share/cpp_pubsub/hook/cmake_prefix_path.dsv'
[5.548s] INFO:colcon.colcon_core.shell:Creating environment hook '/ros2_ws/install/cpp_pubsub/share/cpp_pubsub/hook/cmake_prefix_path.sh'
[5.563s] Level 1:colcon.colcon_core.environment:checking '/ros2_ws/install/cpp_pubsub/lib'
[5.566s] Level 1:colcon.colcon_core.environment:checking '/ros2_ws/install/cpp_pubsub/bin'
[5.567s] Level 1:colcon.colcon_core.environment:checking '/ros2_ws/install/cpp_pubsub/lib/pkgconfig/cpp_pubsub.pc'
[5.569s] Level 1:colcon.colcon_core.environment:checking '/ros2_ws/install/cpp_pubsub/lib/python3.10/site-packages'
[5.570s] Level 1:colcon.colcon_core.environment:checking '/ros2_ws/install/cpp_pubsub/bin'
[5.571s] INFO:colcon.colcon_core.shell:Creating package script '/ros2_ws/install/cpp_pubsub/share/cpp_pubsub/package.ps1'
[5.581s] INFO:colcon.colcon_core.shell:Creating package descriptor '/ros2_ws/install/cpp_pubsub/share/cpp_pubsub/package.dsv'
[5.590s] INFO:colcon.colcon_core.shell:Creating package script '/ros2_ws/install/cpp_pubsub/share/cpp_pubsub/package.sh'
[5.599s] INFO:colcon.colcon_core.shell:Creating package script '/ros2_ws/install/cpp_pubsub/share/cpp_pubsub/package.bash'
[5.608s] INFO:colcon.colcon_core.shell:Creating package script '/ros2_ws/install/cpp_pubsub/share/cpp_pubsub/package.zsh'
[5.617s] Level 1:colcon.colcon_core.environment:create_file_with_runtime_dependencies(/ros2_ws/install/cpp_pubsub/share/colcon-core/packages/cpp_pubsub)
[5.648s] DEBUG:colcon.colcon_core.event_handler.log_command:Invoking command in '/ros2_ws/src/py_pubsub': PYTHONPATH=/ros2_ws/build/py_pubsub/prefix_override:/usr/lib/python3/dist-packages/colcon_core/task/python/colcon_distutils_commands:/ros2_ws/install/py_pubsub/lib/python3.10/site-packages:${PYTHONPATH} /usr/bin/python3 -W ignore:setup.py install is deprecated setup.py egg_info --egg-base ../../build/py_pubsub build --build-base /ros2_ws/build/py_pubsub/build install --record /ros2_ws/build/py_pubsub/install.log --single-version-externally-managed install_data
[5.658s] DEBUG:colcon.colcon_core.event_handler.log_command:Invoking command in '/ros2_ws/src/my_package': PYTHONPATH=/ros2_ws/build/my_package/prefix_override:/usr/lib/python3/dist-packages/colcon_core/task/python/colcon_distutils_commands:/ros2_ws/install/my_package/lib/python3.10/site-packages:${PYTHONPATH} /usr/bin/python3 -W ignore:setup.py install is deprecated setup.py egg_info --egg-base ../../build/my_package build --build-base /ros2_ws/build/my_package/build install --record /ros2_ws/build/my_package/install.log --single-version-externally-managed install_data
[6.953s] DEBUG:colcon.colcon_core.event_handler.log_command:Invoked command in '/ros2_ws/build/turtlesim' returned '0': CMAKE_PREFIX_PATH=${CMAKE_PREFIX_PATH}:/ros2_ws/install/py_pubsub:/ros2_ws/install/my_package:/opt/ros/humble /usr/bin/cmake --build /ros2_ws/build/turtlesim -- -j16 -l16
[7.260s] Level 1:colcon.colcon_core.environment:checking '/ros2_ws/install/my_package' for CMake module files
[7.261s] DEBUG:colcon.colcon_core.event_handler.log_command:Invoked command in '/ros2_ws/src/my_package' returned '0': PYTHONPATH=/ros2_ws/build/my_package/prefix_override:/usr/lib/python3/dist-packages/colcon_core/task/python/colcon_distutils_commands:/ros2_ws/install/my_package/lib/python3.10/site-packages:${PYTHONPATH} /usr/bin/python3 -W ignore:setup.py install is deprecated setup.py egg_info --egg-base ../../build/my_package build --build-base /ros2_ws/build/my_package/build install --record /ros2_ws/build/my_package/install.log --single-version-externally-managed install_data
[7.296s] Level 1:colcon.colcon_core.environment:checking '/ros2_ws/install/my_package' for CMake config files
[7.362s] Level 1:colcon.colcon_core.environment:checking '/ros2_ws/install/my_package/lib'
[7.365s] Level 1:colcon.colcon_core.environment:checking '/ros2_ws/install/my_package/bin'
[7.365s] Level 1:colcon.colcon_core.environment:checking '/ros2_ws/install/my_package/lib/pkgconfig/my_package.pc'
[7.366s] Level 1:colcon.colcon_core.environment:checking '/ros2_ws/install/my_package/lib/python3.10/site-packages'
[7.368s] Level 1:colcon.colcon_core.shell:create_environment_hook('my_package', 'pythonpath')
[7.369s] INFO:colcon.colcon_core.shell:Creating environment hook '/ros2_ws/install/my_package/share/my_package/hook/pythonpath.ps1'
[7.379s] INFO:colcon.colcon_core.shell:Creating environment descriptor '/ros2_ws/install/my_package/share/my_package/hook/pythonpath.dsv'
[7.389s] INFO:colcon.colcon_core.shell:Creating environment hook '/ros2_ws/install/my_package/share/my_package/hook/pythonpath.sh'
[7.399s] Level 1:colcon.colcon_core.environment:checking '/ros2_ws/install/my_package/bin'
[7.400s] Level 1:colcon.colcon_core.environment:create_environment_scripts_only(my_package)
[7.400s] INFO:colcon.colcon_core.shell:Creating package script '/ros2_ws/install/my_package/share/my_package/package.ps1'
[7.408s] INFO:colcon.colcon_core.shell:Creating package descriptor '/ros2_ws/install/my_package/share/my_package/package.dsv'
[7.417s] INFO:colcon.colcon_core.shell:Creating package script '/ros2_ws/install/my_package/share/my_package/package.sh'
[7.426s] INFO:colcon.colcon_core.shell:Creating package script '/ros2_ws/install/my_package/share/my_package/package.bash'
[7.435s] INFO:colcon.colcon_core.shell:Creating package script '/ros2_ws/install/my_package/share/my_package/package.zsh'
[7.444s] Level 1:colcon.colcon_core.environment:create_file_with_runtime_dependencies(/ros2_ws/install/my_package/share/colcon-core/packages/my_package)
[7.466s] Level 1:colcon.colcon_core.environment:checking '/ros2_ws/install/py_pubsub' for CMake module files
[7.467s] DEBUG:colcon.colcon_core.event_handler.log_command:Invoked command in '/ros2_ws/src/py_pubsub' returned '0': PYTHONPATH=/ros2_ws/build/py_pubsub/prefix_override:/usr/lib/python3/dist-packages/colcon_core/task/python/colcon_distutils_commands:/ros2_ws/install/py_pubsub/lib/python3.10/site-packages:${PYTHONPATH} /usr/bin/python3 -W ignore:setup.py install is deprecated setup.py egg_info --egg-base ../../build/py_pubsub build --build-base /ros2_ws/build/py_pubsub/build install --record /ros2_ws/build/py_pubsub/install.log --single-version-externally-managed install_data
[7.503s] Level 1:colcon.colcon_core.environment:checking '/ros2_ws/install/py_pubsub' for CMake config files
[7.563s] Level 1:colcon.colcon_core.environment:checking '/ros2_ws/install/py_pubsub/lib'
[7.565s] Level 1:colcon.colcon_core.environment:checking '/ros2_ws/install/py_pubsub/bin'
[7.566s] Level 1:colcon.colcon_core.environment:checking '/ros2_ws/install/py_pubsub/lib/pkgconfig/py_pubsub.pc'
[7.567s] Level 1:colcon.colcon_core.environment:checking '/ros2_ws/install/py_pubsub/lib/python3.10/site-packages'
[7.569s] Level 1:colcon.colcon_core.shell:create_environment_hook('py_pubsub', 'pythonpath')
[7.569s] INFO:colcon.colcon_core.shell:Creating environment hook '/ros2_ws/install/py_pubsub/share/py_pubsub/hook/pythonpath.ps1'
[7.579s] INFO:colcon.colcon_core.shell:Creating environment descriptor '/ros2_ws/install/py_pubsub/share/py_pubsub/hook/pythonpath.dsv'
[7.588s] INFO:colcon.colcon_core.shell:Creating environment hook '/ros2_ws/install/py_pubsub/share/py_pubsub/hook/pythonpath.sh'
[7.598s] Level 1:colcon.colcon_core.environment:checking '/ros2_ws/install/py_pubsub/bin'
[7.599s] Level 1:colcon.colcon_core.environment:create_environment_scripts_only(py_pubsub)
[7.599s] INFO:colcon.colcon_core.shell:Creating package script '/ros2_ws/install/py_pubsub/share/py_pubsub/package.ps1'
[7.607s] INFO:colcon.colcon_core.shell:Creating package descriptor '/ros2_ws/install/py_pubsub/share/py_pubsub/package.dsv'
[7.615s] INFO:colcon.colcon_core.shell:Creating package script '/ros2_ws/install/py_pubsub/share/py_pubsub/package.sh'
[7.622s] INFO:colcon.colcon_core.shell:Creating package script '/ros2_ws/install/py_pubsub/share/py_pubsub/package.bash'
[7.631s] INFO:colcon.colcon_core.shell:Creating package script '/ros2_ws/install/py_pubsub/share/py_pubsub/package.zsh'
[7.639s] Level 1:colcon.colcon_core.environment:create_file_with_runtime_dependencies(/ros2_ws/install/py_pubsub/share/colcon-core/packages/py_pubsub)
[7.902s] DEBUG:colcon.colcon_core.event_handler.log_command:Invoking command in '/ros2_ws/build/turtlesim': CMAKE_PREFIX_PATH=${CMAKE_PREFIX_PATH}:/ros2_ws/install/py_pubsub:/ros2_ws/install/my_package:/opt/ros/humble /usr/bin/cmake --install /ros2_ws/build/turtlesim
[13.268s] Level 1:colcon.colcon_core.environment:create_environment_scripts_only(turtlesim)
[13.268s] Level 1:colcon.colcon_core.environment:checking '/ros2_ws/install/turtlesim' for CMake module files
[13.269s] DEBUG:colcon.colcon_core.event_handler.log_command:Invoked command in '/ros2_ws/build/turtlesim' returned '0': CMAKE_PREFIX_PATH=${CMAKE_PREFIX_PATH}:/ros2_ws/install/py_pubsub:/ros2_ws/install/my_package:/opt/ros/humble /usr/bin/cmake --install /ros2_ws/build/turtlesim
[13.378s] Level 1:colcon.colcon_core.environment:checking '/ros2_ws/install/turtlesim' for CMake config files
[13.523s] Level 1:colcon.colcon_core.shell:create_environment_hook('turtlesim', 'cmake_prefix_path')
[13.524s] INFO:colcon.colcon_core.shell:Creating environment hook '/ros2_ws/install/turtlesim/share/turtlesim/hook/cmake_prefix_path.ps1'
[13.531s] INFO:colcon.colcon_core.shell:Creating environment descriptor '/ros2_ws/install/turtlesim/share/turtlesim/hook/cmake_prefix_path.dsv'
[13.539s] INFO:colcon.colcon_core.shell:Creating environment hook '/ros2_ws/install/turtlesim/share/turtlesim/hook/cmake_prefix_path.sh'
[13.548s] Level 1:colcon.colcon_core.environment:checking '/ros2_ws/install/turtlesim/lib'
[13.549s] Level 1:colcon.colcon_core.shell:create_environment_hook('turtlesim', 'ld_library_path_lib')
[13.549s] INFO:colcon.colcon_core.shell:Creating environment hook '/ros2_ws/install/turtlesim/share/turtlesim/hook/ld_library_path_lib.ps1'
[13.557s] INFO:colcon.colcon_core.shell:Creating environment descriptor '/ros2_ws/install/turtlesim/share/turtlesim/hook/ld_library_path_lib.dsv'
[13.564s] INFO:colcon.colcon_core.shell:Creating environment hook '/ros2_ws/install/turtlesim/share/turtlesim/hook/ld_library_path_lib.sh'
[13.572s] Level 1:colcon.colcon_core.environment:checking '/ros2_ws/install/turtlesim/bin'
[13.572s] Level 1:colcon.colcon_core.environment:checking '/ros2_ws/install/turtlesim/lib/pkgconfig/turtlesim.pc'
[13.573s] Level 1:colcon.colcon_core.environment:checking '/ros2_ws/install/turtlesim/lib/python3.10/site-packages'
[13.573s] Level 1:colcon.colcon_core.environment:checking '/ros2_ws/install/turtlesim/bin'
[13.574s] INFO:colcon.colcon_core.shell:Creating package script '/ros2_ws/install/turtlesim/share/turtlesim/package.ps1'
[13.580s] INFO:colcon.colcon_core.shell:Creating package descriptor '/ros2_ws/install/turtlesim/share/turtlesim/package.dsv'
[13.586s] INFO:colcon.colcon_core.shell:Creating package script '/ros2_ws/install/turtlesim/share/turtlesim/package.sh'
[13.592s] INFO:colcon.colcon_core.shell:Creating package script '/ros2_ws/install/turtlesim/share/turtlesim/package.bash'
[13.598s] INFO:colcon.colcon_core.shell:Creating package script '/ros2_ws/install/turtlesim/share/turtlesim/package.zsh'
[13.604s] Level 1:colcon.colcon_core.environment:create_file_with_runtime_dependencies(/ros2_ws/install/turtlesim/share/colcon-core/packages/turtlesim)
[14.496s] Level 1:colcon.colcon_core.environment:create_environment_scripts_only(turtlesim)
[14.496s] Level 1:colcon.colcon_core.environment:checking '/ros2_ws/install/turtlesim' for CMake module files
[14.610s] Level 1:colcon.colcon_core.environment:checking '/ros2_ws/install/turtlesim' for CMake config files
[14.757s] Level 1:colcon.colcon_core.shell:create_environment_hook('turtlesim', 'cmake_prefix_path')
[14.757s] INFO:colcon.colcon_core.shell:Creating environment hook '/ros2_ws/install/turtlesim/share/turtlesim/hook/cmake_prefix_path.ps1'
[14.765s] INFO:colcon.colcon_core.shell:Creating environment descriptor '/ros2_ws/install/turtlesim/share/turtlesim/hook/cmake_prefix_path.dsv'
[14.772s] INFO:colcon.colcon_core.shell:Creating environment hook '/ros2_ws/install/turtlesim/share/turtlesim/hook/cmake_prefix_path.sh'
[14.781s] Level 1:colcon.colcon_core.environment:checking '/ros2_ws/install/turtlesim/lib'
[14.782s] Level 1:colcon.colcon_core.shell:create_environment_hook('turtlesim', 'ld_library_path_lib')
[14.783s] INFO:colcon.colcon_core.shell:Creating environment hook '/ros2_ws/install/turtlesim/share/turtlesim/hook/ld_library_path_lib.ps1'
[14.790s] INFO:colcon.colcon_core.shell:Creating environment descriptor '/ros2_ws/install/turtlesim/share/turtlesim/hook/ld_library_path_lib.dsv'
[14.798s] INFO:colcon.colcon_core.shell:Creating environment hook '/ros2_ws/install/turtlesim/share/turtlesim/hook/ld_library_path_lib.sh'
[14.805s] Level 1:colcon.colcon_core.environment:checking '/ros2_ws/install/turtlesim/bin'
[14.805s] Level 1:colcon.colcon_core.environment:checking '/ros2_ws/install/turtlesim/lib/pkgconfig/turtlesim.pc'
[14.806s] Level 1:colcon.colcon_core.environment:checking '/ros2_ws/install/turtlesim/lib/python3.10/site-packages'
[14.806s] Level 1:colcon.colcon_core.environment:checking '/ros2_ws/install/turtlesim/bin'
[14.807s] INFO:colcon.colcon_core.shell:Creating package script '/ros2_ws/install/turtlesim/share/turtlesim/package.ps1'
[14.812s] INFO:colcon.colcon_core.shell:Creating package descriptor '/ros2_ws/install/turtlesim/share/turtlesim/package.dsv'
[14.819s] INFO:colcon.colcon_core.shell:Creating package script '/ros2_ws/install/turtlesim/share/turtlesim/package.sh'
[14.824s] INFO:colcon.colcon_core.shell:Creating package script '/ros2_ws/install/turtlesim/share/turtlesim/package.bash'
[14.830s] INFO:colcon.colcon_core.shell:Creating package script '/ros2_ws/install/turtlesim/share/turtlesim/package.zsh'
[14.836s] Level 1:colcon.colcon_core.environment:create_file_with_runtime_dependencies(/ros2_ws/install/turtlesim/share/colcon-core/packages/turtlesim)
[14.841s] DEBUG:colcon.colcon_parallel_executor.executor.parallel:closing loop
[14.842s] DEBUG:colcon.colcon_parallel_executor.executor.parallel:loop closed
[14.842s] DEBUG:colcon.colcon_parallel_executor.executor.parallel:run_until_complete finished with '0'
[14.842s] DEBUG:colcon.colcon_core.event_reactor:joining thread
[14.886s] INFO:colcon.colcon_core.plugin_system:Skipping extension 'colcon_notification.desktop_notification.notify_send': Could not find 'notify-send'
[14.886s] INFO:colcon.colcon_core.plugin_system:Skipping extension 'colcon_notification.desktop_notification.terminal_notifier': Not used on non-Darwin systems
[14.886s] INFO:colcon.colcon_core.plugin_system:Skipping extension 'colcon_notification.desktop_notification.win32': Not used on non-Windows systems
[14.887s] INFO:colcon.colcon_notification.desktop_notification:Sending desktop notification using 'notify2'
[14.889s] DEBUG:colcon.colcon_notification.desktop_notification.notify2:Failed to initialize notify2: org.freedesktop.DBus.Error.Spawn.ExecFailed: /usr/bin/dbus-launch terminated abnormally without any error message
[14.889s] DEBUG:colcon.colcon_core.event_reactor:joined thread
[14.889s] INFO:colcon.colcon_core.shell:Creating prefix script '/ros2_ws/install/local_setup.ps1'
[14.893s] INFO:colcon.colcon_core.shell:Creating prefix util module '/ros2_ws/install/_local_setup_util_ps1.py'
[14.898s] INFO:colcon.colcon_core.shell:Creating prefix chain script '/ros2_ws/install/setup.ps1'
[14.920s] INFO:colcon.colcon_core.shell:Creating prefix script '/ros2_ws/install/local_setup.sh'
[14.923s] INFO:colcon.colcon_core.shell:Creating prefix util module '/ros2_ws/install/_local_setup_util_sh.py'
[14.926s] INFO:colcon.colcon_core.shell:Creating prefix chain script '/ros2_ws/install/setup.sh'
[14.947s] INFO:colcon.colcon_core.shell:Creating prefix script '/ros2_ws/install/local_setup.bash'
[14.951s] INFO:colcon.colcon_core.shell:Creating prefix chain script '/ros2_ws/install/setup.bash'
[14.973s] INFO:colcon.colcon_core.shell:Creating prefix script '/ros2_ws/install/local_setup.zsh'
[14.976s] INFO:colcon.colcon_core.shell:Creating prefix chain script '/ros2_ws/install/setup.zsh'
